[2025-05-28T04:46:48.089+0000] {taskinstance.py:1159} INFO - Dependencies all met for dep_context=non-requeueable deps ti=<TaskInstance: synthetic_data_generation.generate_all_synthetic_data manual__2025-05-28T04:46:46.786408+00:00 [queued]>
[2025-05-28T04:46:48.096+0000] {taskinstance.py:1159} INFO - Dependencies all met for dep_context=requeueable deps ti=<TaskInstance: synthetic_data_generation.generate_all_synthetic_data manual__2025-05-28T04:46:46.786408+00:00 [queued]>
[2025-05-28T04:46:48.097+0000] {taskinstance.py:1361} INFO - Starting attempt 1 of 2
[2025-05-28T04:46:48.106+0000] {taskinstance.py:1382} INFO - Executing <Task(PythonOperator): generate_all_synthetic_data> on 2025-05-28 04:46:46.786408+00:00
[2025-05-28T04:46:48.111+0000] {standard_task_runner.py:57} INFO - Started process 110 to run task
[2025-05-28T04:46:48.113+0000] {standard_task_runner.py:84} INFO - Running: ['***', 'tasks', 'run', 'synthetic_data_generation', 'generate_all_synthetic_data', 'manual__2025-05-28T04:46:46.786408+00:00', '--job-id', '508', '--raw', '--subdir', 'DAGS_FOLDER/synthetic_data_dag.py', '--cfg-path', '/tmp/tmpfsn07709']
[2025-05-28T04:46:48.117+0000] {standard_task_runner.py:85} INFO - Job 508: Subtask generate_all_synthetic_data
[2025-05-28T04:46:48.168+0000] {task_command.py:416} INFO - Running <TaskInstance: synthetic_data_generation.generate_all_synthetic_data manual__2025-05-28T04:46:46.786408+00:00 [running]> on host 9994c2e59dac
[2025-05-28T04:46:48.492+0000] {taskinstance.py:1662} INFO - Exporting env vars: AIRFLOW_CTX_DAG_OWNER='***' AIRFLOW_CTX_DAG_ID='synthetic_data_generation' AIRFLOW_CTX_TASK_ID='generate_all_synthetic_data' AIRFLOW_CTX_EXECUTION_DATE='2025-05-28T04:46:46.786408+00:00' AIRFLOW_CTX_TRY_NUMBER='1' AIRFLOW_CTX_DAG_RUN_ID='manual__2025-05-28T04:46:46.786408+00:00'
[2025-05-28T04:46:48.493+0000] {logging_mixin.py:154} INFO - Starting synthetic data generation process...
[2025-05-28T04:46:48.493+0000] {logging_mixin.py:154} INFO - Generating supplier data...
[2025-05-28T04:46:48.512+0000] {logging_mixin.py:154} INFO - Loaded 50 supplier records to ods_supplier
[2025-05-28T04:46:48.512+0000] {logging_mixin.py:154} INFO - Generating return reason data...
[2025-05-28T04:46:48.515+0000] {logging_mixin.py:154} INFO - Loaded 10 return reason records to ods_return_reason
[2025-05-28T04:46:48.515+0000] {logging_mixin.py:154} INFO - Transforming and loading data to staging tables...
[2025-05-28T04:46:48.522+0000] {logging_mixin.py:154} INFO - Supplier and return reason data successfully loaded to staging tables with batch ID: BATCH_SYNTHETIC_20250528044648
[2025-05-28T04:46:48.522+0000] {logging_mixin.py:154} INFO - Starting load to target layer for batch BATCH_SYNTHETIC_20250528044648...
[2025-05-28T04:46:48.529+0000] {logging_mixin.py:154} INFO - Supplier and return reason data successfully loaded to target tables
[2025-05-28T04:46:48.530+0000] {logging_mixin.py:154} INFO - Synthetic data generation and loading complete!
[2025-05-28T04:46:48.530+0000] {python.py:194} INFO - Done. Returned value was: None
[2025-05-28T04:46:48.535+0000] {taskinstance.py:1400} INFO - Marking task as SUCCESS. dag_id=synthetic_data_generation, task_id=generate_all_synthetic_data, execution_date=20250528T044646, start_date=20250528T044648, end_date=20250528T044648
[2025-05-28T04:46:48.582+0000] {local_task_job_runner.py:228} INFO - Task exited with return code 0
[2025-05-28T04:46:48.605+0000] {taskinstance.py:2778} INFO - 0 downstream tasks scheduled from follow-on schedule check
