[2025-05-27T22:01:11.253+0000] {taskinstance.py:1159} INFO - Dependencies all met for dep_context=non-requeueable deps ti=<TaskInstance: synthetic_data_generation.generate_supplier_data manual__2025-05-27T22:01:09.965182+00:00 [queued]>
[2025-05-27T22:01:11.262+0000] {taskinstance.py:1159} INFO - Dependencies all met for dep_context=requeueable deps ti=<TaskInstance: synthetic_data_generation.generate_supplier_data manual__2025-05-27T22:01:09.965182+00:00 [queued]>
[2025-05-27T22:01:11.262+0000] {taskinstance.py:1361} INFO - Starting attempt 1 of 2
[2025-05-27T22:01:11.271+0000] {taskinstance.py:1382} INFO - Executing <Task(PythonOperator): generate_supplier_data> on 2025-05-27 22:01:09.965182+00:00
[2025-05-27T22:01:11.276+0000] {standard_task_runner.py:57} INFO - Started process 149 to run task
[2025-05-27T22:01:11.279+0000] {standard_task_runner.py:84} INFO - Running: ['***', 'tasks', 'run', 'synthetic_data_generation', 'generate_supplier_data', 'manual__2025-05-27T22:01:09.965182+00:00', '--job-id', '430', '--raw', '--subdir', 'DAGS_FOLDER/synthetic_data_dag.py', '--cfg-path', '/tmp/tmpbx_n7ajl']
[2025-05-27T22:01:11.284+0000] {standard_task_runner.py:85} INFO - Job 430: Subtask generate_supplier_data
[2025-05-27T22:01:11.317+0000] {task_command.py:416} INFO - Running <TaskInstance: synthetic_data_generation.generate_supplier_data manual__2025-05-27T22:01:09.965182+00:00 [running]> on host 7b83313548d6
[2025-05-27T22:01:11.639+0000] {taskinstance.py:1662} INFO - Exporting env vars: AIRFLOW_CTX_DAG_OWNER='***' AIRFLOW_CTX_DAG_ID='synthetic_data_generation' AIRFLOW_CTX_TASK_ID='generate_supplier_data' AIRFLOW_CTX_EXECUTION_DATE='2025-05-27T22:01:09.965182+00:00' AIRFLOW_CTX_TRY_NUMBER='1' AIRFLOW_CTX_DAG_RUN_ID='manual__2025-05-27T22:01:09.965182+00:00'
[2025-05-27T22:01:11.641+0000] {logging_mixin.py:154} INFO - Generating supplier data...
[2025-05-27T22:01:11.661+0000] {logging_mixin.py:154} INFO - Loaded 50 supplier records to ods_supplier
[2025-05-27T22:01:11.661+0000] {python.py:194} INFO - Done. Returned value was:    supplier_id  ...             load_timestamp
0            1  ... 2025-05-27 22:01:11.647685
1            2  ... 2025-05-27 22:01:11.647717
2            3  ... 2025-05-27 22:01:11.647727
3            4  ... 2025-05-27 22:01:11.647735
4            5  ... 2025-05-27 22:01:11.647742
5            6  ... 2025-05-27 22:01:11.647757
6            7  ... 2025-05-27 22:01:11.647769
7            8  ... 2025-05-27 22:01:11.647778
8            9  ... 2025-05-27 22:01:11.647792
9           10  ... 2025-05-27 22:01:11.647800
10          11  ... 2025-05-27 22:01:11.647809
11          12  ... 2025-05-27 22:01:11.647817
12          13  ... 2025-05-27 22:01:11.647829
13          14  ... 2025-05-27 22:01:11.647844
14          15  ... 2025-05-27 22:01:11.647856
15          16  ... 2025-05-27 22:01:11.647864
16          17  ... 2025-05-27 22:01:11.647871
17          18  ... 2025-05-27 22:01:11.647879
18          19  ... 2025-05-27 22:01:11.647886
19          20  ... 2025-05-27 22:01:11.647894
20          21  ... 2025-05-27 22:01:11.647901
21          22  ... 2025-05-27 22:01:11.647908
22          23  ... 2025-05-27 22:01:11.647916
23          24  ... 2025-05-27 22:01:11.647923
24          25  ... 2025-05-27 22:01:11.647930
25          26  ... 2025-05-27 22:01:11.647938
26          27  ... 2025-05-27 22:01:11.647946
27          28  ... 2025-05-27 22:01:11.647954
28          29  ... 2025-05-27 22:01:11.647961
29          30  ... 2025-05-27 22:01:11.647968
30          31  ... 2025-05-27 22:01:11.647975
31          32  ... 2025-05-27 22:01:11.647982
32          33  ... 2025-05-27 22:01:11.647989
33          34  ... 2025-05-27 22:01:11.647997
34          35  ... 2025-05-27 22:01:11.648004
35          36  ... 2025-05-27 22:01:11.648011
36          37  ... 2025-05-27 22:01:11.648025
37          38  ... 2025-05-27 22:01:11.648033
38          39  ... 2025-05-27 22:01:11.648040
39          40  ... 2025-05-27 22:01:11.648048
40          41  ... 2025-05-27 22:01:11.648055
41          42  ... 2025-05-27 22:01:11.648062
42          43  ... 2025-05-27 22:01:11.648069
43          44  ... 2025-05-27 22:01:11.648076
44          45  ... 2025-05-27 22:01:11.648086
45          46  ... 2025-05-27 22:01:11.648093
46          47  ... 2025-05-27 22:01:11.648100
47          48  ... 2025-05-27 22:01:11.648107
48          49  ... 2025-05-27 22:01:11.648117
49          50  ... 2025-05-27 22:01:11.648125

[50 rows x 12 columns]
[2025-05-27T22:01:11.793+0000] {taskinstance.py:1400} INFO - Marking task as SUCCESS. dag_id=synthetic_data_generation, task_id=generate_supplier_data, execution_date=20250527T220109, start_date=20250527T220111, end_date=20250527T220111
[2025-05-27T22:01:11.832+0000] {local_task_job_runner.py:228} INFO - Task exited with return code 0
[2025-05-27T22:01:11.853+0000] {taskinstance.py:2778} INFO - 1 downstream tasks scheduled from follow-on schedule check
