[2025-05-27T22:16:39.840+0000] {taskinstance.py:1159} INFO - Dependencies all met for dep_context=non-requeueable deps ti=<TaskInstance: synthetic_data_generation.generate_supplier_data manual__2025-05-27T22:11:35.673321+00:00 [queued]>
[2025-05-27T22:16:39.846+0000] {taskinstance.py:1159} INFO - Dependencies all met for dep_context=requeueable deps ti=<TaskInstance: synthetic_data_generation.generate_supplier_data manual__2025-05-27T22:11:35.673321+00:00 [queued]>
[2025-05-27T22:16:39.847+0000] {taskinstance.py:1361} INFO - Starting attempt 2 of 2
[2025-05-27T22:16:39.856+0000] {taskinstance.py:1382} INFO - Executing <Task(PythonOperator): generate_supplier_data> on 2025-05-27 22:11:35.673321+00:00
[2025-05-27T22:16:39.863+0000] {standard_task_runner.py:57} INFO - Started process 103 to run task
[2025-05-27T22:16:39.866+0000] {standard_task_runner.py:84} INFO - Running: ['***', 'tasks', 'run', 'synthetic_data_generation', 'generate_supplier_data', 'manual__2025-05-27T22:11:35.673321+00:00', '--job-id', '442', '--raw', '--subdir', 'DAGS_FOLDER/synthetic_data_dag.py', '--cfg-path', '/tmp/tmplnw294w4']
[2025-05-27T22:16:39.869+0000] {standard_task_runner.py:85} INFO - Job 442: Subtask generate_supplier_data
[2025-05-27T22:16:39.901+0000] {task_command.py:416} INFO - Running <TaskInstance: synthetic_data_generation.generate_supplier_data manual__2025-05-27T22:11:35.673321+00:00 [running]> on host e3db230d44e2
[2025-05-27T22:16:40.216+0000] {taskinstance.py:1662} INFO - Exporting env vars: AIRFLOW_CTX_DAG_OWNER='***' AIRFLOW_CTX_DAG_ID='synthetic_data_generation' AIRFLOW_CTX_TASK_ID='generate_supplier_data' AIRFLOW_CTX_EXECUTION_DATE='2025-05-27T22:11:35.673321+00:00' AIRFLOW_CTX_TRY_NUMBER='2' AIRFLOW_CTX_DAG_RUN_ID='manual__2025-05-27T22:11:35.673321+00:00'
[2025-05-27T22:16:40.217+0000] {logging_mixin.py:154} INFO - Generating supplier data...
[2025-05-27T22:16:40.248+0000] {logging_mixin.py:154} INFO - Loaded 50 supplier records to ods_supplier
[2025-05-27T22:16:40.249+0000] {python.py:194} INFO - Done. Returned value was:              supplier_id  ...             load_timestamp
0   44c5cc69-bad7-406c-8  ... 2025-05-27 22:16:40.223868
1   0d49edc2-2648-4bf7-b  ... 2025-05-27 22:16:40.223890
2   47c45595-cbee-46cc-8  ... 2025-05-27 22:16:40.223903
3   12f4ed1b-0a48-4524-8  ... 2025-05-27 22:16:40.223914
4   f356a251-1239-4ac6-a  ... 2025-05-27 22:16:40.223924
5   9f4f5960-b615-4c5f-9  ... 2025-05-27 22:16:40.223934
6   f6ced071-af08-4a57-8  ... 2025-05-27 22:16:40.223944
7   88f5d1e2-cde9-40f8-9  ... 2025-05-27 22:16:40.223954
8   c044765d-fb38-4760-b  ... 2025-05-27 22:16:40.223964
9   dad97428-a3c0-4153-b  ... 2025-05-27 22:16:40.223974
10  7ec1e914-fac8-4a1f-a  ... 2025-05-27 22:16:40.223986
11  a23cb83a-785f-4042-8  ... 2025-05-27 22:16:40.224012
12  9ed1a6fc-e950-4e9b-b  ... 2025-05-27 22:16:40.224048
13  0f7906bf-dd23-4b48-b  ... 2025-05-27 22:16:40.224061
14  7fb79833-7407-40d5-a  ... 2025-05-27 22:16:40.224071
15  d8d5ef03-cb4f-4e6f-9  ... 2025-05-27 22:16:40.224081
16  fb40c0a8-0fe0-48b2-8  ... 2025-05-27 22:16:40.224091
17  86daf8a1-7248-414e-b  ... 2025-05-27 22:16:40.224101
18  86b6fb5b-8fb5-45c3-8  ... 2025-05-27 22:16:40.224110
19  38969aff-2e5b-43b7-8  ... 2025-05-27 22:16:40.224121
20  2af268d7-2709-42fc-b  ... 2025-05-27 22:16:40.224130
21  4a74a84b-ff30-43cc-a  ... 2025-05-27 22:16:40.224139
22  f6b97c0d-6601-4591-8  ... 2025-05-27 22:16:40.224150
23  9436b43c-40fe-47cd-9  ... 2025-05-27 22:16:40.224160
24  a1bd18dd-ba1a-4757-b  ... 2025-05-27 22:16:40.224170
25  ba5dbfd9-9f94-4104-9  ... 2025-05-27 22:16:40.224180
26  4ade24c5-f24d-4c44-b  ... 2025-05-27 22:16:40.224196
27  2f6dae16-63b6-48c9-8  ... 2025-05-27 22:16:40.224206
28  f103718e-e54a-418d-9  ... 2025-05-27 22:16:40.224216
29  38444b20-191f-4db3-b  ... 2025-05-27 22:16:40.224225
30  e5a5121b-4b15-48da-b  ... 2025-05-27 22:16:40.224248
31  f8b3c404-8d1b-4382-8  ... 2025-05-27 22:16:40.224259
32  85eddf70-42e4-49d7-b  ... 2025-05-27 22:16:40.224269
33  ca308603-af84-49f7-a  ... 2025-05-27 22:16:40.224280
34  082f4a33-ed10-41d9-b  ... 2025-05-27 22:16:40.224289
35  6c81b079-a2df-4de8-8  ... 2025-05-27 22:16:40.224299
36  32ec3ca1-0a5e-49f2-9  ... 2025-05-27 22:16:40.224309
37  5b99db15-afb6-402e-9  ... 2025-05-27 22:16:40.224318
38  368242c1-716a-4912-b  ... 2025-05-27 22:16:40.224327
39  413f55e6-f0a8-4746-b  ... 2025-05-27 22:16:40.224336
40  bc2824d4-3a58-427e-8  ... 2025-05-27 22:16:40.224346
41  bc98d091-8af8-4ad5-a  ... 2025-05-27 22:16:40.224355
42  56ee1456-21df-48d3-a  ... 2025-05-27 22:16:40.224364
43  16f9f252-abb9-4175-a  ... 2025-05-27 22:16:40.224379
44  0c869292-0340-467b-9  ... 2025-05-27 22:16:40.224390
45  8b0714be-25d9-4566-b  ... 2025-05-27 22:16:40.224399
46  cdba9221-ad86-4d19-a  ... 2025-05-27 22:16:40.224409
47  d9406a01-4272-4bf7-b  ... 2025-05-27 22:16:40.224420
48  14dbda21-63c9-4b5e-b  ... 2025-05-27 22:16:40.224429
49  fff74f52-64f2-4a55-9  ... 2025-05-27 22:16:40.224439

[50 rows x 12 columns]
[2025-05-27T22:16:40.340+0000] {taskinstance.py:1400} INFO - Marking task as SUCCESS. dag_id=synthetic_data_generation, task_id=generate_supplier_data, execution_date=20250527T221135, start_date=20250527T221639, end_date=20250527T221640
[2025-05-27T22:16:40.381+0000] {local_task_job_runner.py:228} INFO - Task exited with return code 0
[2025-05-27T22:16:40.477+0000] {taskinstance.py:2778} INFO - 1 downstream tasks scheduled from follow-on schedule check
