[2025-05-27T22:17:54.006+0000] {taskinstance.py:1159} INFO - Dependencies all met for dep_context=non-requeueable deps ti=<TaskInstance: inventory_returns_generation.generate_all_inventory_returns manual__2025-05-27T22:17:53.056010+00:00 [queued]>
[2025-05-27T22:17:54.012+0000] {taskinstance.py:1159} INFO - Dependencies all met for dep_context=requeueable deps ti=<TaskInstance: inventory_returns_generation.generate_all_inventory_returns manual__2025-05-27T22:17:53.056010+00:00 [queued]>
[2025-05-27T22:17:54.012+0000] {taskinstance.py:1361} INFO - Starting attempt 1 of 2
[2025-05-27T22:17:54.019+0000] {taskinstance.py:1382} INFO - Executing <Task(PythonOperator): generate_all_inventory_returns> on 2025-05-27 22:17:53.056010+00:00
[2025-05-27T22:17:54.022+0000] {standard_task_runner.py:57} INFO - Started process 168 to run task
[2025-05-27T22:17:54.025+0000] {standard_task_runner.py:84} INFO - Running: ['***', 'tasks', 'run', 'inventory_returns_generation', 'generate_all_inventory_returns', 'manual__2025-05-27T22:17:53.056010+00:00', '--job-id', '457', '--raw', '--subdir', 'DAGS_FOLDER/inventory_returns_dag.py', '--cfg-path', '/tmp/tmp5frbdbyt']
[2025-05-27T22:17:54.027+0000] {standard_task_runner.py:85} INFO - Job 457: Subtask generate_all_inventory_returns
[2025-05-27T22:17:54.064+0000] {task_command.py:416} INFO - Running <TaskInstance: inventory_returns_generation.generate_all_inventory_returns manual__2025-05-27T22:17:53.056010+00:00 [running]> on host e3db230d44e2
[2025-05-27T22:17:54.388+0000] {taskinstance.py:1662} INFO - Exporting env vars: AIRFLOW_CTX_DAG_OWNER='***' AIRFLOW_CTX_DAG_ID='inventory_returns_generation' AIRFLOW_CTX_TASK_ID='generate_all_inventory_returns' AIRFLOW_CTX_EXECUTION_DATE='2025-05-27T22:17:53.056010+00:00' AIRFLOW_CTX_TRY_NUMBER='1' AIRFLOW_CTX_DAG_RUN_ID='manual__2025-05-27T22:17:53.056010+00:00'
[2025-05-27T22:17:54.390+0000] {logging_mixin.py:154} INFO - Starting inventory and returns data generation...
[2025-05-27T22:17:54.391+0000] {logging_mixin.py:154} INFO - Retrieving existing data for inventory and returns generation...
[2025-05-27T22:17:54.405+0000] {logging_mixin.py:154} INFO - Generating inventory data...
[2025-05-27T22:17:54.445+0000] {logging_mixin.py:154} INFO - Loaded 500 inventory records to ods_inventory
[2025-05-27T22:17:54.445+0000] {logging_mixin.py:154} INFO - Generating returns data...
[2025-05-27T22:17:54.474+0000] {logging_mixin.py:154} INFO - Loaded 200 return records to ods_returns
[2025-05-27T22:17:54.474+0000] {logging_mixin.py:154} INFO - Inventory and returns data generation complete!
[2025-05-27T22:17:54.475+0000] {python.py:194} INFO - Done. Returned value was: Inventory and returns data generation complete
[2025-05-27T22:17:54.487+0000] {taskinstance.py:1400} INFO - Marking task as SUCCESS. dag_id=inventory_returns_generation, task_id=generate_all_inventory_returns, execution_date=20250527T221753, start_date=20250527T221754, end_date=20250527T221754
[2025-05-27T22:17:54.538+0000] {local_task_job_runner.py:228} INFO - Task exited with return code 0
[2025-05-27T22:17:54.564+0000] {taskinstance.py:2778} INFO - 0 downstream tasks scheduled from follow-on schedule check
