[2025-05-27T22:22:58.500+0000] {taskinstance.py:1159} INFO - Dependencies all met for dep_context=non-requeueable deps ti=<TaskInstance: inventory_returns_generation.transform_to_staging manual__2025-05-27T22:17:53.056010+00:00 [queued]>
[2025-05-27T22:22:58.504+0000] {taskinstance.py:1159} INFO - Dependencies all met for dep_context=requeueable deps ti=<TaskInstance: inventory_returns_generation.transform_to_staging manual__2025-05-27T22:17:53.056010+00:00 [queued]>
[2025-05-27T22:22:58.505+0000] {taskinstance.py:1361} INFO - Starting attempt 2 of 2
[2025-05-27T22:22:58.510+0000] {taskinstance.py:1382} INFO - Executing <Task(PythonOperator): transform_to_staging> on 2025-05-27 22:17:53.056010+00:00
[2025-05-27T22:22:58.515+0000] {standard_task_runner.py:57} INFO - Started process 109 to run task
[2025-05-27T22:22:58.518+0000] {standard_task_runner.py:84} INFO - Running: ['***', 'tasks', 'run', 'inventory_returns_generation', 'transform_to_staging', 'manual__2025-05-27T22:17:53.056010+00:00', '--job-id', '463', '--raw', '--subdir', 'DAGS_FOLDER/inventory_returns_dag.py', '--cfg-path', '/tmp/tmpem2k6es7']
[2025-05-27T22:22:58.530+0000] {standard_task_runner.py:85} INFO - Job 463: Subtask transform_to_staging
[2025-05-27T22:22:58.878+0000] {task_command.py:416} INFO - Running <TaskInstance: inventory_returns_generation.transform_to_staging manual__2025-05-27T22:17:53.056010+00:00 [running]> on host 096aa9233816
[2025-05-27T22:22:58.966+0000] {taskinstance.py:1662} INFO - Exporting env vars: AIRFLOW_CTX_DAG_OWNER='***' AIRFLOW_CTX_DAG_ID='inventory_returns_generation' AIRFLOW_CTX_TASK_ID='transform_to_staging' AIRFLOW_CTX_EXECUTION_DATE='2025-05-27T22:17:53.056010+00:00' AIRFLOW_CTX_TRY_NUMBER='2' AIRFLOW_CTX_DAG_RUN_ID='manual__2025-05-27T22:17:53.056010+00:00'
[2025-05-27T22:22:58.968+0000] {logging_mixin.py:154} INFO - Starting transformation from ODS to staging layer...
[2025-05-27T22:22:58.972+0000] {logging_mixin.py:154} INFO - Transforming date dimension...
[2025-05-27T22:22:58.989+0000] {logging_mixin.py:154} INFO - Transforming customer dimension...
[2025-05-27T22:22:59.009+0000] {logging_mixin.py:154} INFO - Transforming product dimension...
[2025-05-27T22:22:59.026+0000] {logging_mixin.py:154} INFO - Transforming store dimension...
[2025-05-27T22:22:59.040+0000] {logging_mixin.py:154} INFO - Transforming sales fact...
[2025-05-27T22:22:59.165+0000] {logging_mixin.py:154} INFO - Transforming inventory fact...
[2025-05-27T22:22:59.172+0000] {logging_mixin.py:154} INFO - Transforming returns fact...
[2025-05-27T22:22:59.175+0000] {logging_mixin.py:154} INFO - Staging layer transformation completed successfully.
[2025-05-27T22:22:59.175+0000] {logging_mixin.py:154} INFO - Batch ID: BATCH_20250527222258
[2025-05-27T22:22:59.175+0000] {logging_mixin.py:154} INFO - Transformed data to staging with batch ID: BATCH_20250527222258
[2025-05-27T22:22:59.175+0000] {python.py:194} INFO - Done. Returned value was: BATCH_20250527222258
[2025-05-27T22:22:59.189+0000] {taskinstance.py:1400} INFO - Marking task as SUCCESS. dag_id=inventory_returns_generation, task_id=transform_to_staging, execution_date=20250527T221753, start_date=20250527T222258, end_date=20250527T222259
[2025-05-27T22:22:59.224+0000] {local_task_job_runner.py:228} INFO - Task exited with return code 0
[2025-05-27T22:22:59.378+0000] {taskinstance.py:2778} INFO - 1 downstream tasks scheduled from follow-on schedule check
