[2025-05-28T05:12:21.757+0000] {taskinstance.py:1159} INFO - Dependencies all met for dep_context=non-requeueable deps ti=<TaskInstance: walmart_etl_dag.clean_staging manual__2025-05-28T05:12:16.720641+00:00 [queued]>
[2025-05-28T05:12:21.766+0000] {taskinstance.py:1159} INFO - Dependencies all met for dep_context=requeueable deps ti=<TaskInstance: walmart_etl_dag.clean_staging manual__2025-05-28T05:12:16.720641+00:00 [queued]>
[2025-05-28T05:12:21.767+0000] {taskinstance.py:1361} INFO - Starting attempt 1 of 2
[2025-05-28T05:12:21.776+0000] {taskinstance.py:1382} INFO - Executing <Task(PythonOperator): clean_staging> on 2025-05-28 05:12:16.720641+00:00
[2025-05-28T05:12:21.781+0000] {standard_task_runner.py:57} INFO - Started process 159 to run task
[2025-05-28T05:12:21.784+0000] {standard_task_runner.py:84} INFO - Running: ['***', 'tasks', 'run', 'walmart_etl_dag', 'clean_staging', 'manual__2025-05-28T05:12:16.720641+00:00', '--job-id', '578', '--raw', '--subdir', 'DAGS_FOLDER/walmart_etl_dag.py', '--cfg-path', '/tmp/tmp46yd_075']
[2025-05-28T05:12:21.787+0000] {standard_task_runner.py:85} INFO - Job 578: Subtask clean_staging
[2025-05-28T05:12:21.822+0000] {task_command.py:416} INFO - Running <TaskInstance: walmart_etl_dag.clean_staging manual__2025-05-28T05:12:16.720641+00:00 [running]> on host 54aadfabdafd
[2025-05-28T05:12:22.237+0000] {taskinstance.py:1662} INFO - Exporting env vars: AIRFLOW_CTX_DAG_OWNER='***' AIRFLOW_CTX_DAG_ID='walmart_etl_dag' AIRFLOW_CTX_TASK_ID='clean_staging' AIRFLOW_CTX_EXECUTION_DATE='2025-05-28T05:12:16.720641+00:00' AIRFLOW_CTX_TRY_NUMBER='1' AIRFLOW_CTX_DAG_RUN_ID='manual__2025-05-28T05:12:16.720641+00:00'
[2025-05-28T05:12:22.249+0000] {logging_mixin.py:154} INFO - Starting staging tables cleanup...
[2025-05-28T05:12:22.256+0000] {logging_mixin.py:154} INFO - Deleted data from stg_date for batch BATCH_20250528051219
[2025-05-28T05:12:22.258+0000] {logging_mixin.py:154} INFO - Deleted data from stg_customer for batch BATCH_20250528051219
[2025-05-28T05:12:22.259+0000] {logging_mixin.py:154} INFO - Deleted data from stg_product for batch BATCH_20250528051219
[2025-05-28T05:12:22.259+0000] {logging_mixin.py:154} INFO - Deleted data from stg_store for batch BATCH_20250528051219
[2025-05-28T05:12:22.260+0000] {logging_mixin.py:154} INFO - Deleted data from stg_sales for batch BATCH_20250528051219
[2025-05-28T05:12:22.263+0000] {logging_mixin.py:154} INFO - Deleted data from stg_supplier for batch BATCH_20250528051219
[2025-05-28T05:12:22.264+0000] {logging_mixin.py:154} INFO - Deleted data from stg_return_reason for batch BATCH_20250528051219
[2025-05-28T05:12:22.265+0000] {logging_mixin.py:154} INFO - Deleted data from stg_inventory for batch BATCH_20250528051219
[2025-05-28T05:12:22.269+0000] {logging_mixin.py:154} INFO - Deleted data from stg_returns for batch BATCH_20250528051219
[2025-05-28T05:12:22.270+0000] {logging_mixin.py:154} INFO - Staging tables cleanup completed successfully.
[2025-05-28T05:12:22.271+0000] {python.py:194} INFO - Done. Returned value was: Staging tables cleaned for batch BATCH_20250528051219
[2025-05-28T05:12:22.289+0000] {taskinstance.py:1400} INFO - Marking task as SUCCESS. dag_id=walmart_etl_dag, task_id=clean_staging, execution_date=20250528T051216, start_date=20250528T051221, end_date=20250528T051222
[2025-05-28T05:12:22.345+0000] {local_task_job_runner.py:228} INFO - Task exited with return code 0
[2025-05-28T05:12:22.370+0000] {taskinstance.py:2778} INFO - 1 downstream tasks scheduled from follow-on schedule check
