[2025-05-28T05:31:16.015+0000] {taskinstance.py:1159} INFO - Dependencies all met for dep_context=non-requeueable deps ti=<TaskInstance: synthetic_data_generation.generate_supplier_data manual__2025-05-28T05:31:14+00:00 [queued]>
[2025-05-28T05:31:16.019+0000] {taskinstance.py:1159} INFO - Dependencies all met for dep_context=requeueable deps ti=<TaskInstance: synthetic_data_generation.generate_supplier_data manual__2025-05-28T05:31:14+00:00 [queued]>
[2025-05-28T05:31:16.020+0000] {taskinstance.py:1361} INFO - Starting attempt 1 of 2
[2025-05-28T05:31:16.028+0000] {taskinstance.py:1382} INFO - Executing <Task(PythonOperator): generate_supplier_data> on 2025-05-28 05:31:14+00:00
[2025-05-28T05:31:16.033+0000] {standard_task_runner.py:57} INFO - Started process 437 to run task
[2025-05-28T05:31:16.036+0000] {standard_task_runner.py:84} INFO - Running: ['***', 'tasks', 'run', 'synthetic_data_generation', 'generate_supplier_data', 'manual__2025-05-28T05:31:14+00:00', '--job-id', '586', '--raw', '--subdir', 'DAGS_FOLDER/synthetic_data_dag.py', '--cfg-path', '/tmp/tmpjk4onyeu']
[2025-05-28T05:31:16.039+0000] {standard_task_runner.py:85} INFO - Job 586: Subtask generate_supplier_data
[2025-05-28T05:31:16.067+0000] {task_command.py:416} INFO - Running <TaskInstance: synthetic_data_generation.generate_supplier_data manual__2025-05-28T05:31:14+00:00 [running]> on host 54aadfabdafd
[2025-05-28T05:31:16.322+0000] {taskinstance.py:1662} INFO - Exporting env vars: AIRFLOW_CTX_DAG_OWNER='***' AIRFLOW_CTX_DAG_ID='synthetic_data_generation' AIRFLOW_CTX_TASK_ID='generate_supplier_data' AIRFLOW_CTX_EXECUTION_DATE='2025-05-28T05:31:14+00:00' AIRFLOW_CTX_TRY_NUMBER='1' AIRFLOW_CTX_DAG_RUN_ID='manual__2025-05-28T05:31:14+00:00'
[2025-05-28T05:31:16.323+0000] {logging_mixin.py:154} INFO - Generating supplier data...
[2025-05-28T05:31:16.339+0000] {logging_mixin.py:154} INFO - Loaded 50 supplier records to ods_supplier
[2025-05-28T05:31:16.340+0000] {python.py:194} INFO - Done. Returned value was:              supplier_id  ...             load_timestamp
0   24f039e8-67e9-4c3c-9  ... 2025-05-28 05:31:16.327783
1   32445e7d-574b-4677-8  ... 2025-05-28 05:31:16.327806
2   33b9cb4a-297e-49c5-8  ... 2025-05-28 05:31:16.327817
3   9cfa35dc-ab87-498e-9  ... 2025-05-28 05:31:16.327827
4   fd7e2e21-b547-4709-a  ... 2025-05-28 05:31:16.327837
5   b9fa72b5-e735-4418-a  ... 2025-05-28 05:31:16.327847
6   c03fe733-69b2-4858-b  ... 2025-05-28 05:31:16.327857
7   32a1f80f-2245-4e9b-b  ... 2025-05-28 05:31:16.327867
8   5e6fc814-1765-4196-8  ... 2025-05-28 05:31:16.327877
9   23a4452f-403a-4dd4-a  ... 2025-05-28 05:31:16.327886
10  9b719ff5-6a3d-4f82-b  ... 2025-05-28 05:31:16.327895
11  3f8c07cd-23a5-434d-9  ... 2025-05-28 05:31:16.327907
12  1564dd20-4cd9-447a-b  ... 2025-05-28 05:31:16.327916
13  4967d4c0-4fa7-49e7-b  ... 2025-05-28 05:31:16.327925
14  3c451c9d-4bc6-49b6-b  ... 2025-05-28 05:31:16.327934
15  126e33ce-5e17-4686-a  ... 2025-05-28 05:31:16.327943
16  b7fcd587-668d-4bec-a  ... 2025-05-28 05:31:16.327952
17  8f59b219-d81b-459c-b  ... 2025-05-28 05:31:16.327961
18  86494594-2ada-4d78-b  ... 2025-05-28 05:31:16.327970
19  fdb56a20-583e-4027-9  ... 2025-05-28 05:31:16.327979
20  6549a7f0-4395-42a4-8  ... 2025-05-28 05:31:16.327988
21  12bbc43b-c83f-4187-8  ... 2025-05-28 05:31:16.327997
22  d8656b5a-6692-4d53-8  ... 2025-05-28 05:31:16.328006
23  dff498ea-c0a1-4f1e-b  ... 2025-05-28 05:31:16.328015
24  6c7a5d8e-d091-4daf-b  ... 2025-05-28 05:31:16.328025
25  eda9bba6-de70-4ced-b  ... 2025-05-28 05:31:16.328034
26  728234da-3076-4d47-8  ... 2025-05-28 05:31:16.328044
27  739b20b0-d354-4d4e-8  ... 2025-05-28 05:31:16.328053
28  cb14b969-9709-4515-8  ... 2025-05-28 05:31:16.328062
29  9988e940-3f2c-47f7-a  ... 2025-05-28 05:31:16.328071
30  2f78d58f-5a77-4677-8  ... 2025-05-28 05:31:16.328080
31  b5d4f07b-731e-4ef7-8  ... 2025-05-28 05:31:16.328090
32  815d4833-bf97-4eee-a  ... 2025-05-28 05:31:16.328099
33  2c7d1e21-b89d-4e67-a  ... 2025-05-28 05:31:16.328108
34  90b5ae5f-a6d4-4d8a-a  ... 2025-05-28 05:31:16.328116
35  c51e1f00-0e16-4c38-a  ... 2025-05-28 05:31:16.328125
36  bac57975-0011-495c-9  ... 2025-05-28 05:31:16.328134
37  e9e4452e-2c91-45c2-8  ... 2025-05-28 05:31:16.328143
38  50012190-bd71-47f6-a  ... 2025-05-28 05:31:16.328152
39  985322b6-355f-4ff0-a  ... 2025-05-28 05:31:16.328161
40  47ebf537-3964-4099-8  ... 2025-05-28 05:31:16.328170
41  f401c0b4-5b3a-434d-8  ... 2025-05-28 05:31:16.328179
42  f2fb4360-e91b-422d-8  ... 2025-05-28 05:31:16.328189
43  ae8b600d-7c1d-4a49-b  ... 2025-05-28 05:31:16.328199
44  89aa7378-7ef4-4584-8  ... 2025-05-28 05:31:16.328208
45  7675c0f1-67ce-4029-9  ... 2025-05-28 05:31:16.328219
46  56c42a73-b27c-4df2-a  ... 2025-05-28 05:31:16.328228
47  1705a3e2-8479-4205-9  ... 2025-05-28 05:31:16.328238
48  da832ca5-fd1f-4677-9  ... 2025-05-28 05:31:16.328247
49  726f270d-89a2-4522-a  ... 2025-05-28 05:31:16.328257

[50 rows x 12 columns]
[2025-05-28T05:31:16.399+0000] {taskinstance.py:1400} INFO - Marking task as SUCCESS. dag_id=synthetic_data_generation, task_id=generate_supplier_data, execution_date=20250528T053114, start_date=20250528T053116, end_date=20250528T053116
[2025-05-28T05:31:16.465+0000] {local_task_job_runner.py:228} INFO - Task exited with return code 0
[2025-05-28T05:31:16.484+0000] {taskinstance.py:2778} INFO - 0 downstream tasks scheduled from follow-on schedule check
