[2025-05-28T04:46:48.108+0000] {taskinstance.py:1159} INFO - Dependencies all met for dep_context=non-requeueable deps ti=<TaskInstance: synthetic_data_generation.generate_supplier_data manual__2025-05-28T04:46:46.786408+00:00 [queued]>
[2025-05-28T04:46:48.114+0000] {taskinstance.py:1159} INFO - Dependencies all met for dep_context=requeueable deps ti=<TaskInstance: synthetic_data_generation.generate_supplier_data manual__2025-05-28T04:46:46.786408+00:00 [queued]>
[2025-05-28T04:46:48.115+0000] {taskinstance.py:1361} INFO - Starting attempt 1 of 2
[2025-05-28T04:46:48.122+0000] {taskinstance.py:1382} INFO - Executing <Task(PythonOperator): generate_supplier_data> on 2025-05-28 04:46:46.786408+00:00
[2025-05-28T04:46:48.128+0000] {standard_task_runner.py:57} INFO - Started process 111 to run task
[2025-05-28T04:46:48.130+0000] {standard_task_runner.py:84} INFO - Running: ['***', 'tasks', 'run', 'synthetic_data_generation', 'generate_supplier_data', 'manual__2025-05-28T04:46:46.786408+00:00', '--job-id', '509', '--raw', '--subdir', 'DAGS_FOLDER/synthetic_data_dag.py', '--cfg-path', '/tmp/tmp7056ypdt']
[2025-05-28T04:46:48.133+0000] {standard_task_runner.py:85} INFO - Job 509: Subtask generate_supplier_data
[2025-05-28T04:46:48.186+0000] {task_command.py:416} INFO - Running <TaskInstance: synthetic_data_generation.generate_supplier_data manual__2025-05-28T04:46:46.786408+00:00 [running]> on host 9994c2e59dac
[2025-05-28T04:46:48.492+0000] {taskinstance.py:1662} INFO - Exporting env vars: AIRFLOW_CTX_DAG_OWNER='***' AIRFLOW_CTX_DAG_ID='synthetic_data_generation' AIRFLOW_CTX_TASK_ID='generate_supplier_data' AIRFLOW_CTX_EXECUTION_DATE='2025-05-28T04:46:46.786408+00:00' AIRFLOW_CTX_TRY_NUMBER='1' AIRFLOW_CTX_DAG_RUN_ID='manual__2025-05-28T04:46:46.786408+00:00'
[2025-05-28T04:46:48.493+0000] {logging_mixin.py:154} INFO - Generating supplier data...
[2025-05-28T04:46:48.512+0000] {logging_mixin.py:154} INFO - Loaded 50 supplier records to ods_supplier
[2025-05-28T04:46:48.512+0000] {python.py:194} INFO - Done. Returned value was:              supplier_id  ...             load_timestamp
0   a3c9f5c8-df2a-49c0-8  ... 2025-05-28 04:46:48.497615
1   9e25373c-22d9-48ae-b  ... 2025-05-28 04:46:48.497645
2   98511f10-b30b-4e13-9  ... 2025-05-28 04:46:48.497658
3   a392f407-6098-4fcf-a  ... 2025-05-28 04:46:48.497669
4   04eefe2d-9a05-48de-8  ... 2025-05-28 04:46:48.497680
5   74fe52cf-9e41-46af-b  ... 2025-05-28 04:46:48.497690
6   117d97b1-2f9f-479e-b  ... 2025-05-28 04:46:48.497702
7   f6c1fc4d-43c8-450d-8  ... 2025-05-28 04:46:48.497712
8   a651450a-e4df-4bc6-a  ... 2025-05-28 04:46:48.497722
9   96bd6df6-e959-4271-9  ... 2025-05-28 04:46:48.497731
10  19b2adea-e4bd-48c9-8  ... 2025-05-28 04:46:48.497741
11  07ee7d2d-1bf3-4bf4-a  ... 2025-05-28 04:46:48.497751
12  f8a40b42-7e01-4be8-b  ... 2025-05-28 04:46:48.497761
13  6203f545-88d6-4600-a  ... 2025-05-28 04:46:48.497772
14  8338d96f-2b51-4401-8  ... 2025-05-28 04:46:48.497781
15  612c890f-ac29-48b0-b  ... 2025-05-28 04:46:48.497791
16  05ae5067-6a73-4e73-a  ... 2025-05-28 04:46:48.497801
17  264048ff-5c0f-4c95-a  ... 2025-05-28 04:46:48.497812
18  051ef4e2-d20f-4577-8  ... 2025-05-28 04:46:48.497822
19  51e39624-7615-4c42-9  ... 2025-05-28 04:46:48.497831
20  79fe20ac-9412-4736-a  ... 2025-05-28 04:46:48.497840
21  6507c4c3-39dc-4ec2-b  ... 2025-05-28 04:46:48.497850
22  c3322ac8-f66b-4ac1-9  ... 2025-05-28 04:46:48.497859
23  f3c9829e-80f6-46e6-a  ... 2025-05-28 04:46:48.497868
24  d20351b1-8dc0-4b1e-8  ... 2025-05-28 04:46:48.497879
25  07a3f87d-bf60-4953-9  ... 2025-05-28 04:46:48.497888
26  ef3bbb85-48d3-4590-9  ... 2025-05-28 04:46:48.497898
27  05c23b09-0a6b-4ff8-8  ... 2025-05-28 04:46:48.497908
28  c850b321-7232-4615-b  ... 2025-05-28 04:46:48.497917
29  e83832f4-8e02-4e5b-a  ... 2025-05-28 04:46:48.497926
30  c0f241dd-3fb9-4ebf-b  ... 2025-05-28 04:46:48.497936
31  4feb8983-93b6-4e72-9  ... 2025-05-28 04:46:48.497951
32  cabbc0d6-aeb6-44c9-b  ... 2025-05-28 04:46:48.497961
33  cc24365c-14eb-495d-9  ... 2025-05-28 04:46:48.497970
34  198aa302-1e68-400a-9  ... 2025-05-28 04:46:48.497979
35  ca4abc75-77be-400a-a  ... 2025-05-28 04:46:48.497988
36  bcbc8a83-73ac-4606-a  ... 2025-05-28 04:46:48.497997
37  451804f9-f2d8-4636-b  ... 2025-05-28 04:46:48.498007
38  66da0036-6cc2-4906-a  ... 2025-05-28 04:46:48.498016
39  611367eb-73b0-4322-8  ... 2025-05-28 04:46:48.498025
40  d6fb93c8-025a-445a-a  ... 2025-05-28 04:46:48.498034
41  9dd02551-d0d5-48e4-9  ... 2025-05-28 04:46:48.498043
42  a6d335ea-222e-4241-8  ... 2025-05-28 04:46:48.498052
43  647d0917-8754-4d47-9  ... 2025-05-28 04:46:48.498061
44  5b896b7e-af26-40e4-b  ... 2025-05-28 04:46:48.498071
45  a6c3a530-75e8-40c6-a  ... 2025-05-28 04:46:48.498080
46  73c41709-a11f-4d6c-8  ... 2025-05-28 04:46:48.498089
47  ecc52e59-bb48-44a5-a  ... 2025-05-28 04:46:48.498099
48  2ee44148-5548-4ea3-b  ... 2025-05-28 04:46:48.498108
49  4e0663e2-4fa8-4dd1-8  ... 2025-05-28 04:46:48.498121

[50 rows x 12 columns]
[2025-05-28T04:46:48.633+0000] {taskinstance.py:1400} INFO - Marking task as SUCCESS. dag_id=synthetic_data_generation, task_id=generate_supplier_data, execution_date=20250528T044646, start_date=20250528T044648, end_date=20250528T044648
[2025-05-28T04:46:48.681+0000] {local_task_job_runner.py:228} INFO - Task exited with return code 0
[2025-05-28T04:46:48.695+0000] {taskinstance.py:2778} INFO - 1 downstream tasks scheduled from follow-on schedule check
