[2025-05-28T05:03:37.395+0000] {taskinstance.py:1159} INFO - Dependencies all met for dep_context=non-requeueable deps ti=<TaskInstance: walmart_etl_dag.transform_to_staging manual__2025-05-28T05:03:35.202686+00:00 [queued]>
[2025-05-28T05:03:37.399+0000] {taskinstance.py:1159} INFO - Dependencies all met for dep_context=requeueable deps ti=<TaskInstance: walmart_etl_dag.transform_to_staging manual__2025-05-28T05:03:35.202686+00:00 [queued]>
[2025-05-28T05:03:37.399+0000] {taskinstance.py:1361} INFO - Starting attempt 1 of 2
[2025-05-28T05:03:37.404+0000] {taskinstance.py:1382} INFO - Executing <Task(PythonOperator): transform_to_staging> on 2025-05-28 05:03:35.202686+00:00
[2025-05-28T05:03:37.407+0000] {standard_task_runner.py:57} INFO - Started process 386 to run task
[2025-05-28T05:03:37.409+0000] {standard_task_runner.py:84} INFO - Running: ['***', 'tasks', 'run', 'walmart_etl_dag', 'transform_to_staging', 'manual__2025-05-28T05:03:35.202686+00:00', '--job-id', '550', '--raw', '--subdir', 'DAGS_FOLDER/walmart_etl_dag.py', '--cfg-path', '/tmp/tmp6z61pebg']
[2025-05-28T05:03:37.421+0000] {standard_task_runner.py:85} INFO - Job 550: Subtask transform_to_staging
[2025-05-28T05:03:37.447+0000] {task_command.py:416} INFO - Running <TaskInstance: walmart_etl_dag.transform_to_staging manual__2025-05-28T05:03:35.202686+00:00 [running]> on host 68d10d19df8b
[2025-05-28T05:03:37.587+0000] {taskinstance.py:1662} INFO - Exporting env vars: AIRFLOW_CTX_DAG_OWNER='***' AIRFLOW_CTX_DAG_ID='walmart_etl_dag' AIRFLOW_CTX_TASK_ID='transform_to_staging' AIRFLOW_CTX_EXECUTION_DATE='2025-05-28T05:03:35.202686+00:00' AIRFLOW_CTX_TRY_NUMBER='1' AIRFLOW_CTX_DAG_RUN_ID='manual__2025-05-28T05:03:35.202686+00:00'
[2025-05-28T05:03:37.588+0000] {logging_mixin.py:154} INFO - Starting transformation from ODS to staging layer...
[2025-05-28T05:03:37.591+0000] {logging_mixin.py:154} INFO - Transforming date dimension...
[2025-05-28T05:03:37.601+0000] {logging_mixin.py:154} INFO - Transforming customer dimension...
[2025-05-28T05:03:37.627+0000] {logging_mixin.py:154} INFO - Transforming product dimension...
[2025-05-28T05:03:37.631+0000] {taskinstance.py:1937} ERROR - Task failed with exception
Traceback (most recent call last):
  File "/home/airflow/.local/lib/python3.8/site-packages/sqlalchemy/engine/base.py", line 1910, in _execute_context
    self.dialect.do_execute(
  File "/home/airflow/.local/lib/python3.8/site-packages/sqlalchemy/engine/default.py", line 736, in do_execute
    cursor.execute(statement, parameters)
psycopg2.errors.UniqueViolation: duplicate key value violates unique constraint "stg_product_pkey"
DETAIL:  Key (product_key)=(1) already exists.


The above exception was the direct cause of the following exception:

Traceback (most recent call last):
  File "/home/airflow/.local/lib/python3.8/site-packages/airflow/operators/python.py", line 192, in execute
    return_value = self.execute_callable()
  File "/home/airflow/.local/lib/python3.8/site-packages/airflow/operators/python.py", line 209, in execute_callable
    return self.python_callable(*self.op_args, **self.op_kwargs)
  File "/opt/airflow/dags/walmart_etl_dag.py", line 104, in etl_transform_to_staging
    batch_id = transform_to_staging(engine)
  File "/opt/airflow/walmart-etl/etl_data_loader.py", line 590, in transform_to_staging
    conn.execute(text("""
  File "/home/airflow/.local/lib/python3.8/site-packages/sqlalchemy/engine/base.py", line 1385, in execute
    return meth(self, multiparams, params, _EMPTY_EXECUTION_OPTS)
  File "/home/airflow/.local/lib/python3.8/site-packages/sqlalchemy/sql/elements.py", line 334, in _execute_on_connection
    return connection._execute_clauseelement(
  File "/home/airflow/.local/lib/python3.8/site-packages/sqlalchemy/engine/base.py", line 1577, in _execute_clauseelement
    ret = self._execute_context(
  File "/home/airflow/.local/lib/python3.8/site-packages/sqlalchemy/engine/base.py", line 1953, in _execute_context
    self._handle_dbapi_exception(
  File "/home/airflow/.local/lib/python3.8/site-packages/sqlalchemy/engine/base.py", line 2134, in _handle_dbapi_exception
    util.raise_(
  File "/home/airflow/.local/lib/python3.8/site-packages/sqlalchemy/util/compat.py", line 211, in raise_
    raise exception
  File "/home/airflow/.local/lib/python3.8/site-packages/sqlalchemy/engine/base.py", line 1910, in _execute_context
    self.dialect.do_execute(
  File "/home/airflow/.local/lib/python3.8/site-packages/sqlalchemy/engine/default.py", line 736, in do_execute
    cursor.execute(statement, parameters)
sqlalchemy.exc.IntegrityError: (psycopg2.errors.UniqueViolation) duplicate key value violates unique constraint "stg_product_pkey"
DETAIL:  Key (product_key)=(1) already exists.

[SQL: 
            INSERT INTO stg_product (
                product_key, product_id, product_name, category, subcategory,
                department, brand, price, cost, supplier_key, is_active,
                effective_date, current_flag, etl_batch_id, etl_timestamp
            )
            SELECT 
                -- Generate a surrogate key based on row number
                ROW_NUMBER() OVER (ORDER BY product_id) as product_key,
                product_id,
                product_name,
                product_category as category,
                product_sub_category as subcategory,
                -- Extract department from category
                product_category as department,
                -- Extract brand from product name (simplified)
                SPLIT_PART(product_name, ' ', 1) as brand,
                unit_price as price,
                -- Calculate cost based on margin
                CASE 
                    WHEN product_base_margin > 0 THEN unit_price * (1 - product_base_margin)
                    ELSE unit_price * 0.7 -- Default 30%% margin if not provided
                END as cost,
                -- Placeholder for supplier key
                1 as supplier_key,
                TRUE as is_active,
                CURRENT_DATE as effective_date,
                'Y' as current_flag,
                %(batch_id)s as etl_batch_id,
                CURRENT_TIMESTAMP as etl_timestamp
            FROM ods_product
        ]
[parameters: {'batch_id': 'BATCH_20250528050337'}]
(Background on this error at: https://sqlalche.me/e/14/gkpj)
[2025-05-28T05:03:37.639+0000] {taskinstance.py:1400} INFO - Marking task as UP_FOR_RETRY. dag_id=walmart_etl_dag, task_id=transform_to_staging, execution_date=20250528T050335, start_date=20250528T050337, end_date=20250528T050337
[2025-05-28T05:03:37.644+0000] {standard_task_runner.py:104} ERROR - Failed to execute job 550 for task transform_to_staging ((psycopg2.errors.UniqueViolation) duplicate key value violates unique constraint "stg_product_pkey"
DETAIL:  Key (product_key)=(1) already exists.

[SQL: 
            INSERT INTO stg_product (
                product_key, product_id, product_name, category, subcategory,
                department, brand, price, cost, supplier_key, is_active,
                effective_date, current_flag, etl_batch_id, etl_timestamp
            )
            SELECT 
                -- Generate a surrogate key based on row number
                ROW_NUMBER() OVER (ORDER BY product_id) as product_key,
                product_id,
                product_name,
                product_category as category,
                product_sub_category as subcategory,
                -- Extract department from category
                product_category as department,
                -- Extract brand from product name (simplified)
                SPLIT_PART(product_name, ' ', 1) as brand,
                unit_price as price,
                -- Calculate cost based on margin
                CASE 
                    WHEN product_base_margin > 0 THEN unit_price * (1 - product_base_margin)
                    ELSE unit_price * 0.7 -- Default 30%% margin if not provided
                END as cost,
                -- Placeholder for supplier key
                1 as supplier_key,
                TRUE as is_active,
                CURRENT_DATE as effective_date,
                'Y' as current_flag,
                %(batch_id)s as etl_batch_id,
                CURRENT_TIMESTAMP as etl_timestamp
            FROM ods_product
        ]
[parameters: {'batch_id': 'BATCH_20250528050337'}]
(Background on this error at: https://sqlalche.me/e/14/gkpj); 386)
[2025-05-28T05:03:37.674+0000] {local_task_job_runner.py:228} INFO - Task exited with return code 1
[2025-05-28T05:03:37.687+0000] {taskinstance.py:2778} INFO - 0 downstream tasks scheduled from follow-on schedule check
