[2025-05-27T19:25:44.603+0000] {taskinstance.py:1159} INFO - Dependencies all met for dep_context=non-requeueable deps ti=<TaskInstance: walmart_etl_dag.transform_to_staging manual__2025-05-27T19:25:37.402614+00:00 [queued]>
[2025-05-27T19:25:44.608+0000] {taskinstance.py:1159} INFO - Dependencies all met for dep_context=requeueable deps ti=<TaskInstance: walmart_etl_dag.transform_to_staging manual__2025-05-27T19:25:37.402614+00:00 [queued]>
[2025-05-27T19:25:44.608+0000] {taskinstance.py:1361} INFO - Starting attempt 1 of 2
[2025-05-27T19:25:44.614+0000] {taskinstance.py:1382} INFO - Executing <Task(PythonOperator): transform_to_staging> on 2025-05-27 19:25:37.402614+00:00
[2025-05-27T19:25:44.618+0000] {standard_task_runner.py:57} INFO - Started process 1294 to run task
[2025-05-27T19:25:44.621+0000] {standard_task_runner.py:84} INFO - Running: ['***', 'tasks', 'run', 'walmart_etl_dag', 'transform_to_staging', 'manual__2025-05-27T19:25:37.402614+00:00', '--job-id', '301', '--raw', '--subdir', 'DAGS_FOLDER/walmart_etl_dag.py', '--cfg-path', '/tmp/tmpbnow6by9']
[2025-05-27T19:25:44.630+0000] {standard_task_runner.py:85} INFO - Job 301: Subtask transform_to_staging
[2025-05-27T19:25:44.661+0000] {task_command.py:416} INFO - Running <TaskInstance: walmart_etl_dag.transform_to_staging manual__2025-05-27T19:25:37.402614+00:00 [running]> on host d80f98a6628f
[2025-05-27T19:25:44.933+0000] {taskinstance.py:1662} INFO - Exporting env vars: AIRFLOW_CTX_DAG_OWNER='***' AIRFLOW_CTX_DAG_ID='walmart_etl_dag' AIRFLOW_CTX_TASK_ID='transform_to_staging' AIRFLOW_CTX_EXECUTION_DATE='2025-05-27T19:25:37.402614+00:00' AIRFLOW_CTX_TRY_NUMBER='1' AIRFLOW_CTX_DAG_RUN_ID='manual__2025-05-27T19:25:37.402614+00:00'
[2025-05-27T19:25:44.937+0000] {logging_mixin.py:154} INFO - Found 0 inventory records and 0 returns records in ODS before transformation
[2025-05-27T19:25:44.937+0000] {logging_mixin.py:154} INFO - Starting transformation from ODS to staging layer...
[2025-05-27T19:25:44.938+0000] {logging_mixin.py:154} INFO - Transforming date dimension...
[2025-05-27T19:25:44.953+0000] {logging_mixin.py:154} INFO - Transforming customer dimension...
[2025-05-27T19:25:44.978+0000] {logging_mixin.py:154} INFO - Transforming product dimension...
[2025-05-27T19:25:44.990+0000] {logging_mixin.py:154} INFO - Transforming store dimension...
[2025-05-27T19:25:45.008+0000] {logging_mixin.py:154} INFO - Transforming sales fact...
[2025-05-27T19:25:45.142+0000] {logging_mixin.py:154} INFO - Transforming inventory fact...
[2025-05-27T19:25:45.143+0000] {logging_mixin.py:154} INFO - Transforming returns fact...
[2025-05-27T19:25:45.144+0000] {logging_mixin.py:154} INFO - Staging layer transformation completed successfully.
[2025-05-27T19:25:45.144+0000] {logging_mixin.py:154} INFO - Batch ID: BATCH_20250527192544
[2025-05-27T19:25:45.145+0000] {logging_mixin.py:154} INFO - Transformed 0 inventory records and 0 returns records to staging
[2025-05-27T19:25:45.145+0000] {python.py:194} INFO - Done. Returned value was: BATCH_20250527192544
[2025-05-27T19:25:45.158+0000] {taskinstance.py:1400} INFO - Marking task as SUCCESS. dag_id=walmart_etl_dag, task_id=transform_to_staging, execution_date=20250527T192537, start_date=20250527T192544, end_date=20250527T192545
[2025-05-27T19:25:45.196+0000] {local_task_job_runner.py:228} INFO - Task exited with return code 0
[2025-05-27T19:25:45.214+0000] {taskinstance.py:2778} INFO - 1 downstream tasks scheduled from follow-on schedule check
