[2025-05-27T05:30:05.451+0000] {taskinstance.py:1159} INFO - Dependencies all met for dep_context=non-requeueable deps ti=<TaskInstance: walmart_etl_dag.transform_to_staging manual__2025-05-27T05:29:52+00:00 [queued]>
[2025-05-27T05:30:05.472+0000] {taskinstance.py:1159} INFO - Dependencies all met for dep_context=requeueable deps ti=<TaskInstance: walmart_etl_dag.transform_to_staging manual__2025-05-27T05:29:52+00:00 [queued]>
[2025-05-27T05:30:05.473+0000] {taskinstance.py:1361} INFO - Starting attempt 1 of 2
[2025-05-27T05:30:05.504+0000] {taskinstance.py:1382} INFO - Executing <Task(PythonOperator): transform_to_staging> on 2025-05-27 05:29:52+00:00
[2025-05-27T05:30:05.535+0000] {standard_task_runner.py:57} INFO - Started process 273 to run task
[2025-05-27T05:30:05.543+0000] {standard_task_runner.py:84} INFO - Running: ['***', 'tasks', 'run', 'walmart_etl_dag', 'transform_to_staging', 'manual__2025-05-27T05:29:52+00:00', '--job-id', '58', '--raw', '--subdir', 'DAGS_FOLDER/walmart_etl_dag.py', '--cfg-path', '/tmp/tmpbswdvzpg']
[2025-05-27T05:30:05.552+0000] {standard_task_runner.py:85} INFO - Job 58: Subtask transform_to_staging
[2025-05-27T05:30:05.681+0000] {task_command.py:416} INFO - Running <TaskInstance: walmart_etl_dag.transform_to_staging manual__2025-05-27T05:29:52+00:00 [running]> on host 364c8c3dd6ab
[2025-05-27T05:30:05.821+0000] {taskinstance.py:1662} INFO - Exporting env vars: AIRFLOW_CTX_DAG_OWNER='***' AIRFLOW_CTX_DAG_ID='walmart_etl_dag' AIRFLOW_CTX_TASK_ID='transform_to_staging' AIRFLOW_CTX_EXECUTION_DATE='2025-05-27T05:29:52+00:00' AIRFLOW_CTX_TRY_NUMBER='1' AIRFLOW_CTX_DAG_RUN_ID='manual__2025-05-27T05:29:52+00:00'
[2025-05-27T05:30:05.835+0000] {logging_mixin.py:154} INFO - Starting transformation from ODS to staging layer...
[2025-05-27T05:30:05.842+0000] {logging_mixin.py:154} INFO - Transforming date dimension...
[2025-05-27T05:30:05.857+0000] {logging_mixin.py:154} INFO - Transforming customer dimension...
[2025-05-27T05:30:06.007+0000] {logging_mixin.py:154} INFO - Transforming product dimension...
[2025-05-27T05:30:06.058+0000] {logging_mixin.py:154} INFO - Transforming store dimension...
[2025-05-27T05:30:06.067+0000] {logging_mixin.py:154} INFO - Transforming sales fact...
[2025-05-27T05:30:06.076+0000] {logging_mixin.py:154} INFO - Staging layer transformation completed successfully.
[2025-05-27T05:30:06.076+0000] {logging_mixin.py:154} INFO - Batch ID: BATCH_20250527053004
[2025-05-27T05:30:06.077+0000] {python.py:194} INFO - Done. Returned value was: BATCH_20250527053004
[2025-05-27T05:30:06.113+0000] {taskinstance.py:1400} INFO - Marking task as SUCCESS. dag_id=walmart_etl_dag, task_id=transform_to_staging, execution_date=20250527T052952, start_date=20250527T053005, end_date=20250527T053006
[2025-05-27T05:30:06.162+0000] {local_task_job_runner.py:228} INFO - Task exited with return code 0
[2025-05-27T05:30:06.205+0000] {taskinstance.py:2778} INFO - 1 downstream tasks scheduled from follow-on schedule check
