[2025-05-27T19:03:46.959+0000] {taskinstance.py:1159} INFO - Dependencies all met for dep_context=non-requeueable deps ti=<TaskInstance: walmart_etl_dag.clean_staging manual__2025-05-27T19:03:36.296945+00:00 [queued]>
[2025-05-27T19:03:46.967+0000] {taskinstance.py:1159} INFO - Dependencies all met for dep_context=requeueable deps ti=<TaskInstance: walmart_etl_dag.clean_staging manual__2025-05-27T19:03:36.296945+00:00 [queued]>
[2025-05-27T19:03:46.968+0000] {taskinstance.py:1361} INFO - Starting attempt 1 of 2
[2025-05-27T19:03:46.975+0000] {taskinstance.py:1382} INFO - Executing <Task(PythonOperator): clean_staging> on 2025-05-27 19:03:36.296945+00:00
[2025-05-27T19:03:46.979+0000] {standard_task_runner.py:57} INFO - Started process 904 to run task
[2025-05-27T19:03:46.982+0000] {standard_task_runner.py:84} INFO - Running: ['***', 'tasks', 'run', 'walmart_etl_dag', 'clean_staging', 'manual__2025-05-27T19:03:36.296945+00:00', '--job-id', '282', '--raw', '--subdir', 'DAGS_FOLDER/walmart_etl_dag.py', '--cfg-path', '/tmp/tmp9o9iz09y']
[2025-05-27T19:03:46.985+0000] {standard_task_runner.py:85} INFO - Job 282: Subtask clean_staging
[2025-05-27T19:03:47.013+0000] {task_command.py:416} INFO - Running <TaskInstance: walmart_etl_dag.clean_staging manual__2025-05-27T19:03:36.296945+00:00 [running]> on host d80f98a6628f
[2025-05-27T19:03:47.218+0000] {taskinstance.py:1662} INFO - Exporting env vars: AIRFLOW_CTX_DAG_OWNER='***' AIRFLOW_CTX_DAG_ID='walmart_etl_dag' AIRFLOW_CTX_TASK_ID='clean_staging' AIRFLOW_CTX_EXECUTION_DATE='2025-05-27T19:03:36.296945+00:00' AIRFLOW_CTX_TRY_NUMBER='1' AIRFLOW_CTX_DAG_RUN_ID='manual__2025-05-27T19:03:36.296945+00:00'
[2025-05-27T19:03:47.224+0000] {logging_mixin.py:154} INFO - Starting staging tables cleanup...
[2025-05-27T19:03:47.229+0000] {logging_mixin.py:154} INFO - Deleted data from stg_date for batch BATCH_20250527190344
[2025-05-27T19:03:47.231+0000] {logging_mixin.py:154} INFO - Deleted data from stg_customer for batch BATCH_20250527190344
[2025-05-27T19:03:47.232+0000] {logging_mixin.py:154} INFO - Deleted data from stg_product for batch BATCH_20250527190344
[2025-05-27T19:03:47.233+0000] {logging_mixin.py:154} INFO - Deleted data from stg_store for batch BATCH_20250527190344
[2025-05-27T19:03:47.236+0000] {logging_mixin.py:154} INFO - Deleted data from stg_sales for batch BATCH_20250527190344
[2025-05-27T19:03:47.237+0000] {logging_mixin.py:154} INFO - Deleted data from stg_supplier for batch BATCH_20250527190344
[2025-05-27T19:03:47.237+0000] {logging_mixin.py:154} INFO - Deleted data from stg_return_reason for batch BATCH_20250527190344
[2025-05-27T19:03:47.238+0000] {logging_mixin.py:154} INFO - Deleted data from stg_inventory for batch BATCH_20250527190344
[2025-05-27T19:03:47.238+0000] {logging_mixin.py:154} INFO - Deleted data from stg_returns for batch BATCH_20250527190344
[2025-05-27T19:03:47.243+0000] {logging_mixin.py:154} INFO - Staging tables cleanup completed successfully.
[2025-05-27T19:03:47.243+0000] {python.py:194} INFO - Done. Returned value was: Staging tables cleaned for batch BATCH_20250527190344
[2025-05-27T19:03:47.253+0000] {taskinstance.py:1400} INFO - Marking task as SUCCESS. dag_id=walmart_etl_dag, task_id=clean_staging, execution_date=20250527T190336, start_date=20250527T190346, end_date=20250527T190347
[2025-05-27T19:03:47.289+0000] {local_task_job_runner.py:228} INFO - Task exited with return code 0
[2025-05-27T19:03:47.304+0000] {taskinstance.py:2778} INFO - 1 downstream tasks scheduled from follow-on schedule check
