[2025-05-27T05:27:43.315+0000] {taskinstance.py:1159} INFO - Dependencies all met for dep_context=non-requeueable deps ti=<TaskInstance: walmart_etl_dag.load_to_ods manual__2025-05-27T05:15:27+00:00 [queued]>
[2025-05-27T05:27:43.319+0000] {taskinstance.py:1159} INFO - Dependencies all met for dep_context=requeueable deps ti=<TaskInstance: walmart_etl_dag.load_to_ods manual__2025-05-27T05:15:27+00:00 [queued]>
[2025-05-27T05:27:43.319+0000] {taskinstance.py:1361} INFO - Starting attempt 2 of 2
[2025-05-27T05:27:43.325+0000] {taskinstance.py:1382} INFO - Executing <Task(PythonOperator): load_to_ods> on 2025-05-27 05:15:27+00:00
[2025-05-27T05:27:43.330+0000] {standard_task_runner.py:57} INFO - Started process 165 to run task
[2025-05-27T05:27:43.333+0000] {standard_task_runner.py:84} INFO - Running: ['***', 'tasks', 'run', 'walmart_etl_dag', 'load_to_ods', 'manual__2025-05-27T05:15:27+00:00', '--job-id', '35', '--raw', '--subdir', 'DAGS_FOLDER/walmart_etl_dag.py', '--cfg-path', '/tmp/tmpz5xxnhdc']
[2025-05-27T05:27:43.334+0000] {standard_task_runner.py:85} INFO - Job 35: Subtask load_to_ods
[2025-05-27T05:27:43.366+0000] {task_command.py:416} INFO - Running <TaskInstance: walmart_etl_dag.load_to_ods manual__2025-05-27T05:15:27+00:00 [running]> on host 364c8c3dd6ab
[2025-05-27T05:27:43.428+0000] {taskinstance.py:1662} INFO - Exporting env vars: AIRFLOW_CTX_DAG_OWNER='***' AIRFLOW_CTX_DAG_ID='walmart_etl_dag' AIRFLOW_CTX_TASK_ID='load_to_ods' AIRFLOW_CTX_EXECUTION_DATE='2025-05-27T05:15:27+00:00' AIRFLOW_CTX_TRY_NUMBER='2' AIRFLOW_CTX_DAG_RUN_ID='manual__2025-05-27T05:15:27+00:00'
[2025-05-27T05:27:43.472+0000] {logging_mixin.py:154} INFO - Loaded 8399 rows from CSV file.
[2025-05-27T05:27:43.748+0000] {logging_mixin.py:154} INFO - Loaded 1459 records into ods_date.
[2025-05-27T05:27:44.263+0000] {logging_mixin.py:154} INFO - Loaded 3011 records into ods_customer.
[2025-05-27T05:27:44.567+0000] {logging_mixin.py:154} INFO - Loaded 1314 records into ods_product.
[2025-05-27T05:27:44.818+0000] {logging_mixin.py:154} INFO - Loaded 1636 records into ods_store.
[2025-05-27T05:27:46.358+0000] {logging_mixin.py:154} INFO - Loaded 8399 records into ods_sales.
[2025-05-27T05:27:46.363+0000] {logging_mixin.py:154} INFO - ODS layer loading completed.
[2025-05-27T05:27:46.364+0000] {python.py:194} INFO - Done. Returned value was: ODS layer loading completed
[2025-05-27T05:27:46.399+0000] {taskinstance.py:1400} INFO - Marking task as SUCCESS. dag_id=walmart_etl_dag, task_id=load_to_ods, execution_date=20250527T051527, start_date=20250527T052743, end_date=20250527T052746
[2025-05-27T05:27:46.452+0000] {local_task_job_runner.py:228} INFO - Task exited with return code 0
[2025-05-27T05:27:46.502+0000] {taskinstance.py:2778} INFO - 1 downstream tasks scheduled from follow-on schedule check
