[2025-05-27T21:25:42.395+0000] {taskinstance.py:1159} INFO - Dependencies all met for dep_context=non-requeueable deps ti=<TaskInstance: walmart_etl_dag.load_to_ods manual__2025-05-27T21:25:40.347802+00:00 [queued]>
[2025-05-27T21:25:42.401+0000] {taskinstance.py:1159} INFO - Dependencies all met for dep_context=requeueable deps ti=<TaskInstance: walmart_etl_dag.load_to_ods manual__2025-05-27T21:25:40.347802+00:00 [queued]>
[2025-05-27T21:25:42.401+0000] {taskinstance.py:1361} INFO - Starting attempt 1 of 2
[2025-05-27T21:25:42.410+0000] {taskinstance.py:1382} INFO - Executing <Task(PythonOperator): load_to_ods> on 2025-05-27 21:25:40.347802+00:00
[2025-05-27T21:25:42.434+0000] {standard_task_runner.py:57} INFO - Started process 79 to run task
[2025-05-27T21:25:42.438+0000] {standard_task_runner.py:84} INFO - Running: ['***', 'tasks', 'run', 'walmart_etl_dag', 'load_to_ods', 'manual__2025-05-27T21:25:40.347802+00:00', '--job-id', '397', '--raw', '--subdir', 'DAGS_FOLDER/walmart_etl_dag.py', '--cfg-path', '/tmp/tmp51dunh6y']
[2025-05-27T21:25:42.442+0000] {standard_task_runner.py:85} INFO - Job 397: Subtask load_to_ods
[2025-05-27T21:25:43.094+0000] {task_command.py:416} INFO - Running <TaskInstance: walmart_etl_dag.load_to_ods manual__2025-05-27T21:25:40.347802+00:00 [running]> on host b21c490ef584
[2025-05-27T21:25:43.258+0000] {taskinstance.py:1662} INFO - Exporting env vars: AIRFLOW_CTX_DAG_OWNER='***' AIRFLOW_CTX_DAG_ID='walmart_etl_dag' AIRFLOW_CTX_TASK_ID='load_to_ods' AIRFLOW_CTX_EXECUTION_DATE='2025-05-27T21:25:40.347802+00:00' AIRFLOW_CTX_TRY_NUMBER='1' AIRFLOW_CTX_DAG_RUN_ID='manual__2025-05-27T21:25:40.347802+00:00'
[2025-05-27T21:25:43.276+0000] {logging_mixin.py:154} INFO - Found 500 inventory records and 200 returns records in ODS
[2025-05-27T21:25:43.303+0000] {logging_mixin.py:154} INFO - Loaded 3 rows from CSV file.
[2025-05-27T21:25:43.333+0000] {logging_mixin.py:154} INFO - Loaded 3 records into ods_date.
[2025-05-27T21:25:43.350+0000] {logging_mixin.py:154} INFO - Loaded 3 records into ods_customer.
[2025-05-27T21:25:43.369+0000] {logging_mixin.py:154} INFO - Loaded 3 records into ods_product.
[2025-05-27T21:25:43.381+0000] {logging_mixin.py:154} INFO - Loaded 3 records into ods_store.
[2025-05-27T21:25:43.470+0000] {logging_mixin.py:154} INFO - Loaded 3 records into ods_sales.
[2025-05-27T21:25:43.471+0000] {logging_mixin.py:154} INFO - No inventory data found in the input DataFrame.
[2025-05-27T21:25:43.471+0000] {logging_mixin.py:154} INFO - No returns data found in the input DataFrame.
[2025-05-27T21:25:43.471+0000] {logging_mixin.py:154} INFO - ODS layer loading completed.
[2025-05-27T21:25:43.472+0000] {python.py:194} INFO - Done. Returned value was: ODS layer loading completed
[2025-05-27T21:25:43.521+0000] {taskinstance.py:1400} INFO - Marking task as SUCCESS. dag_id=walmart_etl_dag, task_id=load_to_ods, execution_date=20250527T212540, start_date=20250527T212542, end_date=20250527T212543
[2025-05-27T21:25:43.577+0000] {local_task_job_runner.py:228} INFO - Task exited with return code 0
[2025-05-27T21:25:44.041+0000] {taskinstance.py:2778} INFO - 0 downstream tasks scheduled from follow-on schedule check
