[2025-05-28T05:11:42.013+0000] {taskinstance.py:1159} INFO - Dependencies all met for dep_context=non-requeueable deps ti=<TaskInstance: walmart_etl_dag.load_to_ods manual__2025-05-28T05:11:40.598732+00:00 [queued]>
[2025-05-28T05:11:42.017+0000] {taskinstance.py:1159} INFO - Dependencies all met for dep_context=requeueable deps ti=<TaskInstance: walmart_etl_dag.load_to_ods manual__2025-05-28T05:11:40.598732+00:00 [queued]>
[2025-05-28T05:11:42.017+0000] {taskinstance.py:1361} INFO - Starting attempt 1 of 2
[2025-05-28T05:11:42.023+0000] {taskinstance.py:1382} INFO - Executing <Task(PythonOperator): load_to_ods> on 2025-05-28 05:11:40.598732+00:00
[2025-05-28T05:11:42.027+0000] {standard_task_runner.py:57} INFO - Started process 109 to run task
[2025-05-28T05:11:42.030+0000] {standard_task_runner.py:84} INFO - Running: ['***', 'tasks', 'run', 'walmart_etl_dag', 'load_to_ods', 'manual__2025-05-28T05:11:40.598732+00:00', '--job-id', '564', '--raw', '--subdir', 'DAGS_FOLDER/walmart_etl_dag.py', '--cfg-path', '/tmp/tmphgi453fg']
[2025-05-28T05:11:42.032+0000] {standard_task_runner.py:85} INFO - Job 564: Subtask load_to_ods
[2025-05-28T05:11:42.064+0000] {task_command.py:416} INFO - Running <TaskInstance: walmart_etl_dag.load_to_ods manual__2025-05-28T05:11:40.598732+00:00 [running]> on host 54aadfabdafd
[2025-05-28T05:11:42.343+0000] {taskinstance.py:1662} INFO - Exporting env vars: AIRFLOW_CTX_DAG_OWNER='***' AIRFLOW_CTX_DAG_ID='walmart_etl_dag' AIRFLOW_CTX_TASK_ID='load_to_ods' AIRFLOW_CTX_EXECUTION_DATE='2025-05-28T05:11:40.598732+00:00' AIRFLOW_CTX_TRY_NUMBER='1' AIRFLOW_CTX_DAG_RUN_ID='manual__2025-05-28T05:11:40.598732+00:00'
[2025-05-28T05:11:42.348+0000] {logging_mixin.py:154} INFO - Found 0 inventory records and 0 returns records in ODS
[2025-05-28T05:11:42.352+0000] {logging_mixin.py:154} INFO - Loaded 2 rows from CSV file.
[2025-05-28T05:11:42.359+0000] {logging_mixin.py:154} INFO - Loaded 3 records into ods_date.
[2025-05-28T05:11:42.361+0000] {logging_mixin.py:154} INFO - Loaded 2 records into ods_customer.
[2025-05-28T05:11:42.364+0000] {logging_mixin.py:154} INFO - Loaded 2 records into ods_product.
[2025-05-28T05:11:42.365+0000] {logging_mixin.py:154} INFO - Loaded 2 records into ods_store.
[2025-05-28T05:11:42.367+0000] {logging_mixin.py:154} INFO - Loaded 2 records into ods_sales.
[2025-05-28T05:11:42.368+0000] {logging_mixin.py:154} INFO - No inventory data found in the input DataFrame.
[2025-05-28T05:11:42.368+0000] {logging_mixin.py:154} INFO - No returns data found in the input DataFrame.
[2025-05-28T05:11:42.368+0000] {logging_mixin.py:154} INFO - ODS layer loading completed.
[2025-05-28T05:11:42.368+0000] {python.py:194} INFO - Done. Returned value was: ODS layer loading completed
[2025-05-28T05:11:42.381+0000] {taskinstance.py:1400} INFO - Marking task as SUCCESS. dag_id=walmart_etl_dag, task_id=load_to_ods, execution_date=20250528T051140, start_date=20250528T051142, end_date=20250528T051142
[2025-05-28T05:11:42.392+0000] {local_task_job_runner.py:228} INFO - Task exited with return code 0
[2025-05-28T05:11:42.407+0000] {taskinstance.py:2778} INFO - 1 downstream tasks scheduled from follow-on schedule check
