[2025-05-28T05:31:45.938+0000] {taskinstance.py:1159} INFO - Dependencies all met for dep_context=non-requeueable deps ti=<TaskInstance: walmart_etl_dag.transform_to_staging manual__2025-05-28T05:31:39+00:00 [queued]>
[2025-05-28T05:31:45.945+0000] {taskinstance.py:1159} INFO - Dependencies all met for dep_context=requeueable deps ti=<TaskInstance: walmart_etl_dag.transform_to_staging manual__2025-05-28T05:31:39+00:00 [queued]>
[2025-05-28T05:31:45.946+0000] {taskinstance.py:1361} INFO - Starting attempt 1 of 2
[2025-05-28T05:31:45.954+0000] {taskinstance.py:1382} INFO - Executing <Task(PythonOperator): transform_to_staging> on 2025-05-28 05:31:39+00:00
[2025-05-28T05:31:45.958+0000] {standard_task_runner.py:57} INFO - Started process 455 to run task
[2025-05-28T05:31:45.961+0000] {standard_task_runner.py:84} INFO - Running: ['***', 'tasks', 'run', 'walmart_etl_dag', 'transform_to_staging', 'manual__2025-05-28T05:31:39+00:00', '--job-id', '590', '--raw', '--subdir', 'DAGS_FOLDER/walmart_etl_dag.py', '--cfg-path', '/tmp/tmpnkouyslh']
[2025-05-28T05:31:45.964+0000] {standard_task_runner.py:85} INFO - Job 590: Subtask transform_to_staging
[2025-05-28T05:31:45.999+0000] {task_command.py:416} INFO - Running <TaskInstance: walmart_etl_dag.transform_to_staging manual__2025-05-28T05:31:39+00:00 [running]> on host 54aadfabdafd
[2025-05-28T05:31:46.230+0000] {taskinstance.py:1662} INFO - Exporting env vars: AIRFLOW_CTX_DAG_OWNER='***' AIRFLOW_CTX_DAG_ID='walmart_etl_dag' AIRFLOW_CTX_TASK_ID='transform_to_staging' AIRFLOW_CTX_EXECUTION_DATE='2025-05-28T05:31:39+00:00' AIRFLOW_CTX_TRY_NUMBER='1' AIRFLOW_CTX_DAG_RUN_ID='manual__2025-05-28T05:31:39+00:00'
[2025-05-28T05:31:46.231+0000] {logging_mixin.py:154} INFO - Starting transformation from ODS to staging layer...
[2025-05-28T05:31:46.237+0000] {logging_mixin.py:154} INFO - Cleaning up all staging tables before transformation...
[2025-05-28T05:31:46.240+0000] {logging_mixin.py:154} INFO - All staging tables cleaned up successfully.
[2025-05-28T05:31:46.240+0000] {logging_mixin.py:154} INFO - Transforming date dimension...
[2025-05-28T05:31:46.250+0000] {logging_mixin.py:154} INFO - Transforming customer dimension...
[2025-05-28T05:31:46.273+0000] {logging_mixin.py:154} INFO - Transforming product dimension...
[2025-05-28T05:31:46.282+0000] {logging_mixin.py:154} INFO - Transforming store dimension...
[2025-05-28T05:31:46.296+0000] {logging_mixin.py:154} INFO - Transforming sales fact...
[2025-05-28T05:31:46.473+0000] {logging_mixin.py:154} INFO - Transforming inventory fact...
[2025-05-28T05:31:46.476+0000] {logging_mixin.py:154} INFO - Transforming returns fact...
[2025-05-28T05:31:46.477+0000] {logging_mixin.py:154} INFO - Staging layer transformation completed successfully.
[2025-05-28T05:31:46.477+0000] {logging_mixin.py:154} INFO - Batch ID: BATCH_20250528053145
[2025-05-28T05:31:46.477+0000] {logging_mixin.py:154} INFO - Transformed data to staging with batch ID: BATCH_20250528053145
[2025-05-28T05:31:46.478+0000] {python.py:194} INFO - Done. Returned value was: BATCH_20250528053145
[2025-05-28T05:31:46.497+0000] {taskinstance.py:1400} INFO - Marking task as SUCCESS. dag_id=walmart_etl_dag, task_id=transform_to_staging, execution_date=20250528T053139, start_date=20250528T053145, end_date=20250528T053146
[2025-05-28T05:31:46.555+0000] {local_task_job_runner.py:228} INFO - Task exited with return code 0
[2025-05-28T05:31:46.608+0000] {taskinstance.py:2778} INFO - 0 downstream tasks scheduled from follow-on schedule check
