[2025-05-27T04:48:52.285+0000] {processor.py:157} INFO - Started process (PID=51) to work on /opt/airflow/dags/walmart-etl/dags/walmart_maintenance_dag.py
[2025-05-27T04:48:52.289+0000] {processor.py:829} INFO - Processing file /opt/airflow/dags/walmart-etl/dags/walmart_maintenance_dag.py for tasks to queue
[2025-05-27T04:48:52.298+0000] {logging_mixin.py:154} INFO - [2025-05-27T04:48:52.297+0000] {dagbag.py:536} INFO - Filling up the DagBag from /opt/airflow/dags/walmart-etl/dags/walmart_maintenance_dag.py
[2025-05-27T04:48:53.311+0000] {processor.py:839} INFO - DAG(s) dict_keys(['walmart_maintenance_dag']) retrieved from /opt/airflow/dags/walmart-etl/dags/walmart_maintenance_dag.py
[2025-05-27T04:48:53.700+0000] {logging_mixin.py:154} INFO - [2025-05-27T04:48:53.698+0000] {manager.py:499} INFO - Created Permission View: %s
[2025-05-27T04:48:53.719+0000] {logging_mixin.py:154} INFO - [2025-05-27T04:48:53.719+0000] {manager.py:499} INFO - Created Permission View: %s
[2025-05-27T04:48:53.731+0000] {logging_mixin.py:154} INFO - [2025-05-27T04:48:53.731+0000] {manager.py:502} ERROR - Creation of Permission View Error: %s
[2025-05-27T04:48:53.731+0000] {logging_mixin.py:154} INFO - [2025-05-27T04:48:53.731+0000] {dag.py:2941} INFO - Sync 1 DAGs
[2025-05-27T04:48:53.757+0000] {logging_mixin.py:154} INFO - [2025-05-27T04:48:53.755+0000] {dag.py:2963} INFO - Creating ORM DAG for walmart_maintenance_dag
[2025-05-27T04:48:53.781+0000] {logging_mixin.py:154} INFO - [2025-05-27T04:48:53.780+0000] {dag.py:3722} INFO - Setting next_dagrun for walmart_maintenance_dag to 2025-06-01T00:00:00+00:00, run_after=2025-06-08T00:00:00+00:00
[2025-05-27T04:48:53.962+0000] {logging_mixin.py:154} INFO - [2025-05-27T04:48:53.956+0000] {dagbag.py:644} ERROR - Failed to write serialized DAG: /opt/airflow/dags/walmart-etl/dags/walmart_maintenance_dag.py
Traceback (most recent call last):
  File "/home/airflow/.local/lib/python3.8/site-packages/airflow/models/dagbag.py", line 633, in _serialize_dag_capturing_errors
    dag_was_updated = SerializedDagModel.write_dag(
  File "/home/airflow/.local/lib/python3.8/site-packages/airflow/utils/session.py", line 76, in wrapper
    return func(*args, **kwargs)
  File "/home/airflow/.local/lib/python3.8/site-packages/airflow/models/serialized_dag.py", line 147, in write_dag
    if session.scalar(
  File "/home/airflow/.local/lib/python3.8/site-packages/sqlalchemy/orm/session.py", line 1747, in scalar
    return self.execute(
  File "/home/airflow/.local/lib/python3.8/site-packages/sqlalchemy/orm/session.py", line 1716, in execute
    conn = self._connection_for_bind(bind)
  File "/home/airflow/.local/lib/python3.8/site-packages/sqlalchemy/orm/session.py", line 1555, in _connection_for_bind
    return self._transaction._connection_for_bind(
  File "/home/airflow/.local/lib/python3.8/site-packages/sqlalchemy/orm/session.py", line 724, in _connection_for_bind
    self._assert_active()
  File "/home/airflow/.local/lib/python3.8/site-packages/sqlalchemy/orm/session.py", line 604, in _assert_active
    raise sa_exc.PendingRollbackError(
sqlalchemy.exc.PendingRollbackError: This Session's transaction has been rolled back due to a previous exception during flush. To begin a new transaction with this Session, first issue Session.rollback(). Original exception was: (psycopg2.errors.UniqueViolation) duplicate key value violates unique constraint "dag_pkey"
DETAIL:  Key (dag_id)=(walmart_maintenance_dag) already exists.

[SQL: INSERT INTO dag (dag_id, root_dag_id, is_paused, is_subdag, is_active, last_parsed_time, last_pickled, last_expired, scheduler_lock, pickle_id, fileloc, processor_subdir, owners, description, default_view, schedule_interval, timetable_description, max_active_tasks, max_active_runs, has_task_concurrency_limits, has_import_errors, next_dagrun, next_dagrun_data_interval_start, next_dagrun_data_interval_end, next_dagrun_create_after) VALUES (%(dag_id)s, %(root_dag_id)s, %(is_paused)s, %(is_subdag)s, %(is_active)s, %(last_parsed_time)s, %(last_pickled)s, %(last_expired)s, %(scheduler_lock)s, %(pickle_id)s, %(fileloc)s, %(processor_subdir)s, %(owners)s, %(description)s, %(default_view)s, %(schedule_interval)s, %(timetable_description)s, %(max_active_tasks)s, %(max_active_runs)s, %(has_task_concurrency_limits)s, %(has_import_errors)s, %(next_dagrun)s, %(next_dagrun_data_interval_start)s, %(next_dagrun_data_interval_end)s, %(next_dagrun_create_after)s)]
[parameters: {'dag_id': 'walmart_maintenance_dag', 'root_dag_id': None, 'is_paused': True, 'is_subdag': False, 'is_active': True, 'last_parsed_time': datetime.datetime(2025, 5, 27, 4, 48, 53, 777607, tzinfo=Timezone('UTC')), 'last_pickled': None, 'last_expired': None, 'scheduler_lock': None, 'pickle_id': None, 'fileloc': '/opt/airflow/dags/walmart-etl/dags/walmart_maintenance_dag.py', 'processor_subdir': '/opt/airflow/dags', 'owners': 'airflow', 'description': 'Walmart Database Maintenance', 'default_view': 'grid', 'schedule_interval': '"0 0 * * 0"', 'timetable_description': 'At 00:00, only on Sunday', 'max_active_tasks': 16, 'max_active_runs': 16, 'has_task_concurrency_limits': False, 'has_import_errors': False, 'next_dagrun': DateTime(2025, 6, 1, 0, 0, 0, tzinfo=Timezone('UTC')), 'next_dagrun_data_interval_start': DateTime(2025, 6, 1, 0, 0, 0, tzinfo=Timezone('UTC')), 'next_dagrun_data_interval_end': DateTime(2025, 6, 8, 0, 0, 0, tzinfo=Timezone('UTC')), 'next_dagrun_create_after': DateTime(2025, 6, 8, 0, 0, 0, tzinfo=Timezone('UTC'))}]
(Background on this error at: https://sqlalche.me/e/14/gkpj) (Background on this error at: https://sqlalche.me/e/14/7s2a)
[2025-05-27T04:48:53.968+0000] {logging_mixin.py:154} INFO - [2025-05-27T04:48:53.966+0000] {dag.py:2941} INFO - Sync 1 DAGs
[2025-05-27T04:48:53.978+0000] {processor.py:182} ERROR - Got an exception! Propagating...
Traceback (most recent call last):
  File "/home/airflow/.local/lib/python3.8/site-packages/airflow/dag_processing/processor.py", line 178, in _run_file_processor
    _handle_dag_file_processing()
  File "/home/airflow/.local/lib/python3.8/site-packages/airflow/dag_processing/processor.py", line 159, in _handle_dag_file_processing
    result: tuple[int, int] = dag_file_processor.process_file(
  File "/home/airflow/.local/lib/python3.8/site-packages/airflow/utils/session.py", line 79, in wrapper
    return func(*args, session=session, **kwargs)
  File "/home/airflow/.local/lib/python3.8/site-packages/airflow/dag_processing/processor.py", line 857, in process_file
    serialize_errors = DagFileProcessor.save_dag_to_db(
  File "/home/airflow/.local/lib/python3.8/site-packages/airflow/api_internal/internal_api_call.py", line 114, in wrapper
    return func(*args, **kwargs)
  File "/home/airflow/.local/lib/python3.8/site-packages/airflow/utils/session.py", line 79, in wrapper
    return func(*args, session=session, **kwargs)
  File "/home/airflow/.local/lib/python3.8/site-packages/airflow/dag_processing/processor.py", line 893, in save_dag_to_db
    import_errors = DagBag._sync_to_db(dags=dags, processor_subdir=dag_directory, session=session)
  File "/home/airflow/.local/lib/python3.8/site-packages/airflow/utils/session.py", line 76, in wrapper
    return func(*args, **kwargs)
  File "/home/airflow/.local/lib/python3.8/site-packages/airflow/models/dagbag.py", line 654, in _sync_to_db
    for attempt in run_with_db_retries(logger=log):
  File "/home/airflow/.local/lib/python3.8/site-packages/tenacity/__init__.py", line 347, in __iter__
    do = self.iter(retry_state=retry_state)
  File "/home/airflow/.local/lib/python3.8/site-packages/tenacity/__init__.py", line 314, in iter
    return fut.result()
  File "/usr/local/lib/python3.8/concurrent/futures/_base.py", line 437, in result
    return self.__get_result()
  File "/usr/local/lib/python3.8/concurrent/futures/_base.py", line 389, in __get_result
    raise self._exception
  File "/home/airflow/.local/lib/python3.8/site-packages/airflow/models/dagbag.py", line 668, in _sync_to_db
    DAG.bulk_write_to_db(dags.values(), processor_subdir=processor_subdir, session=session)
  File "/home/airflow/.local/lib/python3.8/site-packages/airflow/utils/session.py", line 76, in wrapper
    return func(*args, **kwargs)
  File "/home/airflow/.local/lib/python3.8/site-packages/airflow/models/dag.py", line 2953, in bulk_write_to_db
    orm_dags: list[DagModel] = session.scalars(query).unique().all()
  File "/home/airflow/.local/lib/python3.8/site-packages/sqlalchemy/orm/session.py", line 1778, in scalars
    return self.execute(
  File "/home/airflow/.local/lib/python3.8/site-packages/sqlalchemy/orm/session.py", line 1716, in execute
    conn = self._connection_for_bind(bind)
  File "/home/airflow/.local/lib/python3.8/site-packages/sqlalchemy/orm/session.py", line 1555, in _connection_for_bind
    return self._transaction._connection_for_bind(
  File "/home/airflow/.local/lib/python3.8/site-packages/sqlalchemy/orm/session.py", line 724, in _connection_for_bind
    self._assert_active()
  File "/home/airflow/.local/lib/python3.8/site-packages/sqlalchemy/orm/session.py", line 604, in _assert_active
    raise sa_exc.PendingRollbackError(
sqlalchemy.exc.PendingRollbackError: This Session's transaction has been rolled back due to a previous exception during flush. To begin a new transaction with this Session, first issue Session.rollback(). Original exception was: (psycopg2.errors.UniqueViolation) duplicate key value violates unique constraint "dag_pkey"
DETAIL:  Key (dag_id)=(walmart_maintenance_dag) already exists.

[SQL: INSERT INTO dag (dag_id, root_dag_id, is_paused, is_subdag, is_active, last_parsed_time, last_pickled, last_expired, scheduler_lock, pickle_id, fileloc, processor_subdir, owners, description, default_view, schedule_interval, timetable_description, max_active_tasks, max_active_runs, has_task_concurrency_limits, has_import_errors, next_dagrun, next_dagrun_data_interval_start, next_dagrun_data_interval_end, next_dagrun_create_after) VALUES (%(dag_id)s, %(root_dag_id)s, %(is_paused)s, %(is_subdag)s, %(is_active)s, %(last_parsed_time)s, %(last_pickled)s, %(last_expired)s, %(scheduler_lock)s, %(pickle_id)s, %(fileloc)s, %(processor_subdir)s, %(owners)s, %(description)s, %(default_view)s, %(schedule_interval)s, %(timetable_description)s, %(max_active_tasks)s, %(max_active_runs)s, %(has_task_concurrency_limits)s, %(has_import_errors)s, %(next_dagrun)s, %(next_dagrun_data_interval_start)s, %(next_dagrun_data_interval_end)s, %(next_dagrun_create_after)s)]
[parameters: {'dag_id': 'walmart_maintenance_dag', 'root_dag_id': None, 'is_paused': True, 'is_subdag': False, 'is_active': True, 'last_parsed_time': datetime.datetime(2025, 5, 27, 4, 48, 53, 777607, tzinfo=Timezone('UTC')), 'last_pickled': None, 'last_expired': None, 'scheduler_lock': None, 'pickle_id': None, 'fileloc': '/opt/airflow/dags/walmart-etl/dags/walmart_maintenance_dag.py', 'processor_subdir': '/opt/airflow/dags', 'owners': 'airflow', 'description': 'Walmart Database Maintenance', 'default_view': 'grid', 'schedule_interval': '"0 0 * * 0"', 'timetable_description': 'At 00:00, only on Sunday', 'max_active_tasks': 16, 'max_active_runs': 16, 'has_task_concurrency_limits': False, 'has_import_errors': False, 'next_dagrun': DateTime(2025, 6, 1, 0, 0, 0, tzinfo=Timezone('UTC')), 'next_dagrun_data_interval_start': DateTime(2025, 6, 1, 0, 0, 0, tzinfo=Timezone('UTC')), 'next_dagrun_data_interval_end': DateTime(2025, 6, 8, 0, 0, 0, tzinfo=Timezone('UTC')), 'next_dagrun_create_after': DateTime(2025, 6, 8, 0, 0, 0, tzinfo=Timezone('UTC'))}]
(Background on this error at: https://sqlalche.me/e/14/gkpj) (Background on this error at: https://sqlalche.me/e/14/7s2a)
[2025-05-27T04:49:24.686+0000] {processor.py:157} INFO - Started process (PID=113) to work on /opt/airflow/dags/walmart-etl/dags/walmart_maintenance_dag.py
[2025-05-27T04:49:24.687+0000] {processor.py:829} INFO - Processing file /opt/airflow/dags/walmart-etl/dags/walmart_maintenance_dag.py for tasks to queue
[2025-05-27T04:49:24.695+0000] {logging_mixin.py:154} INFO - [2025-05-27T04:49:24.695+0000] {dagbag.py:536} INFO - Filling up the DagBag from /opt/airflow/dags/walmart-etl/dags/walmart_maintenance_dag.py
[2025-05-27T04:49:25.341+0000] {processor.py:839} INFO - DAG(s) dict_keys(['walmart_maintenance_dag']) retrieved from /opt/airflow/dags/walmart-etl/dags/walmart_maintenance_dag.py
[2025-05-27T04:49:25.360+0000] {logging_mixin.py:154} INFO - [2025-05-27T04:49:25.360+0000] {dag.py:2941} INFO - Sync 1 DAGs
[2025-05-27T04:49:25.384+0000] {logging_mixin.py:154} INFO - [2025-05-27T04:49:25.383+0000] {dag.py:3722} INFO - Setting next_dagrun for walmart_maintenance_dag to 2025-06-01T00:00:00+00:00, run_after=2025-06-08T00:00:00+00:00
[2025-05-27T04:49:25.445+0000] {processor.py:179} INFO - Processing /opt/airflow/dags/walmart-etl/dags/walmart_maintenance_dag.py took 0.763 seconds
[2025-05-27T04:49:56.460+0000] {processor.py:157} INFO - Started process (PID=184) to work on /opt/airflow/dags/walmart-etl/dags/walmart_maintenance_dag.py
[2025-05-27T04:49:56.462+0000] {processor.py:829} INFO - Processing file /opt/airflow/dags/walmart-etl/dags/walmart_maintenance_dag.py for tasks to queue
[2025-05-27T04:49:56.481+0000] {logging_mixin.py:154} INFO - [2025-05-27T04:49:56.479+0000] {dagbag.py:536} INFO - Filling up the DagBag from /opt/airflow/dags/walmart-etl/dags/walmart_maintenance_dag.py
[2025-05-27T04:49:57.310+0000] {processor.py:839} INFO - DAG(s) dict_keys(['walmart_maintenance_dag']) retrieved from /opt/airflow/dags/walmart-etl/dags/walmart_maintenance_dag.py
[2025-05-27T04:49:57.560+0000] {logging_mixin.py:154} INFO - [2025-05-27T04:49:57.559+0000] {dag.py:2941} INFO - Sync 1 DAGs
[2025-05-27T04:49:57.612+0000] {logging_mixin.py:154} INFO - [2025-05-27T04:49:57.611+0000] {dag.py:3722} INFO - Setting next_dagrun for walmart_maintenance_dag to 2025-06-01T00:00:00+00:00, run_after=2025-06-08T00:00:00+00:00
[2025-05-27T04:49:57.682+0000] {processor.py:179} INFO - Processing /opt/airflow/dags/walmart-etl/dags/walmart_maintenance_dag.py took 1.233 seconds
[2025-05-27T04:50:28.587+0000] {processor.py:157} INFO - Started process (PID=253) to work on /opt/airflow/dags/walmart-etl/dags/walmart_maintenance_dag.py
[2025-05-27T04:50:28.588+0000] {processor.py:829} INFO - Processing file /opt/airflow/dags/walmart-etl/dags/walmart_maintenance_dag.py for tasks to queue
[2025-05-27T04:50:28.591+0000] {logging_mixin.py:154} INFO - [2025-05-27T04:50:28.591+0000] {dagbag.py:536} INFO - Filling up the DagBag from /opt/airflow/dags/walmart-etl/dags/walmart_maintenance_dag.py
[2025-05-27T04:50:29.016+0000] {processor.py:839} INFO - DAG(s) dict_keys(['walmart_maintenance_dag']) retrieved from /opt/airflow/dags/walmart-etl/dags/walmart_maintenance_dag.py
[2025-05-27T04:50:29.033+0000] {logging_mixin.py:154} INFO - [2025-05-27T04:50:29.033+0000] {dag.py:2941} INFO - Sync 1 DAGs
[2025-05-27T04:50:29.050+0000] {logging_mixin.py:154} INFO - [2025-05-27T04:50:29.049+0000] {dag.py:3722} INFO - Setting next_dagrun for walmart_maintenance_dag to 2025-06-01T00:00:00+00:00, run_after=2025-06-08T00:00:00+00:00
[2025-05-27T04:50:29.073+0000] {processor.py:179} INFO - Processing /opt/airflow/dags/walmart-etl/dags/walmart_maintenance_dag.py took 0.490 seconds
[2025-05-27T04:50:59.335+0000] {processor.py:157} INFO - Started process (PID=316) to work on /opt/airflow/dags/walmart-etl/dags/walmart_maintenance_dag.py
[2025-05-27T04:50:59.339+0000] {processor.py:829} INFO - Processing file /opt/airflow/dags/walmart-etl/dags/walmart_maintenance_dag.py for tasks to queue
[2025-05-27T04:50:59.344+0000] {logging_mixin.py:154} INFO - [2025-05-27T04:50:59.343+0000] {dagbag.py:536} INFO - Filling up the DagBag from /opt/airflow/dags/walmart-etl/dags/walmart_maintenance_dag.py
[2025-05-27T04:51:00.068+0000] {processor.py:839} INFO - DAG(s) dict_keys(['walmart_maintenance_dag']) retrieved from /opt/airflow/dags/walmart-etl/dags/walmart_maintenance_dag.py
[2025-05-27T04:51:00.295+0000] {logging_mixin.py:154} INFO - [2025-05-27T04:51:00.295+0000] {dag.py:2941} INFO - Sync 1 DAGs
[2025-05-27T04:51:00.337+0000] {logging_mixin.py:154} INFO - [2025-05-27T04:51:00.337+0000] {dag.py:3722} INFO - Setting next_dagrun for walmart_maintenance_dag to 2025-06-01T00:00:00+00:00, run_after=2025-06-08T00:00:00+00:00
[2025-05-27T04:51:00.409+0000] {processor.py:179} INFO - Processing /opt/airflow/dags/walmart-etl/dags/walmart_maintenance_dag.py took 1.089 seconds
[2025-05-27T04:51:31.118+0000] {processor.py:157} INFO - Started process (PID=380) to work on /opt/airflow/dags/walmart-etl/dags/walmart_maintenance_dag.py
[2025-05-27T04:51:31.123+0000] {processor.py:829} INFO - Processing file /opt/airflow/dags/walmart-etl/dags/walmart_maintenance_dag.py for tasks to queue
[2025-05-27T04:51:31.132+0000] {logging_mixin.py:154} INFO - [2025-05-27T04:51:31.131+0000] {dagbag.py:536} INFO - Filling up the DagBag from /opt/airflow/dags/walmart-etl/dags/walmart_maintenance_dag.py
[2025-05-27T04:51:31.758+0000] {processor.py:839} INFO - DAG(s) dict_keys(['walmart_maintenance_dag']) retrieved from /opt/airflow/dags/walmart-etl/dags/walmart_maintenance_dag.py
[2025-05-27T04:51:31.805+0000] {logging_mixin.py:154} INFO - [2025-05-27T04:51:31.804+0000] {dag.py:2941} INFO - Sync 1 DAGs
[2025-05-27T04:51:31.838+0000] {logging_mixin.py:154} INFO - [2025-05-27T04:51:31.837+0000] {dag.py:3722} INFO - Setting next_dagrun for walmart_maintenance_dag to 2025-06-01T00:00:00+00:00, run_after=2025-06-08T00:00:00+00:00
[2025-05-27T04:51:31.890+0000] {processor.py:179} INFO - Processing /opt/airflow/dags/walmart-etl/dags/walmart_maintenance_dag.py took 0.782 seconds
[2025-05-27T04:52:02.215+0000] {processor.py:157} INFO - Started process (PID=444) to work on /opt/airflow/dags/walmart-etl/dags/walmart_maintenance_dag.py
[2025-05-27T04:52:02.218+0000] {processor.py:829} INFO - Processing file /opt/airflow/dags/walmart-etl/dags/walmart_maintenance_dag.py for tasks to queue
[2025-05-27T04:52:02.228+0000] {logging_mixin.py:154} INFO - [2025-05-27T04:52:02.227+0000] {dagbag.py:536} INFO - Filling up the DagBag from /opt/airflow/dags/walmart-etl/dags/walmart_maintenance_dag.py
[2025-05-27T04:52:03.312+0000] {processor.py:839} INFO - DAG(s) dict_keys(['walmart_maintenance_dag']) retrieved from /opt/airflow/dags/walmart-etl/dags/walmart_maintenance_dag.py
[2025-05-27T04:52:03.628+0000] {logging_mixin.py:154} INFO - [2025-05-27T04:52:03.627+0000] {dag.py:2941} INFO - Sync 1 DAGs
[2025-05-27T04:52:03.666+0000] {logging_mixin.py:154} INFO - [2025-05-27T04:52:03.666+0000] {dag.py:3722} INFO - Setting next_dagrun for walmart_maintenance_dag to 2025-06-01T00:00:00+00:00, run_after=2025-06-08T00:00:00+00:00
[2025-05-27T04:52:03.714+0000] {processor.py:179} INFO - Processing /opt/airflow/dags/walmart-etl/dags/walmart_maintenance_dag.py took 1.510 seconds
[2025-05-27T04:53:04.086+0000] {processor.py:157} INFO - Started process (PID=56) to work on /opt/airflow/dags/walmart-etl/dags/walmart_maintenance_dag.py
[2025-05-27T04:53:04.092+0000] {processor.py:829} INFO - Processing file /opt/airflow/dags/walmart-etl/dags/walmart_maintenance_dag.py for tasks to queue
[2025-05-27T04:53:04.103+0000] {logging_mixin.py:154} INFO - [2025-05-27T04:53:04.102+0000] {dagbag.py:536} INFO - Filling up the DagBag from /opt/airflow/dags/walmart-etl/dags/walmart_maintenance_dag.py
[2025-05-27T04:53:06.648+0000] {processor.py:839} INFO - DAG(s) dict_keys(['walmart_maintenance_dag']) retrieved from /opt/airflow/dags/walmart-etl/dags/walmart_maintenance_dag.py
[2025-05-27T04:53:06.999+0000] {logging_mixin.py:154} INFO - [2025-05-27T04:53:06.998+0000] {dag.py:2941} INFO - Sync 1 DAGs
[2025-05-27T04:53:07.030+0000] {logging_mixin.py:154} INFO - [2025-05-27T04:53:07.030+0000] {dag.py:3722} INFO - Setting next_dagrun for walmart_maintenance_dag to 2025-06-01T00:00:00+00:00, run_after=2025-06-08T00:00:00+00:00
[2025-05-27T04:53:07.063+0000] {processor.py:179} INFO - Processing /opt/airflow/dags/walmart-etl/dags/walmart_maintenance_dag.py took 3.006 seconds
[2025-05-27T04:53:37.389+0000] {processor.py:157} INFO - Started process (PID=120) to work on /opt/airflow/dags/walmart-etl/dags/walmart_maintenance_dag.py
[2025-05-27T04:53:37.391+0000] {processor.py:829} INFO - Processing file /opt/airflow/dags/walmart-etl/dags/walmart_maintenance_dag.py for tasks to queue
[2025-05-27T04:53:37.395+0000] {logging_mixin.py:154} INFO - [2025-05-27T04:53:37.394+0000] {dagbag.py:536} INFO - Filling up the DagBag from /opt/airflow/dags/walmart-etl/dags/walmart_maintenance_dag.py
[2025-05-27T04:53:37.913+0000] {processor.py:839} INFO - DAG(s) dict_keys(['walmart_maintenance_dag']) retrieved from /opt/airflow/dags/walmart-etl/dags/walmart_maintenance_dag.py
[2025-05-27T04:53:37.933+0000] {logging_mixin.py:154} INFO - [2025-05-27T04:53:37.933+0000] {dag.py:2941} INFO - Sync 1 DAGs
[2025-05-27T04:53:37.947+0000] {logging_mixin.py:154} INFO - [2025-05-27T04:53:37.947+0000] {dag.py:3722} INFO - Setting next_dagrun for walmart_maintenance_dag to 2025-06-01T00:00:00+00:00, run_after=2025-06-08T00:00:00+00:00
[2025-05-27T04:53:37.957+0000] {processor.py:179} INFO - Processing /opt/airflow/dags/walmart-etl/dags/walmart_maintenance_dag.py took 0.573 seconds
[2025-05-27T04:54:08.716+0000] {processor.py:157} INFO - Started process (PID=186) to work on /opt/airflow/dags/walmart-etl/dags/walmart_maintenance_dag.py
[2025-05-27T04:54:08.719+0000] {processor.py:829} INFO - Processing file /opt/airflow/dags/walmart-etl/dags/walmart_maintenance_dag.py for tasks to queue
[2025-05-27T04:54:08.722+0000] {logging_mixin.py:154} INFO - [2025-05-27T04:54:08.722+0000] {dagbag.py:536} INFO - Filling up the DagBag from /opt/airflow/dags/walmart-etl/dags/walmart_maintenance_dag.py
[2025-05-27T04:54:09.227+0000] {processor.py:839} INFO - DAG(s) dict_keys(['walmart_maintenance_dag']) retrieved from /opt/airflow/dags/walmart-etl/dags/walmart_maintenance_dag.py
[2025-05-27T04:54:09.325+0000] {logging_mixin.py:154} INFO - [2025-05-27T04:54:09.324+0000] {dag.py:2941} INFO - Sync 1 DAGs
[2025-05-27T04:54:09.348+0000] {logging_mixin.py:154} INFO - [2025-05-27T04:54:09.348+0000] {dag.py:3722} INFO - Setting next_dagrun for walmart_maintenance_dag to 2025-06-01T00:00:00+00:00, run_after=2025-06-08T00:00:00+00:00
[2025-05-27T04:54:09.361+0000] {processor.py:179} INFO - Processing /opt/airflow/dags/walmart-etl/dags/walmart_maintenance_dag.py took 0.649 seconds
[2025-05-27T04:54:39.639+0000] {processor.py:157} INFO - Started process (PID=251) to work on /opt/airflow/dags/walmart-etl/dags/walmart_maintenance_dag.py
[2025-05-27T04:54:39.642+0000] {processor.py:829} INFO - Processing file /opt/airflow/dags/walmart-etl/dags/walmart_maintenance_dag.py for tasks to queue
[2025-05-27T04:54:39.645+0000] {logging_mixin.py:154} INFO - [2025-05-27T04:54:39.644+0000] {dagbag.py:536} INFO - Filling up the DagBag from /opt/airflow/dags/walmart-etl/dags/walmart_maintenance_dag.py
[2025-05-27T04:54:40.106+0000] {processor.py:839} INFO - DAG(s) dict_keys(['walmart_maintenance_dag']) retrieved from /opt/airflow/dags/walmart-etl/dags/walmart_maintenance_dag.py
[2025-05-27T04:54:40.135+0000] {logging_mixin.py:154} INFO - [2025-05-27T04:54:40.134+0000] {dag.py:2941} INFO - Sync 1 DAGs
[2025-05-27T04:54:40.161+0000] {logging_mixin.py:154} INFO - [2025-05-27T04:54:40.161+0000] {dag.py:3722} INFO - Setting next_dagrun for walmart_maintenance_dag to 2025-06-01T00:00:00+00:00, run_after=2025-06-08T00:00:00+00:00
[2025-05-27T04:54:40.176+0000] {processor.py:179} INFO - Processing /opt/airflow/dags/walmart-etl/dags/walmart_maintenance_dag.py took 0.549 seconds
[2025-05-27T04:55:10.731+0000] {processor.py:157} INFO - Started process (PID=316) to work on /opt/airflow/dags/walmart-etl/dags/walmart_maintenance_dag.py
[2025-05-27T04:55:10.734+0000] {processor.py:829} INFO - Processing file /opt/airflow/dags/walmart-etl/dags/walmart_maintenance_dag.py for tasks to queue
[2025-05-27T04:55:10.740+0000] {logging_mixin.py:154} INFO - [2025-05-27T04:55:10.740+0000] {dagbag.py:536} INFO - Filling up the DagBag from /opt/airflow/dags/walmart-etl/dags/walmart_maintenance_dag.py
[2025-05-27T04:55:11.202+0000] {processor.py:839} INFO - DAG(s) dict_keys(['walmart_maintenance_dag']) retrieved from /opt/airflow/dags/walmart-etl/dags/walmart_maintenance_dag.py
[2025-05-27T04:55:11.288+0000] {logging_mixin.py:154} INFO - [2025-05-27T04:55:11.288+0000] {dag.py:2941} INFO - Sync 1 DAGs
[2025-05-27T04:55:11.301+0000] {logging_mixin.py:154} INFO - [2025-05-27T04:55:11.301+0000] {dag.py:3722} INFO - Setting next_dagrun for walmart_maintenance_dag to 2025-06-01T00:00:00+00:00, run_after=2025-06-08T00:00:00+00:00
[2025-05-27T04:55:11.314+0000] {processor.py:179} INFO - Processing /opt/airflow/dags/walmart-etl/dags/walmart_maintenance_dag.py took 0.593 seconds
[2025-05-27T04:55:41.817+0000] {processor.py:157} INFO - Started process (PID=381) to work on /opt/airflow/dags/walmart-etl/dags/walmart_maintenance_dag.py
[2025-05-27T04:55:41.822+0000] {processor.py:829} INFO - Processing file /opt/airflow/dags/walmart-etl/dags/walmart_maintenance_dag.py for tasks to queue
[2025-05-27T04:55:41.837+0000] {logging_mixin.py:154} INFO - [2025-05-27T04:55:41.830+0000] {dagbag.py:536} INFO - Filling up the DagBag from /opt/airflow/dags/walmart-etl/dags/walmart_maintenance_dag.py
[2025-05-27T04:55:42.253+0000] {processor.py:839} INFO - DAG(s) dict_keys(['walmart_maintenance_dag']) retrieved from /opt/airflow/dags/walmart-etl/dags/walmart_maintenance_dag.py
[2025-05-27T04:55:42.269+0000] {logging_mixin.py:154} INFO - [2025-05-27T04:55:42.268+0000] {dag.py:2941} INFO - Sync 1 DAGs
[2025-05-27T04:55:42.286+0000] {logging_mixin.py:154} INFO - [2025-05-27T04:55:42.286+0000] {dag.py:3722} INFO - Setting next_dagrun for walmart_maintenance_dag to 2025-06-01T00:00:00+00:00, run_after=2025-06-08T00:00:00+00:00
[2025-05-27T04:55:42.297+0000] {processor.py:179} INFO - Processing /opt/airflow/dags/walmart-etl/dags/walmart_maintenance_dag.py took 0.487 seconds
[2025-05-27T04:56:13.035+0000] {processor.py:157} INFO - Started process (PID=446) to work on /opt/airflow/dags/walmart-etl/dags/walmart_maintenance_dag.py
[2025-05-27T04:56:13.038+0000] {processor.py:829} INFO - Processing file /opt/airflow/dags/walmart-etl/dags/walmart_maintenance_dag.py for tasks to queue
[2025-05-27T04:56:13.042+0000] {logging_mixin.py:154} INFO - [2025-05-27T04:56:13.042+0000] {dagbag.py:536} INFO - Filling up the DagBag from /opt/airflow/dags/walmart-etl/dags/walmart_maintenance_dag.py
[2025-05-27T04:56:13.749+0000] {processor.py:839} INFO - DAG(s) dict_keys(['walmart_maintenance_dag']) retrieved from /opt/airflow/dags/walmart-etl/dags/walmart_maintenance_dag.py
[2025-05-27T04:56:13.874+0000] {logging_mixin.py:154} INFO - [2025-05-27T04:56:13.874+0000] {dag.py:2941} INFO - Sync 1 DAGs
[2025-05-27T04:56:13.900+0000] {logging_mixin.py:154} INFO - [2025-05-27T04:56:13.900+0000] {dag.py:3722} INFO - Setting next_dagrun for walmart_maintenance_dag to 2025-06-01T00:00:00+00:00, run_after=2025-06-08T00:00:00+00:00
[2025-05-27T04:56:13.913+0000] {processor.py:179} INFO - Processing /opt/airflow/dags/walmart-etl/dags/walmart_maintenance_dag.py took 0.887 seconds
[2025-05-27T04:56:44.434+0000] {processor.py:157} INFO - Started process (PID=511) to work on /opt/airflow/dags/walmart-etl/dags/walmart_maintenance_dag.py
[2025-05-27T04:56:44.437+0000] {processor.py:829} INFO - Processing file /opt/airflow/dags/walmart-etl/dags/walmart_maintenance_dag.py for tasks to queue
[2025-05-27T04:56:44.443+0000] {logging_mixin.py:154} INFO - [2025-05-27T04:56:44.442+0000] {dagbag.py:536} INFO - Filling up the DagBag from /opt/airflow/dags/walmart-etl/dags/walmart_maintenance_dag.py
[2025-05-27T04:56:44.910+0000] {processor.py:839} INFO - DAG(s) dict_keys(['walmart_maintenance_dag']) retrieved from /opt/airflow/dags/walmart-etl/dags/walmart_maintenance_dag.py
[2025-05-27T04:56:44.927+0000] {logging_mixin.py:154} INFO - [2025-05-27T04:56:44.927+0000] {dag.py:2941} INFO - Sync 1 DAGs
[2025-05-27T04:56:44.946+0000] {logging_mixin.py:154} INFO - [2025-05-27T04:56:44.946+0000] {dag.py:3722} INFO - Setting next_dagrun for walmart_maintenance_dag to 2025-06-01T00:00:00+00:00, run_after=2025-06-08T00:00:00+00:00
[2025-05-27T04:56:44.961+0000] {processor.py:179} INFO - Processing /opt/airflow/dags/walmart-etl/dags/walmart_maintenance_dag.py took 0.535 seconds
[2025-05-27T04:58:05.464+0000] {processor.py:157} INFO - Started process (PID=60) to work on /opt/airflow/dags/walmart-etl/dags/walmart_maintenance_dag.py
[2025-05-27T04:58:05.466+0000] {processor.py:829} INFO - Processing file /opt/airflow/dags/walmart-etl/dags/walmart_maintenance_dag.py for tasks to queue
[2025-05-27T04:58:05.471+0000] {logging_mixin.py:154} INFO - [2025-05-27T04:58:05.470+0000] {dagbag.py:536} INFO - Filling up the DagBag from /opt/airflow/dags/walmart-etl/dags/walmart_maintenance_dag.py
[2025-05-27T04:58:07.648+0000] {processor.py:839} INFO - DAG(s) dict_keys(['walmart_maintenance_dag']) retrieved from /opt/airflow/dags/walmart-etl/dags/walmart_maintenance_dag.py
[2025-05-27T04:58:08.023+0000] {logging_mixin.py:154} INFO - [2025-05-27T04:58:08.023+0000] {dag.py:2941} INFO - Sync 1 DAGs
[2025-05-27T04:58:08.059+0000] {logging_mixin.py:154} INFO - [2025-05-27T04:58:08.059+0000] {dag.py:3722} INFO - Setting next_dagrun for walmart_maintenance_dag to 2025-06-01T00:00:00+00:00, run_after=2025-06-08T00:00:00+00:00
[2025-05-27T04:58:08.092+0000] {processor.py:179} INFO - Processing /opt/airflow/dags/walmart-etl/dags/walmart_maintenance_dag.py took 2.632 seconds
[2025-05-27T04:58:38.312+0000] {processor.py:157} INFO - Started process (PID=130) to work on /opt/airflow/dags/walmart-etl/dags/walmart_maintenance_dag.py
[2025-05-27T04:58:38.313+0000] {processor.py:829} INFO - Processing file /opt/airflow/dags/walmart-etl/dags/walmart_maintenance_dag.py for tasks to queue
[2025-05-27T04:58:38.317+0000] {logging_mixin.py:154} INFO - [2025-05-27T04:58:38.317+0000] {dagbag.py:536} INFO - Filling up the DagBag from /opt/airflow/dags/walmart-etl/dags/walmart_maintenance_dag.py
[2025-05-27T04:58:38.682+0000] {processor.py:839} INFO - DAG(s) dict_keys(['walmart_maintenance_dag']) retrieved from /opt/airflow/dags/walmart-etl/dags/walmart_maintenance_dag.py
[2025-05-27T04:58:38.702+0000] {logging_mixin.py:154} INFO - [2025-05-27T04:58:38.702+0000] {dag.py:2941} INFO - Sync 1 DAGs
[2025-05-27T04:58:38.716+0000] {logging_mixin.py:154} INFO - [2025-05-27T04:58:38.715+0000] {dag.py:3722} INFO - Setting next_dagrun for walmart_maintenance_dag to 2025-06-01T00:00:00+00:00, run_after=2025-06-08T00:00:00+00:00
[2025-05-27T04:58:38.725+0000] {processor.py:179} INFO - Processing /opt/airflow/dags/walmart-etl/dags/walmart_maintenance_dag.py took 0.421 seconds
[2025-05-27T04:59:09.482+0000] {processor.py:157} INFO - Started process (PID=196) to work on /opt/airflow/dags/walmart-etl/dags/walmart_maintenance_dag.py
[2025-05-27T04:59:09.484+0000] {processor.py:829} INFO - Processing file /opt/airflow/dags/walmart-etl/dags/walmart_maintenance_dag.py for tasks to queue
[2025-05-27T04:59:09.487+0000] {logging_mixin.py:154} INFO - [2025-05-27T04:59:09.487+0000] {dagbag.py:536} INFO - Filling up the DagBag from /opt/airflow/dags/walmart-etl/dags/walmart_maintenance_dag.py
[2025-05-27T04:59:09.892+0000] {processor.py:839} INFO - DAG(s) dict_keys(['walmart_maintenance_dag']) retrieved from /opt/airflow/dags/walmart-etl/dags/walmart_maintenance_dag.py
[2025-05-27T04:59:09.961+0000] {logging_mixin.py:154} INFO - [2025-05-27T04:59:09.960+0000] {dag.py:2941} INFO - Sync 1 DAGs
[2025-05-27T04:59:09.969+0000] {logging_mixin.py:154} INFO - [2025-05-27T04:59:09.969+0000] {dag.py:3722} INFO - Setting next_dagrun for walmart_maintenance_dag to 2025-06-01T00:00:00+00:00, run_after=2025-06-08T00:00:00+00:00
[2025-05-27T04:59:09.979+0000] {processor.py:179} INFO - Processing /opt/airflow/dags/walmart-etl/dags/walmart_maintenance_dag.py took 0.502 seconds
[2025-05-27T04:59:40.304+0000] {processor.py:157} INFO - Started process (PID=261) to work on /opt/airflow/dags/walmart-etl/dags/walmart_maintenance_dag.py
[2025-05-27T04:59:40.308+0000] {processor.py:829} INFO - Processing file /opt/airflow/dags/walmart-etl/dags/walmart_maintenance_dag.py for tasks to queue
[2025-05-27T04:59:40.310+0000] {logging_mixin.py:154} INFO - [2025-05-27T04:59:40.310+0000] {dagbag.py:536} INFO - Filling up the DagBag from /opt/airflow/dags/walmart-etl/dags/walmart_maintenance_dag.py
[2025-05-27T04:59:41.124+0000] {processor.py:839} INFO - DAG(s) dict_keys(['walmart_maintenance_dag']) retrieved from /opt/airflow/dags/walmart-etl/dags/walmart_maintenance_dag.py
[2025-05-27T04:59:41.178+0000] {logging_mixin.py:154} INFO - [2025-05-27T04:59:41.178+0000] {dag.py:2941} INFO - Sync 1 DAGs
[2025-05-27T04:59:41.196+0000] {logging_mixin.py:154} INFO - [2025-05-27T04:59:41.196+0000] {dag.py:3722} INFO - Setting next_dagrun for walmart_maintenance_dag to 2025-06-01T00:00:00+00:00, run_after=2025-06-08T00:00:00+00:00
[2025-05-27T04:59:41.215+0000] {processor.py:179} INFO - Processing /opt/airflow/dags/walmart-etl/dags/walmart_maintenance_dag.py took 0.917 seconds
[2025-05-27T05:00:11.912+0000] {processor.py:157} INFO - Started process (PID=326) to work on /opt/airflow/dags/walmart-etl/dags/walmart_maintenance_dag.py
[2025-05-27T05:00:11.914+0000] {processor.py:829} INFO - Processing file /opt/airflow/dags/walmart-etl/dags/walmart_maintenance_dag.py for tasks to queue
[2025-05-27T05:00:11.920+0000] {logging_mixin.py:154} INFO - [2025-05-27T05:00:11.919+0000] {dagbag.py:536} INFO - Filling up the DagBag from /opt/airflow/dags/walmart-etl/dags/walmart_maintenance_dag.py
[2025-05-27T05:00:12.450+0000] {processor.py:839} INFO - DAG(s) dict_keys(['walmart_maintenance_dag']) retrieved from /opt/airflow/dags/walmart-etl/dags/walmart_maintenance_dag.py
[2025-05-27T05:00:12.535+0000] {logging_mixin.py:154} INFO - [2025-05-27T05:00:12.535+0000] {dag.py:2941} INFO - Sync 1 DAGs
[2025-05-27T05:00:12.546+0000] {logging_mixin.py:154} INFO - [2025-05-27T05:00:12.546+0000] {dag.py:3722} INFO - Setting next_dagrun for walmart_maintenance_dag to 2025-06-01T00:00:00+00:00, run_after=2025-06-08T00:00:00+00:00
[2025-05-27T05:00:12.554+0000] {processor.py:179} INFO - Processing /opt/airflow/dags/walmart-etl/dags/walmart_maintenance_dag.py took 0.644 seconds
[2025-05-27T05:00:42.869+0000] {processor.py:157} INFO - Started process (PID=391) to work on /opt/airflow/dags/walmart-etl/dags/walmart_maintenance_dag.py
[2025-05-27T05:00:42.871+0000] {processor.py:829} INFO - Processing file /opt/airflow/dags/walmart-etl/dags/walmart_maintenance_dag.py for tasks to queue
[2025-05-27T05:00:42.875+0000] {logging_mixin.py:154} INFO - [2025-05-27T05:00:42.875+0000] {dagbag.py:536} INFO - Filling up the DagBag from /opt/airflow/dags/walmart-etl/dags/walmart_maintenance_dag.py
[2025-05-27T05:00:43.282+0000] {processor.py:839} INFO - DAG(s) dict_keys(['walmart_maintenance_dag']) retrieved from /opt/airflow/dags/walmart-etl/dags/walmart_maintenance_dag.py
[2025-05-27T05:00:43.300+0000] {logging_mixin.py:154} INFO - [2025-05-27T05:00:43.300+0000] {dag.py:2941} INFO - Sync 1 DAGs
[2025-05-27T05:00:43.323+0000] {logging_mixin.py:154} INFO - [2025-05-27T05:00:43.323+0000] {dag.py:3722} INFO - Setting next_dagrun for walmart_maintenance_dag to 2025-06-01T00:00:00+00:00, run_after=2025-06-08T00:00:00+00:00
[2025-05-27T05:00:43.334+0000] {processor.py:179} INFO - Processing /opt/airflow/dags/walmart-etl/dags/walmart_maintenance_dag.py took 0.469 seconds
[2025-05-27T05:01:13.791+0000] {processor.py:157} INFO - Started process (PID=456) to work on /opt/airflow/dags/walmart-etl/dags/walmart_maintenance_dag.py
[2025-05-27T05:01:13.795+0000] {processor.py:829} INFO - Processing file /opt/airflow/dags/walmart-etl/dags/walmart_maintenance_dag.py for tasks to queue
[2025-05-27T05:01:13.798+0000] {logging_mixin.py:154} INFO - [2025-05-27T05:01:13.797+0000] {dagbag.py:536} INFO - Filling up the DagBag from /opt/airflow/dags/walmart-etl/dags/walmart_maintenance_dag.py
[2025-05-27T05:01:14.239+0000] {processor.py:839} INFO - DAG(s) dict_keys(['walmart_maintenance_dag']) retrieved from /opt/airflow/dags/walmart-etl/dags/walmart_maintenance_dag.py
[2025-05-27T05:01:14.361+0000] {logging_mixin.py:154} INFO - [2025-05-27T05:01:14.361+0000] {dag.py:2941} INFO - Sync 1 DAGs
[2025-05-27T05:01:14.370+0000] {logging_mixin.py:154} INFO - [2025-05-27T05:01:14.370+0000] {dag.py:3722} INFO - Setting next_dagrun for walmart_maintenance_dag to 2025-06-01T00:00:00+00:00, run_after=2025-06-08T00:00:00+00:00
[2025-05-27T05:01:14.378+0000] {processor.py:179} INFO - Processing /opt/airflow/dags/walmart-etl/dags/walmart_maintenance_dag.py took 0.592 seconds
[2025-05-27T05:01:45.201+0000] {processor.py:157} INFO - Started process (PID=525) to work on /opt/airflow/dags/walmart-etl/dags/walmart_maintenance_dag.py
[2025-05-27T05:01:45.203+0000] {processor.py:829} INFO - Processing file /opt/airflow/dags/walmart-etl/dags/walmart_maintenance_dag.py for tasks to queue
[2025-05-27T05:01:45.214+0000] {logging_mixin.py:154} INFO - [2025-05-27T05:01:45.214+0000] {dagbag.py:536} INFO - Filling up the DagBag from /opt/airflow/dags/walmart-etl/dags/walmart_maintenance_dag.py
[2025-05-27T05:01:45.617+0000] {processor.py:839} INFO - DAG(s) dict_keys(['walmart_maintenance_dag']) retrieved from /opt/airflow/dags/walmart-etl/dags/walmart_maintenance_dag.py
[2025-05-27T05:01:45.632+0000] {logging_mixin.py:154} INFO - [2025-05-27T05:01:45.632+0000] {dag.py:2941} INFO - Sync 1 DAGs
[2025-05-27T05:01:45.647+0000] {logging_mixin.py:154} INFO - [2025-05-27T05:01:45.647+0000] {dag.py:3722} INFO - Setting next_dagrun for walmart_maintenance_dag to 2025-06-01T00:00:00+00:00, run_after=2025-06-08T00:00:00+00:00
[2025-05-27T05:01:45.658+0000] {processor.py:179} INFO - Processing /opt/airflow/dags/walmart-etl/dags/walmart_maintenance_dag.py took 0.461 seconds
[2025-05-27T05:02:16.345+0000] {processor.py:157} INFO - Started process (PID=590) to work on /opt/airflow/dags/walmart-etl/dags/walmart_maintenance_dag.py
[2025-05-27T05:02:16.346+0000] {processor.py:829} INFO - Processing file /opt/airflow/dags/walmart-etl/dags/walmart_maintenance_dag.py for tasks to queue
[2025-05-27T05:02:16.348+0000] {logging_mixin.py:154} INFO - [2025-05-27T05:02:16.348+0000] {dagbag.py:536} INFO - Filling up the DagBag from /opt/airflow/dags/walmart-etl/dags/walmart_maintenance_dag.py
[2025-05-27T05:02:16.762+0000] {processor.py:839} INFO - DAG(s) dict_keys(['walmart_maintenance_dag']) retrieved from /opt/airflow/dags/walmart-etl/dags/walmart_maintenance_dag.py
[2025-05-27T05:02:16.830+0000] {logging_mixin.py:154} INFO - [2025-05-27T05:02:16.830+0000] {dag.py:2941} INFO - Sync 1 DAGs
[2025-05-27T05:02:16.841+0000] {logging_mixin.py:154} INFO - [2025-05-27T05:02:16.841+0000] {dag.py:3722} INFO - Setting next_dagrun for walmart_maintenance_dag to 2025-06-01T00:00:00+00:00, run_after=2025-06-08T00:00:00+00:00
[2025-05-27T05:02:16.861+0000] {processor.py:179} INFO - Processing /opt/airflow/dags/walmart-etl/dags/walmart_maintenance_dag.py took 0.520 seconds
[2025-05-27T05:02:47.218+0000] {processor.py:157} INFO - Started process (PID=655) to work on /opt/airflow/dags/walmart-etl/dags/walmart_maintenance_dag.py
[2025-05-27T05:02:47.220+0000] {processor.py:829} INFO - Processing file /opt/airflow/dags/walmart-etl/dags/walmart_maintenance_dag.py for tasks to queue
[2025-05-27T05:02:47.222+0000] {logging_mixin.py:154} INFO - [2025-05-27T05:02:47.221+0000] {dagbag.py:536} INFO - Filling up the DagBag from /opt/airflow/dags/walmart-etl/dags/walmart_maintenance_dag.py
[2025-05-27T05:02:47.662+0000] {processor.py:839} INFO - DAG(s) dict_keys(['walmart_maintenance_dag']) retrieved from /opt/airflow/dags/walmart-etl/dags/walmart_maintenance_dag.py
[2025-05-27T05:02:47.681+0000] {logging_mixin.py:154} INFO - [2025-05-27T05:02:47.681+0000] {dag.py:2941} INFO - Sync 1 DAGs
[2025-05-27T05:02:47.694+0000] {logging_mixin.py:154} INFO - [2025-05-27T05:02:47.694+0000] {dag.py:3722} INFO - Setting next_dagrun for walmart_maintenance_dag to 2025-06-01T00:00:00+00:00, run_after=2025-06-08T00:00:00+00:00
[2025-05-27T05:02:47.703+0000] {processor.py:179} INFO - Processing /opt/airflow/dags/walmart-etl/dags/walmart_maintenance_dag.py took 0.490 seconds
[2025-05-27T05:03:18.193+0000] {processor.py:157} INFO - Started process (PID=720) to work on /opt/airflow/dags/walmart-etl/dags/walmart_maintenance_dag.py
[2025-05-27T05:03:18.195+0000] {processor.py:829} INFO - Processing file /opt/airflow/dags/walmart-etl/dags/walmart_maintenance_dag.py for tasks to queue
[2025-05-27T05:03:18.199+0000] {logging_mixin.py:154} INFO - [2025-05-27T05:03:18.199+0000] {dagbag.py:536} INFO - Filling up the DagBag from /opt/airflow/dags/walmart-etl/dags/walmart_maintenance_dag.py
[2025-05-27T05:03:18.659+0000] {processor.py:839} INFO - DAG(s) dict_keys(['walmart_maintenance_dag']) retrieved from /opt/airflow/dags/walmart-etl/dags/walmart_maintenance_dag.py
[2025-05-27T05:03:18.720+0000] {logging_mixin.py:154} INFO - [2025-05-27T05:03:18.720+0000] {dag.py:2941} INFO - Sync 1 DAGs
[2025-05-27T05:03:18.734+0000] {logging_mixin.py:154} INFO - [2025-05-27T05:03:18.734+0000] {dag.py:3722} INFO - Setting next_dagrun for walmart_maintenance_dag to 2025-06-01T00:00:00+00:00, run_after=2025-06-08T00:00:00+00:00
[2025-05-27T05:03:18.745+0000] {processor.py:179} INFO - Processing /opt/airflow/dags/walmart-etl/dags/walmart_maintenance_dag.py took 0.561 seconds
[2025-05-27T05:03:49.491+0000] {processor.py:157} INFO - Started process (PID=785) to work on /opt/airflow/dags/walmart-etl/dags/walmart_maintenance_dag.py
[2025-05-27T05:03:49.493+0000] {processor.py:829} INFO - Processing file /opt/airflow/dags/walmart-etl/dags/walmart_maintenance_dag.py for tasks to queue
[2025-05-27T05:03:49.496+0000] {logging_mixin.py:154} INFO - [2025-05-27T05:03:49.496+0000] {dagbag.py:536} INFO - Filling up the DagBag from /opt/airflow/dags/walmart-etl/dags/walmart_maintenance_dag.py
[2025-05-27T05:03:49.892+0000] {processor.py:839} INFO - DAG(s) dict_keys(['walmart_maintenance_dag']) retrieved from /opt/airflow/dags/walmart-etl/dags/walmart_maintenance_dag.py
[2025-05-27T05:03:49.911+0000] {logging_mixin.py:154} INFO - [2025-05-27T05:03:49.911+0000] {dag.py:2941} INFO - Sync 1 DAGs
[2025-05-27T05:03:49.925+0000] {logging_mixin.py:154} INFO - [2025-05-27T05:03:49.925+0000] {dag.py:3722} INFO - Setting next_dagrun for walmart_maintenance_dag to 2025-06-01T00:00:00+00:00, run_after=2025-06-08T00:00:00+00:00
[2025-05-27T05:03:49.935+0000] {processor.py:179} INFO - Processing /opt/airflow/dags/walmart-etl/dags/walmart_maintenance_dag.py took 0.448 seconds
[2025-05-27T05:04:20.369+0000] {processor.py:157} INFO - Started process (PID=850) to work on /opt/airflow/dags/walmart-etl/dags/walmart_maintenance_dag.py
[2025-05-27T05:04:20.371+0000] {processor.py:829} INFO - Processing file /opt/airflow/dags/walmart-etl/dags/walmart_maintenance_dag.py for tasks to queue
[2025-05-27T05:04:20.374+0000] {logging_mixin.py:154} INFO - [2025-05-27T05:04:20.374+0000] {dagbag.py:536} INFO - Filling up the DagBag from /opt/airflow/dags/walmart-etl/dags/walmart_maintenance_dag.py
[2025-05-27T05:04:20.760+0000] {processor.py:839} INFO - DAG(s) dict_keys(['walmart_maintenance_dag']) retrieved from /opt/airflow/dags/walmart-etl/dags/walmart_maintenance_dag.py
[2025-05-27T05:04:20.836+0000] {logging_mixin.py:154} INFO - [2025-05-27T05:04:20.836+0000] {dag.py:2941} INFO - Sync 1 DAGs
[2025-05-27T05:04:20.852+0000] {logging_mixin.py:154} INFO - [2025-05-27T05:04:20.852+0000] {dag.py:3722} INFO - Setting next_dagrun for walmart_maintenance_dag to 2025-06-01T00:00:00+00:00, run_after=2025-06-08T00:00:00+00:00
[2025-05-27T05:04:20.865+0000] {processor.py:179} INFO - Processing /opt/airflow/dags/walmart-etl/dags/walmart_maintenance_dag.py took 0.500 seconds
[2025-05-27T05:04:51.116+0000] {processor.py:157} INFO - Started process (PID=915) to work on /opt/airflow/dags/walmart-etl/dags/walmart_maintenance_dag.py
[2025-05-27T05:04:51.117+0000] {processor.py:829} INFO - Processing file /opt/airflow/dags/walmart-etl/dags/walmart_maintenance_dag.py for tasks to queue
[2025-05-27T05:04:51.120+0000] {logging_mixin.py:154} INFO - [2025-05-27T05:04:51.120+0000] {dagbag.py:536} INFO - Filling up the DagBag from /opt/airflow/dags/walmart-etl/dags/walmart_maintenance_dag.py
[2025-05-27T05:04:51.554+0000] {processor.py:839} INFO - DAG(s) dict_keys(['walmart_maintenance_dag']) retrieved from /opt/airflow/dags/walmart-etl/dags/walmart_maintenance_dag.py
[2025-05-27T05:04:51.584+0000] {logging_mixin.py:154} INFO - [2025-05-27T05:04:51.583+0000] {dag.py:2941} INFO - Sync 1 DAGs
[2025-05-27T05:04:51.603+0000] {logging_mixin.py:154} INFO - [2025-05-27T05:04:51.603+0000] {dag.py:3722} INFO - Setting next_dagrun for walmart_maintenance_dag to 2025-06-01T00:00:00+00:00, run_after=2025-06-08T00:00:00+00:00
[2025-05-27T05:04:51.616+0000] {processor.py:179} INFO - Processing /opt/airflow/dags/walmart-etl/dags/walmart_maintenance_dag.py took 0.505 seconds
[2025-05-27T05:05:22.298+0000] {processor.py:157} INFO - Started process (PID=980) to work on /opt/airflow/dags/walmart-etl/dags/walmart_maintenance_dag.py
[2025-05-27T05:05:22.300+0000] {processor.py:829} INFO - Processing file /opt/airflow/dags/walmart-etl/dags/walmart_maintenance_dag.py for tasks to queue
[2025-05-27T05:05:22.304+0000] {logging_mixin.py:154} INFO - [2025-05-27T05:05:22.304+0000] {dagbag.py:536} INFO - Filling up the DagBag from /opt/airflow/dags/walmart-etl/dags/walmart_maintenance_dag.py
[2025-05-27T05:05:22.715+0000] {processor.py:839} INFO - DAG(s) dict_keys(['walmart_maintenance_dag']) retrieved from /opt/airflow/dags/walmart-etl/dags/walmart_maintenance_dag.py
[2025-05-27T05:05:22.780+0000] {logging_mixin.py:154} INFO - [2025-05-27T05:05:22.780+0000] {dag.py:2941} INFO - Sync 1 DAGs
[2025-05-27T05:05:22.793+0000] {logging_mixin.py:154} INFO - [2025-05-27T05:05:22.791+0000] {dag.py:3722} INFO - Setting next_dagrun for walmart_maintenance_dag to 2025-06-01T00:00:00+00:00, run_after=2025-06-08T00:00:00+00:00
[2025-05-27T05:05:22.804+0000] {processor.py:179} INFO - Processing /opt/airflow/dags/walmart-etl/dags/walmart_maintenance_dag.py took 0.510 seconds
[2025-05-27T05:05:53.139+0000] {processor.py:157} INFO - Started process (PID=1045) to work on /opt/airflow/dags/walmart-etl/dags/walmart_maintenance_dag.py
[2025-05-27T05:05:53.143+0000] {processor.py:829} INFO - Processing file /opt/airflow/dags/walmart-etl/dags/walmart_maintenance_dag.py for tasks to queue
[2025-05-27T05:05:53.145+0000] {logging_mixin.py:154} INFO - [2025-05-27T05:05:53.145+0000] {dagbag.py:536} INFO - Filling up the DagBag from /opt/airflow/dags/walmart-etl/dags/walmart_maintenance_dag.py
[2025-05-27T05:05:53.652+0000] {processor.py:839} INFO - DAG(s) dict_keys(['walmart_maintenance_dag']) retrieved from /opt/airflow/dags/walmart-etl/dags/walmart_maintenance_dag.py
[2025-05-27T05:05:53.672+0000] {logging_mixin.py:154} INFO - [2025-05-27T05:05:53.672+0000] {dag.py:2941} INFO - Sync 1 DAGs
[2025-05-27T05:05:53.687+0000] {logging_mixin.py:154} INFO - [2025-05-27T05:05:53.687+0000] {dag.py:3722} INFO - Setting next_dagrun for walmart_maintenance_dag to 2025-06-01T00:00:00+00:00, run_after=2025-06-08T00:00:00+00:00
[2025-05-27T05:05:53.705+0000] {processor.py:179} INFO - Processing /opt/airflow/dags/walmart-etl/dags/walmart_maintenance_dag.py took 0.570 seconds
[2025-05-27T05:06:24.562+0000] {processor.py:157} INFO - Started process (PID=1114) to work on /opt/airflow/dags/walmart-etl/dags/walmart_maintenance_dag.py
[2025-05-27T05:06:24.563+0000] {processor.py:829} INFO - Processing file /opt/airflow/dags/walmart-etl/dags/walmart_maintenance_dag.py for tasks to queue
[2025-05-27T05:06:24.566+0000] {logging_mixin.py:154} INFO - [2025-05-27T05:06:24.566+0000] {dagbag.py:536} INFO - Filling up the DagBag from /opt/airflow/dags/walmart-etl/dags/walmart_maintenance_dag.py
[2025-05-27T05:06:25.064+0000] {processor.py:839} INFO - DAG(s) dict_keys(['walmart_maintenance_dag']) retrieved from /opt/airflow/dags/walmart-etl/dags/walmart_maintenance_dag.py
[2025-05-27T05:06:25.185+0000] {logging_mixin.py:154} INFO - [2025-05-27T05:06:25.184+0000] {dag.py:2941} INFO - Sync 1 DAGs
[2025-05-27T05:06:25.235+0000] {logging_mixin.py:154} INFO - [2025-05-27T05:06:25.234+0000] {dag.py:3722} INFO - Setting next_dagrun for walmart_maintenance_dag to 2025-06-01T00:00:00+00:00, run_after=2025-06-08T00:00:00+00:00
[2025-05-27T05:06:25.294+0000] {processor.py:179} INFO - Processing /opt/airflow/dags/walmart-etl/dags/walmart_maintenance_dag.py took 0.735 seconds
[2025-05-27T05:06:55.838+0000] {processor.py:157} INFO - Started process (PID=1179) to work on /opt/airflow/dags/walmart-etl/dags/walmart_maintenance_dag.py
[2025-05-27T05:06:55.844+0000] {processor.py:829} INFO - Processing file /opt/airflow/dags/walmart-etl/dags/walmart_maintenance_dag.py for tasks to queue
[2025-05-27T05:06:55.848+0000] {logging_mixin.py:154} INFO - [2025-05-27T05:06:55.847+0000] {dagbag.py:536} INFO - Filling up the DagBag from /opt/airflow/dags/walmart-etl/dags/walmart_maintenance_dag.py
[2025-05-27T05:06:56.354+0000] {processor.py:839} INFO - DAG(s) dict_keys(['walmart_maintenance_dag']) retrieved from /opt/airflow/dags/walmart-etl/dags/walmart_maintenance_dag.py
[2025-05-27T05:06:56.384+0000] {logging_mixin.py:154} INFO - [2025-05-27T05:06:56.384+0000] {dag.py:2941} INFO - Sync 1 DAGs
[2025-05-27T05:06:56.411+0000] {logging_mixin.py:154} INFO - [2025-05-27T05:06:56.411+0000] {dag.py:3722} INFO - Setting next_dagrun for walmart_maintenance_dag to 2025-06-01T00:00:00+00:00, run_after=2025-06-08T00:00:00+00:00
[2025-05-27T05:06:56.423+0000] {processor.py:179} INFO - Processing /opt/airflow/dags/walmart-etl/dags/walmart_maintenance_dag.py took 0.594 seconds
[2025-05-27T05:07:27.077+0000] {processor.py:157} INFO - Started process (PID=1244) to work on /opt/airflow/dags/walmart-etl/dags/walmart_maintenance_dag.py
[2025-05-27T05:07:27.079+0000] {processor.py:829} INFO - Processing file /opt/airflow/dags/walmart-etl/dags/walmart_maintenance_dag.py for tasks to queue
[2025-05-27T05:07:27.087+0000] {logging_mixin.py:154} INFO - [2025-05-27T05:07:27.086+0000] {dagbag.py:536} INFO - Filling up the DagBag from /opt/airflow/dags/walmart-etl/dags/walmart_maintenance_dag.py
[2025-05-27T05:07:27.582+0000] {processor.py:839} INFO - DAG(s) dict_keys(['walmart_maintenance_dag']) retrieved from /opt/airflow/dags/walmart-etl/dags/walmart_maintenance_dag.py
[2025-05-27T05:07:27.659+0000] {logging_mixin.py:154} INFO - [2025-05-27T05:07:27.659+0000] {dag.py:2941} INFO - Sync 1 DAGs
[2025-05-27T05:07:27.671+0000] {logging_mixin.py:154} INFO - [2025-05-27T05:07:27.671+0000] {dag.py:3722} INFO - Setting next_dagrun for walmart_maintenance_dag to 2025-06-01T00:00:00+00:00, run_after=2025-06-08T00:00:00+00:00
[2025-05-27T05:07:27.690+0000] {processor.py:179} INFO - Processing /opt/airflow/dags/walmart-etl/dags/walmart_maintenance_dag.py took 0.618 seconds
[2025-05-27T05:07:58.312+0000] {processor.py:157} INFO - Started process (PID=1309) to work on /opt/airflow/dags/walmart-etl/dags/walmart_maintenance_dag.py
[2025-05-27T05:07:58.314+0000] {processor.py:829} INFO - Processing file /opt/airflow/dags/walmart-etl/dags/walmart_maintenance_dag.py for tasks to queue
[2025-05-27T05:07:58.315+0000] {logging_mixin.py:154} INFO - [2025-05-27T05:07:58.315+0000] {dagbag.py:536} INFO - Filling up the DagBag from /opt/airflow/dags/walmart-etl/dags/walmart_maintenance_dag.py
[2025-05-27T05:07:58.768+0000] {processor.py:839} INFO - DAG(s) dict_keys(['walmart_maintenance_dag']) retrieved from /opt/airflow/dags/walmart-etl/dags/walmart_maintenance_dag.py
[2025-05-27T05:07:58.788+0000] {logging_mixin.py:154} INFO - [2025-05-27T05:07:58.788+0000] {dag.py:2941} INFO - Sync 1 DAGs
[2025-05-27T05:07:58.804+0000] {logging_mixin.py:154} INFO - [2025-05-27T05:07:58.804+0000] {dag.py:3722} INFO - Setting next_dagrun for walmart_maintenance_dag to 2025-06-01T00:00:00+00:00, run_after=2025-06-08T00:00:00+00:00
[2025-05-27T05:07:58.828+0000] {processor.py:179} INFO - Processing /opt/airflow/dags/walmart-etl/dags/walmart_maintenance_dag.py took 0.525 seconds
[2025-05-27T05:08:29.263+0000] {processor.py:157} INFO - Started process (PID=1374) to work on /opt/airflow/dags/walmart-etl/dags/walmart_maintenance_dag.py
[2025-05-27T05:08:29.268+0000] {processor.py:829} INFO - Processing file /opt/airflow/dags/walmart-etl/dags/walmart_maintenance_dag.py for tasks to queue
[2025-05-27T05:08:29.272+0000] {logging_mixin.py:154} INFO - [2025-05-27T05:08:29.271+0000] {dagbag.py:536} INFO - Filling up the DagBag from /opt/airflow/dags/walmart-etl/dags/walmart_maintenance_dag.py
[2025-05-27T05:08:29.710+0000] {processor.py:839} INFO - DAG(s) dict_keys(['walmart_maintenance_dag']) retrieved from /opt/airflow/dags/walmart-etl/dags/walmart_maintenance_dag.py
[2025-05-27T05:08:29.781+0000] {logging_mixin.py:154} INFO - [2025-05-27T05:08:29.781+0000] {dag.py:2941} INFO - Sync 1 DAGs
[2025-05-27T05:08:29.794+0000] {logging_mixin.py:154} INFO - [2025-05-27T05:08:29.794+0000] {dag.py:3722} INFO - Setting next_dagrun for walmart_maintenance_dag to 2025-06-01T00:00:00+00:00, run_after=2025-06-08T00:00:00+00:00
[2025-05-27T05:08:29.808+0000] {processor.py:179} INFO - Processing /opt/airflow/dags/walmart-etl/dags/walmart_maintenance_dag.py took 0.558 seconds
[2025-05-27T05:08:59.892+0000] {processor.py:157} INFO - Started process (PID=1439) to work on /opt/airflow/dags/walmart-etl/dags/walmart_maintenance_dag.py
[2025-05-27T05:08:59.895+0000] {processor.py:829} INFO - Processing file /opt/airflow/dags/walmart-etl/dags/walmart_maintenance_dag.py for tasks to queue
[2025-05-27T05:08:59.902+0000] {logging_mixin.py:154} INFO - [2025-05-27T05:08:59.901+0000] {dagbag.py:536} INFO - Filling up the DagBag from /opt/airflow/dags/walmart-etl/dags/walmart_maintenance_dag.py
[2025-05-27T05:09:00.386+0000] {processor.py:839} INFO - DAG(s) dict_keys(['walmart_maintenance_dag']) retrieved from /opt/airflow/dags/walmart-etl/dags/walmart_maintenance_dag.py
[2025-05-27T05:09:00.405+0000] {logging_mixin.py:154} INFO - [2025-05-27T05:09:00.404+0000] {dag.py:2941} INFO - Sync 1 DAGs
[2025-05-27T05:09:00.422+0000] {logging_mixin.py:154} INFO - [2025-05-27T05:09:00.422+0000] {dag.py:3722} INFO - Setting next_dagrun for walmart_maintenance_dag to 2025-06-01T00:00:00+00:00, run_after=2025-06-08T00:00:00+00:00
[2025-05-27T05:09:00.431+0000] {processor.py:179} INFO - Processing /opt/airflow/dags/walmart-etl/dags/walmart_maintenance_dag.py took 0.548 seconds
