[2025-05-27T04:48:51.172+0000] {processor.py:157} INFO - Started process (PID=48) to work on /opt/airflow/dags/walmart-etl/dags/walmart_etl_utils.py
[2025-05-27T04:48:51.177+0000] {processor.py:829} INFO - Processing file /opt/airflow/dags/walmart-etl/dags/walmart_etl_utils.py for tasks to queue
[2025-05-27T04:48:51.187+0000] {logging_mixin.py:154} INFO - [2025-05-27T04:48:51.187+0000] {dagbag.py:536} INFO - Filling up the DagBag from /opt/airflow/dags/walmart-etl/dags/walmart_etl_utils.py
[2025-05-27T04:48:51.204+0000] {processor.py:841} WARNING - No viable dags retrieved from /opt/airflow/dags/walmart-etl/dags/walmart_etl_utils.py
[2025-05-27T04:48:51.235+0000] {processor.py:179} INFO - Processing /opt/airflow/dags/walmart-etl/dags/walmart_etl_utils.py took 0.071 seconds
[2025-05-27T04:49:21.582+0000] {processor.py:157} INFO - Started process (PID=111) to work on /opt/airflow/dags/walmart-etl/dags/walmart_etl_utils.py
[2025-05-27T04:49:21.583+0000] {processor.py:829} INFO - Processing file /opt/airflow/dags/walmart-etl/dags/walmart_etl_utils.py for tasks to queue
[2025-05-27T04:49:21.585+0000] {logging_mixin.py:154} INFO - [2025-05-27T04:49:21.585+0000] {dagbag.py:536} INFO - Filling up the DagBag from /opt/airflow/dags/walmart-etl/dags/walmart_etl_utils.py
[2025-05-27T04:49:21.591+0000] {processor.py:841} WARNING - No viable dags retrieved from /opt/airflow/dags/walmart-etl/dags/walmart_etl_utils.py
[2025-05-27T04:49:21.620+0000] {processor.py:179} INFO - Processing /opt/airflow/dags/walmart-etl/dags/walmart_etl_utils.py took 0.045 seconds
[2025-05-27T04:49:52.187+0000] {processor.py:157} INFO - Started process (PID=175) to work on /opt/airflow/dags/walmart-etl/dags/walmart_etl_utils.py
[2025-05-27T04:49:52.191+0000] {processor.py:829} INFO - Processing file /opt/airflow/dags/walmart-etl/dags/walmart_etl_utils.py for tasks to queue
[2025-05-27T04:49:52.195+0000] {logging_mixin.py:154} INFO - [2025-05-27T04:49:52.195+0000] {dagbag.py:536} INFO - Filling up the DagBag from /opt/airflow/dags/walmart-etl/dags/walmart_etl_utils.py
[2025-05-27T04:49:52.210+0000] {processor.py:841} WARNING - No viable dags retrieved from /opt/airflow/dags/walmart-etl/dags/walmart_etl_utils.py
[2025-05-27T04:49:52.242+0000] {processor.py:179} INFO - Processing /opt/airflow/dags/walmart-etl/dags/walmart_etl_utils.py took 0.062 seconds
[2025-05-27T04:50:22.420+0000] {processor.py:157} INFO - Started process (PID=243) to work on /opt/airflow/dags/walmart-etl/dags/walmart_etl_utils.py
[2025-05-27T04:50:22.424+0000] {processor.py:829} INFO - Processing file /opt/airflow/dags/walmart-etl/dags/walmart_etl_utils.py for tasks to queue
[2025-05-27T04:50:22.433+0000] {logging_mixin.py:154} INFO - [2025-05-27T04:50:22.431+0000] {dagbag.py:536} INFO - Filling up the DagBag from /opt/airflow/dags/walmart-etl/dags/walmart_etl_utils.py
[2025-05-27T04:50:22.445+0000] {processor.py:841} WARNING - No viable dags retrieved from /opt/airflow/dags/walmart-etl/dags/walmart_etl_utils.py
[2025-05-27T04:50:22.474+0000] {processor.py:179} INFO - Processing /opt/airflow/dags/walmart-etl/dags/walmart_etl_utils.py took 0.060 seconds
[2025-05-27T04:50:53.064+0000] {processor.py:157} INFO - Started process (PID=307) to work on /opt/airflow/dags/walmart-etl/dags/walmart_etl_utils.py
[2025-05-27T04:50:53.066+0000] {processor.py:829} INFO - Processing file /opt/airflow/dags/walmart-etl/dags/walmart_etl_utils.py for tasks to queue
[2025-05-27T04:50:53.071+0000] {logging_mixin.py:154} INFO - [2025-05-27T04:50:53.070+0000] {dagbag.py:536} INFO - Filling up the DagBag from /opt/airflow/dags/walmart-etl/dags/walmart_etl_utils.py
[2025-05-27T04:50:53.085+0000] {processor.py:841} WARNING - No viable dags retrieved from /opt/airflow/dags/walmart-etl/dags/walmart_etl_utils.py
[2025-05-27T04:50:53.118+0000] {processor.py:179} INFO - Processing /opt/airflow/dags/walmart-etl/dags/walmart_etl_utils.py took 0.066 seconds
[2025-05-27T04:51:23.713+0000] {processor.py:157} INFO - Started process (PID=371) to work on /opt/airflow/dags/walmart-etl/dags/walmart_etl_utils.py
[2025-05-27T04:51:23.720+0000] {processor.py:829} INFO - Processing file /opt/airflow/dags/walmart-etl/dags/walmart_etl_utils.py for tasks to queue
[2025-05-27T04:51:23.727+0000] {logging_mixin.py:154} INFO - [2025-05-27T04:51:23.727+0000] {dagbag.py:536} INFO - Filling up the DagBag from /opt/airflow/dags/walmart-etl/dags/walmart_etl_utils.py
[2025-05-27T04:51:23.745+0000] {processor.py:841} WARNING - No viable dags retrieved from /opt/airflow/dags/walmart-etl/dags/walmart_etl_utils.py
[2025-05-27T04:51:23.786+0000] {processor.py:179} INFO - Processing /opt/airflow/dags/walmart-etl/dags/walmart_etl_utils.py took 0.087 seconds
[2025-05-27T04:51:53.899+0000] {processor.py:157} INFO - Started process (PID=435) to work on /opt/airflow/dags/walmart-etl/dags/walmart_etl_utils.py
[2025-05-27T04:51:53.902+0000] {processor.py:829} INFO - Processing file /opt/airflow/dags/walmart-etl/dags/walmart_etl_utils.py for tasks to queue
[2025-05-27T04:51:53.907+0000] {logging_mixin.py:154} INFO - [2025-05-27T04:51:53.907+0000] {dagbag.py:536} INFO - Filling up the DagBag from /opt/airflow/dags/walmart-etl/dags/walmart_etl_utils.py
[2025-05-27T04:51:53.931+0000] {processor.py:841} WARNING - No viable dags retrieved from /opt/airflow/dags/walmart-etl/dags/walmart_etl_utils.py
[2025-05-27T04:51:53.973+0000] {processor.py:179} INFO - Processing /opt/airflow/dags/walmart-etl/dags/walmart_etl_utils.py took 0.083 seconds
[2025-05-27T04:52:24.766+0000] {processor.py:157} INFO - Started process (PID=499) to work on /opt/airflow/dags/walmart-etl/dags/walmart_etl_utils.py
[2025-05-27T04:52:24.768+0000] {processor.py:829} INFO - Processing file /opt/airflow/dags/walmart-etl/dags/walmart_etl_utils.py for tasks to queue
[2025-05-27T04:52:24.774+0000] {logging_mixin.py:154} INFO - [2025-05-27T04:52:24.774+0000] {dagbag.py:536} INFO - Filling up the DagBag from /opt/airflow/dags/walmart-etl/dags/walmart_etl_utils.py
[2025-05-27T04:52:24.779+0000] {processor.py:841} WARNING - No viable dags retrieved from /opt/airflow/dags/walmart-etl/dags/walmart_etl_utils.py
[2025-05-27T04:52:24.789+0000] {processor.py:179} INFO - Processing /opt/airflow/dags/walmart-etl/dags/walmart_etl_utils.py took 0.026 seconds
[2025-05-27T04:53:08.947+0000] {processor.py:157} INFO - Started process (PID=65) to work on /opt/airflow/dags/walmart-etl/dags/walmart_etl_utils.py
[2025-05-27T04:53:08.950+0000] {processor.py:829} INFO - Processing file /opt/airflow/dags/walmart-etl/dags/walmart_etl_utils.py for tasks to queue
[2025-05-27T04:53:08.958+0000] {logging_mixin.py:154} INFO - [2025-05-27T04:53:08.957+0000] {dagbag.py:536} INFO - Filling up the DagBag from /opt/airflow/dags/walmart-etl/dags/walmart_etl_utils.py
[2025-05-27T04:53:08.973+0000] {processor.py:841} WARNING - No viable dags retrieved from /opt/airflow/dags/walmart-etl/dags/walmart_etl_utils.py
[2025-05-27T04:53:09.024+0000] {processor.py:179} INFO - Processing /opt/airflow/dags/walmart-etl/dags/walmart_etl_utils.py took 0.081 seconds
[2025-05-27T04:53:39.418+0000] {processor.py:157} INFO - Started process (PID=130) to work on /opt/airflow/dags/walmart-etl/dags/walmart_etl_utils.py
[2025-05-27T04:53:39.418+0000] {processor.py:829} INFO - Processing file /opt/airflow/dags/walmart-etl/dags/walmart_etl_utils.py for tasks to queue
[2025-05-27T04:53:39.420+0000] {logging_mixin.py:154} INFO - [2025-05-27T04:53:39.419+0000] {dagbag.py:536} INFO - Filling up the DagBag from /opt/airflow/dags/walmart-etl/dags/walmart_etl_utils.py
[2025-05-27T04:53:39.422+0000] {processor.py:841} WARNING - No viable dags retrieved from /opt/airflow/dags/walmart-etl/dags/walmart_etl_utils.py
[2025-05-27T04:53:39.430+0000] {processor.py:179} INFO - Processing /opt/airflow/dags/walmart-etl/dags/walmart_etl_utils.py took 0.014 seconds
[2025-05-27T04:54:10.746+0000] {processor.py:157} INFO - Started process (PID=195) to work on /opt/airflow/dags/walmart-etl/dags/walmart_etl_utils.py
[2025-05-27T04:54:10.746+0000] {processor.py:829} INFO - Processing file /opt/airflow/dags/walmart-etl/dags/walmart_etl_utils.py for tasks to queue
[2025-05-27T04:54:10.747+0000] {logging_mixin.py:154} INFO - [2025-05-27T04:54:10.747+0000] {dagbag.py:536} INFO - Filling up the DagBag from /opt/airflow/dags/walmart-etl/dags/walmart_etl_utils.py
[2025-05-27T04:54:10.752+0000] {processor.py:841} WARNING - No viable dags retrieved from /opt/airflow/dags/walmart-etl/dags/walmart_etl_utils.py
[2025-05-27T04:54:10.765+0000] {processor.py:179} INFO - Processing /opt/airflow/dags/walmart-etl/dags/walmart_etl_utils.py took 0.021 seconds
[2025-05-27T04:54:41.627+0000] {processor.py:157} INFO - Started process (PID=260) to work on /opt/airflow/dags/walmart-etl/dags/walmart_etl_utils.py
[2025-05-27T04:54:41.630+0000] {processor.py:829} INFO - Processing file /opt/airflow/dags/walmart-etl/dags/walmart_etl_utils.py for tasks to queue
[2025-05-27T04:54:41.633+0000] {logging_mixin.py:154} INFO - [2025-05-27T04:54:41.633+0000] {dagbag.py:536} INFO - Filling up the DagBag from /opt/airflow/dags/walmart-etl/dags/walmart_etl_utils.py
[2025-05-27T04:54:41.638+0000] {processor.py:841} WARNING - No viable dags retrieved from /opt/airflow/dags/walmart-etl/dags/walmart_etl_utils.py
[2025-05-27T04:54:41.650+0000] {processor.py:179} INFO - Processing /opt/airflow/dags/walmart-etl/dags/walmart_etl_utils.py took 0.024 seconds
[2025-05-27T04:55:12.699+0000] {processor.py:157} INFO - Started process (PID=325) to work on /opt/airflow/dags/walmart-etl/dags/walmart_etl_utils.py
[2025-05-27T04:55:12.700+0000] {processor.py:829} INFO - Processing file /opt/airflow/dags/walmart-etl/dags/walmart_etl_utils.py for tasks to queue
[2025-05-27T04:55:12.702+0000] {logging_mixin.py:154} INFO - [2025-05-27T04:55:12.702+0000] {dagbag.py:536} INFO - Filling up the DagBag from /opt/airflow/dags/walmart-etl/dags/walmart_etl_utils.py
[2025-05-27T04:55:12.707+0000] {processor.py:841} WARNING - No viable dags retrieved from /opt/airflow/dags/walmart-etl/dags/walmart_etl_utils.py
[2025-05-27T04:55:12.722+0000] {processor.py:179} INFO - Processing /opt/airflow/dags/walmart-etl/dags/walmart_etl_utils.py took 0.025 seconds
[2025-05-27T04:55:43.836+0000] {processor.py:157} INFO - Started process (PID=390) to work on /opt/airflow/dags/walmart-etl/dags/walmart_etl_utils.py
[2025-05-27T04:55:43.837+0000] {processor.py:829} INFO - Processing file /opt/airflow/dags/walmart-etl/dags/walmart_etl_utils.py for tasks to queue
[2025-05-27T04:55:43.838+0000] {logging_mixin.py:154} INFO - [2025-05-27T04:55:43.838+0000] {dagbag.py:536} INFO - Filling up the DagBag from /opt/airflow/dags/walmart-etl/dags/walmart_etl_utils.py
[2025-05-27T04:55:43.841+0000] {processor.py:841} WARNING - No viable dags retrieved from /opt/airflow/dags/walmart-etl/dags/walmart_etl_utils.py
[2025-05-27T04:55:43.850+0000] {processor.py:179} INFO - Processing /opt/airflow/dags/walmart-etl/dags/walmart_etl_utils.py took 0.016 seconds
[2025-05-27T04:56:14.487+0000] {processor.py:157} INFO - Started process (PID=455) to work on /opt/airflow/dags/walmart-etl/dags/walmart_etl_utils.py
[2025-05-27T04:56:14.487+0000] {processor.py:829} INFO - Processing file /opt/airflow/dags/walmart-etl/dags/walmart_etl_utils.py for tasks to queue
[2025-05-27T04:56:14.489+0000] {logging_mixin.py:154} INFO - [2025-05-27T04:56:14.489+0000] {dagbag.py:536} INFO - Filling up the DagBag from /opt/airflow/dags/walmart-etl/dags/walmart_etl_utils.py
[2025-05-27T04:56:14.491+0000] {processor.py:841} WARNING - No viable dags retrieved from /opt/airflow/dags/walmart-etl/dags/walmart_etl_utils.py
[2025-05-27T04:56:14.504+0000] {processor.py:179} INFO - Processing /opt/airflow/dags/walmart-etl/dags/walmart_etl_utils.py took 0.020 seconds
[2025-05-27T04:56:45.342+0000] {processor.py:157} INFO - Started process (PID=520) to work on /opt/airflow/dags/walmart-etl/dags/walmart_etl_utils.py
[2025-05-27T04:56:45.342+0000] {processor.py:829} INFO - Processing file /opt/airflow/dags/walmart-etl/dags/walmart_etl_utils.py for tasks to queue
[2025-05-27T04:56:45.343+0000] {logging_mixin.py:154} INFO - [2025-05-27T04:56:45.343+0000] {dagbag.py:536} INFO - Filling up the DagBag from /opt/airflow/dags/walmart-etl/dags/walmart_etl_utils.py
[2025-05-27T04:56:45.345+0000] {processor.py:841} WARNING - No viable dags retrieved from /opt/airflow/dags/walmart-etl/dags/walmart_etl_utils.py
[2025-05-27T04:56:45.354+0000] {processor.py:179} INFO - Processing /opt/airflow/dags/walmart-etl/dags/walmart_etl_utils.py took 0.014 seconds
[2025-05-27T04:58:09.586+0000] {processor.py:157} INFO - Started process (PID=75) to work on /opt/airflow/dags/walmart-etl/dags/walmart_etl_utils.py
[2025-05-27T04:58:09.591+0000] {processor.py:829} INFO - Processing file /opt/airflow/dags/walmart-etl/dags/walmart_etl_utils.py for tasks to queue
[2025-05-27T04:58:09.596+0000] {logging_mixin.py:154} INFO - [2025-05-27T04:58:09.596+0000] {dagbag.py:536} INFO - Filling up the DagBag from /opt/airflow/dags/walmart-etl/dags/walmart_etl_utils.py
[2025-05-27T04:58:09.600+0000] {processor.py:841} WARNING - No viable dags retrieved from /opt/airflow/dags/walmart-etl/dags/walmart_etl_utils.py
[2025-05-27T04:58:09.634+0000] {processor.py:179} INFO - Processing /opt/airflow/dags/walmart-etl/dags/walmart_etl_utils.py took 0.051 seconds
[2025-05-27T04:58:40.265+0000] {processor.py:157} INFO - Started process (PID=140) to work on /opt/airflow/dags/walmart-etl/dags/walmart_etl_utils.py
[2025-05-27T04:58:40.266+0000] {processor.py:829} INFO - Processing file /opt/airflow/dags/walmart-etl/dags/walmart_etl_utils.py for tasks to queue
[2025-05-27T04:58:40.267+0000] {logging_mixin.py:154} INFO - [2025-05-27T04:58:40.267+0000] {dagbag.py:536} INFO - Filling up the DagBag from /opt/airflow/dags/walmart-etl/dags/walmart_etl_utils.py
[2025-05-27T04:58:40.269+0000] {processor.py:841} WARNING - No viable dags retrieved from /opt/airflow/dags/walmart-etl/dags/walmart_etl_utils.py
[2025-05-27T04:58:40.276+0000] {processor.py:179} INFO - Processing /opt/airflow/dags/walmart-etl/dags/walmart_etl_utils.py took 0.014 seconds
[2025-05-27T04:59:11.348+0000] {processor.py:157} INFO - Started process (PID=205) to work on /opt/airflow/dags/walmart-etl/dags/walmart_etl_utils.py
[2025-05-27T04:59:11.349+0000] {processor.py:829} INFO - Processing file /opt/airflow/dags/walmart-etl/dags/walmart_etl_utils.py for tasks to queue
[2025-05-27T04:59:11.351+0000] {logging_mixin.py:154} INFO - [2025-05-27T04:59:11.351+0000] {dagbag.py:536} INFO - Filling up the DagBag from /opt/airflow/dags/walmart-etl/dags/walmart_etl_utils.py
[2025-05-27T04:59:11.353+0000] {processor.py:841} WARNING - No viable dags retrieved from /opt/airflow/dags/walmart-etl/dags/walmart_etl_utils.py
[2025-05-27T04:59:11.361+0000] {processor.py:179} INFO - Processing /opt/airflow/dags/walmart-etl/dags/walmart_etl_utils.py took 0.015 seconds
[2025-05-27T04:59:42.789+0000] {processor.py:157} INFO - Started process (PID=270) to work on /opt/airflow/dags/walmart-etl/dags/walmart_etl_utils.py
[2025-05-27T04:59:42.790+0000] {processor.py:829} INFO - Processing file /opt/airflow/dags/walmart-etl/dags/walmart_etl_utils.py for tasks to queue
[2025-05-27T04:59:42.792+0000] {logging_mixin.py:154} INFO - [2025-05-27T04:59:42.791+0000] {dagbag.py:536} INFO - Filling up the DagBag from /opt/airflow/dags/walmart-etl/dags/walmart_etl_utils.py
[2025-05-27T04:59:42.793+0000] {processor.py:841} WARNING - No viable dags retrieved from /opt/airflow/dags/walmart-etl/dags/walmart_etl_utils.py
[2025-05-27T04:59:42.801+0000] {processor.py:179} INFO - Processing /opt/airflow/dags/walmart-etl/dags/walmart_etl_utils.py took 0.014 seconds
[2025-05-27T05:00:13.946+0000] {processor.py:157} INFO - Started process (PID=335) to work on /opt/airflow/dags/walmart-etl/dags/walmart_etl_utils.py
[2025-05-27T05:00:13.947+0000] {processor.py:829} INFO - Processing file /opt/airflow/dags/walmart-etl/dags/walmart_etl_utils.py for tasks to queue
[2025-05-27T05:00:13.949+0000] {logging_mixin.py:154} INFO - [2025-05-27T05:00:13.949+0000] {dagbag.py:536} INFO - Filling up the DagBag from /opt/airflow/dags/walmart-etl/dags/walmart_etl_utils.py
[2025-05-27T05:00:13.954+0000] {processor.py:841} WARNING - No viable dags retrieved from /opt/airflow/dags/walmart-etl/dags/walmart_etl_utils.py
[2025-05-27T05:00:13.963+0000] {processor.py:179} INFO - Processing /opt/airflow/dags/walmart-etl/dags/walmart_etl_utils.py took 0.018 seconds
[2025-05-27T05:00:44.743+0000] {processor.py:157} INFO - Started process (PID=400) to work on /opt/airflow/dags/walmart-etl/dags/walmart_etl_utils.py
[2025-05-27T05:00:44.743+0000] {processor.py:829} INFO - Processing file /opt/airflow/dags/walmart-etl/dags/walmart_etl_utils.py for tasks to queue
[2025-05-27T05:00:44.744+0000] {logging_mixin.py:154} INFO - [2025-05-27T05:00:44.744+0000] {dagbag.py:536} INFO - Filling up the DagBag from /opt/airflow/dags/walmart-etl/dags/walmart_etl_utils.py
[2025-05-27T05:00:44.750+0000] {processor.py:841} WARNING - No viable dags retrieved from /opt/airflow/dags/walmart-etl/dags/walmart_etl_utils.py
[2025-05-27T05:00:44.760+0000] {processor.py:179} INFO - Processing /opt/airflow/dags/walmart-etl/dags/walmart_etl_utils.py took 0.019 seconds
[2025-05-27T05:01:15.749+0000] {processor.py:157} INFO - Started process (PID=465) to work on /opt/airflow/dags/walmart-etl/dags/walmart_etl_utils.py
[2025-05-27T05:01:15.751+0000] {processor.py:829} INFO - Processing file /opt/airflow/dags/walmart-etl/dags/walmart_etl_utils.py for tasks to queue
[2025-05-27T05:01:15.752+0000] {logging_mixin.py:154} INFO - [2025-05-27T05:01:15.752+0000] {dagbag.py:536} INFO - Filling up the DagBag from /opt/airflow/dags/walmart-etl/dags/walmart_etl_utils.py
[2025-05-27T05:01:15.754+0000] {processor.py:841} WARNING - No viable dags retrieved from /opt/airflow/dags/walmart-etl/dags/walmart_etl_utils.py
[2025-05-27T05:01:15.762+0000] {processor.py:179} INFO - Processing /opt/airflow/dags/walmart-etl/dags/walmart_etl_utils.py took 0.015 seconds
[2025-05-27T05:01:46.084+0000] {processor.py:157} INFO - Started process (PID=534) to work on /opt/airflow/dags/walmart-etl/dags/walmart_etl_utils.py
[2025-05-27T05:01:46.084+0000] {processor.py:829} INFO - Processing file /opt/airflow/dags/walmart-etl/dags/walmart_etl_utils.py for tasks to queue
[2025-05-27T05:01:46.086+0000] {logging_mixin.py:154} INFO - [2025-05-27T05:01:46.085+0000] {dagbag.py:536} INFO - Filling up the DagBag from /opt/airflow/dags/walmart-etl/dags/walmart_etl_utils.py
[2025-05-27T05:01:46.088+0000] {processor.py:841} WARNING - No viable dags retrieved from /opt/airflow/dags/walmart-etl/dags/walmart_etl_utils.py
[2025-05-27T05:01:46.096+0000] {processor.py:179} INFO - Processing /opt/airflow/dags/walmart-etl/dags/walmart_etl_utils.py took 0.015 seconds
[2025-05-27T05:02:16.940+0000] {processor.py:157} INFO - Started process (PID=597) to work on /opt/airflow/dags/walmart-etl/dags/walmart_etl_utils.py
[2025-05-27T05:02:16.941+0000] {processor.py:829} INFO - Processing file /opt/airflow/dags/walmart-etl/dags/walmart_etl_utils.py for tasks to queue
[2025-05-27T05:02:16.942+0000] {logging_mixin.py:154} INFO - [2025-05-27T05:02:16.942+0000] {dagbag.py:536} INFO - Filling up the DagBag from /opt/airflow/dags/walmart-etl/dags/walmart_etl_utils.py
[2025-05-27T05:02:16.944+0000] {processor.py:841} WARNING - No viable dags retrieved from /opt/airflow/dags/walmart-etl/dags/walmart_etl_utils.py
[2025-05-27T05:02:16.953+0000] {processor.py:179} INFO - Processing /opt/airflow/dags/walmart-etl/dags/walmart_etl_utils.py took 0.016 seconds
[2025-05-27T05:02:47.835+0000] {processor.py:157} INFO - Started process (PID=662) to work on /opt/airflow/dags/walmart-etl/dags/walmart_etl_utils.py
[2025-05-27T05:02:47.836+0000] {processor.py:829} INFO - Processing file /opt/airflow/dags/walmart-etl/dags/walmart_etl_utils.py for tasks to queue
[2025-05-27T05:02:47.838+0000] {logging_mixin.py:154} INFO - [2025-05-27T05:02:47.837+0000] {dagbag.py:536} INFO - Filling up the DagBag from /opt/airflow/dags/walmart-etl/dags/walmart_etl_utils.py
[2025-05-27T05:02:47.840+0000] {processor.py:841} WARNING - No viable dags retrieved from /opt/airflow/dags/walmart-etl/dags/walmart_etl_utils.py
[2025-05-27T05:02:47.848+0000] {processor.py:179} INFO - Processing /opt/airflow/dags/walmart-etl/dags/walmart_etl_utils.py took 0.015 seconds
[2025-05-27T05:03:18.848+0000] {processor.py:157} INFO - Started process (PID=727) to work on /opt/airflow/dags/walmart-etl/dags/walmart_etl_utils.py
[2025-05-27T05:03:18.849+0000] {processor.py:829} INFO - Processing file /opt/airflow/dags/walmart-etl/dags/walmart_etl_utils.py for tasks to queue
[2025-05-27T05:03:18.851+0000] {logging_mixin.py:154} INFO - [2025-05-27T05:03:18.851+0000] {dagbag.py:536} INFO - Filling up the DagBag from /opt/airflow/dags/walmart-etl/dags/walmart_etl_utils.py
[2025-05-27T05:03:18.855+0000] {processor.py:841} WARNING - No viable dags retrieved from /opt/airflow/dags/walmart-etl/dags/walmart_etl_utils.py
[2025-05-27T05:03:18.864+0000] {processor.py:179} INFO - Processing /opt/airflow/dags/walmart-etl/dags/walmart_etl_utils.py took 0.019 seconds
[2025-05-27T05:03:50.316+0000] {processor.py:157} INFO - Started process (PID=794) to work on /opt/airflow/dags/walmart-etl/dags/walmart_etl_utils.py
[2025-05-27T05:03:50.318+0000] {processor.py:829} INFO - Processing file /opt/airflow/dags/walmart-etl/dags/walmart_etl_utils.py for tasks to queue
[2025-05-27T05:03:50.319+0000] {logging_mixin.py:154} INFO - [2025-05-27T05:03:50.319+0000] {dagbag.py:536} INFO - Filling up the DagBag from /opt/airflow/dags/walmart-etl/dags/walmart_etl_utils.py
[2025-05-27T05:03:50.321+0000] {processor.py:841} WARNING - No viable dags retrieved from /opt/airflow/dags/walmart-etl/dags/walmart_etl_utils.py
[2025-05-27T05:03:50.331+0000] {processor.py:179} INFO - Processing /opt/airflow/dags/walmart-etl/dags/walmart_etl_utils.py took 0.017 seconds
[2025-05-27T05:04:21.222+0000] {processor.py:157} INFO - Started process (PID=859) to work on /opt/airflow/dags/walmart-etl/dags/walmart_etl_utils.py
[2025-05-27T05:04:21.223+0000] {processor.py:829} INFO - Processing file /opt/airflow/dags/walmart-etl/dags/walmart_etl_utils.py for tasks to queue
[2025-05-27T05:04:21.224+0000] {logging_mixin.py:154} INFO - [2025-05-27T05:04:21.224+0000] {dagbag.py:536} INFO - Filling up the DagBag from /opt/airflow/dags/walmart-etl/dags/walmart_etl_utils.py
[2025-05-27T05:04:21.229+0000] {processor.py:841} WARNING - No viable dags retrieved from /opt/airflow/dags/walmart-etl/dags/walmart_etl_utils.py
[2025-05-27T05:04:21.238+0000] {processor.py:179} INFO - Processing /opt/airflow/dags/walmart-etl/dags/walmart_etl_utils.py took 0.018 seconds
[2025-05-27T05:04:52.079+0000] {processor.py:157} INFO - Started process (PID=924) to work on /opt/airflow/dags/walmart-etl/dags/walmart_etl_utils.py
[2025-05-27T05:04:52.081+0000] {processor.py:829} INFO - Processing file /opt/airflow/dags/walmart-etl/dags/walmart_etl_utils.py for tasks to queue
[2025-05-27T05:04:52.082+0000] {logging_mixin.py:154} INFO - [2025-05-27T05:04:52.082+0000] {dagbag.py:536} INFO - Filling up the DagBag from /opt/airflow/dags/walmart-etl/dags/walmart_etl_utils.py
[2025-05-27T05:04:52.085+0000] {processor.py:841} WARNING - No viable dags retrieved from /opt/airflow/dags/walmart-etl/dags/walmart_etl_utils.py
[2025-05-27T05:04:52.096+0000] {processor.py:179} INFO - Processing /opt/airflow/dags/walmart-etl/dags/walmart_etl_utils.py took 0.019 seconds
[2025-05-27T05:05:23.206+0000] {processor.py:157} INFO - Started process (PID=989) to work on /opt/airflow/dags/walmart-etl/dags/walmart_etl_utils.py
[2025-05-27T05:05:23.207+0000] {processor.py:829} INFO - Processing file /opt/airflow/dags/walmart-etl/dags/walmart_etl_utils.py for tasks to queue
[2025-05-27T05:05:23.210+0000] {logging_mixin.py:154} INFO - [2025-05-27T05:05:23.210+0000] {dagbag.py:536} INFO - Filling up the DagBag from /opt/airflow/dags/walmart-etl/dags/walmart_etl_utils.py
[2025-05-27T05:05:23.212+0000] {processor.py:841} WARNING - No viable dags retrieved from /opt/airflow/dags/walmart-etl/dags/walmart_etl_utils.py
[2025-05-27T05:05:23.226+0000] {processor.py:179} INFO - Processing /opt/airflow/dags/walmart-etl/dags/walmart_etl_utils.py took 0.022 seconds
[2025-05-27T05:05:54.079+0000] {processor.py:157} INFO - Started process (PID=1054) to work on /opt/airflow/dags/walmart-etl/dags/walmart_etl_utils.py
[2025-05-27T05:05:54.079+0000] {processor.py:829} INFO - Processing file /opt/airflow/dags/walmart-etl/dags/walmart_etl_utils.py for tasks to queue
[2025-05-27T05:05:54.082+0000] {logging_mixin.py:154} INFO - [2025-05-27T05:05:54.082+0000] {dagbag.py:536} INFO - Filling up the DagBag from /opt/airflow/dags/walmart-etl/dags/walmart_etl_utils.py
[2025-05-27T05:05:54.087+0000] {processor.py:841} WARNING - No viable dags retrieved from /opt/airflow/dags/walmart-etl/dags/walmart_etl_utils.py
[2025-05-27T05:05:54.099+0000] {processor.py:179} INFO - Processing /opt/airflow/dags/walmart-etl/dags/walmart_etl_utils.py took 0.022 seconds
[2025-05-27T05:06:26.107+0000] {processor.py:157} INFO - Started process (PID=1123) to work on /opt/airflow/dags/walmart-etl/dags/walmart_etl_utils.py
[2025-05-27T05:06:26.108+0000] {processor.py:829} INFO - Processing file /opt/airflow/dags/walmart-etl/dags/walmart_etl_utils.py for tasks to queue
[2025-05-27T05:06:26.110+0000] {logging_mixin.py:154} INFO - [2025-05-27T05:06:26.110+0000] {dagbag.py:536} INFO - Filling up the DagBag from /opt/airflow/dags/walmart-etl/dags/walmart_etl_utils.py
[2025-05-27T05:06:26.119+0000] {processor.py:841} WARNING - No viable dags retrieved from /opt/airflow/dags/walmart-etl/dags/walmart_etl_utils.py
[2025-05-27T05:06:26.150+0000] {processor.py:179} INFO - Processing /opt/airflow/dags/walmart-etl/dags/walmart_etl_utils.py took 0.048 seconds
[2025-05-27T05:06:56.924+0000] {processor.py:157} INFO - Started process (PID=1188) to work on /opt/airflow/dags/walmart-etl/dags/walmart_etl_utils.py
[2025-05-27T05:06:56.925+0000] {processor.py:829} INFO - Processing file /opt/airflow/dags/walmart-etl/dags/walmart_etl_utils.py for tasks to queue
[2025-05-27T05:06:56.927+0000] {logging_mixin.py:154} INFO - [2025-05-27T05:06:56.926+0000] {dagbag.py:536} INFO - Filling up the DagBag from /opt/airflow/dags/walmart-etl/dags/walmart_etl_utils.py
[2025-05-27T05:06:56.929+0000] {processor.py:841} WARNING - No viable dags retrieved from /opt/airflow/dags/walmart-etl/dags/walmart_etl_utils.py
[2025-05-27T05:06:56.939+0000] {processor.py:179} INFO - Processing /opt/airflow/dags/walmart-etl/dags/walmart_etl_utils.py took 0.017 seconds
[2025-05-27T05:07:28.116+0000] {processor.py:157} INFO - Started process (PID=1253) to work on /opt/airflow/dags/walmart-etl/dags/walmart_etl_utils.py
[2025-05-27T05:07:28.117+0000] {processor.py:829} INFO - Processing file /opt/airflow/dags/walmart-etl/dags/walmart_etl_utils.py for tasks to queue
[2025-05-27T05:07:28.119+0000] {logging_mixin.py:154} INFO - [2025-05-27T05:07:28.119+0000] {dagbag.py:536} INFO - Filling up the DagBag from /opt/airflow/dags/walmart-etl/dags/walmart_etl_utils.py
[2025-05-27T05:07:28.124+0000] {processor.py:841} WARNING - No viable dags retrieved from /opt/airflow/dags/walmart-etl/dags/walmart_etl_utils.py
[2025-05-27T05:07:28.141+0000] {processor.py:179} INFO - Processing /opt/airflow/dags/walmart-etl/dags/walmart_etl_utils.py took 0.030 seconds
[2025-05-27T05:07:59.229+0000] {processor.py:157} INFO - Started process (PID=1318) to work on /opt/airflow/dags/walmart-etl/dags/walmart_etl_utils.py
[2025-05-27T05:07:59.230+0000] {processor.py:829} INFO - Processing file /opt/airflow/dags/walmart-etl/dags/walmart_etl_utils.py for tasks to queue
[2025-05-27T05:07:59.232+0000] {logging_mixin.py:154} INFO - [2025-05-27T05:07:59.232+0000] {dagbag.py:536} INFO - Filling up the DagBag from /opt/airflow/dags/walmart-etl/dags/walmart_etl_utils.py
[2025-05-27T05:07:59.235+0000] {processor.py:841} WARNING - No viable dags retrieved from /opt/airflow/dags/walmart-etl/dags/walmart_etl_utils.py
[2025-05-27T05:07:59.248+0000] {processor.py:179} INFO - Processing /opt/airflow/dags/walmart-etl/dags/walmart_etl_utils.py took 0.022 seconds
[2025-05-27T05:08:30.135+0000] {processor.py:157} INFO - Started process (PID=1383) to work on /opt/airflow/dags/walmart-etl/dags/walmart_etl_utils.py
[2025-05-27T05:08:30.137+0000] {processor.py:829} INFO - Processing file /opt/airflow/dags/walmart-etl/dags/walmart_etl_utils.py for tasks to queue
[2025-05-27T05:08:30.138+0000] {logging_mixin.py:154} INFO - [2025-05-27T05:08:30.138+0000] {dagbag.py:536} INFO - Filling up the DagBag from /opt/airflow/dags/walmart-etl/dags/walmart_etl_utils.py
[2025-05-27T05:08:30.140+0000] {processor.py:841} WARNING - No viable dags retrieved from /opt/airflow/dags/walmart-etl/dags/walmart_etl_utils.py
[2025-05-27T05:08:30.148+0000] {processor.py:179} INFO - Processing /opt/airflow/dags/walmart-etl/dags/walmart_etl_utils.py took 0.014 seconds
[2025-05-27T05:09:00.858+0000] {processor.py:157} INFO - Started process (PID=1448) to work on /opt/airflow/dags/walmart-etl/dags/walmart_etl_utils.py
[2025-05-27T05:09:00.860+0000] {processor.py:829} INFO - Processing file /opt/airflow/dags/walmart-etl/dags/walmart_etl_utils.py for tasks to queue
[2025-05-27T05:09:00.863+0000] {logging_mixin.py:154} INFO - [2025-05-27T05:09:00.863+0000] {dagbag.py:536} INFO - Filling up the DagBag from /opt/airflow/dags/walmart-etl/dags/walmart_etl_utils.py
[2025-05-27T05:09:00.865+0000] {processor.py:841} WARNING - No viable dags retrieved from /opt/airflow/dags/walmart-etl/dags/walmart_etl_utils.py
[2025-05-27T05:09:00.879+0000] {processor.py:179} INFO - Processing /opt/airflow/dags/walmart-etl/dags/walmart_etl_utils.py took 0.023 seconds
