[2025-05-27T04:48:54.101+0000] {processor.py:157} INFO - Started process (PID=54) to work on /opt/airflow/dags/walmart-etl/dags/walmart_etl_dag.py
[2025-05-27T04:48:54.106+0000] {processor.py:829} INFO - Processing file /opt/airflow/dags/walmart-etl/dags/walmart_etl_dag.py for tasks to queue
[2025-05-27T04:48:54.113+0000] {logging_mixin.py:154} INFO - [2025-05-27T04:48:54.111+0000] {dagbag.py:536} INFO - Filling up the DagBag from /opt/airflow/dags/walmart-etl/dags/walmart_etl_dag.py
[2025-05-27T04:48:55.731+0000] {processor.py:839} INFO - DAG(s) dict_keys(['walmart_etl_dag']) retrieved from /opt/airflow/dags/walmart-etl/dags/walmart_etl_dag.py
[2025-05-27T04:48:56.003+0000] {logging_mixin.py:154} INFO - [2025-05-27T04:48:56.003+0000] {manager.py:499} INFO - Created Permission View: %s
[2025-05-27T04:48:56.040+0000] {logging_mixin.py:154} INFO - [2025-05-27T04:48:56.039+0000] {manager.py:499} INFO - Created Permission View: %s
[2025-05-27T04:48:56.051+0000] {logging_mixin.py:154} INFO - [2025-05-27T04:48:56.050+0000] {manager.py:499} INFO - Created Permission View: %s
[2025-05-27T04:48:56.056+0000] {logging_mixin.py:154} INFO - [2025-05-27T04:48:56.054+0000] {dag.py:2941} INFO - Sync 1 DAGs
[2025-05-27T04:48:56.082+0000] {logging_mixin.py:154} INFO - [2025-05-27T04:48:56.082+0000] {dag.py:2963} INFO - Creating ORM DAG for walmart_etl_dag
[2025-05-27T04:48:56.107+0000] {logging_mixin.py:154} INFO - [2025-05-27T04:48:56.106+0000] {dag.py:3722} INFO - Setting next_dagrun for walmart_etl_dag to 2025-05-26T00:00:00+00:00, run_after=2025-05-27T00:00:00+00:00
[2025-05-27T04:48:56.216+0000] {logging_mixin.py:154} INFO - [2025-05-27T04:48:56.205+0000] {dagbag.py:644} ERROR - Failed to write serialized DAG: /opt/airflow/dags/walmart-etl/dags/walmart_etl_dag.py
Traceback (most recent call last):
  File "/home/airflow/.local/lib/python3.8/site-packages/airflow/models/dagbag.py", line 633, in _serialize_dag_capturing_errors
    dag_was_updated = SerializedDagModel.write_dag(
  File "/home/airflow/.local/lib/python3.8/site-packages/airflow/utils/session.py", line 76, in wrapper
    return func(*args, **kwargs)
  File "/home/airflow/.local/lib/python3.8/site-packages/airflow/models/serialized_dag.py", line 147, in write_dag
    if session.scalar(
  File "/home/airflow/.local/lib/python3.8/site-packages/sqlalchemy/orm/session.py", line 1747, in scalar
    return self.execute(
  File "/home/airflow/.local/lib/python3.8/site-packages/sqlalchemy/orm/session.py", line 1716, in execute
    conn = self._connection_for_bind(bind)
  File "/home/airflow/.local/lib/python3.8/site-packages/sqlalchemy/orm/session.py", line 1555, in _connection_for_bind
    return self._transaction._connection_for_bind(
  File "/home/airflow/.local/lib/python3.8/site-packages/sqlalchemy/orm/session.py", line 724, in _connection_for_bind
    self._assert_active()
  File "/home/airflow/.local/lib/python3.8/site-packages/sqlalchemy/orm/session.py", line 604, in _assert_active
    raise sa_exc.PendingRollbackError(
sqlalchemy.exc.PendingRollbackError: This Session's transaction has been rolled back due to a previous exception during flush. To begin a new transaction with this Session, first issue Session.rollback(). Original exception was: (psycopg2.errors.UniqueViolation) duplicate key value violates unique constraint "dag_pkey"
DETAIL:  Key (dag_id)=(walmart_etl_dag) already exists.

[SQL: INSERT INTO dag (dag_id, root_dag_id, is_paused, is_subdag, is_active, last_parsed_time, last_pickled, last_expired, scheduler_lock, pickle_id, fileloc, processor_subdir, owners, description, default_view, schedule_interval, timetable_description, max_active_tasks, max_active_runs, has_task_concurrency_limits, has_import_errors, next_dagrun, next_dagrun_data_interval_start, next_dagrun_data_interval_end, next_dagrun_create_after) VALUES (%(dag_id)s, %(root_dag_id)s, %(is_paused)s, %(is_subdag)s, %(is_active)s, %(last_parsed_time)s, %(last_pickled)s, %(last_expired)s, %(scheduler_lock)s, %(pickle_id)s, %(fileloc)s, %(processor_subdir)s, %(owners)s, %(description)s, %(default_view)s, %(schedule_interval)s, %(timetable_description)s, %(max_active_tasks)s, %(max_active_runs)s, %(has_task_concurrency_limits)s, %(has_import_errors)s, %(next_dagrun)s, %(next_dagrun_data_interval_start)s, %(next_dagrun_data_interval_end)s, %(next_dagrun_create_after)s)]
[parameters: {'dag_id': 'walmart_etl_dag', 'root_dag_id': None, 'is_paused': True, 'is_subdag': False, 'is_active': True, 'last_parsed_time': datetime.datetime(2025, 5, 27, 4, 48, 56, 105627, tzinfo=Timezone('UTC')), 'last_pickled': None, 'last_expired': None, 'scheduler_lock': None, 'pickle_id': None, 'fileloc': '/opt/airflow/dags/walmart-etl/dags/walmart_etl_dag.py', 'processor_subdir': '/opt/airflow/dags', 'owners': 'airflow', 'description': 'Walmart ETL Process', 'default_view': 'grid', 'schedule_interval': '{"type": "timedelta", "attrs": {"days": 1, "seconds": 0, "microseconds": 0}}', 'timetable_description': '', 'max_active_tasks': 16, 'max_active_runs': 16, 'has_task_concurrency_limits': False, 'has_import_errors': False, 'next_dagrun': DateTime(2025, 5, 26, 0, 0, 0, tzinfo=Timezone('UTC')), 'next_dagrun_data_interval_start': DateTime(2025, 5, 26, 0, 0, 0, tzinfo=Timezone('UTC')), 'next_dagrun_data_interval_end': DateTime(2025, 5, 27, 0, 0, 0, tzinfo=Timezone('UTC')), 'next_dagrun_create_after': DateTime(2025, 5, 27, 0, 0, 0, tzinfo=Timezone('UTC'))}]
(Background on this error at: https://sqlalche.me/e/14/gkpj) (Background on this error at: https://sqlalche.me/e/14/7s2a)
[2025-05-27T04:48:56.219+0000] {logging_mixin.py:154} INFO - [2025-05-27T04:48:56.219+0000] {dag.py:2941} INFO - Sync 1 DAGs
[2025-05-27T04:48:56.224+0000] {processor.py:182} ERROR - Got an exception! Propagating...
Traceback (most recent call last):
  File "/home/airflow/.local/lib/python3.8/site-packages/airflow/dag_processing/processor.py", line 178, in _run_file_processor
    _handle_dag_file_processing()
  File "/home/airflow/.local/lib/python3.8/site-packages/airflow/dag_processing/processor.py", line 159, in _handle_dag_file_processing
    result: tuple[int, int] = dag_file_processor.process_file(
  File "/home/airflow/.local/lib/python3.8/site-packages/airflow/utils/session.py", line 79, in wrapper
    return func(*args, session=session, **kwargs)
  File "/home/airflow/.local/lib/python3.8/site-packages/airflow/dag_processing/processor.py", line 857, in process_file
    serialize_errors = DagFileProcessor.save_dag_to_db(
  File "/home/airflow/.local/lib/python3.8/site-packages/airflow/api_internal/internal_api_call.py", line 114, in wrapper
    return func(*args, **kwargs)
  File "/home/airflow/.local/lib/python3.8/site-packages/airflow/utils/session.py", line 79, in wrapper
    return func(*args, session=session, **kwargs)
  File "/home/airflow/.local/lib/python3.8/site-packages/airflow/dag_processing/processor.py", line 893, in save_dag_to_db
    import_errors = DagBag._sync_to_db(dags=dags, processor_subdir=dag_directory, session=session)
  File "/home/airflow/.local/lib/python3.8/site-packages/airflow/utils/session.py", line 76, in wrapper
    return func(*args, **kwargs)
  File "/home/airflow/.local/lib/python3.8/site-packages/airflow/models/dagbag.py", line 654, in _sync_to_db
    for attempt in run_with_db_retries(logger=log):
  File "/home/airflow/.local/lib/python3.8/site-packages/tenacity/__init__.py", line 347, in __iter__
    do = self.iter(retry_state=retry_state)
  File "/home/airflow/.local/lib/python3.8/site-packages/tenacity/__init__.py", line 314, in iter
    return fut.result()
  File "/usr/local/lib/python3.8/concurrent/futures/_base.py", line 437, in result
    return self.__get_result()
  File "/usr/local/lib/python3.8/concurrent/futures/_base.py", line 389, in __get_result
    raise self._exception
  File "/home/airflow/.local/lib/python3.8/site-packages/airflow/models/dagbag.py", line 668, in _sync_to_db
    DAG.bulk_write_to_db(dags.values(), processor_subdir=processor_subdir, session=session)
  File "/home/airflow/.local/lib/python3.8/site-packages/airflow/utils/session.py", line 76, in wrapper
    return func(*args, **kwargs)
  File "/home/airflow/.local/lib/python3.8/site-packages/airflow/models/dag.py", line 2953, in bulk_write_to_db
    orm_dags: list[DagModel] = session.scalars(query).unique().all()
  File "/home/airflow/.local/lib/python3.8/site-packages/sqlalchemy/orm/session.py", line 1778, in scalars
    return self.execute(
  File "/home/airflow/.local/lib/python3.8/site-packages/sqlalchemy/orm/session.py", line 1716, in execute
    conn = self._connection_for_bind(bind)
  File "/home/airflow/.local/lib/python3.8/site-packages/sqlalchemy/orm/session.py", line 1555, in _connection_for_bind
    return self._transaction._connection_for_bind(
  File "/home/airflow/.local/lib/python3.8/site-packages/sqlalchemy/orm/session.py", line 724, in _connection_for_bind
    self._assert_active()
  File "/home/airflow/.local/lib/python3.8/site-packages/sqlalchemy/orm/session.py", line 604, in _assert_active
    raise sa_exc.PendingRollbackError(
sqlalchemy.exc.PendingRollbackError: This Session's transaction has been rolled back due to a previous exception during flush. To begin a new transaction with this Session, first issue Session.rollback(). Original exception was: (psycopg2.errors.UniqueViolation) duplicate key value violates unique constraint "dag_pkey"
DETAIL:  Key (dag_id)=(walmart_etl_dag) already exists.

[SQL: INSERT INTO dag (dag_id, root_dag_id, is_paused, is_subdag, is_active, last_parsed_time, last_pickled, last_expired, scheduler_lock, pickle_id, fileloc, processor_subdir, owners, description, default_view, schedule_interval, timetable_description, max_active_tasks, max_active_runs, has_task_concurrency_limits, has_import_errors, next_dagrun, next_dagrun_data_interval_start, next_dagrun_data_interval_end, next_dagrun_create_after) VALUES (%(dag_id)s, %(root_dag_id)s, %(is_paused)s, %(is_subdag)s, %(is_active)s, %(last_parsed_time)s, %(last_pickled)s, %(last_expired)s, %(scheduler_lock)s, %(pickle_id)s, %(fileloc)s, %(processor_subdir)s, %(owners)s, %(description)s, %(default_view)s, %(schedule_interval)s, %(timetable_description)s, %(max_active_tasks)s, %(max_active_runs)s, %(has_task_concurrency_limits)s, %(has_import_errors)s, %(next_dagrun)s, %(next_dagrun_data_interval_start)s, %(next_dagrun_data_interval_end)s, %(next_dagrun_create_after)s)]
[parameters: {'dag_id': 'walmart_etl_dag', 'root_dag_id': None, 'is_paused': True, 'is_subdag': False, 'is_active': True, 'last_parsed_time': datetime.datetime(2025, 5, 27, 4, 48, 56, 105627, tzinfo=Timezone('UTC')), 'last_pickled': None, 'last_expired': None, 'scheduler_lock': None, 'pickle_id': None, 'fileloc': '/opt/airflow/dags/walmart-etl/dags/walmart_etl_dag.py', 'processor_subdir': '/opt/airflow/dags', 'owners': 'airflow', 'description': 'Walmart ETL Process', 'default_view': 'grid', 'schedule_interval': '{"type": "timedelta", "attrs": {"days": 1, "seconds": 0, "microseconds": 0}}', 'timetable_description': '', 'max_active_tasks': 16, 'max_active_runs': 16, 'has_task_concurrency_limits': False, 'has_import_errors': False, 'next_dagrun': DateTime(2025, 5, 26, 0, 0, 0, tzinfo=Timezone('UTC')), 'next_dagrun_data_interval_start': DateTime(2025, 5, 26, 0, 0, 0, tzinfo=Timezone('UTC')), 'next_dagrun_data_interval_end': DateTime(2025, 5, 27, 0, 0, 0, tzinfo=Timezone('UTC')), 'next_dagrun_create_after': DateTime(2025, 5, 27, 0, 0, 0, tzinfo=Timezone('UTC'))}]
(Background on this error at: https://sqlalche.me/e/14/gkpj) (Background on this error at: https://sqlalche.me/e/14/7s2a)
[2025-05-27T04:49:26.632+0000] {processor.py:157} INFO - Started process (PID=124) to work on /opt/airflow/dags/walmart-etl/dags/walmart_etl_dag.py
[2025-05-27T04:49:26.634+0000] {processor.py:829} INFO - Processing file /opt/airflow/dags/walmart-etl/dags/walmart_etl_dag.py for tasks to queue
[2025-05-27T04:49:26.636+0000] {logging_mixin.py:154} INFO - [2025-05-27T04:49:26.636+0000] {dagbag.py:536} INFO - Filling up the DagBag from /opt/airflow/dags/walmart-etl/dags/walmart_etl_dag.py
[2025-05-27T04:49:27.182+0000] {processor.py:839} INFO - DAG(s) dict_keys(['walmart_etl_dag']) retrieved from /opt/airflow/dags/walmart-etl/dags/walmart_etl_dag.py
[2025-05-27T04:49:27.199+0000] {logging_mixin.py:154} INFO - [2025-05-27T04:49:27.199+0000] {dag.py:2941} INFO - Sync 1 DAGs
[2025-05-27T04:49:27.219+0000] {logging_mixin.py:154} INFO - [2025-05-27T04:49:27.219+0000] {dag.py:3722} INFO - Setting next_dagrun for walmart_etl_dag to 2025-05-26T00:00:00+00:00, run_after=2025-05-27T00:00:00+00:00
[2025-05-27T04:49:27.231+0000] {processor.py:179} INFO - Processing /opt/airflow/dags/walmart-etl/dags/walmart_etl_dag.py took 0.606 seconds
[2025-05-27T04:49:57.755+0000] {processor.py:157} INFO - Started process (PID=188) to work on /opt/airflow/dags/walmart-etl/dags/walmart_etl_dag.py
[2025-05-27T04:49:57.758+0000] {processor.py:829} INFO - Processing file /opt/airflow/dags/walmart-etl/dags/walmart_etl_dag.py for tasks to queue
[2025-05-27T04:49:57.766+0000] {logging_mixin.py:154} INFO - [2025-05-27T04:49:57.766+0000] {dagbag.py:536} INFO - Filling up the DagBag from /opt/airflow/dags/walmart-etl/dags/walmart_etl_dag.py
[2025-05-27T04:49:58.371+0000] {processor.py:839} INFO - DAG(s) dict_keys(['walmart_etl_dag']) retrieved from /opt/airflow/dags/walmart-etl/dags/walmart_etl_dag.py
[2025-05-27T04:49:58.464+0000] {logging_mixin.py:154} INFO - [2025-05-27T04:49:58.464+0000] {dag.py:2941} INFO - Sync 1 DAGs
[2025-05-27T04:49:58.489+0000] {logging_mixin.py:154} INFO - [2025-05-27T04:49:58.489+0000] {dag.py:3722} INFO - Setting next_dagrun for walmart_etl_dag to 2025-05-26T00:00:00+00:00, run_after=2025-05-27T00:00:00+00:00
[2025-05-27T04:49:58.506+0000] {processor.py:179} INFO - Processing /opt/airflow/dags/walmart-etl/dags/walmart_etl_dag.py took 0.765 seconds
[2025-05-27T04:50:17.456+0000] {processor.py:157} INFO - Started process (PID=239) to work on /opt/airflow/dags/walmart-etl/dags/walmart_etl_dag.py
[2025-05-27T04:50:17.458+0000] {processor.py:829} INFO - Processing file /opt/airflow/dags/walmart-etl/dags/walmart_etl_dag.py for tasks to queue
[2025-05-27T04:50:17.467+0000] {logging_mixin.py:154} INFO - [2025-05-27T04:50:17.466+0000] {dagbag.py:536} INFO - Filling up the DagBag from /opt/airflow/dags/walmart-etl/dags/walmart_etl_dag.py
[2025-05-27T04:50:18.115+0000] {processor.py:839} INFO - DAG(s) dict_keys(['walmart_etl_dag']) retrieved from /opt/airflow/dags/walmart-etl/dags/walmart_etl_dag.py
[2025-05-27T04:50:18.150+0000] {logging_mixin.py:154} INFO - [2025-05-27T04:50:18.149+0000] {dag.py:2941} INFO - Sync 1 DAGs
[2025-05-27T04:50:18.189+0000] {logging_mixin.py:154} INFO - [2025-05-27T04:50:18.187+0000] {dag.py:3722} INFO - Setting next_dagrun for walmart_etl_dag to 2025-05-26T00:00:00+00:00, run_after=2025-05-27T00:00:00+00:00
[2025-05-27T04:50:18.216+0000] {processor.py:179} INFO - Processing /opt/airflow/dags/walmart-etl/dags/walmart_etl_dag.py took 0.770 seconds
[2025-05-27T04:50:48.337+0000] {processor.py:157} INFO - Started process (PID=303) to work on /opt/airflow/dags/walmart-etl/dags/walmart_etl_dag.py
[2025-05-27T04:50:48.339+0000] {processor.py:829} INFO - Processing file /opt/airflow/dags/walmart-etl/dags/walmart_etl_dag.py for tasks to queue
[2025-05-27T04:50:48.348+0000] {logging_mixin.py:154} INFO - [2025-05-27T04:50:48.347+0000] {dagbag.py:536} INFO - Filling up the DagBag from /opt/airflow/dags/walmart-etl/dags/walmart_etl_dag.py
[2025-05-27T04:50:48.858+0000] {processor.py:839} INFO - DAG(s) dict_keys(['walmart_etl_dag']) retrieved from /opt/airflow/dags/walmart-etl/dags/walmart_etl_dag.py
[2025-05-27T04:50:48.879+0000] {logging_mixin.py:154} INFO - [2025-05-27T04:50:48.878+0000] {dag.py:2941} INFO - Sync 1 DAGs
[2025-05-27T04:50:48.897+0000] {logging_mixin.py:154} INFO - [2025-05-27T04:50:48.897+0000] {dag.py:3722} INFO - Setting next_dagrun for walmart_etl_dag to 2025-05-26T00:00:00+00:00, run_after=2025-05-27T00:00:00+00:00
[2025-05-27T04:50:48.912+0000] {processor.py:179} INFO - Processing /opt/airflow/dags/walmart-etl/dags/walmart_etl_dag.py took 0.581 seconds
[2025-05-27T04:51:19.747+0000] {processor.py:157} INFO - Started process (PID=367) to work on /opt/airflow/dags/walmart-etl/dags/walmart_etl_dag.py
[2025-05-27T04:51:19.750+0000] {processor.py:829} INFO - Processing file /opt/airflow/dags/walmart-etl/dags/walmart_etl_dag.py for tasks to queue
[2025-05-27T04:51:19.757+0000] {logging_mixin.py:154} INFO - [2025-05-27T04:51:19.756+0000] {dagbag.py:536} INFO - Filling up the DagBag from /opt/airflow/dags/walmart-etl/dags/walmart_etl_dag.py
[2025-05-27T04:51:21.168+0000] {processor.py:839} INFO - DAG(s) dict_keys(['walmart_etl_dag']) retrieved from /opt/airflow/dags/walmart-etl/dags/walmart_etl_dag.py
[2025-05-27T04:51:21.522+0000] {logging_mixin.py:154} INFO - [2025-05-27T04:51:21.520+0000] {dag.py:2941} INFO - Sync 1 DAGs
[2025-05-27T04:51:21.569+0000] {logging_mixin.py:154} INFO - [2025-05-27T04:51:21.569+0000] {dag.py:3722} INFO - Setting next_dagrun for walmart_etl_dag to 2025-05-26T00:00:00+00:00, run_after=2025-05-27T00:00:00+00:00
[2025-05-27T04:51:21.657+0000] {processor.py:179} INFO - Processing /opt/airflow/dags/walmart-etl/dags/walmart_etl_dag.py took 1.919 seconds
[2025-05-27T04:51:52.503+0000] {processor.py:157} INFO - Started process (PID=431) to work on /opt/airflow/dags/walmart-etl/dags/walmart_etl_dag.py
[2025-05-27T04:51:52.507+0000] {processor.py:829} INFO - Processing file /opt/airflow/dags/walmart-etl/dags/walmart_etl_dag.py for tasks to queue
[2025-05-27T04:51:52.516+0000] {logging_mixin.py:154} INFO - [2025-05-27T04:51:52.515+0000] {dagbag.py:536} INFO - Filling up the DagBag from /opt/airflow/dags/walmart-etl/dags/walmart_etl_dag.py
[2025-05-27T04:51:53.300+0000] {processor.py:839} INFO - DAG(s) dict_keys(['walmart_etl_dag']) retrieved from /opt/airflow/dags/walmart-etl/dags/walmart_etl_dag.py
[2025-05-27T04:51:53.453+0000] {logging_mixin.py:154} INFO - [2025-05-27T04:51:53.451+0000] {dag.py:2941} INFO - Sync 1 DAGs
[2025-05-27T04:51:53.543+0000] {logging_mixin.py:154} INFO - [2025-05-27T04:51:53.543+0000] {dag.py:3722} INFO - Setting next_dagrun for walmart_etl_dag to 2025-05-26T00:00:00+00:00, run_after=2025-05-27T00:00:00+00:00
[2025-05-27T04:51:53.618+0000] {processor.py:179} INFO - Processing /opt/airflow/dags/walmart-etl/dags/walmart_etl_dag.py took 1.125 seconds
[2025-05-27T04:52:23.870+0000] {processor.py:157} INFO - Started process (PID=494) to work on /opt/airflow/dags/walmart-etl/dags/walmart_etl_dag.py
[2025-05-27T04:52:23.872+0000] {processor.py:829} INFO - Processing file /opt/airflow/dags/walmart-etl/dags/walmart_etl_dag.py for tasks to queue
[2025-05-27T04:52:23.882+0000] {logging_mixin.py:154} INFO - [2025-05-27T04:52:23.880+0000] {dagbag.py:536} INFO - Filling up the DagBag from /opt/airflow/dags/walmart-etl/dags/walmart_etl_dag.py
[2025-05-27T04:52:24.527+0000] {processor.py:839} INFO - DAG(s) dict_keys(['walmart_etl_dag']) retrieved from /opt/airflow/dags/walmart-etl/dags/walmart_etl_dag.py
[2025-05-27T04:52:24.613+0000] {logging_mixin.py:154} INFO - [2025-05-27T04:52:24.612+0000] {dag.py:2941} INFO - Sync 1 DAGs
[2025-05-27T04:52:24.639+0000] {logging_mixin.py:154} INFO - [2025-05-27T04:52:24.639+0000] {dag.py:3722} INFO - Setting next_dagrun for walmart_etl_dag to 2025-05-26T00:00:00+00:00, run_after=2025-05-27T00:00:00+00:00
[2025-05-27T04:52:24.656+0000] {processor.py:179} INFO - Processing /opt/airflow/dags/walmart-etl/dags/walmart_etl_dag.py took 0.803 seconds
[2025-05-27T04:53:07.564+0000] {processor.py:157} INFO - Started process (PID=61) to work on /opt/airflow/dags/walmart-etl/dags/walmart_etl_dag.py
[2025-05-27T04:53:07.566+0000] {processor.py:829} INFO - Processing file /opt/airflow/dags/walmart-etl/dags/walmart_etl_dag.py for tasks to queue
[2025-05-27T04:53:07.571+0000] {logging_mixin.py:154} INFO - [2025-05-27T04:53:07.570+0000] {dagbag.py:536} INFO - Filling up the DagBag from /opt/airflow/dags/walmart-etl/dags/walmart_etl_dag.py
[2025-05-27T04:53:08.729+0000] {processor.py:839} INFO - DAG(s) dict_keys(['walmart_etl_dag']) retrieved from /opt/airflow/dags/walmart-etl/dags/walmart_etl_dag.py
[2025-05-27T04:53:08.813+0000] {logging_mixin.py:154} INFO - [2025-05-27T04:53:08.811+0000] {dag.py:2941} INFO - Sync 1 DAGs
[2025-05-27T04:53:08.924+0000] {logging_mixin.py:154} INFO - [2025-05-27T04:53:08.923+0000] {dag.py:3722} INFO - Setting next_dagrun for walmart_etl_dag to 2025-05-26T00:00:00+00:00, run_after=2025-05-27T00:00:00+00:00
[2025-05-27T04:53:09.002+0000] {processor.py:179} INFO - Processing /opt/airflow/dags/walmart-etl/dags/walmart_etl_dag.py took 1.448 seconds
[2025-05-27T04:53:39.124+0000] {processor.py:157} INFO - Started process (PID=128) to work on /opt/airflow/dags/walmart-etl/dags/walmart_etl_dag.py
[2025-05-27T04:53:39.125+0000] {processor.py:829} INFO - Processing file /opt/airflow/dags/walmart-etl/dags/walmart_etl_dag.py for tasks to queue
[2025-05-27T04:53:39.126+0000] {logging_mixin.py:154} INFO - [2025-05-27T04:53:39.126+0000] {dagbag.py:536} INFO - Filling up the DagBag from /opt/airflow/dags/walmart-etl/dags/walmart_etl_dag.py
[2025-05-27T04:53:39.448+0000] {processor.py:839} INFO - DAG(s) dict_keys(['walmart_etl_dag']) retrieved from /opt/airflow/dags/walmart-etl/dags/walmart_etl_dag.py
[2025-05-27T04:53:39.506+0000] {logging_mixin.py:154} INFO - [2025-05-27T04:53:39.506+0000] {dag.py:2941} INFO - Sync 1 DAGs
[2025-05-27T04:53:39.514+0000] {logging_mixin.py:154} INFO - [2025-05-27T04:53:39.514+0000] {dag.py:3722} INFO - Setting next_dagrun for walmart_etl_dag to 2025-05-26T00:00:00+00:00, run_after=2025-05-27T00:00:00+00:00
[2025-05-27T04:53:39.522+0000] {processor.py:179} INFO - Processing /opt/airflow/dags/walmart-etl/dags/walmart_etl_dag.py took 0.401 seconds
[2025-05-27T04:54:10.411+0000] {processor.py:157} INFO - Started process (PID=192) to work on /opt/airflow/dags/walmart-etl/dags/walmart_etl_dag.py
[2025-05-27T04:54:10.414+0000] {processor.py:829} INFO - Processing file /opt/airflow/dags/walmart-etl/dags/walmart_etl_dag.py for tasks to queue
[2025-05-27T04:54:10.416+0000] {logging_mixin.py:154} INFO - [2025-05-27T04:54:10.416+0000] {dagbag.py:536} INFO - Filling up the DagBag from /opt/airflow/dags/walmart-etl/dags/walmart_etl_dag.py
[2025-05-27T04:54:10.687+0000] {processor.py:839} INFO - DAG(s) dict_keys(['walmart_etl_dag']) retrieved from /opt/airflow/dags/walmart-etl/dags/walmart_etl_dag.py
[2025-05-27T04:54:10.702+0000] {logging_mixin.py:154} INFO - [2025-05-27T04:54:10.702+0000] {dag.py:2941} INFO - Sync 1 DAGs
[2025-05-27T04:54:10.712+0000] {logging_mixin.py:154} INFO - [2025-05-27T04:54:10.712+0000] {dag.py:3722} INFO - Setting next_dagrun for walmart_etl_dag to 2025-05-26T00:00:00+00:00, run_after=2025-05-27T00:00:00+00:00
[2025-05-27T04:54:10.728+0000] {processor.py:179} INFO - Processing /opt/airflow/dags/walmart-etl/dags/walmart_etl_dag.py took 0.321 seconds
[2025-05-27T04:54:41.318+0000] {processor.py:157} INFO - Started process (PID=257) to work on /opt/airflow/dags/walmart-etl/dags/walmart_etl_dag.py
[2025-05-27T04:54:41.321+0000] {processor.py:829} INFO - Processing file /opt/airflow/dags/walmart-etl/dags/walmart_etl_dag.py for tasks to queue
[2025-05-27T04:54:41.322+0000] {logging_mixin.py:154} INFO - [2025-05-27T04:54:41.322+0000] {dagbag.py:536} INFO - Filling up the DagBag from /opt/airflow/dags/walmart-etl/dags/walmart_etl_dag.py
[2025-05-27T04:54:41.578+0000] {processor.py:839} INFO - DAG(s) dict_keys(['walmart_etl_dag']) retrieved from /opt/airflow/dags/walmart-etl/dags/walmart_etl_dag.py
[2025-05-27T04:54:41.627+0000] {logging_mixin.py:154} INFO - [2025-05-27T04:54:41.627+0000] {dag.py:2941} INFO - Sync 1 DAGs
[2025-05-27T04:54:41.638+0000] {logging_mixin.py:154} INFO - [2025-05-27T04:54:41.638+0000] {dag.py:3722} INFO - Setting next_dagrun for walmart_etl_dag to 2025-05-26T00:00:00+00:00, run_after=2025-05-27T00:00:00+00:00
[2025-05-27T04:54:41.654+0000] {processor.py:179} INFO - Processing /opt/airflow/dags/walmart-etl/dags/walmart_etl_dag.py took 0.344 seconds
[2025-05-27T04:55:12.359+0000] {processor.py:157} INFO - Started process (PID=322) to work on /opt/airflow/dags/walmart-etl/dags/walmart_etl_dag.py
[2025-05-27T04:55:12.359+0000] {processor.py:829} INFO - Processing file /opt/airflow/dags/walmart-etl/dags/walmart_etl_dag.py for tasks to queue
[2025-05-27T04:55:12.360+0000] {logging_mixin.py:154} INFO - [2025-05-27T04:55:12.360+0000] {dagbag.py:536} INFO - Filling up the DagBag from /opt/airflow/dags/walmart-etl/dags/walmart_etl_dag.py
[2025-05-27T04:55:12.635+0000] {processor.py:839} INFO - DAG(s) dict_keys(['walmart_etl_dag']) retrieved from /opt/airflow/dags/walmart-etl/dags/walmart_etl_dag.py
[2025-05-27T04:55:12.653+0000] {logging_mixin.py:154} INFO - [2025-05-27T04:55:12.652+0000] {dag.py:2941} INFO - Sync 1 DAGs
[2025-05-27T04:55:12.667+0000] {logging_mixin.py:154} INFO - [2025-05-27T04:55:12.667+0000] {dag.py:3722} INFO - Setting next_dagrun for walmart_etl_dag to 2025-05-26T00:00:00+00:00, run_after=2025-05-27T00:00:00+00:00
[2025-05-27T04:55:12.682+0000] {processor.py:179} INFO - Processing /opt/airflow/dags/walmart-etl/dags/walmart_etl_dag.py took 0.326 seconds
[2025-05-27T04:55:43.398+0000] {processor.py:157} INFO - Started process (PID=387) to work on /opt/airflow/dags/walmart-etl/dags/walmart_etl_dag.py
[2025-05-27T04:55:43.399+0000] {processor.py:829} INFO - Processing file /opt/airflow/dags/walmart-etl/dags/walmart_etl_dag.py for tasks to queue
[2025-05-27T04:55:43.400+0000] {logging_mixin.py:154} INFO - [2025-05-27T04:55:43.400+0000] {dagbag.py:536} INFO - Filling up the DagBag from /opt/airflow/dags/walmart-etl/dags/walmart_etl_dag.py
[2025-05-27T04:55:43.761+0000] {processor.py:839} INFO - DAG(s) dict_keys(['walmart_etl_dag']) retrieved from /opt/airflow/dags/walmart-etl/dags/walmart_etl_dag.py
[2025-05-27T04:55:43.817+0000] {logging_mixin.py:154} INFO - [2025-05-27T04:55:43.816+0000] {dag.py:2941} INFO - Sync 1 DAGs
[2025-05-27T04:55:43.827+0000] {logging_mixin.py:154} INFO - [2025-05-27T04:55:43.827+0000] {dag.py:3722} INFO - Setting next_dagrun for walmart_etl_dag to 2025-05-26T00:00:00+00:00, run_after=2025-05-27T00:00:00+00:00
[2025-05-27T04:55:43.844+0000] {processor.py:179} INFO - Processing /opt/airflow/dags/walmart-etl/dags/walmart_etl_dag.py took 0.449 seconds
[2025-05-27T04:56:13.983+0000] {processor.py:157} INFO - Started process (PID=452) to work on /opt/airflow/dags/walmart-etl/dags/walmart_etl_dag.py
[2025-05-27T04:56:13.984+0000] {processor.py:829} INFO - Processing file /opt/airflow/dags/walmart-etl/dags/walmart_etl_dag.py for tasks to queue
[2025-05-27T04:56:13.985+0000] {logging_mixin.py:154} INFO - [2025-05-27T04:56:13.985+0000] {dagbag.py:536} INFO - Filling up the DagBag from /opt/airflow/dags/walmart-etl/dags/walmart_etl_dag.py
[2025-05-27T04:56:14.416+0000] {processor.py:839} INFO - DAG(s) dict_keys(['walmart_etl_dag']) retrieved from /opt/airflow/dags/walmart-etl/dags/walmart_etl_dag.py
[2025-05-27T04:56:14.432+0000] {logging_mixin.py:154} INFO - [2025-05-27T04:56:14.432+0000] {dag.py:2941} INFO - Sync 1 DAGs
[2025-05-27T04:56:14.446+0000] {logging_mixin.py:154} INFO - [2025-05-27T04:56:14.445+0000] {dag.py:3722} INFO - Setting next_dagrun for walmart_etl_dag to 2025-05-26T00:00:00+00:00, run_after=2025-05-27T00:00:00+00:00
[2025-05-27T04:56:14.460+0000] {processor.py:179} INFO - Processing /opt/airflow/dags/walmart-etl/dags/walmart_etl_dag.py took 0.479 seconds
[2025-05-27T04:56:45.057+0000] {processor.py:157} INFO - Started process (PID=517) to work on /opt/airflow/dags/walmart-etl/dags/walmart_etl_dag.py
[2025-05-27T04:56:45.057+0000] {processor.py:829} INFO - Processing file /opt/airflow/dags/walmart-etl/dags/walmart_etl_dag.py for tasks to queue
[2025-05-27T04:56:45.058+0000] {logging_mixin.py:154} INFO - [2025-05-27T04:56:45.058+0000] {dagbag.py:536} INFO - Filling up the DagBag from /opt/airflow/dags/walmart-etl/dags/walmart_etl_dag.py
[2025-05-27T04:56:45.309+0000] {processor.py:839} INFO - DAG(s) dict_keys(['walmart_etl_dag']) retrieved from /opt/airflow/dags/walmart-etl/dags/walmart_etl_dag.py
[2025-05-27T04:56:45.360+0000] {logging_mixin.py:154} INFO - [2025-05-27T04:56:45.359+0000] {dag.py:2941} INFO - Sync 1 DAGs
[2025-05-27T04:56:45.371+0000] {logging_mixin.py:154} INFO - [2025-05-27T04:56:45.371+0000] {dag.py:3722} INFO - Setting next_dagrun for walmart_etl_dag to 2025-05-26T00:00:00+00:00, run_after=2025-05-27T00:00:00+00:00
[2025-05-27T04:56:45.385+0000] {processor.py:179} INFO - Processing /opt/airflow/dags/walmart-etl/dags/walmart_etl_dag.py took 0.330 seconds
[2025-05-27T04:58:08.501+0000] {processor.py:157} INFO - Started process (PID=71) to work on /opt/airflow/dags/walmart-etl/dags/walmart_etl_dag.py
[2025-05-27T04:58:08.505+0000] {processor.py:829} INFO - Processing file /opt/airflow/dags/walmart-etl/dags/walmart_etl_dag.py for tasks to queue
[2025-05-27T04:58:08.514+0000] {logging_mixin.py:154} INFO - [2025-05-27T04:58:08.513+0000] {dagbag.py:536} INFO - Filling up the DagBag from /opt/airflow/dags/walmart-etl/dags/walmart_etl_dag.py
[2025-05-27T04:58:09.437+0000] {processor.py:839} INFO - DAG(s) dict_keys(['walmart_etl_dag']) retrieved from /opt/airflow/dags/walmart-etl/dags/walmart_etl_dag.py
[2025-05-27T04:58:09.462+0000] {logging_mixin.py:154} INFO - [2025-05-27T04:58:09.461+0000] {dag.py:2941} INFO - Sync 1 DAGs
[2025-05-27T04:58:09.489+0000] {logging_mixin.py:154} INFO - [2025-05-27T04:58:09.488+0000] {dag.py:3722} INFO - Setting next_dagrun for walmart_etl_dag to 2025-05-26T00:00:00+00:00, run_after=2025-05-27T00:00:00+00:00
[2025-05-27T04:58:09.541+0000] {processor.py:179} INFO - Processing /opt/airflow/dags/walmart-etl/dags/walmart_etl_dag.py took 1.052 seconds
[2025-05-27T04:58:39.777+0000] {processor.py:157} INFO - Started process (PID=135) to work on /opt/airflow/dags/walmart-etl/dags/walmart_etl_dag.py
[2025-05-27T04:58:39.778+0000] {processor.py:829} INFO - Processing file /opt/airflow/dags/walmart-etl/dags/walmart_etl_dag.py for tasks to queue
[2025-05-27T04:58:39.780+0000] {logging_mixin.py:154} INFO - [2025-05-27T04:58:39.780+0000] {dagbag.py:536} INFO - Filling up the DagBag from /opt/airflow/dags/walmart-etl/dags/walmart_etl_dag.py
[2025-05-27T04:58:40.139+0000] {processor.py:839} INFO - DAG(s) dict_keys(['walmart_etl_dag']) retrieved from /opt/airflow/dags/walmart-etl/dags/walmart_etl_dag.py
[2025-05-27T04:58:40.206+0000] {logging_mixin.py:154} INFO - [2025-05-27T04:58:40.206+0000] {dag.py:2941} INFO - Sync 1 DAGs
[2025-05-27T04:58:40.219+0000] {logging_mixin.py:154} INFO - [2025-05-27T04:58:40.219+0000] {dag.py:3722} INFO - Setting next_dagrun for walmart_etl_dag to 2025-05-26T00:00:00+00:00, run_after=2025-05-27T00:00:00+00:00
[2025-05-27T04:58:40.231+0000] {processor.py:179} INFO - Processing /opt/airflow/dags/walmart-etl/dags/walmart_etl_dag.py took 0.457 seconds
[2025-05-27T04:59:10.982+0000] {processor.py:157} INFO - Started process (PID=200) to work on /opt/airflow/dags/walmart-etl/dags/walmart_etl_dag.py
[2025-05-27T04:59:10.983+0000] {processor.py:829} INFO - Processing file /opt/airflow/dags/walmart-etl/dags/walmart_etl_dag.py for tasks to queue
[2025-05-27T04:59:10.986+0000] {logging_mixin.py:154} INFO - [2025-05-27T04:59:10.985+0000] {dagbag.py:536} INFO - Filling up the DagBag from /opt/airflow/dags/walmart-etl/dags/walmart_etl_dag.py
[2025-05-27T04:59:11.254+0000] {processor.py:839} INFO - DAG(s) dict_keys(['walmart_etl_dag']) retrieved from /opt/airflow/dags/walmart-etl/dags/walmart_etl_dag.py
[2025-05-27T04:59:11.266+0000] {logging_mixin.py:154} INFO - [2025-05-27T04:59:11.266+0000] {dag.py:2941} INFO - Sync 1 DAGs
[2025-05-27T04:59:11.276+0000] {logging_mixin.py:154} INFO - [2025-05-27T04:59:11.276+0000] {dag.py:3722} INFO - Setting next_dagrun for walmart_etl_dag to 2025-05-26T00:00:00+00:00, run_after=2025-05-27T00:00:00+00:00
[2025-05-27T04:59:11.285+0000] {processor.py:179} INFO - Processing /opt/airflow/dags/walmart-etl/dags/walmart_etl_dag.py took 0.308 seconds
[2025-05-27T04:59:42.305+0000] {processor.py:157} INFO - Started process (PID=265) to work on /opt/airflow/dags/walmart-etl/dags/walmart_etl_dag.py
[2025-05-27T04:59:42.308+0000] {processor.py:829} INFO - Processing file /opt/airflow/dags/walmart-etl/dags/walmart_etl_dag.py for tasks to queue
[2025-05-27T04:59:42.310+0000] {logging_mixin.py:154} INFO - [2025-05-27T04:59:42.310+0000] {dagbag.py:536} INFO - Filling up the DagBag from /opt/airflow/dags/walmart-etl/dags/walmart_etl_dag.py
[2025-05-27T04:59:42.695+0000] {processor.py:839} INFO - DAG(s) dict_keys(['walmart_etl_dag']) retrieved from /opt/airflow/dags/walmart-etl/dags/walmart_etl_dag.py
[2025-05-27T04:59:42.748+0000] {logging_mixin.py:154} INFO - [2025-05-27T04:59:42.748+0000] {dag.py:2941} INFO - Sync 1 DAGs
[2025-05-27T04:59:42.760+0000] {logging_mixin.py:154} INFO - [2025-05-27T04:59:42.760+0000] {dag.py:3722} INFO - Setting next_dagrun for walmart_etl_dag to 2025-05-26T00:00:00+00:00, run_after=2025-05-27T00:00:00+00:00
[2025-05-27T04:59:42.771+0000] {processor.py:179} INFO - Processing /opt/airflow/dags/walmart-etl/dags/walmart_etl_dag.py took 0.480 seconds
[2025-05-27T05:00:13.571+0000] {processor.py:157} INFO - Started process (PID=330) to work on /opt/airflow/dags/walmart-etl/dags/walmart_etl_dag.py
[2025-05-27T05:00:13.572+0000] {processor.py:829} INFO - Processing file /opt/airflow/dags/walmart-etl/dags/walmart_etl_dag.py for tasks to queue
[2025-05-27T05:00:13.574+0000] {logging_mixin.py:154} INFO - [2025-05-27T05:00:13.574+0000] {dagbag.py:536} INFO - Filling up the DagBag from /opt/airflow/dags/walmart-etl/dags/walmart_etl_dag.py
[2025-05-27T05:00:13.834+0000] {processor.py:839} INFO - DAG(s) dict_keys(['walmart_etl_dag']) retrieved from /opt/airflow/dags/walmart-etl/dags/walmart_etl_dag.py
[2025-05-27T05:00:13.849+0000] {logging_mixin.py:154} INFO - [2025-05-27T05:00:13.848+0000] {dag.py:2941} INFO - Sync 1 DAGs
[2025-05-27T05:00:13.862+0000] {logging_mixin.py:154} INFO - [2025-05-27T05:00:13.862+0000] {dag.py:3722} INFO - Setting next_dagrun for walmart_etl_dag to 2025-05-26T00:00:00+00:00, run_after=2025-05-27T00:00:00+00:00
[2025-05-27T05:00:13.870+0000] {processor.py:179} INFO - Processing /opt/airflow/dags/walmart-etl/dags/walmart_etl_dag.py took 0.303 seconds
[2025-05-27T05:00:44.389+0000] {processor.py:157} INFO - Started process (PID=395) to work on /opt/airflow/dags/walmart-etl/dags/walmart_etl_dag.py
[2025-05-27T05:00:44.390+0000] {processor.py:829} INFO - Processing file /opt/airflow/dags/walmart-etl/dags/walmart_etl_dag.py for tasks to queue
[2025-05-27T05:00:44.393+0000] {logging_mixin.py:154} INFO - [2025-05-27T05:00:44.393+0000] {dagbag.py:536} INFO - Filling up the DagBag from /opt/airflow/dags/walmart-etl/dags/walmart_etl_dag.py
[2025-05-27T05:00:44.632+0000] {processor.py:839} INFO - DAG(s) dict_keys(['walmart_etl_dag']) retrieved from /opt/airflow/dags/walmart-etl/dags/walmart_etl_dag.py
[2025-05-27T05:00:44.684+0000] {logging_mixin.py:154} INFO - [2025-05-27T05:00:44.684+0000] {dag.py:2941} INFO - Sync 1 DAGs
[2025-05-27T05:00:44.693+0000] {logging_mixin.py:154} INFO - [2025-05-27T05:00:44.693+0000] {dag.py:3722} INFO - Setting next_dagrun for walmart_etl_dag to 2025-05-26T00:00:00+00:00, run_after=2025-05-27T00:00:00+00:00
[2025-05-27T05:00:44.705+0000] {processor.py:179} INFO - Processing /opt/airflow/dags/walmart-etl/dags/walmart_etl_dag.py took 0.320 seconds
[2025-05-27T05:01:15.402+0000] {processor.py:157} INFO - Started process (PID=460) to work on /opt/airflow/dags/walmart-etl/dags/walmart_etl_dag.py
[2025-05-27T05:01:15.403+0000] {processor.py:829} INFO - Processing file /opt/airflow/dags/walmart-etl/dags/walmart_etl_dag.py for tasks to queue
[2025-05-27T05:01:15.406+0000] {logging_mixin.py:154} INFO - [2025-05-27T05:01:15.406+0000] {dagbag.py:536} INFO - Filling up the DagBag from /opt/airflow/dags/walmart-etl/dags/walmart_etl_dag.py
[2025-05-27T05:01:15.647+0000] {processor.py:839} INFO - DAG(s) dict_keys(['walmart_etl_dag']) retrieved from /opt/airflow/dags/walmart-etl/dags/walmart_etl_dag.py
[2025-05-27T05:01:15.660+0000] {logging_mixin.py:154} INFO - [2025-05-27T05:01:15.659+0000] {dag.py:2941} INFO - Sync 1 DAGs
[2025-05-27T05:01:15.668+0000] {logging_mixin.py:154} INFO - [2025-05-27T05:01:15.668+0000] {dag.py:3722} INFO - Setting next_dagrun for walmart_etl_dag to 2025-05-26T00:00:00+00:00, run_after=2025-05-27T00:00:00+00:00
[2025-05-27T05:01:15.677+0000] {processor.py:179} INFO - Processing /opt/airflow/dags/walmart-etl/dags/walmart_etl_dag.py took 0.278 seconds
[2025-05-27T05:01:45.711+0000] {processor.py:157} INFO - Started process (PID=528) to work on /opt/airflow/dags/walmart-etl/dags/walmart_etl_dag.py
[2025-05-27T05:01:45.712+0000] {processor.py:829} INFO - Processing file /opt/airflow/dags/walmart-etl/dags/walmart_etl_dag.py for tasks to queue
[2025-05-27T05:01:45.713+0000] {logging_mixin.py:154} INFO - [2025-05-27T05:01:45.713+0000] {dagbag.py:536} INFO - Filling up the DagBag from /opt/airflow/dags/walmart-etl/dags/walmart_etl_dag.py
[2025-05-27T05:01:45.932+0000] {processor.py:839} INFO - DAG(s) dict_keys(['walmart_etl_dag']) retrieved from /opt/airflow/dags/walmart-etl/dags/walmart_etl_dag.py
[2025-05-27T05:01:45.973+0000] {logging_mixin.py:154} INFO - [2025-05-27T05:01:45.973+0000] {dag.py:2941} INFO - Sync 1 DAGs
[2025-05-27T05:01:45.981+0000] {logging_mixin.py:154} INFO - [2025-05-27T05:01:45.981+0000] {dag.py:3722} INFO - Setting next_dagrun for walmart_etl_dag to 2025-05-27T00:00:00+00:00, run_after=2025-05-28T00:00:00+00:00
[2025-05-27T05:01:45.989+0000] {processor.py:179} INFO - Processing /opt/airflow/dags/walmart-etl/dags/walmart_etl_dag.py took 0.280 seconds
[2025-05-27T05:02:16.823+0000] {processor.py:157} INFO - Started process (PID=593) to work on /opt/airflow/dags/walmart-etl/dags/walmart_etl_dag.py
[2025-05-27T05:02:16.826+0000] {processor.py:829} INFO - Processing file /opt/airflow/dags/walmart-etl/dags/walmart_etl_dag.py for tasks to queue
[2025-05-27T05:02:16.827+0000] {logging_mixin.py:154} INFO - [2025-05-27T05:02:16.827+0000] {dagbag.py:536} INFO - Filling up the DagBag from /opt/airflow/dags/walmart-etl/dags/walmart_etl_dag.py
[2025-05-27T05:02:17.092+0000] {processor.py:839} INFO - DAG(s) dict_keys(['walmart_etl_dag']) retrieved from /opt/airflow/dags/walmart-etl/dags/walmart_etl_dag.py
[2025-05-27T05:02:17.101+0000] {logging_mixin.py:154} INFO - [2025-05-27T05:02:17.101+0000] {dag.py:2941} INFO - Sync 1 DAGs
[2025-05-27T05:02:17.112+0000] {logging_mixin.py:154} INFO - [2025-05-27T05:02:17.112+0000] {dag.py:3722} INFO - Setting next_dagrun for walmart_etl_dag to 2025-05-27T00:00:00+00:00, run_after=2025-05-28T00:00:00+00:00
[2025-05-27T05:02:17.124+0000] {processor.py:179} INFO - Processing /opt/airflow/dags/walmart-etl/dags/walmart_etl_dag.py took 0.306 seconds
[2025-05-27T05:02:47.725+0000] {processor.py:157} INFO - Started process (PID=658) to work on /opt/airflow/dags/walmart-etl/dags/walmart_etl_dag.py
[2025-05-27T05:02:47.726+0000] {processor.py:829} INFO - Processing file /opt/airflow/dags/walmart-etl/dags/walmart_etl_dag.py for tasks to queue
[2025-05-27T05:02:47.727+0000] {logging_mixin.py:154} INFO - [2025-05-27T05:02:47.727+0000] {dagbag.py:536} INFO - Filling up the DagBag from /opt/airflow/dags/walmart-etl/dags/walmart_etl_dag.py
[2025-05-27T05:02:48.001+0000] {processor.py:839} INFO - DAG(s) dict_keys(['walmart_etl_dag']) retrieved from /opt/airflow/dags/walmart-etl/dags/walmart_etl_dag.py
[2025-05-27T05:02:48.052+0000] {logging_mixin.py:154} INFO - [2025-05-27T05:02:48.051+0000] {dag.py:2941} INFO - Sync 1 DAGs
[2025-05-27T05:02:48.064+0000] {logging_mixin.py:154} INFO - [2025-05-27T05:02:48.064+0000] {dag.py:3722} INFO - Setting next_dagrun for walmart_etl_dag to 2025-05-27T00:00:00+00:00, run_after=2025-05-28T00:00:00+00:00
[2025-05-27T05:02:48.073+0000] {processor.py:179} INFO - Processing /opt/airflow/dags/walmart-etl/dags/walmart_etl_dag.py took 0.352 seconds
[2025-05-27T05:03:18.713+0000] {processor.py:157} INFO - Started process (PID=723) to work on /opt/airflow/dags/walmart-etl/dags/walmart_etl_dag.py
[2025-05-27T05:03:18.714+0000] {processor.py:829} INFO - Processing file /opt/airflow/dags/walmart-etl/dags/walmart_etl_dag.py for tasks to queue
[2025-05-27T05:03:18.715+0000] {logging_mixin.py:154} INFO - [2025-05-27T05:03:18.715+0000] {dagbag.py:536} INFO - Filling up the DagBag from /opt/airflow/dags/walmart-etl/dags/walmart_etl_dag.py
[2025-05-27T05:03:19.020+0000] {processor.py:839} INFO - DAG(s) dict_keys(['walmart_etl_dag']) retrieved from /opt/airflow/dags/walmart-etl/dags/walmart_etl_dag.py
[2025-05-27T05:03:19.031+0000] {logging_mixin.py:154} INFO - [2025-05-27T05:03:19.031+0000] {dag.py:2941} INFO - Sync 1 DAGs
[2025-05-27T05:03:19.042+0000] {logging_mixin.py:154} INFO - [2025-05-27T05:03:19.041+0000] {dag.py:3722} INFO - Setting next_dagrun for walmart_etl_dag to 2025-05-27T00:00:00+00:00, run_after=2025-05-28T00:00:00+00:00
[2025-05-27T05:03:19.050+0000] {processor.py:179} INFO - Processing /opt/airflow/dags/walmart-etl/dags/walmart_etl_dag.py took 0.340 seconds
[2025-05-27T05:03:50.009+0000] {processor.py:157} INFO - Started process (PID=790) to work on /opt/airflow/dags/walmart-etl/dags/walmart_etl_dag.py
[2025-05-27T05:03:50.010+0000] {processor.py:829} INFO - Processing file /opt/airflow/dags/walmart-etl/dags/walmart_etl_dag.py for tasks to queue
[2025-05-27T05:03:50.011+0000] {logging_mixin.py:154} INFO - [2025-05-27T05:03:50.011+0000] {dagbag.py:536} INFO - Filling up the DagBag from /opt/airflow/dags/walmart-etl/dags/walmart_etl_dag.py
[2025-05-27T05:03:50.266+0000] {processor.py:839} INFO - DAG(s) dict_keys(['walmart_etl_dag']) retrieved from /opt/airflow/dags/walmart-etl/dags/walmart_etl_dag.py
[2025-05-27T05:03:50.314+0000] {logging_mixin.py:154} INFO - [2025-05-27T05:03:50.314+0000] {dag.py:2941} INFO - Sync 1 DAGs
[2025-05-27T05:03:50.324+0000] {logging_mixin.py:154} INFO - [2025-05-27T05:03:50.323+0000] {dag.py:3722} INFO - Setting next_dagrun for walmart_etl_dag to 2025-05-27T00:00:00+00:00, run_after=2025-05-28T00:00:00+00:00
[2025-05-27T05:03:50.336+0000] {processor.py:179} INFO - Processing /opt/airflow/dags/walmart-etl/dags/walmart_etl_dag.py took 0.330 seconds
[2025-05-27T05:04:20.944+0000] {processor.py:157} INFO - Started process (PID=857) to work on /opt/airflow/dags/walmart-etl/dags/walmart_etl_dag.py
[2025-05-27T05:04:20.945+0000] {processor.py:829} INFO - Processing file /opt/airflow/dags/walmart-etl/dags/walmart_etl_dag.py for tasks to queue
[2025-05-27T05:04:20.947+0000] {logging_mixin.py:154} INFO - [2025-05-27T05:04:20.947+0000] {dagbag.py:536} INFO - Filling up the DagBag from /opt/airflow/dags/walmart-etl/dags/walmart_etl_dag.py
[2025-05-27T05:04:21.219+0000] {processor.py:839} INFO - DAG(s) dict_keys(['walmart_etl_dag']) retrieved from /opt/airflow/dags/walmart-etl/dags/walmart_etl_dag.py
[2025-05-27T05:04:21.225+0000] {logging_mixin.py:154} INFO - [2025-05-27T05:04:21.225+0000] {dag.py:2941} INFO - Sync 1 DAGs
[2025-05-27T05:04:21.236+0000] {logging_mixin.py:154} INFO - [2025-05-27T05:04:21.236+0000] {dag.py:3722} INFO - Setting next_dagrun for walmart_etl_dag to 2025-05-27T00:00:00+00:00, run_after=2025-05-28T00:00:00+00:00
[2025-05-27T05:04:21.248+0000] {processor.py:179} INFO - Processing /opt/airflow/dags/walmart-etl/dags/walmart_etl_dag.py took 0.307 seconds
[2025-05-27T05:04:51.720+0000] {processor.py:157} INFO - Started process (PID=921) to work on /opt/airflow/dags/walmart-etl/dags/walmart_etl_dag.py
[2025-05-27T05:04:51.721+0000] {processor.py:829} INFO - Processing file /opt/airflow/dags/walmart-etl/dags/walmart_etl_dag.py for tasks to queue
[2025-05-27T05:04:51.723+0000] {logging_mixin.py:154} INFO - [2025-05-27T05:04:51.723+0000] {dagbag.py:536} INFO - Filling up the DagBag from /opt/airflow/dags/walmart-etl/dags/walmart_etl_dag.py
[2025-05-27T05:04:51.993+0000] {processor.py:839} INFO - DAG(s) dict_keys(['walmart_etl_dag']) retrieved from /opt/airflow/dags/walmart-etl/dags/walmart_etl_dag.py
[2025-05-27T05:04:52.075+0000] {logging_mixin.py:154} INFO - [2025-05-27T05:04:52.075+0000] {dag.py:2941} INFO - Sync 1 DAGs
[2025-05-27T05:04:52.089+0000] {logging_mixin.py:154} INFO - [2025-05-27T05:04:52.089+0000] {dag.py:3722} INFO - Setting next_dagrun for walmart_etl_dag to 2025-05-27T00:00:00+00:00, run_after=2025-05-28T00:00:00+00:00
[2025-05-27T05:04:52.102+0000] {processor.py:179} INFO - Processing /opt/airflow/dags/walmart-etl/dags/walmart_etl_dag.py took 0.384 seconds
[2025-05-27T05:05:22.822+0000] {processor.py:157} INFO - Started process (PID=985) to work on /opt/airflow/dags/walmart-etl/dags/walmart_etl_dag.py
[2025-05-27T05:05:22.823+0000] {processor.py:829} INFO - Processing file /opt/airflow/dags/walmart-etl/dags/walmart_etl_dag.py for tasks to queue
[2025-05-27T05:05:22.824+0000] {logging_mixin.py:154} INFO - [2025-05-27T05:05:22.824+0000] {dagbag.py:536} INFO - Filling up the DagBag from /opt/airflow/dags/walmart-etl/dags/walmart_etl_dag.py
[2025-05-27T05:05:23.105+0000] {processor.py:839} INFO - DAG(s) dict_keys(['walmart_etl_dag']) retrieved from /opt/airflow/dags/walmart-etl/dags/walmart_etl_dag.py
[2025-05-27T05:05:23.121+0000] {logging_mixin.py:154} INFO - [2025-05-27T05:05:23.121+0000] {dag.py:2941} INFO - Sync 1 DAGs
[2025-05-27T05:05:23.144+0000] {logging_mixin.py:154} INFO - [2025-05-27T05:05:23.144+0000] {dag.py:3722} INFO - Setting next_dagrun for walmart_etl_dag to 2025-05-27T00:00:00+00:00, run_after=2025-05-28T00:00:00+00:00
[2025-05-27T05:05:23.158+0000] {processor.py:179} INFO - Processing /opt/airflow/dags/walmart-etl/dags/walmart_etl_dag.py took 0.338 seconds
[2025-05-27T05:05:53.777+0000] {processor.py:157} INFO - Started process (PID=1050) to work on /opt/airflow/dags/walmart-etl/dags/walmart_etl_dag.py
[2025-05-27T05:05:53.777+0000] {processor.py:829} INFO - Processing file /opt/airflow/dags/walmart-etl/dags/walmart_etl_dag.py for tasks to queue
[2025-05-27T05:05:53.779+0000] {logging_mixin.py:154} INFO - [2025-05-27T05:05:53.779+0000] {dagbag.py:536} INFO - Filling up the DagBag from /opt/airflow/dags/walmart-etl/dags/walmart_etl_dag.py
[2025-05-27T05:05:54.030+0000] {processor.py:839} INFO - DAG(s) dict_keys(['walmart_etl_dag']) retrieved from /opt/airflow/dags/walmart-etl/dags/walmart_etl_dag.py
[2025-05-27T05:05:54.079+0000] {logging_mixin.py:154} INFO - [2025-05-27T05:05:54.079+0000] {dag.py:2941} INFO - Sync 1 DAGs
[2025-05-27T05:05:54.097+0000] {logging_mixin.py:154} INFO - [2025-05-27T05:05:54.097+0000] {dag.py:3722} INFO - Setting next_dagrun for walmart_etl_dag to 2025-05-27T00:00:00+00:00, run_after=2025-05-28T00:00:00+00:00
[2025-05-27T05:05:54.110+0000] {processor.py:179} INFO - Processing /opt/airflow/dags/walmart-etl/dags/walmart_etl_dag.py took 0.335 seconds
[2025-05-27T05:06:25.388+0000] {processor.py:157} INFO - Started process (PID=1118) to work on /opt/airflow/dags/walmart-etl/dags/walmart_etl_dag.py
[2025-05-27T05:06:25.391+0000] {processor.py:829} INFO - Processing file /opt/airflow/dags/walmart-etl/dags/walmart_etl_dag.py for tasks to queue
[2025-05-27T05:06:25.406+0000] {logging_mixin.py:154} INFO - [2025-05-27T05:06:25.404+0000] {dagbag.py:536} INFO - Filling up the DagBag from /opt/airflow/dags/walmart-etl/dags/walmart_etl_dag.py
[2025-05-27T05:06:25.915+0000] {processor.py:839} INFO - DAG(s) dict_keys(['walmart_etl_dag']) retrieved from /opt/airflow/dags/walmart-etl/dags/walmart_etl_dag.py
[2025-05-27T05:06:25.942+0000] {logging_mixin.py:154} INFO - [2025-05-27T05:06:25.942+0000] {dag.py:2941} INFO - Sync 1 DAGs
[2025-05-27T05:06:25.959+0000] {logging_mixin.py:154} INFO - [2025-05-27T05:06:25.959+0000] {dag.py:3722} INFO - Setting next_dagrun for walmart_etl_dag to 2025-05-27T00:00:00+00:00, run_after=2025-05-28T00:00:00+00:00
[2025-05-27T05:06:25.974+0000] {processor.py:179} INFO - Processing /opt/airflow/dags/walmart-etl/dags/walmart_etl_dag.py took 0.608 seconds
[2025-05-27T05:06:56.507+0000] {processor.py:157} INFO - Started process (PID=1183) to work on /opt/airflow/dags/walmart-etl/dags/walmart_etl_dag.py
[2025-05-27T05:06:56.507+0000] {processor.py:829} INFO - Processing file /opt/airflow/dags/walmart-etl/dags/walmart_etl_dag.py for tasks to queue
[2025-05-27T05:06:56.509+0000] {logging_mixin.py:154} INFO - [2025-05-27T05:06:56.509+0000] {dagbag.py:536} INFO - Filling up the DagBag from /opt/airflow/dags/walmart-etl/dags/walmart_etl_dag.py
[2025-05-27T05:06:56.815+0000] {processor.py:839} INFO - DAG(s) dict_keys(['walmart_etl_dag']) retrieved from /opt/airflow/dags/walmart-etl/dags/walmart_etl_dag.py
[2025-05-27T05:06:56.893+0000] {logging_mixin.py:154} INFO - [2025-05-27T05:06:56.893+0000] {dag.py:2941} INFO - Sync 1 DAGs
[2025-05-27T05:06:56.909+0000] {logging_mixin.py:154} INFO - [2025-05-27T05:06:56.909+0000] {dag.py:3722} INFO - Setting next_dagrun for walmart_etl_dag to 2025-05-27T00:00:00+00:00, run_after=2025-05-28T00:00:00+00:00
[2025-05-27T05:06:56.922+0000] {processor.py:179} INFO - Processing /opt/airflow/dags/walmart-etl/dags/walmart_etl_dag.py took 0.418 seconds
[2025-05-27T05:07:27.710+0000] {processor.py:157} INFO - Started process (PID=1248) to work on /opt/airflow/dags/walmart-etl/dags/walmart_etl_dag.py
[2025-05-27T05:07:27.712+0000] {processor.py:829} INFO - Processing file /opt/airflow/dags/walmart-etl/dags/walmart_etl_dag.py for tasks to queue
[2025-05-27T05:07:27.713+0000] {logging_mixin.py:154} INFO - [2025-05-27T05:07:27.713+0000] {dagbag.py:536} INFO - Filling up the DagBag from /opt/airflow/dags/walmart-etl/dags/walmart_etl_dag.py
[2025-05-27T05:07:28.009+0000] {processor.py:839} INFO - DAG(s) dict_keys(['walmart_etl_dag']) retrieved from /opt/airflow/dags/walmart-etl/dags/walmart_etl_dag.py
[2025-05-27T05:07:28.020+0000] {logging_mixin.py:154} INFO - [2025-05-27T05:07:28.020+0000] {dag.py:2941} INFO - Sync 1 DAGs
[2025-05-27T05:07:28.040+0000] {logging_mixin.py:154} INFO - [2025-05-27T05:07:28.040+0000] {dag.py:3722} INFO - Setting next_dagrun for walmart_etl_dag to 2025-05-27T00:00:00+00:00, run_after=2025-05-28T00:00:00+00:00
[2025-05-27T05:07:28.052+0000] {processor.py:179} INFO - Processing /opt/airflow/dags/walmart-etl/dags/walmart_etl_dag.py took 0.344 seconds
[2025-05-27T05:07:58.901+0000] {processor.py:157} INFO - Started process (PID=1313) to work on /opt/airflow/dags/walmart-etl/dags/walmart_etl_dag.py
[2025-05-27T05:07:58.902+0000] {processor.py:829} INFO - Processing file /opt/airflow/dags/walmart-etl/dags/walmart_etl_dag.py for tasks to queue
[2025-05-27T05:07:58.903+0000] {logging_mixin.py:154} INFO - [2025-05-27T05:07:58.903+0000] {dagbag.py:536} INFO - Filling up the DagBag from /opt/airflow/dags/walmart-etl/dags/walmart_etl_dag.py
[2025-05-27T05:07:59.150+0000] {processor.py:839} INFO - DAG(s) dict_keys(['walmart_etl_dag']) retrieved from /opt/airflow/dags/walmart-etl/dags/walmart_etl_dag.py
[2025-05-27T05:07:59.200+0000] {logging_mixin.py:154} INFO - [2025-05-27T05:07:59.200+0000] {dag.py:2941} INFO - Sync 1 DAGs
[2025-05-27T05:07:59.214+0000] {logging_mixin.py:154} INFO - [2025-05-27T05:07:59.214+0000] {dag.py:3722} INFO - Setting next_dagrun for walmart_etl_dag to 2025-05-27T00:00:00+00:00, run_after=2025-05-28T00:00:00+00:00
[2025-05-27T05:07:59.230+0000] {processor.py:179} INFO - Processing /opt/airflow/dags/walmart-etl/dags/walmart_etl_dag.py took 0.331 seconds
[2025-05-27T05:08:29.830+0000] {processor.py:157} INFO - Started process (PID=1379) to work on /opt/airflow/dags/walmart-etl/dags/walmart_etl_dag.py
[2025-05-27T05:08:29.830+0000] {processor.py:829} INFO - Processing file /opt/airflow/dags/walmart-etl/dags/walmart_etl_dag.py for tasks to queue
[2025-05-27T05:08:29.831+0000] {logging_mixin.py:154} INFO - [2025-05-27T05:08:29.831+0000] {dagbag.py:536} INFO - Filling up the DagBag from /opt/airflow/dags/walmart-etl/dags/walmart_etl_dag.py
[2025-05-27T05:08:30.070+0000] {processor.py:839} INFO - DAG(s) dict_keys(['walmart_etl_dag']) retrieved from /opt/airflow/dags/walmart-etl/dags/walmart_etl_dag.py
[2025-05-27T05:08:30.081+0000] {logging_mixin.py:154} INFO - [2025-05-27T05:08:30.081+0000] {dag.py:2941} INFO - Sync 1 DAGs
[2025-05-27T05:08:30.091+0000] {logging_mixin.py:154} INFO - [2025-05-27T05:08:30.091+0000] {dag.py:3722} INFO - Setting next_dagrun for walmart_etl_dag to 2025-05-27T00:00:00+00:00, run_after=2025-05-28T00:00:00+00:00
[2025-05-27T05:08:30.104+0000] {processor.py:179} INFO - Processing /opt/airflow/dags/walmart-etl/dags/walmart_etl_dag.py took 0.277 seconds
[2025-05-27T05:09:00.506+0000] {processor.py:157} INFO - Started process (PID=1443) to work on /opt/airflow/dags/walmart-etl/dags/walmart_etl_dag.py
[2025-05-27T05:09:00.507+0000] {processor.py:829} INFO - Processing file /opt/airflow/dags/walmart-etl/dags/walmart_etl_dag.py for tasks to queue
[2025-05-27T05:09:00.508+0000] {logging_mixin.py:154} INFO - [2025-05-27T05:09:00.508+0000] {dagbag.py:536} INFO - Filling up the DagBag from /opt/airflow/dags/walmart-etl/dags/walmart_etl_dag.py
[2025-05-27T05:09:00.756+0000] {processor.py:839} INFO - DAG(s) dict_keys(['walmart_etl_dag']) retrieved from /opt/airflow/dags/walmart-etl/dags/walmart_etl_dag.py
[2025-05-27T05:09:00.815+0000] {logging_mixin.py:154} INFO - [2025-05-27T05:09:00.815+0000] {dag.py:2941} INFO - Sync 1 DAGs
[2025-05-27T05:09:00.825+0000] {logging_mixin.py:154} INFO - [2025-05-27T05:09:00.825+0000] {dag.py:3722} INFO - Setting next_dagrun for walmart_etl_dag to 2025-05-27T00:00:00+00:00, run_after=2025-05-28T00:00:00+00:00
[2025-05-27T05:09:00.837+0000] {processor.py:179} INFO - Processing /opt/airflow/dags/walmart-etl/dags/walmart_etl_dag.py took 0.333 seconds
