[2025-05-27T22:23:17.932+0000] {taskinstance.py:1159} INFO - Dependencies all met for dep_context=non-requeueable deps ti=<TaskInstance: synthetic_data_generation.generate_supplier_data manual__2025-05-27T22:23:16.145066+00:00 [queued]>
[2025-05-27T22:23:17.939+0000] {taskinstance.py:1159} INFO - Dependencies all met for dep_context=requeueable deps ti=<TaskInstance: synthetic_data_generation.generate_supplier_data manual__2025-05-27T22:23:16.145066+00:00 [queued]>
[2025-05-27T22:23:17.941+0000] {taskinstance.py:1361} INFO - Starting attempt 1 of 2
[2025-05-27T22:23:17.951+0000] {taskinstance.py:1382} INFO - Executing <Task(PythonOperator): generate_supplier_data> on 2025-05-27 22:23:16.145066+00:00
[2025-05-27T22:23:17.961+0000] {standard_task_runner.py:57} INFO - Started process 133 to run task
[2025-05-27T22:23:17.964+0000] {standard_task_runner.py:84} INFO - Running: ['***', 'tasks', 'run', 'synthetic_data_generation', 'generate_supplier_data', 'manual__2025-05-27T22:23:16.145066+00:00', '--job-id', '469', '--raw', '--subdir', 'DAGS_FOLDER/synthetic_data_dag.py', '--cfg-path', '/tmp/tmpua623lei']
[2025-05-27T22:23:17.967+0000] {standard_task_runner.py:85} INFO - Job 469: Subtask generate_supplier_data
[2025-05-27T22:23:18.001+0000] {task_command.py:416} INFO - Running <TaskInstance: synthetic_data_generation.generate_supplier_data manual__2025-05-27T22:23:16.145066+00:00 [running]> on host 096aa9233816
[2025-05-27T22:23:18.534+0000] {taskinstance.py:1662} INFO - Exporting env vars: AIRFLOW_CTX_DAG_OWNER='***' AIRFLOW_CTX_DAG_ID='synthetic_data_generation' AIRFLOW_CTX_TASK_ID='generate_supplier_data' AIRFLOW_CTX_EXECUTION_DATE='2025-05-27T22:23:16.145066+00:00' AIRFLOW_CTX_TRY_NUMBER='1' AIRFLOW_CTX_DAG_RUN_ID='manual__2025-05-27T22:23:16.145066+00:00'
[2025-05-27T22:23:18.537+0000] {logging_mixin.py:154} INFO - Generating supplier data...
[2025-05-27T22:23:18.600+0000] {logging_mixin.py:154} INFO - Loaded 50 supplier records to ods_supplier
[2025-05-27T22:23:18.602+0000] {python.py:194} INFO - Done. Returned value was:              supplier_id  ...             load_timestamp
0   5ade72de-5423-480d-8  ... 2025-05-27 22:23:18.555341
1   aae961fe-ad5a-4301-b  ... 2025-05-27 22:23:18.555370
2   10f16a63-903b-41d4-b  ... 2025-05-27 22:23:18.555384
3   82572ba8-cebf-446f-a  ... 2025-05-27 22:23:18.555400
4   de4a6de8-a0c3-48b7-9  ... 2025-05-27 22:23:18.555414
5   d893ea43-001a-49d0-8  ... 2025-05-27 22:23:18.555426
6   ad6a6676-c70d-474f-b  ... 2025-05-27 22:23:18.555441
7   bd5e666e-e377-4d84-9  ... 2025-05-27 22:23:18.555453
8   266e7c05-8f03-4399-a  ... 2025-05-27 22:23:18.555463
9   e5065318-5dbd-480e-8  ... 2025-05-27 22:23:18.555474
10  1c3fbf1d-d257-48c9-9  ... 2025-05-27 22:23:18.555488
11  b413e032-315b-4e3a-b  ... 2025-05-27 22:23:18.555501
12  fd36f5cc-6d17-41a7-a  ... 2025-05-27 22:23:18.555512
13  9df7810d-ab3d-40ba-8  ... 2025-05-27 22:23:18.555525
14  35cb391f-cb29-4f85-8  ... 2025-05-27 22:23:18.555541
15  6c904ed4-4c1a-43ec-9  ... 2025-05-27 22:23:18.555551
16  97191304-d2aa-463b-8  ... 2025-05-27 22:23:18.555562
17  783b30e7-3b90-465b-8  ... 2025-05-27 22:23:18.555579
18  4c359824-cccd-4539-b  ... 2025-05-27 22:23:18.555593
19  c5fd1840-e1cd-40ec-a  ... 2025-05-27 22:23:18.555613
20  3c88d579-e6dd-4e99-a  ... 2025-05-27 22:23:18.555631
21  dbba4a01-1c94-4fc8-a  ... 2025-05-27 22:23:18.555648
22  60f52d77-4b81-49fe-a  ... 2025-05-27 22:23:18.555662
23  33aff526-63f7-41fa-b  ... 2025-05-27 22:23:18.555675
24  2992764b-5eea-4b17-a  ... 2025-05-27 22:23:18.555685
25  b38c0369-943d-4bf3-8  ... 2025-05-27 22:23:18.555695
26  b353d4c2-a89f-4b93-9  ... 2025-05-27 22:23:18.555708
27  863cd7eb-445b-411a-9  ... 2025-05-27 22:23:18.555721
28  dcc220c7-3653-42fc-9  ... 2025-05-27 22:23:18.555740
29  e81e359e-5e9e-4c43-a  ... 2025-05-27 22:23:18.555754
30  4e6d5237-9266-42ff-a  ... 2025-05-27 22:23:18.555768
31  50845fce-498f-48a8-9  ... 2025-05-27 22:23:18.555778
32  457a3e90-6a7c-4188-a  ... 2025-05-27 22:23:18.555790
33  79d325df-d8d8-463e-9  ... 2025-05-27 22:23:18.555805
34  14c72dc5-3c6f-4d65-9  ... 2025-05-27 22:23:18.555818
35  1da7d394-be56-4563-8  ... 2025-05-27 22:23:18.555829
36  95c39d36-2327-4aa0-9  ... 2025-05-27 22:23:18.555849
37  e7c129be-8f3d-42ea-b  ... 2025-05-27 22:23:18.555863
38  8672b1ca-fb6a-4de1-9  ... 2025-05-27 22:23:18.555875
39  bc6c9c0c-474b-4523-b  ... 2025-05-27 22:23:18.555885
40  46e2efa1-dd66-45e6-b  ... 2025-05-27 22:23:18.555894
41  ed6cf5f7-f9fa-467c-b  ... 2025-05-27 22:23:18.555905
42  c4e3994d-af09-4752-a  ... 2025-05-27 22:23:18.555915
43  53c4df73-56f8-41e8-8  ... 2025-05-27 22:23:18.555926
44  635fe885-1345-43fc-b  ... 2025-05-27 22:23:18.555936
45  9d14519f-5ec5-4258-b  ... 2025-05-27 22:23:18.555945
46  03e6cded-627c-4edf-a  ... 2025-05-27 22:23:18.555955
47  f0ebbc60-29c8-4459-8  ... 2025-05-27 22:23:18.555966
48  6d4d93a9-31c9-4b09-a  ... 2025-05-27 22:23:18.555976
49  6b5551f3-81d1-4053-8  ... 2025-05-27 22:23:18.555986

[50 rows x 12 columns]
[2025-05-27T22:23:18.778+0000] {taskinstance.py:1400} INFO - Marking task as SUCCESS. dag_id=synthetic_data_generation, task_id=generate_supplier_data, execution_date=20250527T222316, start_date=20250527T222317, end_date=20250527T222318
[2025-05-27T22:23:18.862+0000] {local_task_job_runner.py:228} INFO - Task exited with return code 0
[2025-05-27T22:23:18.920+0000] {taskinstance.py:2778} INFO - 1 downstream tasks scheduled from follow-on schedule check
