[2025-05-27T18:48:53.641+0000] {taskinstance.py:1159} INFO - Dependencies all met for dep_context=non-requeueable deps ti=<TaskInstance: walmart_etl_dag.load_to_ods manual__2025-05-27T18:48:51+00:00 [queued]>
[2025-05-27T18:48:53.645+0000] {taskinstance.py:1159} INFO - Dependencies all met for dep_context=requeueable deps ti=<TaskInstance: walmart_etl_dag.load_to_ods manual__2025-05-27T18:48:51+00:00 [queued]>
[2025-05-27T18:48:53.646+0000] {taskinstance.py:1361} INFO - Starting attempt 1 of 2
[2025-05-27T18:48:53.652+0000] {taskinstance.py:1382} INFO - Executing <Task(PythonOperator): load_to_ods> on 2025-05-27 18:48:51+00:00
[2025-05-27T18:48:53.657+0000] {standard_task_runner.py:57} INFO - Started process 579 to run task
[2025-05-27T18:48:53.659+0000] {standard_task_runner.py:84} INFO - Running: ['***', 'tasks', 'run', 'walmart_etl_dag', 'load_to_ods', 'manual__2025-05-27T18:48:51+00:00', '--job-id', '250', '--raw', '--subdir', 'DAGS_FOLDER/walmart_etl_dag.py', '--cfg-path', '/tmp/tmpx_zm8nsu']
[2025-05-27T18:48:53.660+0000] {standard_task_runner.py:85} INFO - Job 250: Subtask load_to_ods
[2025-05-27T18:48:53.681+0000] {task_command.py:416} INFO - Running <TaskInstance: walmart_etl_dag.load_to_ods manual__2025-05-27T18:48:51+00:00 [running]> on host d80f98a6628f
[2025-05-27T18:48:53.836+0000] {taskinstance.py:1662} INFO - Exporting env vars: AIRFLOW_CTX_DAG_OWNER='***' AIRFLOW_CTX_DAG_ID='walmart_etl_dag' AIRFLOW_CTX_TASK_ID='load_to_ods' AIRFLOW_CTX_EXECUTION_DATE='2025-05-27T18:48:51+00:00' AIRFLOW_CTX_TRY_NUMBER='1' AIRFLOW_CTX_DAG_RUN_ID='manual__2025-05-27T18:48:51+00:00'
[2025-05-27T18:48:53.899+0000] {logging_mixin.py:154} INFO - Loaded 8399 rows from CSV file.
[2025-05-27T18:48:54.140+0000] {logging_mixin.py:154} INFO - Loaded 1459 records into ods_date.
[2025-05-27T18:48:54.633+0000] {logging_mixin.py:154} INFO - Loaded 3011 records into ods_customer.
[2025-05-27T18:48:54.845+0000] {logging_mixin.py:154} INFO - Loaded 1314 records into ods_product.
[2025-05-27T18:48:55.102+0000] {logging_mixin.py:154} INFO - Loaded 1636 records into ods_store.
[2025-05-27T18:48:57.136+0000] {logging_mixin.py:154} INFO - Loaded 8399 records into ods_sales.
[2025-05-27T18:48:57.149+0000] {logging_mixin.py:154} INFO - ODS layer loading completed.
[2025-05-27T18:48:57.151+0000] {python.py:194} INFO - Done. Returned value was: ODS layer loading completed
[2025-05-27T18:48:57.195+0000] {taskinstance.py:1400} INFO - Marking task as SUCCESS. dag_id=walmart_etl_dag, task_id=load_to_ods, execution_date=20250527T184851, start_date=20250527T184853, end_date=20250527T184857
[2025-05-27T18:48:57.244+0000] {local_task_job_runner.py:228} INFO - Task exited with return code 0
[2025-05-27T18:48:57.299+0000] {taskinstance.py:2778} INFO - 1 downstream tasks scheduled from follow-on schedule check
