[2025-05-28T03:32:35.666+0000] {taskinstance.py:1159} INFO - Dependencies all met for dep_context=non-requeueable deps ti=<TaskInstance: walmart_etl_dag.load_to_target manual__2025-05-28T03:32:30.413039+00:00 [queued]>
[2025-05-28T03:32:35.671+0000] {taskinstance.py:1159} INFO - Dependencies all met for dep_context=requeueable deps ti=<TaskInstance: walmart_etl_dag.load_to_target manual__2025-05-28T03:32:30.413039+00:00 [queued]>
[2025-05-28T03:32:35.671+0000] {taskinstance.py:1361} INFO - Starting attempt 1 of 2
[2025-05-28T03:32:35.678+0000] {taskinstance.py:1382} INFO - Executing <Task(PythonOperator): load_to_target> on 2025-05-28 03:32:30.413039+00:00
[2025-05-28T03:32:35.681+0000] {standard_task_runner.py:57} INFO - Started process 82 to run task
[2025-05-28T03:32:35.684+0000] {standard_task_runner.py:84} INFO - Running: ['***', 'tasks', 'run', 'walmart_etl_dag', 'load_to_target', 'manual__2025-05-28T03:32:30.413039+00:00', '--job-id', '490', '--raw', '--subdir', 'DAGS_FOLDER/walmart_etl_dag.py', '--cfg-path', '/tmp/tmpc0bry8s2']
[2025-05-28T03:32:35.686+0000] {standard_task_runner.py:85} INFO - Job 490: Subtask load_to_target
[2025-05-28T03:32:35.708+0000] {task_command.py:416} INFO - Running <TaskInstance: walmart_etl_dag.load_to_target manual__2025-05-28T03:32:30.413039+00:00 [running]> on host 354d556ca6f7
[2025-05-28T03:32:35.859+0000] {taskinstance.py:1662} INFO - Exporting env vars: AIRFLOW_CTX_DAG_OWNER='***' AIRFLOW_CTX_DAG_ID='walmart_etl_dag' AIRFLOW_CTX_TASK_ID='load_to_target' AIRFLOW_CTX_EXECUTION_DATE='2025-05-28T03:32:30.413039+00:00' AIRFLOW_CTX_TRY_NUMBER='1' AIRFLOW_CTX_DAG_RUN_ID='manual__2025-05-28T03:32:30.413039+00:00'
[2025-05-28T03:32:35.867+0000] {logging_mixin.py:154} INFO - Starting load to target layer for batch BATCH_20250528033234...
[2025-05-28T03:32:35.870+0000] {logging_mixin.py:154} INFO - Ensuring all required dates are in the date dimension...
[2025-05-28T03:32:35.878+0000] {logging_mixin.py:154} INFO - Loading date dimension to target...
[2025-05-28T03:32:35.890+0000] {logging_mixin.py:154} INFO - Loading customer dimension to target...
[2025-05-28T03:32:35.933+0000] {logging_mixin.py:154} INFO - Loading supplier dimension to target...
[2025-05-28T03:32:35.947+0000] {logging_mixin.py:154} INFO - Loading return reason dimension to target...
[2025-05-28T03:32:35.953+0000] {logging_mixin.py:154} INFO - Loading product dimension to target with SCD Type 2...
[2025-05-28T03:32:35.990+0000] {logging_mixin.py:154} INFO - Loading store dimension to target with SCD Type 2...
[2025-05-28T03:32:36.036+0000] {logging_mixin.py:154} INFO - Loading sales fact to target...
[2025-05-28T03:32:36.121+0000] {logging_mixin.py:154} INFO - Loading inventory fact to target...
[2025-05-28T03:32:36.129+0000] {logging_mixin.py:154} INFO - Loading returns fact to target...
[2025-05-28T03:32:36.132+0000] {logging_mixin.py:154} INFO - Target layer loading completed successfully.
[2025-05-28T03:32:36.132+0000] {logging_mixin.py:154} INFO - Batch ID: BATCH_20250528033234
[2025-05-28T03:32:36.132+0000] {logging_mixin.py:154} INFO - Data loaded to target layer with batch ID: BATCH_20250528033234
[2025-05-28T03:32:36.132+0000] {python.py:194} INFO - Done. Returned value was: Target layer loading completed
[2025-05-28T03:32:36.144+0000] {taskinstance.py:1400} INFO - Marking task as SUCCESS. dag_id=walmart_etl_dag, task_id=load_to_target, execution_date=20250528T033230, start_date=20250528T033235, end_date=20250528T033236
[2025-05-28T03:32:36.162+0000] {local_task_job_runner.py:228} INFO - Task exited with return code 0
[2025-05-28T03:32:36.176+0000] {taskinstance.py:2778} INFO - 1 downstream tasks scheduled from follow-on schedule check
