[2025-05-27T08:23:18.254+0000] {taskinstance.py:1159} INFO - Dependencies all met for dep_context=non-requeueable deps ti=<TaskInstance: walmart_etl_dag.transform_to_staging manual__2025-05-27T08:23:12.641255+00:00 [queued]>
[2025-05-27T08:23:18.258+0000] {taskinstance.py:1159} INFO - Dependencies all met for dep_context=requeueable deps ti=<TaskInstance: walmart_etl_dag.transform_to_staging manual__2025-05-27T08:23:12.641255+00:00 [queued]>
[2025-05-27T08:23:18.259+0000] {taskinstance.py:1361} INFO - Starting attempt 1 of 2
[2025-05-27T08:23:18.264+0000] {taskinstance.py:1382} INFO - Executing <Task(PythonOperator): transform_to_staging> on 2025-05-27 08:23:12.641255+00:00
[2025-05-27T08:23:18.268+0000] {standard_task_runner.py:57} INFO - Started process 109 to run task
[2025-05-27T08:23:18.270+0000] {standard_task_runner.py:84} INFO - Running: ['***', 'tasks', 'run', 'walmart_etl_dag', 'transform_to_staging', 'manual__2025-05-27T08:23:12.641255+00:00', '--job-id', '109', '--raw', '--subdir', 'DAGS_FOLDER/walmart_etl_dag.py', '--cfg-path', '/tmp/tmprj8efbsm']
[2025-05-27T08:23:18.272+0000] {standard_task_runner.py:85} INFO - Job 109: Subtask transform_to_staging
[2025-05-27T08:23:18.301+0000] {task_command.py:416} INFO - Running <TaskInstance: walmart_etl_dag.transform_to_staging manual__2025-05-27T08:23:12.641255+00:00 [running]> on host 88597be0879c
[2025-05-27T08:23:18.518+0000] {taskinstance.py:1662} INFO - Exporting env vars: AIRFLOW_CTX_DAG_OWNER='***' AIRFLOW_CTX_DAG_ID='walmart_etl_dag' AIRFLOW_CTX_TASK_ID='transform_to_staging' AIRFLOW_CTX_EXECUTION_DATE='2025-05-27T08:23:12.641255+00:00' AIRFLOW_CTX_TRY_NUMBER='1' AIRFLOW_CTX_DAG_RUN_ID='manual__2025-05-27T08:23:12.641255+00:00'
[2025-05-27T08:23:18.520+0000] {logging_mixin.py:154} INFO - Starting transformation from ODS to staging layer...
[2025-05-27T08:23:18.525+0000] {logging_mixin.py:154} INFO - Transforming date dimension...
[2025-05-27T08:23:18.533+0000] {logging_mixin.py:154} INFO - Transforming customer dimension...
[2025-05-27T08:23:18.539+0000] {logging_mixin.py:154} INFO - Creating product category to supplier mapping...
[2025-05-27T08:23:18.541+0000] {logging_mixin.py:154} INFO - Transforming product dimension...
[2025-05-27T08:23:18.553+0000] {logging_mixin.py:154} INFO - Transforming store dimension...
[2025-05-27T08:23:18.562+0000] {logging_mixin.py:154} INFO - Transforming sales fact...
[2025-05-27T08:23:18.681+0000] {logging_mixin.py:154} INFO - Staging layer transformation completed successfully.
[2025-05-27T08:23:18.681+0000] {logging_mixin.py:154} INFO - Batch ID: BATCH_20250527082318
[2025-05-27T08:23:18.681+0000] {python.py:194} INFO - Done. Returned value was: BATCH_20250527082318
[2025-05-27T08:23:18.695+0000] {taskinstance.py:1400} INFO - Marking task as SUCCESS. dag_id=walmart_etl_dag, task_id=transform_to_staging, execution_date=20250527T082312, start_date=20250527T082318, end_date=20250527T082318
[2025-05-27T08:23:18.711+0000] {local_task_job_runner.py:228} INFO - Task exited with return code 0
[2025-05-27T08:23:18.728+0000] {taskinstance.py:2778} INFO - 1 downstream tasks scheduled from follow-on schedule check
