[2025-05-27T22:06:12.978+0000] {taskinstance.py:1159} INFO - Dependencies all met for dep_context=non-requeueable deps ti=<TaskInstance: synthetic_data_generation.generate_all_synthetic_data manual__2025-05-27T22:01:09.965182+00:00 [queued]>
[2025-05-27T22:06:12.983+0000] {taskinstance.py:1159} INFO - Dependencies all met for dep_context=requeueable deps ti=<TaskInstance: synthetic_data_generation.generate_all_synthetic_data manual__2025-05-27T22:01:09.965182+00:00 [queued]>
[2025-05-27T22:06:12.984+0000] {taskinstance.py:1361} INFO - Starting attempt 2 of 2
[2025-05-27T22:06:12.990+0000] {taskinstance.py:1382} INFO - Executing <Task(PythonOperator): generate_all_synthetic_data> on 2025-05-27 22:01:09.965182+00:00
[2025-05-27T22:06:12.995+0000] {standard_task_runner.py:57} INFO - Started process 235 to run task
[2025-05-27T22:06:13.001+0000] {standard_task_runner.py:84} INFO - Running: ['***', 'tasks', 'run', 'synthetic_data_generation', 'generate_all_synthetic_data', 'manual__2025-05-27T22:01:09.965182+00:00', '--job-id', '432', '--raw', '--subdir', 'DAGS_FOLDER/synthetic_data_dag.py', '--cfg-path', '/tmp/tmpwyvqjpn9']
[2025-05-27T22:06:13.009+0000] {standard_task_runner.py:85} INFO - Job 432: Subtask generate_all_synthetic_data
[2025-05-27T22:06:13.060+0000] {task_command.py:416} INFO - Running <TaskInstance: synthetic_data_generation.generate_all_synthetic_data manual__2025-05-27T22:01:09.965182+00:00 [running]> on host 7b83313548d6
[2025-05-27T22:06:13.333+0000] {taskinstance.py:1662} INFO - Exporting env vars: AIRFLOW_CTX_DAG_OWNER='***' AIRFLOW_CTX_DAG_ID='synthetic_data_generation' AIRFLOW_CTX_TASK_ID='generate_all_synthetic_data' AIRFLOW_CTX_EXECUTION_DATE='2025-05-27T22:01:09.965182+00:00' AIRFLOW_CTX_TRY_NUMBER='2' AIRFLOW_CTX_DAG_RUN_ID='manual__2025-05-27T22:01:09.965182+00:00'
[2025-05-27T22:06:13.333+0000] {logging_mixin.py:154} INFO - Starting synthetic data generation process...
[2025-05-27T22:06:13.333+0000] {logging_mixin.py:154} INFO - Generating supplier data...
[2025-05-27T22:06:13.337+0000] {logging_mixin.py:154} INFO - Found 50 existing supplier records, skipping generation
[2025-05-27T22:06:13.338+0000] {logging_mixin.py:154} INFO - Generating return reason data...
[2025-05-27T22:06:13.339+0000] {logging_mixin.py:154} INFO - Found 10 existing return reason records, skipping generation
[2025-05-27T22:06:13.339+0000] {logging_mixin.py:154} INFO - Transforming and loading data to staging tables...
[2025-05-27T22:06:13.344+0000] {logging_mixin.py:154} INFO - Supplier and return reason data successfully loaded to staging tables with batch ID: BATCH_SYNTHETIC_20250527220613
[2025-05-27T22:06:13.344+0000] {logging_mixin.py:154} INFO - Starting load to target layer for batch BATCH_SYNTHETIC_20250527220613...
[2025-05-27T22:06:13.350+0000] {logging_mixin.py:154} INFO - Supplier and return reason data successfully loaded to target tables
[2025-05-27T22:06:13.350+0000] {logging_mixin.py:154} INFO - Synthetic data generation and loading complete!
[2025-05-27T22:06:13.350+0000] {python.py:194} INFO - Done. Returned value was: None
[2025-05-27T22:06:13.356+0000] {taskinstance.py:1400} INFO - Marking task as SUCCESS. dag_id=synthetic_data_generation, task_id=generate_all_synthetic_data, execution_date=20250527T220109, start_date=20250527T220612, end_date=20250527T220613
[2025-05-27T22:06:13.400+0000] {local_task_job_runner.py:228} INFO - Task exited with return code 0
[2025-05-27T22:06:13.411+0000] {taskinstance.py:2778} INFO - 0 downstream tasks scheduled from follow-on schedule check
