[2025-05-27T22:01:11.250+0000] {taskinstance.py:1159} INFO - Dependencies all met for dep_context=non-requeueable deps ti=<TaskInstance: synthetic_data_generation.generate_all_synthetic_data manual__2025-05-27T22:01:09.965182+00:00 [queued]>
[2025-05-27T22:01:11.257+0000] {taskinstance.py:1159} INFO - Dependencies all met for dep_context=requeueable deps ti=<TaskInstance: synthetic_data_generation.generate_all_synthetic_data manual__2025-05-27T22:01:09.965182+00:00 [queued]>
[2025-05-27T22:01:11.257+0000] {taskinstance.py:1361} INFO - Starting attempt 1 of 2
[2025-05-27T22:01:11.267+0000] {taskinstance.py:1382} INFO - Executing <Task(PythonOperator): generate_all_synthetic_data> on 2025-05-27 22:01:09.965182+00:00
[2025-05-27T22:01:11.274+0000] {standard_task_runner.py:57} INFO - Started process 148 to run task
[2025-05-27T22:01:11.277+0000] {standard_task_runner.py:84} INFO - Running: ['***', 'tasks', 'run', 'synthetic_data_generation', 'generate_all_synthetic_data', 'manual__2025-05-27T22:01:09.965182+00:00', '--job-id', '429', '--raw', '--subdir', 'DAGS_FOLDER/synthetic_data_dag.py', '--cfg-path', '/tmp/tmp3486iosf']
[2025-05-27T22:01:11.284+0000] {standard_task_runner.py:85} INFO - Job 429: Subtask generate_all_synthetic_data
[2025-05-27T22:01:11.324+0000] {task_command.py:416} INFO - Running <TaskInstance: synthetic_data_generation.generate_all_synthetic_data manual__2025-05-27T22:01:09.965182+00:00 [running]> on host 7b83313548d6
[2025-05-27T22:01:11.639+0000] {taskinstance.py:1662} INFO - Exporting env vars: AIRFLOW_CTX_DAG_OWNER='***' AIRFLOW_CTX_DAG_ID='synthetic_data_generation' AIRFLOW_CTX_TASK_ID='generate_all_synthetic_data' AIRFLOW_CTX_EXECUTION_DATE='2025-05-27T22:01:09.965182+00:00' AIRFLOW_CTX_TRY_NUMBER='1' AIRFLOW_CTX_DAG_RUN_ID='manual__2025-05-27T22:01:09.965182+00:00'
[2025-05-27T22:01:11.641+0000] {logging_mixin.py:154} INFO - Starting synthetic data generation process...
[2025-05-27T22:01:11.641+0000] {logging_mixin.py:154} INFO - Generating supplier data...
[2025-05-27T22:01:11.662+0000] {taskinstance.py:1937} ERROR - Task failed with exception
Traceback (most recent call last):
  File "/home/airflow/.local/lib/python3.8/site-packages/sqlalchemy/engine/base.py", line 1890, in _execute_context
    self.dialect.do_executemany(
  File "/home/airflow/.local/lib/python3.8/site-packages/sqlalchemy/dialects/postgresql/psycopg2.py", line 982, in do_executemany
    context._psycopg2_fetched_rows = xtras.execute_values(
  File "/home/airflow/.local/lib/python3.8/site-packages/psycopg2/extras.py", line 1299, in execute_values
    cur.execute(b''.join(parts))
psycopg2.errors.UniqueViolation: duplicate key value violates unique constraint "ods_supplier_pkey"
DETAIL:  Key (supplier_id)=(1) already exists.


The above exception was the direct cause of the following exception:

Traceback (most recent call last):
  File "/home/airflow/.local/lib/python3.8/site-packages/airflow/operators/python.py", line 192, in execute
    return_value = self.execute_callable()
  File "/home/airflow/.local/lib/python3.8/site-packages/airflow/operators/python.py", line 209, in execute_callable
    return self.python_callable(*self.op_args, **self.op_kwargs)
  File "/opt/airflow/walmart-etl/generate_synthetic_data.py", line 486, in main
    suppliers = generate_supplier_data(num_suppliers=50)
  File "/opt/airflow/walmart-etl/generate_synthetic_data.py", line 90, in generate_supplier_data
    df_suppliers.to_sql('ods_supplier', engine, if_exists='append', index=False)
  File "/home/airflow/.local/lib/python3.8/site-packages/pandas/core/generic.py", line 2878, in to_sql
    return sql.to_sql(
  File "/home/airflow/.local/lib/python3.8/site-packages/pandas/io/sql.py", line 769, in to_sql
    return pandas_sql.to_sql(
  File "/home/airflow/.local/lib/python3.8/site-packages/pandas/io/sql.py", line 1920, in to_sql
    total_inserted = sql_engine.insert_records(
  File "/home/airflow/.local/lib/python3.8/site-packages/pandas/io/sql.py", line 1470, in insert_records
    raise err
  File "/home/airflow/.local/lib/python3.8/site-packages/pandas/io/sql.py", line 1461, in insert_records
    return table.insert(chunksize=chunksize, method=method)
  File "/home/airflow/.local/lib/python3.8/site-packages/pandas/io/sql.py", line 1023, in insert
    num_inserted = exec_insert(conn, keys, chunk_iter)
  File "/home/airflow/.local/lib/python3.8/site-packages/pandas/io/sql.py", line 929, in _execute_insert
    result = conn.execute(self.table.insert(), data)
  File "/home/airflow/.local/lib/python3.8/site-packages/sqlalchemy/engine/base.py", line 1385, in execute
    return meth(self, multiparams, params, _EMPTY_EXECUTION_OPTS)
  File "/home/airflow/.local/lib/python3.8/site-packages/sqlalchemy/sql/elements.py", line 334, in _execute_on_connection
    return connection._execute_clauseelement(
  File "/home/airflow/.local/lib/python3.8/site-packages/sqlalchemy/engine/base.py", line 1577, in _execute_clauseelement
    ret = self._execute_context(
  File "/home/airflow/.local/lib/python3.8/site-packages/sqlalchemy/engine/base.py", line 1953, in _execute_context
    self._handle_dbapi_exception(
  File "/home/airflow/.local/lib/python3.8/site-packages/sqlalchemy/engine/base.py", line 2134, in _handle_dbapi_exception
    util.raise_(
  File "/home/airflow/.local/lib/python3.8/site-packages/sqlalchemy/util/compat.py", line 211, in raise_
    raise exception
  File "/home/airflow/.local/lib/python3.8/site-packages/sqlalchemy/engine/base.py", line 1890, in _execute_context
    self.dialect.do_executemany(
  File "/home/airflow/.local/lib/python3.8/site-packages/sqlalchemy/dialects/postgresql/psycopg2.py", line 982, in do_executemany
    context._psycopg2_fetched_rows = xtras.execute_values(
  File "/home/airflow/.local/lib/python3.8/site-packages/psycopg2/extras.py", line 1299, in execute_values
    cur.execute(b''.join(parts))
sqlalchemy.exc.IntegrityError: (psycopg2.errors.UniqueViolation) duplicate key value violates unique constraint "ods_supplier_pkey"
DETAIL:  Key (supplier_id)=(1) already exists.

[SQL: INSERT INTO ods_supplier (supplier_id, supplier_name, contact_person, email, phone, address, city, state, zip_code, contract_start_date, source_system, load_timestamp) VALUES (%(supplier_id)s, %(supplier_name)s, %(contact_person)s, %(email)s, %(phone)s, %(address)s, %(city)s, %(state)s, %(zip_code)s, %(contract_start_date)s, %(source_system)s, %(load_timestamp)s)]
[parameters: ({'supplier_id': '1', 'supplier_name': 'Mega Goods Partners', 'contact_person': 'Robert Brown', 'email': 'robert.brown@megagoodspartners.com', 'phone': '+1-438-946-6791', 'address': '8360 Main St, Suite 430', 'city': 'New York', 'state': 'Georgia', 'zip_code': '90131', 'contract_start_date': datetime.datetime(2011, 3, 24, 0, 0), 'source_system': 'Synthetic Data', 'load_timestamp': datetime.datetime(2025, 5, 27, 22, 1, 11, 647648)}, {'supplier_id': '2', 'supplier_name': 'Elite Wholesale Group', 'contact_person': 'Jane Garcia', 'email': 'jane.garcia@elitewholesalegroup.com', 'phone': '+1-793-409-6753', 'address': '6877 Main St, Suite 160', 'city': 'San Diego', 'state': 'Ohio', 'zip_code': '35952', 'contract_start_date': datetime.datetime(2011, 5, 18, 0, 0), 'source_system': 'Synthetic Data', 'load_timestamp': datetime.datetime(2025, 5, 27, 22, 1, 11, 647674)}, {'supplier_id': '3', 'supplier_name': 'Premier Distribution Group', 'contact_person': 'Robert Smith', 'email': 'robert.smith@premierdistributiongroup.com', 'phone': '+1-744-195-5846', 'address': '6489 Main St, Suite 575', 'city': 'Los Angeles', 'state': 'Illinois', 'zip_code': '39747', 'contract_start_date': datetime.datetime(2011, 4, 10, 0, 0), 'source_system': 'Synthetic Data', 'load_timestamp': datetime.datetime(2025, 5, 27, 22, 1, 11, 647692)}, {'supplier_id': '4', 'supplier_name': 'Ultra Products Co', 'contact_person': 'Emily Davis', 'email': 'emily.davis@ultraproductsco.com', 'phone': '+1-732-593-6771', 'address': '644 Main St, Suite 250', 'city': 'San Diego', 'state': 'Georgia', 'zip_code': '47382', 'contract_start_date': datetime.datetime(2012, 8, 2, 0, 0), 'source_system': 'Synthetic Data', 'load_timestamp': datetime.datetime(2025, 5, 27, 22, 1, 11, 647706)}, {'supplier_id': '5', 'supplier_name': 'Mega Products LLC', 'contact_person': 'David Williams', 'email': 'david.williams@megaproductsllc.com', 'phone': '+1-356-977-8648', 'address': '5565 Main St, Suite 374', 'city': 'San Diego', 'state': 'Ohio', 'zip_code': '99121', 'contract_start_date': datetime.datetime(2012, 10, 24, 0, 0), 'source_system': 'Synthetic Data', 'load_timestamp': datetime.datetime(2025, 5, 27, 22, 1, 11, 647720)}, {'supplier_id': '6', 'supplier_name': 'Elite Trading Inc', 'contact_person': 'Emily Smith', 'email': 'emily.smith@elitetradinginc.com', 'phone': '+1-291-995-1397', 'address': '5663 Main St, Suite 632', 'city': 'Chicago', 'state': 'Ohio', 'zip_code': '64869', 'contract_start_date': datetime.datetime(2011, 4, 22, 0, 0), 'source_system': 'Synthetic Data', 'load_timestamp': datetime.datetime(2025, 5, 27, 22, 1, 11, 647729)}, {'supplier_id': '7', 'supplier_name': 'Quality Supply Corp', 'contact_person': 'Emily Garcia', 'email': 'emily.garcia@qualitysupplycorp.com', 'phone': '+1-798-637-9240', 'address': '6711 Main St, Suite 884', 'city': 'Philadelphia', 'state': 'Florida', 'zip_code': '29788', 'contract_start_date': datetime.datetime(2011, 9, 9, 0, 0), 'source_system': 'Synthetic Data', 'load_timestamp': datetime.datetime(2025, 5, 27, 22, 1, 11, 647736)}, {'supplier_id': '8', 'supplier_name': 'Mega Goods Enterprises', 'contact_person': 'Robert Garcia', 'email': 'robert.garcia@megagoodsenterprises.com', 'phone': '+1-482-165-8687', 'address': '2710 Main St, Suite 991', 'city': 'Chicago', 'state': 'Michigan', 'zip_code': '28588', 'contract_start_date': datetime.datetime(2011, 10, 5, 0, 0), 'source_system': 'Synthetic Data', 'load_timestamp': datetime.datetime(2025, 5, 27, 22, 1, 11, 647744)}  ... displaying 10 of 50 total bound parameter sets ...  {'supplier_id': '49', 'supplier_name': 'Ultra Supply Co', 'contact_person': 'Emily Jones', 'email': 'emily.jones@ultrasupplyco.com', 'phone': '+1-882-628-5468', 'address': '3178 Main St, Suite 723', 'city': 'Chicago', 'state': 'Pennsylvania', 'zip_code': '22288', 'contract_start_date': datetime.datetime(2010, 8, 30, 0, 0), 'source_system': 'Synthetic Data', 'load_timestamp': datetime.datetime(2025, 5, 27, 22, 1, 11, 648099)}, {'supplier_id': '50', 'supplier_name': 'Global Distribution Group', 'contact_person': 'David Jones', 'email': 'david.jones@globaldistributiongroup.com', 'phone': '+1-978-562-7708', 'address': '6695 Main St, Suite 104', 'city': 'New York', 'state': 'Texas', 'zip_code': '53013', 'contract_start_date': datetime.datetime(2011, 10, 8, 0, 0), 'source_system': 'Synthetic Data', 'load_timestamp': datetime.datetime(2025, 5, 27, 22, 1, 11, 648106)})]
(Background on this error at: https://sqlalche.me/e/14/gkpj)
[2025-05-27T22:01:11.673+0000] {taskinstance.py:1400} INFO - Marking task as UP_FOR_RETRY. dag_id=synthetic_data_generation, task_id=generate_all_synthetic_data, execution_date=20250527T220109, start_date=20250527T220111, end_date=20250527T220111
[2025-05-27T22:01:11.680+0000] {standard_task_runner.py:104} ERROR - Failed to execute job 429 for task generate_all_synthetic_data ((psycopg2.errors.UniqueViolation) duplicate key value violates unique constraint "ods_supplier_pkey"
DETAIL:  Key (supplier_id)=(1) already exists.

[SQL: INSERT INTO ods_supplier (supplier_id, supplier_name, contact_person, email, phone, address, city, state, zip_code, contract_start_date, source_system, load_timestamp) VALUES (%(supplier_id)s, %(supplier_name)s, %(contact_person)s, %(email)s, %(phone)s, %(address)s, %(city)s, %(state)s, %(zip_code)s, %(contract_start_date)s, %(source_system)s, %(load_timestamp)s)]
[parameters: ({'supplier_id': '1', 'supplier_name': 'Mega Goods Partners', 'contact_person': 'Robert Brown', 'email': 'robert.brown@megagoodspartners.com', 'phone': '+1-438-946-6791', 'address': '8360 Main St, Suite 430', 'city': 'New York', 'state': 'Georgia', 'zip_code': '90131', 'contract_start_date': datetime.datetime(2011, 3, 24, 0, 0), 'source_system': 'Synthetic Data', 'load_timestamp': datetime.datetime(2025, 5, 27, 22, 1, 11, 647648)}, {'supplier_id': '2', 'supplier_name': 'Elite Wholesale Group', 'contact_person': 'Jane Garcia', 'email': 'jane.garcia@elitewholesalegroup.com', 'phone': '+1-793-409-6753', 'address': '6877 Main St, Suite 160', 'city': 'San Diego', 'state': 'Ohio', 'zip_code': '35952', 'contract_start_date': datetime.datetime(2011, 5, 18, 0, 0), 'source_system': 'Synthetic Data', 'load_timestamp': datetime.datetime(2025, 5, 27, 22, 1, 11, 647674)}, {'supplier_id': '3', 'supplier_name': 'Premier Distribution Group', 'contact_person': 'Robert Smith', 'email': 'robert.smith@premierdistributiongroup.com', 'phone': '+1-744-195-5846', 'address': '6489 Main St, Suite 575', 'city': 'Los Angeles', 'state': 'Illinois', 'zip_code': '39747', 'contract_start_date': datetime.datetime(2011, 4, 10, 0, 0), 'source_system': 'Synthetic Data', 'load_timestamp': datetime.datetime(2025, 5, 27, 22, 1, 11, 647692)}, {'supplier_id': '4', 'supplier_name': 'Ultra Products Co', 'contact_person': 'Emily Davis', 'email': 'emily.davis@ultraproductsco.com', 'phone': '+1-732-593-6771', 'address': '644 Main St, Suite 250', 'city': 'San Diego', 'state': 'Georgia', 'zip_code': '47382', 'contract_start_date': datetime.datetime(2012, 8, 2, 0, 0), 'source_system': 'Synthetic Data', 'load_timestamp': datetime.datetime(2025, 5, 27, 22, 1, 11, 647706)}, {'supplier_id': '5', 'supplier_name': 'Mega Products LLC', 'contact_person': 'David Williams', 'email': 'david.williams@megaproductsllc.com', 'phone': '+1-356-977-8648', 'address': '5565 Main St, Suite 374', 'city': 'San Diego', 'state': 'Ohio', 'zip_code': '99121', 'contract_start_date': datetime.datetime(2012, 10, 24, 0, 0), 'source_system': 'Synthetic Data', 'load_timestamp': datetime.datetime(2025, 5, 27, 22, 1, 11, 647720)}, {'supplier_id': '6', 'supplier_name': 'Elite Trading Inc', 'contact_person': 'Emily Smith', 'email': 'emily.smith@elitetradinginc.com', 'phone': '+1-291-995-1397', 'address': '5663 Main St, Suite 632', 'city': 'Chicago', 'state': 'Ohio', 'zip_code': '64869', 'contract_start_date': datetime.datetime(2011, 4, 22, 0, 0), 'source_system': 'Synthetic Data', 'load_timestamp': datetime.datetime(2025, 5, 27, 22, 1, 11, 647729)}, {'supplier_id': '7', 'supplier_name': 'Quality Supply Corp', 'contact_person': 'Emily Garcia', 'email': 'emily.garcia@qualitysupplycorp.com', 'phone': '+1-798-637-9240', 'address': '6711 Main St, Suite 884', 'city': 'Philadelphia', 'state': 'Florida', 'zip_code': '29788', 'contract_start_date': datetime.datetime(2011, 9, 9, 0, 0), 'source_system': 'Synthetic Data', 'load_timestamp': datetime.datetime(2025, 5, 27, 22, 1, 11, 647736)}, {'supplier_id': '8', 'supplier_name': 'Mega Goods Enterprises', 'contact_person': 'Robert Garcia', 'email': 'robert.garcia@megagoodsenterprises.com', 'phone': '+1-482-165-8687', 'address': '2710 Main St, Suite 991', 'city': 'Chicago', 'state': 'Michigan', 'zip_code': '28588', 'contract_start_date': datetime.datetime(2011, 10, 5, 0, 0), 'source_system': 'Synthetic Data', 'load_timestamp': datetime.datetime(2025, 5, 27, 22, 1, 11, 647744)}  ... displaying 10 of 50 total bound parameter sets ...  {'supplier_id': '49', 'supplier_name': 'Ultra Supply Co', 'contact_person': 'Emily Jones', 'email': 'emily.jones@ultrasupplyco.com', 'phone': '+1-882-628-5468', 'address': '3178 Main St, Suite 723', 'city': 'Chicago', 'state': 'Pennsylvania', 'zip_code': '22288', 'contract_start_date': datetime.datetime(2010, 8, 30, 0, 0), 'source_system': 'Synthetic Data', 'load_timestamp': datetime.datetime(2025, 5, 27, 22, 1, 11, 648099)}, {'supplier_id': '50', 'supplier_name': 'Global Distribution Group', 'contact_person': 'David Jones', 'email': 'david.jones@globaldistributiongroup.com', 'phone': '+1-978-562-7708', 'address': '6695 Main St, Suite 104', 'city': 'New York', 'state': 'Texas', 'zip_code': '53013', 'contract_start_date': datetime.datetime(2011, 10, 8, 0, 0), 'source_system': 'Synthetic Data', 'load_timestamp': datetime.datetime(2025, 5, 27, 22, 1, 11, 648106)})]
(Background on this error at: https://sqlalche.me/e/14/gkpj); 148)
[2025-05-27T22:01:11.708+0000] {local_task_job_runner.py:228} INFO - Task exited with return code 1
[2025-05-27T22:01:11.730+0000] {taskinstance.py:2778} INFO - 0 downstream tasks scheduled from follow-on schedule check
