[2025-05-27T15:53:05.372+0000] {taskinstance.py:1159} INFO - Dependencies all met for dep_context=non-requeueable deps ti=<TaskInstance: walmart_etl_dag.clean_staging manual__2025-05-27T15:52:54.491328+00:00 [queued]>
[2025-05-27T15:53:05.380+0000] {taskinstance.py:1159} INFO - Dependencies all met for dep_context=requeueable deps ti=<TaskInstance: walmart_etl_dag.clean_staging manual__2025-05-27T15:52:54.491328+00:00 [queued]>
[2025-05-27T15:53:05.380+0000] {taskinstance.py:1361} INFO - Starting attempt 1 of 2
[2025-05-27T15:53:05.390+0000] {taskinstance.py:1382} INFO - Executing <Task(PythonOperator): clean_staging> on 2025-05-27 15:52:54.491328+00:00
[2025-05-27T15:53:05.395+0000] {standard_task_runner.py:57} INFO - Started process 122 to run task
[2025-05-27T15:53:05.398+0000] {standard_task_runner.py:84} INFO - Running: ['***', 'tasks', 'run', 'walmart_etl_dag', 'clean_staging', 'manual__2025-05-27T15:52:54.491328+00:00', '--job-id', '170', '--raw', '--subdir', 'DAGS_FOLDER/walmart_etl_dag.py', '--cfg-path', '/tmp/tmpoyo5mgf1']
[2025-05-27T15:53:05.401+0000] {standard_task_runner.py:85} INFO - Job 170: Subtask clean_staging
[2025-05-27T15:53:05.444+0000] {task_command.py:416} INFO - Running <TaskInstance: walmart_etl_dag.clean_staging manual__2025-05-27T15:52:54.491328+00:00 [running]> on host a9df2a99636e
[2025-05-27T15:53:05.800+0000] {taskinstance.py:1662} INFO - Exporting env vars: AIRFLOW_CTX_DAG_OWNER='***' AIRFLOW_CTX_DAG_ID='walmart_etl_dag' AIRFLOW_CTX_TASK_ID='clean_staging' AIRFLOW_CTX_EXECUTION_DATE='2025-05-27T15:52:54.491328+00:00' AIRFLOW_CTX_TRY_NUMBER='1' AIRFLOW_CTX_DAG_RUN_ID='manual__2025-05-27T15:52:54.491328+00:00'
[2025-05-27T15:53:05.808+0000] {logging_mixin.py:154} INFO - Starting staging tables cleanup...
[2025-05-27T15:53:05.817+0000] {logging_mixin.py:154} INFO - Deleted data from stg_date for batch BATCH_20250527155300
[2025-05-27T15:53:05.822+0000] {logging_mixin.py:154} INFO - Deleted data from stg_customer for batch BATCH_20250527155300
[2025-05-27T15:53:05.824+0000] {logging_mixin.py:154} INFO - Deleted data from stg_product for batch BATCH_20250527155300
[2025-05-27T15:53:05.826+0000] {logging_mixin.py:154} INFO - Deleted data from stg_store for batch BATCH_20250527155300
[2025-05-27T15:53:05.838+0000] {logging_mixin.py:154} INFO - Deleted data from stg_sales for batch BATCH_20250527155300
[2025-05-27T15:53:05.840+0000] {logging_mixin.py:154} INFO - Deleted data from stg_supplier for batch BATCH_20250527155300
[2025-05-27T15:53:05.841+0000] {logging_mixin.py:154} INFO - Deleted data from stg_return_reason for batch BATCH_20250527155300
[2025-05-27T15:53:05.842+0000] {logging_mixin.py:154} INFO - Deleted data from stg_inventory for batch BATCH_20250527155300
[2025-05-27T15:53:05.843+0000] {logging_mixin.py:154} INFO - Deleted data from stg_returns for batch BATCH_20250527155300
[2025-05-27T15:53:05.844+0000] {logging_mixin.py:154} INFO - Staging tables cleanup completed successfully.
[2025-05-27T15:53:05.844+0000] {python.py:194} INFO - Done. Returned value was: Staging tables cleaned for batch BATCH_20250527155300
[2025-05-27T15:53:05.857+0000] {taskinstance.py:1400} INFO - Marking task as SUCCESS. dag_id=walmart_etl_dag, task_id=clean_staging, execution_date=20250527T155254, start_date=20250527T155305, end_date=20250527T155305
[2025-05-27T15:53:05.912+0000] {local_task_job_runner.py:228} INFO - Task exited with return code 0
[2025-05-27T15:53:05.931+0000] {taskinstance.py:2778} INFO - 1 downstream tasks scheduled from follow-on schedule check
