[2025-05-27T08:26:45.799+0000] {taskinstance.py:1159} INFO - Dependencies all met for dep_context=non-requeueable deps ti=<TaskInstance: walmart_etl_dag.transform_to_staging manual__2025-05-27T08:26:41.319975+00:00 [queued]>
[2025-05-27T08:26:45.803+0000] {taskinstance.py:1159} INFO - Dependencies all met for dep_context=requeueable deps ti=<TaskInstance: walmart_etl_dag.transform_to_staging manual__2025-05-27T08:26:41.319975+00:00 [queued]>
[2025-05-27T08:26:45.804+0000] {taskinstance.py:1361} INFO - Starting attempt 1 of 2
[2025-05-27T08:26:45.809+0000] {taskinstance.py:1382} INFO - Executing <Task(PythonOperator): transform_to_staging> on 2025-05-27 08:26:41.319975+00:00
[2025-05-27T08:26:45.828+0000] {standard_task_runner.py:57} INFO - Started process 88 to run task
[2025-05-27T08:26:45.832+0000] {standard_task_runner.py:84} INFO - Running: ['***', 'tasks', 'run', 'walmart_etl_dag', 'transform_to_staging', 'manual__2025-05-27T08:26:41.319975+00:00', '--job-id', '116', '--raw', '--subdir', 'DAGS_FOLDER/walmart_etl_dag.py', '--cfg-path', '/tmp/tmpni81jv2l']
[2025-05-27T08:26:45.835+0000] {standard_task_runner.py:85} INFO - Job 116: Subtask transform_to_staging
[2025-05-27T08:26:45.875+0000] {task_command.py:416} INFO - Running <TaskInstance: walmart_etl_dag.transform_to_staging manual__2025-05-27T08:26:41.319975+00:00 [running]> on host f6c8bf542b75
[2025-05-27T08:26:46.188+0000] {taskinstance.py:1662} INFO - Exporting env vars: AIRFLOW_CTX_DAG_OWNER='***' AIRFLOW_CTX_DAG_ID='walmart_etl_dag' AIRFLOW_CTX_TASK_ID='transform_to_staging' AIRFLOW_CTX_EXECUTION_DATE='2025-05-27T08:26:41.319975+00:00' AIRFLOW_CTX_TRY_NUMBER='1' AIRFLOW_CTX_DAG_RUN_ID='manual__2025-05-27T08:26:41.319975+00:00'
[2025-05-27T08:26:46.190+0000] {logging_mixin.py:154} INFO - Starting transformation from ODS to staging layer...
[2025-05-27T08:26:46.193+0000] {logging_mixin.py:154} INFO - Transforming date dimension...
[2025-05-27T08:26:46.203+0000] {logging_mixin.py:154} INFO - Transforming customer dimension...
[2025-05-27T08:26:46.217+0000] {logging_mixin.py:154} INFO - Creating product category to supplier mapping...
[2025-05-27T08:26:46.221+0000] {logging_mixin.py:154} INFO - Transforming product dimension...
[2025-05-27T08:26:46.242+0000] {logging_mixin.py:154} INFO - Transforming store dimension...
[2025-05-27T08:26:46.261+0000] {logging_mixin.py:154} INFO - Transforming sales fact...
[2025-05-27T08:26:46.421+0000] {logging_mixin.py:154} INFO - Staging layer transformation completed successfully.
[2025-05-27T08:26:46.421+0000] {logging_mixin.py:154} INFO - Batch ID: BATCH_20250527082645
[2025-05-27T08:26:46.421+0000] {python.py:194} INFO - Done. Returned value was: BATCH_20250527082645
[2025-05-27T08:26:46.438+0000] {taskinstance.py:1400} INFO - Marking task as SUCCESS. dag_id=walmart_etl_dag, task_id=transform_to_staging, execution_date=20250527T082641, start_date=20250527T082645, end_date=20250527T082646
[2025-05-27T08:26:46.493+0000] {local_task_job_runner.py:228} INFO - Task exited with return code 0
[2025-05-27T08:26:46.525+0000] {taskinstance.py:2778} INFO - 0 downstream tasks scheduled from follow-on schedule check
