[2025-05-28T05:03:02.943+0000] {taskinstance.py:1159} INFO - Dependencies all met for dep_context=non-requeueable deps ti=<TaskInstance: inventory_returns_generation.load_to_target manual__2025-05-28T05:02:57.455847+00:00 [queued]>
[2025-05-28T05:03:02.964+0000] {taskinstance.py:1159} INFO - Dependencies all met for dep_context=requeueable deps ti=<TaskInstance: inventory_returns_generation.load_to_target manual__2025-05-28T05:02:57.455847+00:00 [queued]>
[2025-05-28T05:03:02.967+0000] {taskinstance.py:1361} INFO - Starting attempt 1 of 2
[2025-05-28T05:03:02.991+0000] {taskinstance.py:1382} INFO - Executing <Task(PythonOperator): load_to_target> on 2025-05-28 05:02:57.455847+00:00
[2025-05-28T05:03:02.999+0000] {standard_task_runner.py:57} INFO - Started process 372 to run task
[2025-05-28T05:03:03.007+0000] {standard_task_runner.py:84} INFO - Running: ['***', 'tasks', 'run', 'inventory_returns_generation', 'load_to_target', 'manual__2025-05-28T05:02:57.455847+00:00', '--job-id', '548', '--raw', '--subdir', 'DAGS_FOLDER/inventory_returns_dag.py', '--cfg-path', '/tmp/tmppdpe7ogo']
[2025-05-28T05:03:03.015+0000] {standard_task_runner.py:85} INFO - Job 548: Subtask load_to_target
[2025-05-28T05:03:03.087+0000] {task_command.py:416} INFO - Running <TaskInstance: inventory_returns_generation.load_to_target manual__2025-05-28T05:02:57.455847+00:00 [running]> on host 68d10d19df8b
[2025-05-28T05:03:03.559+0000] {taskinstance.py:1662} INFO - Exporting env vars: AIRFLOW_CTX_DAG_OWNER='***' AIRFLOW_CTX_DAG_ID='inventory_returns_generation' AIRFLOW_CTX_TASK_ID='load_to_target' AIRFLOW_CTX_EXECUTION_DATE='2025-05-28T05:02:57.455847+00:00' AIRFLOW_CTX_TRY_NUMBER='1' AIRFLOW_CTX_DAG_RUN_ID='manual__2025-05-28T05:02:57.455847+00:00'
[2025-05-28T05:03:03.568+0000] {logging_mixin.py:154} INFO - Starting load to target layer for batch BATCH_20250528050301...
[2025-05-28T05:03:03.572+0000] {logging_mixin.py:154} INFO - Ensuring all required dates are in the date dimension...
[2025-05-28T05:03:03.576+0000] {logging_mixin.py:154} INFO - Added date 20250421 to date dimension
[2025-05-28T05:03:03.577+0000] {logging_mixin.py:154} INFO - Added date 20250518 to date dimension
[2025-05-28T05:03:03.578+0000] {logging_mixin.py:154} INFO - Added date 20250520 to date dimension
[2025-05-28T05:03:03.579+0000] {logging_mixin.py:154} INFO - Added date 20250506 to date dimension
[2025-05-28T05:03:03.580+0000] {logging_mixin.py:154} INFO - Added date 20250425 to date dimension
[2025-05-28T05:03:03.581+0000] {logging_mixin.py:154} INFO - Added date 20250512 to date dimension
[2025-05-28T05:03:03.582+0000] {logging_mixin.py:154} INFO - Added date 20250422 to date dimension
[2025-05-28T05:03:03.583+0000] {logging_mixin.py:154} INFO - Added date 20250502 to date dimension
[2025-05-28T05:03:03.583+0000] {logging_mixin.py:154} INFO - Added date 20250424 to date dimension
[2025-05-28T05:03:03.584+0000] {logging_mixin.py:154} INFO - Added date 20250418 to date dimension
[2025-05-28T05:03:03.585+0000] {logging_mixin.py:154} INFO - Added date 20250517 to date dimension
[2025-05-28T05:03:03.585+0000] {logging_mixin.py:154} INFO - Added date 20250419 to date dimension
[2025-05-28T05:03:03.586+0000] {logging_mixin.py:154} INFO - Added date 20250426 to date dimension
[2025-05-28T05:03:03.587+0000] {logging_mixin.py:154} INFO - Added date 20250414 to date dimension
[2025-05-28T05:03:03.587+0000] {logging_mixin.py:154} INFO - Added date 20250525 to date dimension
[2025-05-28T05:03:03.588+0000] {logging_mixin.py:154} INFO - Added date 20250528 to date dimension
[2025-05-28T05:03:03.589+0000] {logging_mixin.py:154} INFO - Added date 20250420 to date dimension
[2025-05-28T05:03:03.589+0000] {logging_mixin.py:154} INFO - Added date 20250516 to date dimension
[2025-05-28T05:03:03.590+0000] {logging_mixin.py:154} INFO - Added date 20250524 to date dimension
[2025-05-28T05:03:03.591+0000] {logging_mixin.py:154} INFO - Added date 20250503 to date dimension
[2025-05-28T05:03:03.591+0000] {logging_mixin.py:154} INFO - Added date 20250526 to date dimension
[2025-05-28T05:03:03.592+0000] {logging_mixin.py:154} INFO - Added date 20250504 to date dimension
[2025-05-28T05:03:03.592+0000] {logging_mixin.py:154} INFO - Added date 20250510 to date dimension
[2025-05-28T05:03:03.593+0000] {logging_mixin.py:154} INFO - Added date 20250429 to date dimension
[2025-05-28T05:03:03.594+0000] {logging_mixin.py:154} INFO - Added date 20250507 to date dimension
[2025-05-28T05:03:03.594+0000] {logging_mixin.py:154} INFO - Added date 20250427 to date dimension
[2025-05-28T05:03:03.595+0000] {logging_mixin.py:154} INFO - Added date 20250521 to date dimension
[2025-05-28T05:03:03.596+0000] {logging_mixin.py:154} INFO - Added date 20250527 to date dimension
[2025-05-28T05:03:03.596+0000] {logging_mixin.py:154} INFO - Added date 20250430 to date dimension
[2025-05-28T05:03:03.597+0000] {logging_mixin.py:154} INFO - Added date 20250501 to date dimension
[2025-05-28T05:03:03.597+0000] {logging_mixin.py:154} INFO - Added date 20250522 to date dimension
[2025-05-28T05:03:03.598+0000] {logging_mixin.py:154} INFO - Added date 20250428 to date dimension
[2025-05-28T05:03:03.598+0000] {logging_mixin.py:154} INFO - Added date 20250416 to date dimension
[2025-05-28T05:03:03.599+0000] {logging_mixin.py:154} INFO - Added date 20250511 to date dimension
[2025-05-28T05:03:03.599+0000] {logging_mixin.py:154} INFO - Added date 20250505 to date dimension
[2025-05-28T05:03:03.600+0000] {logging_mixin.py:154} INFO - Added date 20250519 to date dimension
[2025-05-28T05:03:03.601+0000] {logging_mixin.py:154} INFO - Added date 20250514 to date dimension
[2025-05-28T05:03:03.601+0000] {logging_mixin.py:154} INFO - Added date 20250515 to date dimension
[2025-05-28T05:03:03.602+0000] {logging_mixin.py:154} INFO - Added date 20250513 to date dimension
[2025-05-28T05:03:03.602+0000] {logging_mixin.py:154} INFO - Added date 20250415 to date dimension
[2025-05-28T05:03:03.603+0000] {logging_mixin.py:154} INFO - Added date 20250417 to date dimension
[2025-05-28T05:03:03.604+0000] {logging_mixin.py:154} INFO - Added date 20250423 to date dimension
[2025-05-28T05:03:03.604+0000] {logging_mixin.py:154} INFO - Added date 20250508 to date dimension
[2025-05-28T05:03:03.605+0000] {logging_mixin.py:154} INFO - Added date 20250523 to date dimension
[2025-05-28T05:03:03.605+0000] {logging_mixin.py:154} INFO - Added date 20250509 to date dimension
[2025-05-28T05:03:03.605+0000] {logging_mixin.py:154} INFO - Loading date dimension to target...
[2025-05-28T05:03:03.616+0000] {logging_mixin.py:154} INFO - Loading customer dimension to target...
[2025-05-28T05:03:03.650+0000] {logging_mixin.py:154} INFO - Loading supplier dimension to target...
[2025-05-28T05:03:03.663+0000] {logging_mixin.py:154} INFO - Loading return reason dimension to target...
[2025-05-28T05:03:03.665+0000] {logging_mixin.py:154} INFO - Loading product dimension to target with SCD Type 2...
[2025-05-28T05:03:03.668+0000] {logging_mixin.py:154} INFO - Found 0 products with changes
[2025-05-28T05:03:03.669+0000] {logging_mixin.py:154} INFO - Loading store dimension to target with SCD Type 2...
[2025-05-28T05:03:03.717+0000] {logging_mixin.py:154} INFO - Loading sales fact to target...
[2025-05-28T05:03:03.798+0000] {logging_mixin.py:154} INFO - Loading inventory fact to target...
[2025-05-28T05:03:03.813+0000] {logging_mixin.py:154} INFO - Loading returns fact to target...
[2025-05-28T05:03:03.819+0000] {logging_mixin.py:154} INFO - Target layer loading completed successfully.
[2025-05-28T05:03:03.819+0000] {logging_mixin.py:154} INFO - Batch ID: BATCH_20250528050301
[2025-05-28T05:03:03.819+0000] {logging_mixin.py:154} INFO - Data loaded to target layer with batch ID: BATCH_20250528050301
[2025-05-28T05:03:03.819+0000] {python.py:194} INFO - Done. Returned value was: Target layer loading completed
[2025-05-28T05:03:03.832+0000] {taskinstance.py:1400} INFO - Marking task as SUCCESS. dag_id=inventory_returns_generation, task_id=load_to_target, execution_date=20250528T050257, start_date=20250528T050302, end_date=20250528T050303
[2025-05-28T05:03:03.848+0000] {local_task_job_runner.py:228} INFO - Task exited with return code 0
[2025-05-28T05:03:03.888+0000] {taskinstance.py:2778} INFO - 0 downstream tasks scheduled from follow-on schedule check
