[2025-05-27T20:09:56.568+0000] {taskinstance.py:1159} INFO - Dependencies all met for dep_context=non-requeueable deps ti=<TaskInstance: walmart_etl_dag.load_to_target manual__2025-05-27T20:09:47.233184+00:00 [queued]>
[2025-05-27T20:09:56.573+0000] {taskinstance.py:1159} INFO - Dependencies all met for dep_context=requeueable deps ti=<TaskInstance: walmart_etl_dag.load_to_target manual__2025-05-27T20:09:47.233184+00:00 [queued]>
[2025-05-27T20:09:56.573+0000] {taskinstance.py:1361} INFO - Starting attempt 1 of 2
[2025-05-27T20:09:56.579+0000] {taskinstance.py:1382} INFO - Executing <Task(PythonOperator): load_to_target> on 2025-05-27 20:09:47.233184+00:00
[2025-05-27T20:09:56.582+0000] {standard_task_runner.py:57} INFO - Started process 447 to run task
[2025-05-27T20:09:56.584+0000] {standard_task_runner.py:84} INFO - Running: ['***', 'tasks', 'run', 'walmart_etl_dag', 'load_to_target', 'manual__2025-05-27T20:09:47.233184+00:00', '--job-id', '368', '--raw', '--subdir', 'DAGS_FOLDER/walmart_etl_dag.py', '--cfg-path', '/tmp/tmp9bsjoilv']
[2025-05-27T20:09:56.588+0000] {standard_task_runner.py:85} INFO - Job 368: Subtask load_to_target
[2025-05-27T20:09:56.621+0000] {task_command.py:416} INFO - Running <TaskInstance: walmart_etl_dag.load_to_target manual__2025-05-27T20:09:47.233184+00:00 [running]> on host a552bff97440
[2025-05-27T20:09:56.952+0000] {taskinstance.py:1662} INFO - Exporting env vars: AIRFLOW_CTX_DAG_OWNER='***' AIRFLOW_CTX_DAG_ID='walmart_etl_dag' AIRFLOW_CTX_TASK_ID='load_to_target' AIRFLOW_CTX_EXECUTION_DATE='2025-05-27T20:09:47.233184+00:00' AIRFLOW_CTX_TRY_NUMBER='1' AIRFLOW_CTX_DAG_RUN_ID='manual__2025-05-27T20:09:47.233184+00:00'
[2025-05-27T20:09:56.967+0000] {logging_mixin.py:154} INFO - Found 500 inventory records and 200 returns records in staging before loading to target
[2025-05-27T20:09:56.967+0000] {logging_mixin.py:154} INFO - Starting load to target layer for batch BATCH_20250527200954...
[2025-05-27T20:09:56.967+0000] {logging_mixin.py:154} INFO - Ensuring all required dates are in the date dimension...
[2025-05-27T20:09:56.970+0000] {logging_mixin.py:154} INFO - Added date 20250421 to date dimension
[2025-05-27T20:09:56.970+0000] {logging_mixin.py:154} INFO - Added date 20250518 to date dimension
[2025-05-27T20:09:56.971+0000] {logging_mixin.py:154} INFO - Added date 20250520 to date dimension
[2025-05-27T20:09:56.972+0000] {logging_mixin.py:154} INFO - Added date 20250506 to date dimension
[2025-05-27T20:09:56.972+0000] {logging_mixin.py:154} INFO - Added date 20250425 to date dimension
[2025-05-27T20:09:56.973+0000] {logging_mixin.py:154} INFO - Added date 20250512 to date dimension
[2025-05-27T20:09:56.974+0000] {logging_mixin.py:154} INFO - Added date 20250422 to date dimension
[2025-05-27T20:09:56.974+0000] {logging_mixin.py:154} INFO - Added date 20250502 to date dimension
[2025-05-27T20:09:56.975+0000] {logging_mixin.py:154} INFO - Added date 20250424 to date dimension
[2025-05-27T20:09:56.976+0000] {logging_mixin.py:154} INFO - Added date 20250418 to date dimension
[2025-05-27T20:09:56.977+0000] {logging_mixin.py:154} INFO - Added date 20250517 to date dimension
[2025-05-27T20:09:56.977+0000] {logging_mixin.py:154} INFO - Added date 20250419 to date dimension
[2025-05-27T20:09:56.978+0000] {logging_mixin.py:154} INFO - Added date 20250426 to date dimension
[2025-05-27T20:09:56.978+0000] {logging_mixin.py:154} INFO - Added date 20250414 to date dimension
[2025-05-27T20:09:56.979+0000] {logging_mixin.py:154} INFO - Added date 20250525 to date dimension
[2025-05-27T20:09:56.980+0000] {logging_mixin.py:154} INFO - Added date 20250420 to date dimension
[2025-05-27T20:09:56.980+0000] {logging_mixin.py:154} INFO - Added date 20250516 to date dimension
[2025-05-27T20:09:56.981+0000] {logging_mixin.py:154} INFO - Added date 20250524 to date dimension
[2025-05-27T20:09:56.981+0000] {logging_mixin.py:154} INFO - Added date 20250503 to date dimension
[2025-05-27T20:09:56.982+0000] {logging_mixin.py:154} INFO - Added date 20250526 to date dimension
[2025-05-27T20:09:56.983+0000] {logging_mixin.py:154} INFO - Added date 20250504 to date dimension
[2025-05-27T20:09:56.983+0000] {logging_mixin.py:154} INFO - Added date 20250510 to date dimension
[2025-05-27T20:09:56.984+0000] {logging_mixin.py:154} INFO - Added date 20250429 to date dimension
[2025-05-27T20:09:56.984+0000] {logging_mixin.py:154} INFO - Added date 20250507 to date dimension
[2025-05-27T20:09:56.985+0000] {logging_mixin.py:154} INFO - Added date 20250427 to date dimension
[2025-05-27T20:09:56.985+0000] {logging_mixin.py:154} INFO - Added date 20250521 to date dimension
[2025-05-27T20:09:56.986+0000] {logging_mixin.py:154} INFO - Added date 20250527 to date dimension
[2025-05-27T20:09:56.986+0000] {logging_mixin.py:154} INFO - Added date 20250430 to date dimension
[2025-05-27T20:09:56.987+0000] {logging_mixin.py:154} INFO - Added date 20250501 to date dimension
[2025-05-27T20:09:56.988+0000] {logging_mixin.py:154} INFO - Added date 20250522 to date dimension
[2025-05-27T20:09:56.988+0000] {logging_mixin.py:154} INFO - Added date 20250428 to date dimension
[2025-05-27T20:09:56.989+0000] {logging_mixin.py:154} INFO - Added date 20250416 to date dimension
[2025-05-27T20:09:56.989+0000] {logging_mixin.py:154} INFO - Added date 20250511 to date dimension
[2025-05-27T20:09:56.990+0000] {logging_mixin.py:154} INFO - Added date 20250505 to date dimension
[2025-05-27T20:09:56.991+0000] {logging_mixin.py:154} INFO - Added date 20250519 to date dimension
[2025-05-27T20:09:56.991+0000] {logging_mixin.py:154} INFO - Added date 20250514 to date dimension
[2025-05-27T20:09:56.992+0000] {logging_mixin.py:154} INFO - Added date 20250515 to date dimension
[2025-05-27T20:09:56.992+0000] {logging_mixin.py:154} INFO - Added date 20250513 to date dimension
[2025-05-27T20:09:56.993+0000] {logging_mixin.py:154} INFO - Added date 20250415 to date dimension
[2025-05-27T20:09:56.993+0000] {logging_mixin.py:154} INFO - Added date 20250423 to date dimension
[2025-05-27T20:09:56.994+0000] {logging_mixin.py:154} INFO - Added date 20250417 to date dimension
[2025-05-27T20:09:56.994+0000] {logging_mixin.py:154} INFO - Added date 20250508 to date dimension
[2025-05-27T20:09:56.995+0000] {logging_mixin.py:154} INFO - Added date 20250523 to date dimension
[2025-05-27T20:09:56.996+0000] {logging_mixin.py:154} INFO - Added date 20250509 to date dimension
[2025-05-27T20:09:56.996+0000] {logging_mixin.py:154} INFO - Loading date dimension to target...
[2025-05-27T20:09:57.004+0000] {logging_mixin.py:154} INFO - Loading customer dimension to target...
[2025-05-27T20:09:57.035+0000] {logging_mixin.py:154} INFO - Loading supplier dimension to target...
[2025-05-27T20:09:57.040+0000] {logging_mixin.py:154} INFO - Loading return reason dimension to target...
[2025-05-27T20:09:57.042+0000] {logging_mixin.py:154} INFO - Loading product dimension to target with SCD Type 2...
[2025-05-27T20:09:57.060+0000] {logging_mixin.py:154} INFO - Loading store dimension to target with SCD Type 2...
[2025-05-27T20:09:57.082+0000] {logging_mixin.py:154} INFO - Loading sales fact to target...
[2025-05-27T20:09:57.268+0000] {logging_mixin.py:154} INFO - Loading inventory fact to target...
[2025-05-27T20:09:57.278+0000] {logging_mixin.py:154} INFO - Loading returns fact to target...
[2025-05-27T20:09:57.283+0000] {logging_mixin.py:154} INFO - Target layer loading completed successfully.
[2025-05-27T20:09:57.283+0000] {logging_mixin.py:154} INFO - Batch ID: BATCH_20250527200954
[2025-05-27T20:09:57.284+0000] {logging_mixin.py:154} INFO - Loaded 500 inventory records and 200 returns records to target
[2025-05-27T20:09:57.284+0000] {python.py:194} INFO - Done. Returned value was: Target layer loading completed
[2025-05-27T20:09:57.297+0000] {taskinstance.py:1400} INFO - Marking task as SUCCESS. dag_id=walmart_etl_dag, task_id=load_to_target, execution_date=20250527T200947, start_date=20250527T200956, end_date=20250527T200957
[2025-05-27T20:09:57.316+0000] {local_task_job_runner.py:228} INFO - Task exited with return code 0
[2025-05-27T20:09:57.343+0000] {taskinstance.py:2778} INFO - 1 downstream tasks scheduled from follow-on schedule check
