[2025-05-28T05:32:27.602+0000] {taskinstance.py:1159} INFO - Dependencies all met for dep_context=non-requeueable deps ti=<TaskInstance: inventory_returns_generation.transform_to_staging manual__2025-05-28T05:32:24+00:00 [queued]>
[2025-05-28T05:32:27.607+0000] {taskinstance.py:1159} INFO - Dependencies all met for dep_context=requeueable deps ti=<TaskInstance: inventory_returns_generation.transform_to_staging manual__2025-05-28T05:32:24+00:00 [queued]>
[2025-05-28T05:32:27.607+0000] {taskinstance.py:1361} INFO - Starting attempt 1 of 2
[2025-05-28T05:32:27.613+0000] {taskinstance.py:1382} INFO - Executing <Task(PythonOperator): transform_to_staging> on 2025-05-28 05:32:24+00:00
[2025-05-28T05:32:27.617+0000] {standard_task_runner.py:57} INFO - Started process 487 to run task
[2025-05-28T05:32:27.620+0000] {standard_task_runner.py:84} INFO - Running: ['***', 'tasks', 'run', 'inventory_returns_generation', 'transform_to_staging', 'manual__2025-05-28T05:32:24+00:00', '--job-id', '598', '--raw', '--subdir', 'DAGS_FOLDER/inventory_returns_dag.py', '--cfg-path', '/tmp/tmp5qoos7z0']
[2025-05-28T05:32:27.622+0000] {standard_task_runner.py:85} INFO - Job 598: Subtask transform_to_staging
[2025-05-28T05:32:27.654+0000] {task_command.py:416} INFO - Running <TaskInstance: inventory_returns_generation.transform_to_staging manual__2025-05-28T05:32:24+00:00 [running]> on host 54aadfabdafd
[2025-05-28T05:32:27.879+0000] {taskinstance.py:1662} INFO - Exporting env vars: AIRFLOW_CTX_DAG_OWNER='***' AIRFLOW_CTX_DAG_ID='inventory_returns_generation' AIRFLOW_CTX_TASK_ID='transform_to_staging' AIRFLOW_CTX_EXECUTION_DATE='2025-05-28T05:32:24+00:00' AIRFLOW_CTX_TRY_NUMBER='1' AIRFLOW_CTX_DAG_RUN_ID='manual__2025-05-28T05:32:24+00:00'
[2025-05-28T05:32:27.880+0000] {logging_mixin.py:154} INFO - Starting transformation from ODS to staging layer...
[2025-05-28T05:32:27.884+0000] {logging_mixin.py:154} INFO - Cleaning up all staging tables before transformation...
[2025-05-28T05:32:27.887+0000] {logging_mixin.py:154} INFO - All staging tables cleaned up successfully.
[2025-05-28T05:32:27.887+0000] {logging_mixin.py:154} INFO - Transforming date dimension...
[2025-05-28T05:32:27.894+0000] {logging_mixin.py:154} INFO - Transforming customer dimension...
[2025-05-28T05:32:27.914+0000] {logging_mixin.py:154} INFO - Transforming product dimension...
[2025-05-28T05:32:27.924+0000] {logging_mixin.py:154} INFO - Transforming store dimension...
[2025-05-28T05:32:27.933+0000] {logging_mixin.py:154} INFO - Transforming sales fact...
[2025-05-28T05:32:28.059+0000] {logging_mixin.py:154} INFO - Transforming inventory fact...
[2025-05-28T05:32:28.065+0000] {logging_mixin.py:154} INFO - Transforming returns fact...
[2025-05-28T05:32:28.070+0000] {logging_mixin.py:154} INFO - Staging layer transformation completed successfully.
[2025-05-28T05:32:28.070+0000] {logging_mixin.py:154} INFO - Batch ID: BATCH_20250528053227
[2025-05-28T05:32:28.071+0000] {logging_mixin.py:154} INFO - Transformed data to staging with batch ID: BATCH_20250528053227
[2025-05-28T05:32:28.071+0000] {python.py:194} INFO - Done. Returned value was: BATCH_20250528053227
[2025-05-28T05:32:28.094+0000] {taskinstance.py:1400} INFO - Marking task as SUCCESS. dag_id=inventory_returns_generation, task_id=transform_to_staging, execution_date=20250528T053224, start_date=20250528T053227, end_date=20250528T053228
[2025-05-28T05:32:28.141+0000] {local_task_job_runner.py:228} INFO - Task exited with return code 0
[2025-05-28T05:32:28.160+0000] {taskinstance.py:2778} INFO - 1 downstream tasks scheduled from follow-on schedule check
