[2025-05-27T08:27:59.732+0000] {taskinstance.py:1159} INFO - Dependencies all met for dep_context=non-requeueable deps ti=<TaskInstance: walmart_synthetic_data_dag.generate_synthetic_data scheduled__2025-05-26T00:00:00+00:00 [queued]>
[2025-05-27T08:27:59.737+0000] {taskinstance.py:1159} INFO - Dependencies all met for dep_context=requeueable deps ti=<TaskInstance: walmart_synthetic_data_dag.generate_synthetic_data scheduled__2025-05-26T00:00:00+00:00 [queued]>
[2025-05-27T08:27:59.737+0000] {taskinstance.py:1361} INFO - Starting attempt 2 of 2
[2025-05-27T08:27:59.744+0000] {taskinstance.py:1382} INFO - Executing <Task(PythonOperator): generate_synthetic_data> on 2025-05-26 00:00:00+00:00
[2025-05-27T08:27:59.751+0000] {standard_task_runner.py:57} INFO - Started process 115 to run task
[2025-05-27T08:27:59.753+0000] {standard_task_runner.py:84} INFO - Running: ['***', 'tasks', 'run', 'walmart_synthetic_data_dag', 'generate_synthetic_data', 'scheduled__2025-05-26T00:00:00+00:00', '--job-id', '120', '--raw', '--subdir', 'DAGS_FOLDER/walmart_synthetic_data_dag.py', '--cfg-path', '/tmp/tmpx5jn7f5y']
[2025-05-27T08:27:59.757+0000] {standard_task_runner.py:85} INFO - Job 120: Subtask generate_synthetic_data
[2025-05-27T08:27:59.787+0000] {task_command.py:416} INFO - Running <TaskInstance: walmart_synthetic_data_dag.generate_synthetic_data scheduled__2025-05-26T00:00:00+00:00 [running]> on host f6c8bf542b75
[2025-05-27T08:28:00.139+0000] {taskinstance.py:1662} INFO - Exporting env vars: AIRFLOW_CTX_DAG_OWNER='***' AIRFLOW_CTX_DAG_ID='walmart_synthetic_data_dag' AIRFLOW_CTX_TASK_ID='generate_synthetic_data' AIRFLOW_CTX_EXECUTION_DATE='2025-05-26T00:00:00+00:00' AIRFLOW_CTX_TRY_NUMBER='2' AIRFLOW_CTX_DAG_RUN_ID='scheduled__2025-05-26T00:00:00+00:00'
[2025-05-27T08:28:00.140+0000] {logging_mixin.py:154} INFO - Starting synthetic data generation process...
[2025-05-27T08:28:00.140+0000] {logging_mixin.py:154} INFO - Generating supplier data...
[2025-05-27T08:28:00.149+0000] {logging_mixin.py:154} INFO - Found 50 existing supplier records, skipping generation
[2025-05-27T08:28:00.150+0000] {logging_mixin.py:154} INFO - Generating return reason data...
[2025-05-27T08:28:00.151+0000] {logging_mixin.py:154} INFO - Found 10 existing return reason records, skipping generation
[2025-05-27T08:28:00.151+0000] {logging_mixin.py:154} INFO - Transforming and loading data to staging tables...
[2025-05-27T08:28:00.155+0000] {logging_mixin.py:154} INFO - Supplier and return reason data successfully loaded to staging tables with batch ID: BATCH_SYNTHETIC_20250527082800
[2025-05-27T08:28:00.156+0000] {logging_mixin.py:154} INFO - Starting load to target layer for batch BATCH_SYNTHETIC_20250527082800...
[2025-05-27T08:28:00.158+0000] {logging_mixin.py:154} INFO - Supplier and return reason data successfully loaded to target tables
[2025-05-27T08:28:00.158+0000] {logging_mixin.py:154} INFO - Synthetic data generation and loading complete!
[2025-05-27T08:28:00.158+0000] {python.py:194} INFO - Done. Returned value was: None
[2025-05-27T08:28:00.165+0000] {taskinstance.py:1400} INFO - Marking task as SUCCESS. dag_id=walmart_synthetic_data_dag, task_id=generate_synthetic_data, execution_date=20250526T000000, start_date=20250527T082759, end_date=20250527T082800
[2025-05-27T08:28:00.194+0000] {local_task_job_runner.py:228} INFO - Task exited with return code 0
[2025-05-27T08:28:00.246+0000] {taskinstance.py:2778} INFO - 0 downstream tasks scheduled from follow-on schedule check
