[2025-05-28T05:06:55.292+0000] {taskinstance.py:1159} INFO - Dependencies all met for dep_context=non-requeueable deps ti=<TaskInstance: walmart_etl_dag.load_to_ods manual__2025-05-28T05:06:54+00:00 [queued]>
[2025-05-28T05:06:55.296+0000] {taskinstance.py:1159} INFO - Dependencies all met for dep_context=requeueable deps ti=<TaskInstance: walmart_etl_dag.load_to_ods manual__2025-05-28T05:06:54+00:00 [queued]>
[2025-05-28T05:06:55.296+0000] {taskinstance.py:1361} INFO - Starting attempt 1 of 2
[2025-05-28T05:06:55.302+0000] {taskinstance.py:1382} INFO - Executing <Task(PythonOperator): load_to_ods> on 2025-05-28 05:06:54+00:00
[2025-05-28T05:06:55.306+0000] {standard_task_runner.py:57} INFO - Started process 437 to run task
[2025-05-28T05:06:55.309+0000] {standard_task_runner.py:84} INFO - Running: ['***', 'tasks', 'run', 'walmart_etl_dag', 'load_to_ods', 'manual__2025-05-28T05:06:54+00:00', '--job-id', '551', '--raw', '--subdir', 'DAGS_FOLDER/walmart_etl_dag.py', '--cfg-path', '/tmp/tmptlj3ge08']
[2025-05-28T05:06:55.314+0000] {standard_task_runner.py:85} INFO - Job 551: Subtask load_to_ods
[2025-05-28T05:06:55.344+0000] {task_command.py:416} INFO - Running <TaskInstance: walmart_etl_dag.load_to_ods manual__2025-05-28T05:06:54+00:00 [running]> on host 68d10d19df8b
[2025-05-28T05:06:55.588+0000] {taskinstance.py:1662} INFO - Exporting env vars: AIRFLOW_CTX_DAG_OWNER='***' AIRFLOW_CTX_DAG_ID='walmart_etl_dag' AIRFLOW_CTX_TASK_ID='load_to_ods' AIRFLOW_CTX_EXECUTION_DATE='2025-05-28T05:06:54+00:00' AIRFLOW_CTX_TRY_NUMBER='1' AIRFLOW_CTX_DAG_RUN_ID='manual__2025-05-28T05:06:54+00:00'
[2025-05-28T05:06:55.592+0000] {logging_mixin.py:154} INFO - Found 500 inventory records and 200 returns records in ODS
[2025-05-28T05:06:55.596+0000] {logging_mixin.py:154} INFO - Loaded 2 rows from CSV file.
[2025-05-28T05:06:55.602+0000] {logging_mixin.py:154} INFO - Loaded 3 records into ods_date.
[2025-05-28T05:06:55.604+0000] {logging_mixin.py:154} INFO - Loaded 2 records into ods_customer.
[2025-05-28T05:06:55.606+0000] {logging_mixin.py:154} INFO - Product Perma STOR-ALL™ Hanging File Box, 13 1/8"W x 12 1/4"D x 10 1/2"H has changes: Price 51.98 -> 51.98
[2025-05-28T05:06:55.606+0000] {logging_mixin.py:154} INFO - Product Safco Industrial Wire Shelving has changes: Price 5.99 -> 5.99
[2025-05-28T05:06:55.608+0000] {logging_mixin.py:154} INFO - Loaded 2 records into ods_product.
[2025-05-28T05:06:55.610+0000] {logging_mixin.py:154} INFO - Loaded 2 records into ods_store.
[2025-05-28T05:06:55.631+0000] {logging_mixin.py:154} INFO - Loaded 2 records into ods_sales.
[2025-05-28T05:06:55.631+0000] {logging_mixin.py:154} INFO - No inventory data found in the input DataFrame.
[2025-05-28T05:06:55.631+0000] {logging_mixin.py:154} INFO - No returns data found in the input DataFrame.
[2025-05-28T05:06:55.632+0000] {logging_mixin.py:154} INFO - ODS layer loading completed.
[2025-05-28T05:06:55.632+0000] {python.py:194} INFO - Done. Returned value was: ODS layer loading completed
[2025-05-28T05:06:55.646+0000] {taskinstance.py:1400} INFO - Marking task as SUCCESS. dag_id=walmart_etl_dag, task_id=load_to_ods, execution_date=20250528T050654, start_date=20250528T050655, end_date=20250528T050655
[2025-05-28T05:06:55.663+0000] {local_task_job_runner.py:228} INFO - Task exited with return code 0
[2025-05-28T05:06:55.677+0000] {taskinstance.py:2778} INFO - 1 downstream tasks scheduled from follow-on schedule check
