[2025-05-27T21:58:31.572+0000] {taskinstance.py:1159} INFO - Dependencies all met for dep_context=non-requeueable deps ti=<TaskInstance: synthetic_data_generation.generate_all_synthetic_data manual__2025-05-27T21:58:30.517421+00:00 [queued]>
[2025-05-27T21:58:31.580+0000] {taskinstance.py:1159} INFO - Dependencies all met for dep_context=requeueable deps ti=<TaskInstance: synthetic_data_generation.generate_all_synthetic_data manual__2025-05-27T21:58:30.517421+00:00 [queued]>
[2025-05-27T21:58:31.581+0000] {taskinstance.py:1361} INFO - Starting attempt 1 of 2
[2025-05-27T21:58:31.587+0000] {taskinstance.py:1382} INFO - Executing <Task(PythonOperator): generate_all_synthetic_data> on 2025-05-27 21:58:30.517421+00:00
[2025-05-27T21:58:31.598+0000] {standard_task_runner.py:57} INFO - Started process 95 to run task
[2025-05-27T21:58:31.602+0000] {standard_task_runner.py:84} INFO - Running: ['***', 'tasks', 'run', 'synthetic_data_generation', 'generate_all_synthetic_data', 'manual__2025-05-27T21:58:30.517421+00:00', '--job-id', '424', '--raw', '--subdir', 'DAGS_FOLDER/synthetic_data_dag.py', '--cfg-path', '/tmp/tmp8a7g0qwq']
[2025-05-27T21:58:31.604+0000] {standard_task_runner.py:85} INFO - Job 424: Subtask generate_all_synthetic_data
[2025-05-27T21:58:31.647+0000] {task_command.py:416} INFO - Running <TaskInstance: synthetic_data_generation.generate_all_synthetic_data manual__2025-05-27T21:58:30.517421+00:00 [running]> on host 7b83313548d6
[2025-05-27T21:58:32.085+0000] {taskinstance.py:1662} INFO - Exporting env vars: AIRFLOW_CTX_DAG_OWNER='***' AIRFLOW_CTX_DAG_ID='synthetic_data_generation' AIRFLOW_CTX_TASK_ID='generate_all_synthetic_data' AIRFLOW_CTX_EXECUTION_DATE='2025-05-27T21:58:30.517421+00:00' AIRFLOW_CTX_TRY_NUMBER='1' AIRFLOW_CTX_DAG_RUN_ID='manual__2025-05-27T21:58:30.517421+00:00'
[2025-05-27T21:58:32.087+0000] {logging_mixin.py:154} INFO - Starting synthetic data generation process...
[2025-05-27T21:58:32.088+0000] {logging_mixin.py:154} INFO - Generating supplier data...
[2025-05-27T21:58:32.116+0000] {logging_mixin.py:154} INFO - Loaded 50 supplier records to ods_supplier
[2025-05-27T21:58:32.116+0000] {logging_mixin.py:154} INFO - Generating return reason data...
[2025-05-27T21:58:32.120+0000] {logging_mixin.py:154} INFO - Loaded 10 return reason records to ods_return_reason
[2025-05-27T21:58:32.121+0000] {logging_mixin.py:154} INFO - Transforming and loading data to staging tables...
[2025-05-27T21:58:32.126+0000] {logging_mixin.py:154} INFO - Supplier and return reason data successfully loaded to staging tables with batch ID: BATCH_SYNTHETIC_20250527215832
[2025-05-27T21:58:32.127+0000] {logging_mixin.py:154} INFO - Starting load to target layer for batch BATCH_SYNTHETIC_20250527215832...
[2025-05-27T21:58:32.136+0000] {logging_mixin.py:154} INFO - Supplier and return reason data successfully loaded to target tables
[2025-05-27T21:58:32.137+0000] {logging_mixin.py:154} INFO - Synthetic data generation and loading complete!
[2025-05-27T21:58:32.137+0000] {python.py:194} INFO - Done. Returned value was: None
[2025-05-27T21:58:32.149+0000] {taskinstance.py:1400} INFO - Marking task as SUCCESS. dag_id=synthetic_data_generation, task_id=generate_all_synthetic_data, execution_date=20250527T215830, start_date=20250527T215831, end_date=20250527T215832
[2025-05-27T21:58:32.211+0000] {local_task_job_runner.py:228} INFO - Task exited with return code 0
[2025-05-27T21:58:32.266+0000] {taskinstance.py:2778} INFO - 0 downstream tasks scheduled from follow-on schedule check
