[2025-05-27T07:30:45.955+0000] {taskinstance.py:1159} INFO - Dependencies all met for dep_context=non-requeueable deps ti=<TaskInstance: walmart_etl_dag.load_to_target manual__2025-05-27T07:30:36.609438+00:00 [queued]>
[2025-05-27T07:30:45.960+0000] {taskinstance.py:1159} INFO - Dependencies all met for dep_context=requeueable deps ti=<TaskInstance: walmart_etl_dag.load_to_target manual__2025-05-27T07:30:36.609438+00:00 [queued]>
[2025-05-27T07:30:45.960+0000] {taskinstance.py:1361} INFO - Starting attempt 1 of 2
[2025-05-27T07:30:45.967+0000] {taskinstance.py:1382} INFO - Executing <Task(PythonOperator): load_to_target> on 2025-05-27 07:30:36.609438+00:00
[2025-05-27T07:30:45.979+0000] {standard_task_runner.py:57} INFO - Started process 674 to run task
[2025-05-27T07:30:45.983+0000] {standard_task_runner.py:84} INFO - Running: ['***', 'tasks', 'run', 'walmart_etl_dag', 'load_to_target', 'manual__2025-05-27T07:30:36.609438+00:00', '--job-id', '91', '--raw', '--subdir', 'DAGS_FOLDER/walmart_etl_dag.py', '--cfg-path', '/tmp/tmp6gvk3n5j']
[2025-05-27T07:30:45.989+0000] {standard_task_runner.py:85} INFO - Job 91: Subtask load_to_target
[2025-05-27T07:30:46.024+0000] {task_command.py:416} INFO - Running <TaskInstance: walmart_etl_dag.load_to_target manual__2025-05-27T07:30:36.609438+00:00 [running]> on host d6f713e36ba1
[2025-05-27T07:30:46.313+0000] {taskinstance.py:1662} INFO - Exporting env vars: AIRFLOW_CTX_DAG_OWNER='***' AIRFLOW_CTX_DAG_ID='walmart_etl_dag' AIRFLOW_CTX_TASK_ID='load_to_target' AIRFLOW_CTX_EXECUTION_DATE='2025-05-27T07:30:36.609438+00:00' AIRFLOW_CTX_TRY_NUMBER='1' AIRFLOW_CTX_DAG_RUN_ID='manual__2025-05-27T07:30:36.609438+00:00'
[2025-05-27T07:30:46.338+0000] {logging_mixin.py:154} INFO - Starting load to target layer for batch BATCH_20250527073043...
[2025-05-27T07:30:46.349+0000] {logging_mixin.py:154} INFO - Loading date dimension to target...
[2025-05-27T07:30:46.367+0000] {logging_mixin.py:154} INFO - Loading customer dimension to target...
[2025-05-27T07:30:46.413+0000] {logging_mixin.py:154} INFO - Loading supplier dimension to target...
[2025-05-27T07:30:46.422+0000] {logging_mixin.py:154} INFO - Loading return reason dimension to target...
[2025-05-27T07:30:46.429+0000] {logging_mixin.py:154} INFO - Loading product dimension to target with SCD Type 2...
[2025-05-27T07:30:46.465+0000] {logging_mixin.py:154} INFO - Loading store dimension to target with SCD Type 2...
[2025-05-27T07:30:46.510+0000] {logging_mixin.py:154} INFO - Loading sales fact to target...
[2025-05-27T07:30:46.708+0000] {logging_mixin.py:154} INFO - Target layer loading completed successfully.
[2025-05-27T07:30:46.709+0000] {logging_mixin.py:154} INFO - Batch ID: BATCH_20250527073043
[2025-05-27T07:30:46.710+0000] {python.py:194} INFO - Done. Returned value was: BATCH_20250527073043
[2025-05-27T07:30:46.735+0000] {taskinstance.py:1400} INFO - Marking task as SUCCESS. dag_id=walmart_etl_dag, task_id=load_to_target, execution_date=20250527T073036, start_date=20250527T073045, end_date=20250527T073046
[2025-05-27T07:30:46.802+0000] {local_task_job_runner.py:228} INFO - Task exited with return code 0
[2025-05-27T07:30:46.838+0000] {taskinstance.py:2778} INFO - 1 downstream tasks scheduled from follow-on schedule check
