[2025-05-27T08:26:46.978+0000] {taskinstance.py:1159} INFO - Dependencies all met for dep_context=non-requeueable deps ti=<TaskInstance: walmart_etl_dag.load_to_target manual__2025-05-27T08:26:41.319975+00:00 [queued]>
[2025-05-27T08:26:46.982+0000] {taskinstance.py:1159} INFO - Dependencies all met for dep_context=requeueable deps ti=<TaskInstance: walmart_etl_dag.load_to_target manual__2025-05-27T08:26:41.319975+00:00 [queued]>
[2025-05-27T08:26:46.982+0000] {taskinstance.py:1361} INFO - Starting attempt 1 of 2
[2025-05-27T08:26:46.988+0000] {taskinstance.py:1382} INFO - Executing <Task(PythonOperator): load_to_target> on 2025-05-27 08:26:41.319975+00:00
[2025-05-27T08:26:46.995+0000] {standard_task_runner.py:57} INFO - Started process 91 to run task
[2025-05-27T08:26:46.998+0000] {standard_task_runner.py:84} INFO - Running: ['***', 'tasks', 'run', 'walmart_etl_dag', 'load_to_target', 'manual__2025-05-27T08:26:41.319975+00:00', '--job-id', '117', '--raw', '--subdir', 'DAGS_FOLDER/walmart_etl_dag.py', '--cfg-path', '/tmp/tmp4lbsx4io']
[2025-05-27T08:26:47.000+0000] {standard_task_runner.py:85} INFO - Job 117: Subtask load_to_target
[2025-05-27T08:26:47.025+0000] {task_command.py:416} INFO - Running <TaskInstance: walmart_etl_dag.load_to_target manual__2025-05-27T08:26:41.319975+00:00 [running]> on host f6c8bf542b75
[2025-05-27T08:26:47.369+0000] {taskinstance.py:1662} INFO - Exporting env vars: AIRFLOW_CTX_DAG_OWNER='***' AIRFLOW_CTX_DAG_ID='walmart_etl_dag' AIRFLOW_CTX_TASK_ID='load_to_target' AIRFLOW_CTX_EXECUTION_DATE='2025-05-27T08:26:41.319975+00:00' AIRFLOW_CTX_TRY_NUMBER='1' AIRFLOW_CTX_DAG_RUN_ID='manual__2025-05-27T08:26:41.319975+00:00'
[2025-05-27T08:26:47.383+0000] {logging_mixin.py:154} INFO - Starting load to target layer for batch BATCH_20250527082645...
[2025-05-27T08:26:47.397+0000] {logging_mixin.py:154} INFO - Loading date dimension to target...
[2025-05-27T08:26:47.413+0000] {logging_mixin.py:154} INFO - Loading customer dimension to target...
[2025-05-27T08:26:47.454+0000] {logging_mixin.py:154} INFO - Loading supplier dimension to target...
[2025-05-27T08:26:47.466+0000] {logging_mixin.py:154} INFO - Loading return reason dimension to target...
[2025-05-27T08:26:47.470+0000] {logging_mixin.py:154} INFO - Loading product dimension to target with SCD Type 2...
[2025-05-27T08:26:47.525+0000] {logging_mixin.py:154} INFO - Loading store dimension to target with SCD Type 2...
[2025-05-27T08:26:47.638+0000] {logging_mixin.py:154} INFO - Loading sales fact to target...
[2025-05-27T08:26:47.786+0000] {logging_mixin.py:154} INFO - Target layer loading completed successfully.
[2025-05-27T08:26:47.786+0000] {logging_mixin.py:154} INFO - Batch ID: BATCH_20250527082645
[2025-05-27T08:26:47.786+0000] {python.py:194} INFO - Done. Returned value was: BATCH_20250527082645
[2025-05-27T08:26:47.807+0000] {taskinstance.py:1400} INFO - Marking task as SUCCESS. dag_id=walmart_etl_dag, task_id=load_to_target, execution_date=20250527T082641, start_date=20250527T082646, end_date=20250527T082647
[2025-05-27T08:26:47.854+0000] {local_task_job_runner.py:228} INFO - Task exited with return code 0
[2025-05-27T08:26:47.884+0000] {taskinstance.py:2778} INFO - 1 downstream tasks scheduled from follow-on schedule check
