[2025-05-27T05:30:07.429+0000] {taskinstance.py:1159} INFO - Dependencies all met for dep_context=non-requeueable deps ti=<TaskInstance: walmart_etl_dag.load_to_target manual__2025-05-27T05:29:52+00:00 [queued]>
[2025-05-27T05:30:07.434+0000] {taskinstance.py:1159} INFO - Dependencies all met for dep_context=requeueable deps ti=<TaskInstance: walmart_etl_dag.load_to_target manual__2025-05-27T05:29:52+00:00 [queued]>
[2025-05-27T05:30:07.434+0000] {taskinstance.py:1361} INFO - Starting attempt 1 of 2
[2025-05-27T05:30:07.440+0000] {taskinstance.py:1382} INFO - Executing <Task(PythonOperator): load_to_target> on 2025-05-27 05:29:52+00:00
[2025-05-27T05:30:07.445+0000] {standard_task_runner.py:57} INFO - Started process 276 to run task
[2025-05-27T05:30:07.453+0000] {standard_task_runner.py:84} INFO - Running: ['***', 'tasks', 'run', 'walmart_etl_dag', 'load_to_target', 'manual__2025-05-27T05:29:52+00:00', '--job-id', '59', '--raw', '--subdir', 'DAGS_FOLDER/walmart_etl_dag.py', '--cfg-path', '/tmp/tmp0hjk_odc']
[2025-05-27T05:30:07.455+0000] {standard_task_runner.py:85} INFO - Job 59: Subtask load_to_target
[2025-05-27T05:30:07.486+0000] {task_command.py:416} INFO - Running <TaskInstance: walmart_etl_dag.load_to_target manual__2025-05-27T05:29:52+00:00 [running]> on host 364c8c3dd6ab
[2025-05-27T05:30:07.534+0000] {taskinstance.py:1662} INFO - Exporting env vars: AIRFLOW_CTX_DAG_OWNER='***' AIRFLOW_CTX_DAG_ID='walmart_etl_dag' AIRFLOW_CTX_TASK_ID='load_to_target' AIRFLOW_CTX_EXECUTION_DATE='2025-05-27T05:29:52+00:00' AIRFLOW_CTX_TRY_NUMBER='1' AIRFLOW_CTX_DAG_RUN_ID='manual__2025-05-27T05:29:52+00:00'
[2025-05-27T05:30:07.544+0000] {logging_mixin.py:154} INFO - Starting load to target layer for batch BATCH_20250527053004...
[2025-05-27T05:30:07.548+0000] {logging_mixin.py:154} INFO - Loading date dimension to target...
[2025-05-27T05:30:07.563+0000] {logging_mixin.py:154} INFO - Loading customer dimension to target...
[2025-05-27T05:30:07.735+0000] {logging_mixin.py:154} INFO - Loading supplier dimension to target...
[2025-05-27T05:30:07.738+0000] {logging_mixin.py:154} INFO - Loading return reason dimension to target...
[2025-05-27T05:30:07.741+0000] {logging_mixin.py:154} INFO - Loading product dimension to target with SCD Type 2...
[2025-05-27T05:30:08.967+0000] {logging_mixin.py:154} INFO - Loading store dimension to target with SCD Type 2...
[2025-05-27T05:30:09.031+0000] {logging_mixin.py:154} INFO - Loading sales fact to target...
[2025-05-27T05:30:09.034+0000] {logging_mixin.py:154} INFO - Target layer loading completed successfully.
[2025-05-27T05:30:09.034+0000] {logging_mixin.py:154} INFO - Batch ID: BATCH_20250527053004
[2025-05-27T05:30:09.035+0000] {python.py:194} INFO - Done. Returned value was: BATCH_20250527053004
[2025-05-27T05:30:09.061+0000] {taskinstance.py:1400} INFO - Marking task as SUCCESS. dag_id=walmart_etl_dag, task_id=load_to_target, execution_date=20250527T052952, start_date=20250527T053007, end_date=20250527T053009
[2025-05-27T05:30:09.128+0000] {local_task_job_runner.py:228} INFO - Task exited with return code 0
[2025-05-27T05:30:09.188+0000] {taskinstance.py:2778} INFO - 1 downstream tasks scheduled from follow-on schedule check
