[2025-05-28T05:11:55.285+0000] {taskinstance.py:1159} INFO - Dependencies all met for dep_context=non-requeueable deps ti=<TaskInstance: inventory_returns_generation.load_to_target manual__2025-05-28T05:11:50.237828+00:00 [queued]>
[2025-05-28T05:11:55.290+0000] {taskinstance.py:1159} INFO - Dependencies all met for dep_context=requeueable deps ti=<TaskInstance: inventory_returns_generation.load_to_target manual__2025-05-28T05:11:50.237828+00:00 [queued]>
[2025-05-28T05:11:55.290+0000] {taskinstance.py:1361} INFO - Starting attempt 1 of 2
[2025-05-28T05:11:55.297+0000] {taskinstance.py:1382} INFO - Executing <Task(PythonOperator): load_to_target> on 2025-05-28 05:11:50.237828+00:00
[2025-05-28T05:11:55.304+0000] {standard_task_runner.py:57} INFO - Started process 139 to run task
[2025-05-28T05:11:55.309+0000] {standard_task_runner.py:84} INFO - Running: ['***', 'tasks', 'run', 'inventory_returns_generation', 'load_to_target', 'manual__2025-05-28T05:11:50.237828+00:00', '--job-id', '574', '--raw', '--subdir', 'DAGS_FOLDER/inventory_returns_dag.py', '--cfg-path', '/tmp/tmpxiehvtff']
[2025-05-28T05:11:55.311+0000] {standard_task_runner.py:85} INFO - Job 574: Subtask load_to_target
[2025-05-28T05:11:55.337+0000] {task_command.py:416} INFO - Running <TaskInstance: inventory_returns_generation.load_to_target manual__2025-05-28T05:11:50.237828+00:00 [running]> on host 54aadfabdafd
[2025-05-28T05:11:55.647+0000] {taskinstance.py:1662} INFO - Exporting env vars: AIRFLOW_CTX_DAG_OWNER='***' AIRFLOW_CTX_DAG_ID='inventory_returns_generation' AIRFLOW_CTX_TASK_ID='load_to_target' AIRFLOW_CTX_EXECUTION_DATE='2025-05-28T05:11:50.237828+00:00' AIRFLOW_CTX_TRY_NUMBER='1' AIRFLOW_CTX_DAG_RUN_ID='manual__2025-05-28T05:11:50.237828+00:00'
[2025-05-28T05:11:55.658+0000] {logging_mixin.py:154} INFO - Starting load to target layer for batch BATCH_20250528051153...
[2025-05-28T05:11:55.663+0000] {logging_mixin.py:154} INFO - Ensuring all required dates are in the date dimension...
[2025-05-28T05:11:55.667+0000] {logging_mixin.py:154} INFO - Added date 20250421 to date dimension
[2025-05-28T05:11:55.668+0000] {logging_mixin.py:154} INFO - Added date 20250518 to date dimension
[2025-05-28T05:11:55.670+0000] {logging_mixin.py:154} INFO - Added date 20250520 to date dimension
[2025-05-28T05:11:55.671+0000] {logging_mixin.py:154} INFO - Added date 20250506 to date dimension
[2025-05-28T05:11:55.672+0000] {logging_mixin.py:154} INFO - Added date 20250425 to date dimension
[2025-05-28T05:11:55.673+0000] {logging_mixin.py:154} INFO - Added date 20250512 to date dimension
[2025-05-28T05:11:55.674+0000] {logging_mixin.py:154} INFO - Added date 20250422 to date dimension
[2025-05-28T05:11:55.674+0000] {logging_mixin.py:154} INFO - Added date 20250502 to date dimension
[2025-05-28T05:11:55.675+0000] {logging_mixin.py:154} INFO - Added date 20250424 to date dimension
[2025-05-28T05:11:55.675+0000] {logging_mixin.py:154} INFO - Added date 20250418 to date dimension
[2025-05-28T05:11:55.676+0000] {logging_mixin.py:154} INFO - Added date 20250517 to date dimension
[2025-05-28T05:11:55.676+0000] {logging_mixin.py:154} INFO - Added date 20250419 to date dimension
[2025-05-28T05:11:55.677+0000] {logging_mixin.py:154} INFO - Added date 20250426 to date dimension
[2025-05-28T05:11:55.678+0000] {logging_mixin.py:154} INFO - Added date 20250414 to date dimension
[2025-05-28T05:11:55.678+0000] {logging_mixin.py:154} INFO - Added date 20250525 to date dimension
[2025-05-28T05:11:55.679+0000] {logging_mixin.py:154} INFO - Added date 20250528 to date dimension
[2025-05-28T05:11:55.679+0000] {logging_mixin.py:154} INFO - Added date 20250420 to date dimension
[2025-05-28T05:11:55.680+0000] {logging_mixin.py:154} INFO - Added date 20250516 to date dimension
[2025-05-28T05:11:55.681+0000] {logging_mixin.py:154} INFO - Added date 20250524 to date dimension
[2025-05-28T05:11:55.681+0000] {logging_mixin.py:154} INFO - Added date 20250503 to date dimension
[2025-05-28T05:11:55.682+0000] {logging_mixin.py:154} INFO - Added date 20250526 to date dimension
[2025-05-28T05:11:55.682+0000] {logging_mixin.py:154} INFO - Added date 20250504 to date dimension
[2025-05-28T05:11:55.683+0000] {logging_mixin.py:154} INFO - Added date 20250510 to date dimension
[2025-05-28T05:11:55.683+0000] {logging_mixin.py:154} INFO - Added date 20250429 to date dimension
[2025-05-28T05:11:55.684+0000] {logging_mixin.py:154} INFO - Added date 20250507 to date dimension
[2025-05-28T05:11:55.685+0000] {logging_mixin.py:154} INFO - Added date 20250427 to date dimension
[2025-05-28T05:11:55.685+0000] {logging_mixin.py:154} INFO - Added date 20250521 to date dimension
[2025-05-28T05:11:55.686+0000] {logging_mixin.py:154} INFO - Added date 20250527 to date dimension
[2025-05-28T05:11:55.686+0000] {logging_mixin.py:154} INFO - Added date 20250430 to date dimension
[2025-05-28T05:11:55.687+0000] {logging_mixin.py:154} INFO - Added date 20250501 to date dimension
[2025-05-28T05:11:55.688+0000] {logging_mixin.py:154} INFO - Added date 20250522 to date dimension
[2025-05-28T05:11:55.689+0000] {logging_mixin.py:154} INFO - Added date 20250428 to date dimension
[2025-05-28T05:11:55.690+0000] {logging_mixin.py:154} INFO - Added date 20250416 to date dimension
[2025-05-28T05:11:55.690+0000] {logging_mixin.py:154} INFO - Added date 20250511 to date dimension
[2025-05-28T05:11:55.691+0000] {logging_mixin.py:154} INFO - Added date 20250505 to date dimension
[2025-05-28T05:11:55.692+0000] {logging_mixin.py:154} INFO - Added date 20250519 to date dimension
[2025-05-28T05:11:55.692+0000] {logging_mixin.py:154} INFO - Added date 20250514 to date dimension
[2025-05-28T05:11:55.693+0000] {logging_mixin.py:154} INFO - Added date 20250515 to date dimension
[2025-05-28T05:11:55.693+0000] {logging_mixin.py:154} INFO - Added date 20250513 to date dimension
[2025-05-28T05:11:55.694+0000] {logging_mixin.py:154} INFO - Added date 20250415 to date dimension
[2025-05-28T05:11:55.694+0000] {logging_mixin.py:154} INFO - Added date 20250423 to date dimension
[2025-05-28T05:11:55.695+0000] {logging_mixin.py:154} INFO - Added date 20250417 to date dimension
[2025-05-28T05:11:55.696+0000] {logging_mixin.py:154} INFO - Added date 20250508 to date dimension
[2025-05-28T05:11:55.696+0000] {logging_mixin.py:154} INFO - Added date 20250523 to date dimension
[2025-05-28T05:11:55.697+0000] {logging_mixin.py:154} INFO - Added date 20250509 to date dimension
[2025-05-28T05:11:55.697+0000] {logging_mixin.py:154} INFO - Loading date dimension to target...
[2025-05-28T05:11:55.698+0000] {logging_mixin.py:154} INFO - Loading customer dimension to target...
[2025-05-28T05:11:55.701+0000] {logging_mixin.py:154} INFO - Loading supplier dimension to target...
[2025-05-28T05:11:55.719+0000] {logging_mixin.py:154} INFO - Loading return reason dimension to target...
[2025-05-28T05:11:55.722+0000] {logging_mixin.py:154} INFO - Loading product dimension to target with SCD Type 2...
[2025-05-28T05:11:55.723+0000] {logging_mixin.py:154} INFO - Found 0 products with changes
[2025-05-28T05:11:55.724+0000] {logging_mixin.py:154} INFO - Loading store dimension to target with SCD Type 2...
[2025-05-28T05:11:55.726+0000] {logging_mixin.py:154} INFO - Loading sales fact to target...
[2025-05-28T05:11:55.728+0000] {logging_mixin.py:154} INFO - Loading inventory fact to target...
[2025-05-28T05:11:55.741+0000] {logging_mixin.py:154} INFO - Loading returns fact to target...
[2025-05-28T05:11:55.749+0000] {logging_mixin.py:154} INFO - Target layer loading completed successfully.
[2025-05-28T05:11:55.749+0000] {logging_mixin.py:154} INFO - Batch ID: BATCH_20250528051153
[2025-05-28T05:11:55.749+0000] {logging_mixin.py:154} INFO - Data loaded to target layer with batch ID: BATCH_20250528051153
[2025-05-28T05:11:55.749+0000] {python.py:194} INFO - Done. Returned value was: Target layer loading completed
[2025-05-28T05:11:55.759+0000] {taskinstance.py:1400} INFO - Marking task as SUCCESS. dag_id=inventory_returns_generation, task_id=load_to_target, execution_date=20250528T051150, start_date=20250528T051155, end_date=20250528T051155
[2025-05-28T05:11:55.797+0000] {local_task_job_runner.py:228} INFO - Task exited with return code 0
[2025-05-28T05:11:55.809+0000] {taskinstance.py:2778} INFO - 0 downstream tasks scheduled from follow-on schedule check
