[2025-05-27T19:25:45.644+0000] {taskinstance.py:1159} INFO - Dependencies all met for dep_context=non-requeueable deps ti=<TaskInstance: walmart_etl_dag.load_to_target manual__2025-05-27T19:25:37.402614+00:00 [queued]>
[2025-05-27T19:25:45.648+0000] {taskinstance.py:1159} INFO - Dependencies all met for dep_context=requeueable deps ti=<TaskInstance: walmart_etl_dag.load_to_target manual__2025-05-27T19:25:37.402614+00:00 [queued]>
[2025-05-27T19:25:45.648+0000] {taskinstance.py:1361} INFO - Starting attempt 1 of 2
[2025-05-27T19:25:45.654+0000] {taskinstance.py:1382} INFO - Executing <Task(PythonOperator): load_to_target> on 2025-05-27 19:25:37.402614+00:00
[2025-05-27T19:25:45.657+0000] {standard_task_runner.py:57} INFO - Started process 1297 to run task
[2025-05-27T19:25:45.659+0000] {standard_task_runner.py:84} INFO - Running: ['***', 'tasks', 'run', 'walmart_etl_dag', 'load_to_target', 'manual__2025-05-27T19:25:37.402614+00:00', '--job-id', '302', '--raw', '--subdir', 'DAGS_FOLDER/walmart_etl_dag.py', '--cfg-path', '/tmp/tmporlcmrmy']
[2025-05-27T19:25:45.662+0000] {standard_task_runner.py:85} INFO - Job 302: Subtask load_to_target
[2025-05-27T19:25:45.696+0000] {task_command.py:416} INFO - Running <TaskInstance: walmart_etl_dag.load_to_target manual__2025-05-27T19:25:37.402614+00:00 [running]> on host d80f98a6628f
[2025-05-27T19:25:45.901+0000] {taskinstance.py:1662} INFO - Exporting env vars: AIRFLOW_CTX_DAG_OWNER='***' AIRFLOW_CTX_DAG_ID='walmart_etl_dag' AIRFLOW_CTX_TASK_ID='load_to_target' AIRFLOW_CTX_EXECUTION_DATE='2025-05-27T19:25:37.402614+00:00' AIRFLOW_CTX_TRY_NUMBER='1' AIRFLOW_CTX_DAG_RUN_ID='manual__2025-05-27T19:25:37.402614+00:00'
[2025-05-27T19:25:45.914+0000] {logging_mixin.py:154} INFO - Found 0 inventory records and 0 returns records in staging before loading to target
[2025-05-27T19:25:45.914+0000] {logging_mixin.py:154} INFO - Starting load to target layer for batch BATCH_20250527192544...
[2025-05-27T19:25:45.914+0000] {logging_mixin.py:154} INFO - Ensuring all required dates are in the date dimension...
[2025-05-27T19:25:45.916+0000] {logging_mixin.py:154} INFO - Loading date dimension to target...
[2025-05-27T19:25:45.923+0000] {logging_mixin.py:154} INFO - Loading customer dimension to target...
[2025-05-27T19:25:45.952+0000] {logging_mixin.py:154} INFO - Loading supplier dimension to target...
[2025-05-27T19:25:45.956+0000] {logging_mixin.py:154} INFO - Loading return reason dimension to target...
[2025-05-27T19:25:45.959+0000] {logging_mixin.py:154} INFO - Loading product dimension to target with SCD Type 2...
[2025-05-27T19:25:45.981+0000] {logging_mixin.py:154} INFO - Loading store dimension to target with SCD Type 2...
[2025-05-27T19:25:46.002+0000] {logging_mixin.py:154} INFO - Loading sales fact to target...
[2025-05-27T19:25:46.174+0000] {logging_mixin.py:154} INFO - Loading inventory fact to target...
[2025-05-27T19:25:46.176+0000] {logging_mixin.py:154} INFO - Loading returns fact to target...
[2025-05-27T19:25:46.176+0000] {logging_mixin.py:154} INFO - Target layer loading completed successfully.
[2025-05-27T19:25:46.176+0000] {logging_mixin.py:154} INFO - Batch ID: BATCH_20250527192544
[2025-05-27T19:25:46.177+0000] {logging_mixin.py:154} INFO - Loaded 0 inventory records and 0 returns records to target
[2025-05-27T19:25:46.177+0000] {python.py:194} INFO - Done. Returned value was: Target layer loading completed
[2025-05-27T19:25:46.188+0000] {taskinstance.py:1400} INFO - Marking task as SUCCESS. dag_id=walmart_etl_dag, task_id=load_to_target, execution_date=20250527T192537, start_date=20250527T192545, end_date=20250527T192546
[2025-05-27T19:25:46.230+0000] {local_task_job_runner.py:228} INFO - Task exited with return code 0
[2025-05-27T19:25:46.263+0000] {taskinstance.py:2778} INFO - 1 downstream tasks scheduled from follow-on schedule check
