[2025-05-27T21:07:51.846+0000] {taskinstance.py:1159} INFO - Dependencies all met for dep_context=non-requeueable deps ti=<TaskInstance: walmart_etl_dag.load_to_target manual__2025-05-27T21:02:44.804749+00:00 [queued]>
[2025-05-27T21:07:51.851+0000] {taskinstance.py:1159} INFO - Dependencies all met for dep_context=requeueable deps ti=<TaskInstance: walmart_etl_dag.load_to_target manual__2025-05-27T21:02:44.804749+00:00 [queued]>
[2025-05-27T21:07:51.852+0000] {taskinstance.py:1361} INFO - Starting attempt 1 of 2
[2025-05-27T21:07:51.859+0000] {taskinstance.py:1382} INFO - Executing <Task(PythonOperator): load_to_target> on 2025-05-27 21:02:44.804749+00:00
[2025-05-27T21:07:51.862+0000] {standard_task_runner.py:57} INFO - Started process 92 to run task
[2025-05-27T21:07:51.866+0000] {standard_task_runner.py:84} INFO - Running: ['***', 'tasks', 'run', 'walmart_etl_dag', 'load_to_target', 'manual__2025-05-27T21:02:44.804749+00:00', '--job-id', '387', '--raw', '--subdir', 'DAGS_FOLDER/walmart_etl_dag.py', '--cfg-path', '/tmp/tmp2i9tnf32']
[2025-05-27T21:07:51.868+0000] {standard_task_runner.py:85} INFO - Job 387: Subtask load_to_target
[2025-05-27T21:07:51.894+0000] {task_command.py:416} INFO - Running <TaskInstance: walmart_etl_dag.load_to_target manual__2025-05-27T21:02:44.804749+00:00 [running]> on host b59a6288ef07
[2025-05-27T21:07:52.208+0000] {taskinstance.py:1662} INFO - Exporting env vars: AIRFLOW_CTX_DAG_OWNER='***' AIRFLOW_CTX_DAG_ID='walmart_etl_dag' AIRFLOW_CTX_TASK_ID='load_to_target' AIRFLOW_CTX_EXECUTION_DATE='2025-05-27T21:02:44.804749+00:00' AIRFLOW_CTX_TRY_NUMBER='1' AIRFLOW_CTX_DAG_RUN_ID='manual__2025-05-27T21:02:44.804749+00:00'
[2025-05-27T21:07:52.225+0000] {logging_mixin.py:154} INFO - Found 500 inventory records and 200 returns records in staging before loading to target
[2025-05-27T21:07:52.225+0000] {logging_mixin.py:154} INFO - Starting load to target layer for batch BATCH_20250527210750...
[2025-05-27T21:07:52.225+0000] {logging_mixin.py:154} INFO - Ensuring all required dates are in the date dimension...
[2025-05-27T21:07:52.232+0000] {logging_mixin.py:154} INFO - Loading date dimension to target...
[2025-05-27T21:07:52.251+0000] {logging_mixin.py:154} INFO - Loading customer dimension to target...
[2025-05-27T21:07:52.308+0000] {logging_mixin.py:154} INFO - Loading supplier dimension to target...
[2025-05-27T21:07:52.320+0000] {logging_mixin.py:154} INFO - Loading return reason dimension to target...
[2025-05-27T21:07:52.322+0000] {logging_mixin.py:154} INFO - Loading product dimension to target with SCD Type 2...
[2025-05-27T21:07:52.367+0000] {logging_mixin.py:154} INFO - Loading store dimension to target with SCD Type 2...
[2025-05-27T21:07:52.429+0000] {logging_mixin.py:154} INFO - Loading sales fact to target...
[2025-05-27T21:07:52.546+0000] {logging_mixin.py:154} INFO - Loading inventory fact to target...
[2025-05-27T21:07:52.554+0000] {logging_mixin.py:154} INFO - Loading returns fact to target...
[2025-05-27T21:07:52.558+0000] {logging_mixin.py:154} INFO - Target layer loading completed successfully.
[2025-05-27T21:07:52.558+0000] {logging_mixin.py:154} INFO - Batch ID: BATCH_20250527210750
[2025-05-27T21:07:52.559+0000] {logging_mixin.py:154} INFO - Loaded 500 inventory records and 200 returns records to target
[2025-05-27T21:07:52.559+0000] {python.py:194} INFO - Done. Returned value was: Target layer loading completed
[2025-05-27T21:07:52.578+0000] {taskinstance.py:1400} INFO - Marking task as SUCCESS. dag_id=walmart_etl_dag, task_id=load_to_target, execution_date=20250527T210244, start_date=20250527T210751, end_date=20250527T210752
[2025-05-27T21:07:52.632+0000] {local_task_job_runner.py:228} INFO - Task exited with return code 0
[2025-05-27T21:07:52.656+0000] {taskinstance.py:2778} INFO - 1 downstream tasks scheduled from follow-on schedule check
