[2025-05-28T05:12:19.164+0000] {taskinstance.py:1159} INFO - Dependencies all met for dep_context=non-requeueable deps ti=<TaskInstance: walmart_etl_dag.transform_to_staging manual__2025-05-28T05:12:16.720641+00:00 [queued]>
[2025-05-28T05:12:19.169+0000] {taskinstance.py:1159} INFO - Dependencies all met for dep_context=requeueable deps ti=<TaskInstance: walmart_etl_dag.transform_to_staging manual__2025-05-28T05:12:16.720641+00:00 [queued]>
[2025-05-28T05:12:19.169+0000] {taskinstance.py:1361} INFO - Starting attempt 1 of 2
[2025-05-28T05:12:19.175+0000] {taskinstance.py:1382} INFO - Executing <Task(PythonOperator): transform_to_staging> on 2025-05-28 05:12:16.720641+00:00
[2025-05-28T05:12:19.179+0000] {standard_task_runner.py:57} INFO - Started process 153 to run task
[2025-05-28T05:12:19.182+0000] {standard_task_runner.py:84} INFO - Running: ['***', 'tasks', 'run', 'walmart_etl_dag', 'transform_to_staging', 'manual__2025-05-28T05:12:16.720641+00:00', '--job-id', '576', '--raw', '--subdir', 'DAGS_FOLDER/walmart_etl_dag.py', '--cfg-path', '/tmp/tmp2scsdbpu']
[2025-05-28T05:12:19.185+0000] {standard_task_runner.py:85} INFO - Job 576: Subtask transform_to_staging
[2025-05-28T05:12:19.210+0000] {task_command.py:416} INFO - Running <TaskInstance: walmart_etl_dag.transform_to_staging manual__2025-05-28T05:12:16.720641+00:00 [running]> on host 54aadfabdafd
[2025-05-28T05:12:19.394+0000] {taskinstance.py:1662} INFO - Exporting env vars: AIRFLOW_CTX_DAG_OWNER='***' AIRFLOW_CTX_DAG_ID='walmart_etl_dag' AIRFLOW_CTX_TASK_ID='transform_to_staging' AIRFLOW_CTX_EXECUTION_DATE='2025-05-28T05:12:16.720641+00:00' AIRFLOW_CTX_TRY_NUMBER='1' AIRFLOW_CTX_DAG_RUN_ID='manual__2025-05-28T05:12:16.720641+00:00'
[2025-05-28T05:12:19.397+0000] {logging_mixin.py:154} INFO - Starting transformation from ODS to staging layer...
[2025-05-28T05:12:19.403+0000] {logging_mixin.py:154} INFO - Cleaning up all staging tables before transformation...
[2025-05-28T05:12:19.409+0000] {logging_mixin.py:154} INFO - All staging tables cleaned up successfully.
[2025-05-28T05:12:19.410+0000] {logging_mixin.py:154} INFO - Transforming date dimension...
[2025-05-28T05:12:19.412+0000] {logging_mixin.py:154} INFO - Transforming customer dimension...
[2025-05-28T05:12:19.414+0000] {logging_mixin.py:154} INFO - Transforming product dimension...
[2025-05-28T05:12:19.417+0000] {logging_mixin.py:154} INFO - Transforming store dimension...
[2025-05-28T05:12:19.419+0000] {logging_mixin.py:154} INFO - Transforming sales fact...
[2025-05-28T05:12:19.421+0000] {logging_mixin.py:154} INFO - Transforming inventory fact...
[2025-05-28T05:12:19.430+0000] {logging_mixin.py:154} INFO - Transforming returns fact...
[2025-05-28T05:12:19.435+0000] {logging_mixin.py:154} INFO - Staging layer transformation completed successfully.
[2025-05-28T05:12:19.435+0000] {logging_mixin.py:154} INFO - Batch ID: BATCH_20250528051219
[2025-05-28T05:12:19.435+0000] {logging_mixin.py:154} INFO - Transformed data to staging with batch ID: BATCH_20250528051219
[2025-05-28T05:12:19.435+0000] {python.py:194} INFO - Done. Returned value was: BATCH_20250528051219
[2025-05-28T05:12:19.450+0000] {taskinstance.py:1400} INFO - Marking task as SUCCESS. dag_id=walmart_etl_dag, task_id=transform_to_staging, execution_date=20250528T051216, start_date=20250528T051219, end_date=20250528T051219
[2025-05-28T05:12:19.494+0000] {local_task_job_runner.py:228} INFO - Task exited with return code 0
[2025-05-28T05:12:19.551+0000] {taskinstance.py:2778} INFO - 1 downstream tasks scheduled from follow-on schedule check
