[2025-05-27T22:17:23.633+0000] {taskinstance.py:1159} INFO - Dependencies all met for dep_context=non-requeueable deps ti=<TaskInstance: synthetic_data_generation.generate_supplier_data manual__2025-05-27T22:17:22.500927+00:00 [queued]>
[2025-05-27T22:17:23.640+0000] {taskinstance.py:1159} INFO - Dependencies all met for dep_context=requeueable deps ti=<TaskInstance: synthetic_data_generation.generate_supplier_data manual__2025-05-27T22:17:22.500927+00:00 [queued]>
[2025-05-27T22:17:23.641+0000] {taskinstance.py:1361} INFO - Starting attempt 1 of 2
[2025-05-27T22:17:23.648+0000] {taskinstance.py:1382} INFO - Executing <Task(PythonOperator): generate_supplier_data> on 2025-05-27 22:17:22.500927+00:00
[2025-05-27T22:17:23.658+0000] {standard_task_runner.py:57} INFO - Started process 136 to run task
[2025-05-27T22:17:23.663+0000] {standard_task_runner.py:84} INFO - Running: ['***', 'tasks', 'run', 'synthetic_data_generation', 'generate_supplier_data', 'manual__2025-05-27T22:17:22.500927+00:00', '--job-id', '448', '--raw', '--subdir', 'DAGS_FOLDER/synthetic_data_dag.py', '--cfg-path', '/tmp/tmplqtd3c_y']
[2025-05-27T22:17:23.669+0000] {standard_task_runner.py:85} INFO - Job 448: Subtask generate_supplier_data
[2025-05-27T22:17:23.708+0000] {task_command.py:416} INFO - Running <TaskInstance: synthetic_data_generation.generate_supplier_data manual__2025-05-27T22:17:22.500927+00:00 [running]> on host e3db230d44e2
[2025-05-27T22:17:24.040+0000] {taskinstance.py:1662} INFO - Exporting env vars: AIRFLOW_CTX_DAG_OWNER='***' AIRFLOW_CTX_DAG_ID='synthetic_data_generation' AIRFLOW_CTX_TASK_ID='generate_supplier_data' AIRFLOW_CTX_EXECUTION_DATE='2025-05-27T22:17:22.500927+00:00' AIRFLOW_CTX_TRY_NUMBER='1' AIRFLOW_CTX_DAG_RUN_ID='manual__2025-05-27T22:17:22.500927+00:00'
[2025-05-27T22:17:24.041+0000] {logging_mixin.py:154} INFO - Generating supplier data...
[2025-05-27T22:17:24.058+0000] {logging_mixin.py:154} INFO - Loaded 50 supplier records to ods_supplier
[2025-05-27T22:17:24.058+0000] {python.py:194} INFO - Done. Returned value was:              supplier_id  ...             load_timestamp
0   70ab97b1-dd31-442c-b  ... 2025-05-27 22:17:24.045987
1   79c445ed-9610-4fe2-8  ... 2025-05-27 22:17:24.046007
2   b627ab0c-0e8b-44a0-9  ... 2025-05-27 22:17:24.046019
3   9162ba9a-39a9-4267-a  ... 2025-05-27 22:17:24.046030
4   3d17f7ec-4f11-4137-9  ... 2025-05-27 22:17:24.046041
5   4598e6fe-22c3-4aeb-8  ... 2025-05-27 22:17:24.046052
6   15af8a31-2646-424b-a  ... 2025-05-27 22:17:24.046062
7   998f7e93-9247-41cf-8  ... 2025-05-27 22:17:24.046071
8   4a81b2d1-cb42-4313-8  ... 2025-05-27 22:17:24.046081
9   b10fd0e6-96cf-4d73-a  ... 2025-05-27 22:17:24.046092
10  a538a119-e9c6-4291-8  ... 2025-05-27 22:17:24.046102
11  41e287a8-90b9-4b94-b  ... 2025-05-27 22:17:24.046112
12  57632197-5f9f-475a-8  ... 2025-05-27 22:17:24.046121
13  d057a12d-30b8-45d9-9  ... 2025-05-27 22:17:24.046131
14  29c44bce-dfa2-4cc0-a  ... 2025-05-27 22:17:24.046140
15  b3ab89e5-14b6-495c-8  ... 2025-05-27 22:17:24.046149
16  ab2503f8-ba13-4774-8  ... 2025-05-27 22:17:24.046159
17  7ce9cb81-76ac-4016-a  ... 2025-05-27 22:17:24.046169
18  7a40f351-5d8c-40a0-b  ... 2025-05-27 22:17:24.046179
19  9b49dba6-36f6-4155-a  ... 2025-05-27 22:17:24.046188
20  835b31e0-e2f5-4509-a  ... 2025-05-27 22:17:24.046198
21  7823f2e2-c237-4968-9  ... 2025-05-27 22:17:24.046207
22  b7fb045b-7281-4952-9  ... 2025-05-27 22:17:24.046217
23  76e6b5e6-5b2e-478c-8  ... 2025-05-27 22:17:24.046226
24  46a2d136-52d9-43ed-8  ... 2025-05-27 22:17:24.046236
25  abc5c0da-8d43-4153-a  ... 2025-05-27 22:17:24.046245
26  f078cf3c-b0e2-457b-9  ... 2025-05-27 22:17:24.046255
27  85dc98ee-157a-4915-8  ... 2025-05-27 22:17:24.046265
28  f39a313b-c0d8-48b0-b  ... 2025-05-27 22:17:24.046274
29  cba77170-6169-4dd4-b  ... 2025-05-27 22:17:24.046284
30  61112217-720e-443a-8  ... 2025-05-27 22:17:24.046293
31  22ac17c9-7957-4bb1-b  ... 2025-05-27 22:17:24.046303
32  64fcc692-ae21-403f-b  ... 2025-05-27 22:17:24.046312
33  eb65bedd-4ac8-408f-8  ... 2025-05-27 22:17:24.046322
34  13a82e5c-28a6-428f-a  ... 2025-05-27 22:17:24.046332
35  8f33fd75-965c-433a-a  ... 2025-05-27 22:17:24.046341
36  0a7ed4ba-c3eb-40f2-b  ... 2025-05-27 22:17:24.046351
37  d5204d29-ee0b-4962-b  ... 2025-05-27 22:17:24.046360
38  784c4f3a-012d-4b31-9  ... 2025-05-27 22:17:24.046369
39  d435d8f5-b336-4f74-b  ... 2025-05-27 22:17:24.046385
40  0c6e3d32-ab22-404c-9  ... 2025-05-27 22:17:24.046394
41  2b3d26a0-4e5d-473d-b  ... 2025-05-27 22:17:24.046403
42  7507731f-55d7-4201-a  ... 2025-05-27 22:17:24.046412
43  d757bbc9-cccd-4993-b  ... 2025-05-27 22:17:24.046421
44  9ef71547-2f69-4270-9  ... 2025-05-27 22:17:24.046430
45  997987dc-0389-41df-9  ... 2025-05-27 22:17:24.046440
46  a100f893-7d5c-42bb-9  ... 2025-05-27 22:17:24.046451
47  c681a0d2-a7d2-4ddf-9  ... 2025-05-27 22:17:24.046461
48  9781684a-e249-43be-a  ... 2025-05-27 22:17:24.046471
49  9b35964a-d46c-485a-9  ... 2025-05-27 22:17:24.046480

[50 rows x 12 columns]
[2025-05-27T22:17:24.117+0000] {taskinstance.py:1400} INFO - Marking task as SUCCESS. dag_id=synthetic_data_generation, task_id=generate_supplier_data, execution_date=20250527T221722, start_date=20250527T221723, end_date=20250527T221724
[2025-05-27T22:17:24.140+0000] {local_task_job_runner.py:228} INFO - Task exited with return code 0
[2025-05-27T22:17:24.160+0000] {taskinstance.py:2778} INFO - 1 downstream tasks scheduled from follow-on schedule check
