[2025-05-27T19:56:32.746+0000] {taskinstance.py:1159} INFO - Dependencies all met for dep_context=non-requeueable deps ti=<TaskInstance: walmart_etl_dag.load_to_target manual__2025-05-27T19:56:24+00:00 [queued]>
[2025-05-27T19:56:32.752+0000] {taskinstance.py:1159} INFO - Dependencies all met for dep_context=requeueable deps ti=<TaskInstance: walmart_etl_dag.load_to_target manual__2025-05-27T19:56:24+00:00 [queued]>
[2025-05-27T19:56:32.752+0000] {taskinstance.py:1361} INFO - Starting attempt 1 of 2
[2025-05-27T19:56:32.758+0000] {taskinstance.py:1382} INFO - Executing <Task(PythonOperator): load_to_target> on 2025-05-27 19:56:24+00:00
[2025-05-27T19:56:32.762+0000] {standard_task_runner.py:57} INFO - Started process 172 to run task
[2025-05-27T19:56:32.765+0000] {standard_task_runner.py:84} INFO - Running: ['***', 'tasks', 'run', 'walmart_etl_dag', 'load_to_target', 'manual__2025-05-27T19:56:24+00:00', '--job-id', '343', '--raw', '--subdir', 'DAGS_FOLDER/walmart_etl_dag.py', '--cfg-path', '/tmp/tmpau7nwywt']
[2025-05-27T19:56:32.770+0000] {standard_task_runner.py:85} INFO - Job 343: Subtask load_to_target
[2025-05-27T19:56:32.798+0000] {task_command.py:416} INFO - Running <TaskInstance: walmart_etl_dag.load_to_target manual__2025-05-27T19:56:24+00:00 [running]> on host a552bff97440
[2025-05-27T19:56:33.311+0000] {taskinstance.py:1662} INFO - Exporting env vars: AIRFLOW_CTX_DAG_OWNER='***' AIRFLOW_CTX_DAG_ID='walmart_etl_dag' AIRFLOW_CTX_TASK_ID='load_to_target' AIRFLOW_CTX_EXECUTION_DATE='2025-05-27T19:56:24+00:00' AIRFLOW_CTX_TRY_NUMBER='1' AIRFLOW_CTX_DAG_RUN_ID='manual__2025-05-27T19:56:24+00:00'
[2025-05-27T19:56:33.324+0000] {logging_mixin.py:154} INFO - Found 500 inventory records and 200 returns records in staging before loading to target
[2025-05-27T19:56:33.324+0000] {logging_mixin.py:154} INFO - Starting load to target layer for batch BATCH_20250527195631...
[2025-05-27T19:56:33.324+0000] {logging_mixin.py:154} INFO - Ensuring all required dates are in the date dimension...
[2025-05-27T19:56:33.327+0000] {logging_mixin.py:154} INFO - Added date 20250421 to date dimension
[2025-05-27T19:56:33.329+0000] {logging_mixin.py:154} INFO - Added date 20250518 to date dimension
[2025-05-27T19:56:33.330+0000] {logging_mixin.py:154} INFO - Added date 20250520 to date dimension
[2025-05-27T19:56:33.331+0000] {logging_mixin.py:154} INFO - Added date 20250506 to date dimension
[2025-05-27T19:56:33.332+0000] {logging_mixin.py:154} INFO - Added date 20250425 to date dimension
[2025-05-27T19:56:33.333+0000] {logging_mixin.py:154} INFO - Added date 20250512 to date dimension
[2025-05-27T19:56:33.334+0000] {logging_mixin.py:154} INFO - Added date 20250422 to date dimension
[2025-05-27T19:56:33.334+0000] {logging_mixin.py:154} INFO - Added date 20250502 to date dimension
[2025-05-27T19:56:33.335+0000] {logging_mixin.py:154} INFO - Added date 20250424 to date dimension
[2025-05-27T19:56:33.336+0000] {logging_mixin.py:154} INFO - Added date 20250413 to date dimension
[2025-05-27T19:56:33.336+0000] {logging_mixin.py:154} INFO - Added date 20250418 to date dimension
[2025-05-27T19:56:33.337+0000] {logging_mixin.py:154} INFO - Added date 20250517 to date dimension
[2025-05-27T19:56:33.338+0000] {logging_mixin.py:154} INFO - Added date 20250419 to date dimension
[2025-05-27T19:56:33.338+0000] {logging_mixin.py:154} INFO - Added date 20250426 to date dimension
[2025-05-27T19:56:33.339+0000] {logging_mixin.py:154} INFO - Added date 20250414 to date dimension
[2025-05-27T19:56:33.339+0000] {logging_mixin.py:154} INFO - Added date 20250525 to date dimension
[2025-05-27T19:56:33.340+0000] {logging_mixin.py:154} INFO - Added date 20250420 to date dimension
[2025-05-27T19:56:33.341+0000] {logging_mixin.py:154} INFO - Added date 20250516 to date dimension
[2025-05-27T19:56:33.341+0000] {logging_mixin.py:154} INFO - Added date 20250524 to date dimension
[2025-05-27T19:56:33.342+0000] {logging_mixin.py:154} INFO - Added date 20250503 to date dimension
[2025-05-27T19:56:33.342+0000] {logging_mixin.py:154} INFO - Added date 20250526 to date dimension
[2025-05-27T19:56:33.343+0000] {logging_mixin.py:154} INFO - Added date 20250504 to date dimension
[2025-05-27T19:56:33.344+0000] {logging_mixin.py:154} INFO - Added date 20250510 to date dimension
[2025-05-27T19:56:33.344+0000] {logging_mixin.py:154} INFO - Added date 20250429 to date dimension
[2025-05-27T19:56:33.345+0000] {logging_mixin.py:154} INFO - Added date 20250507 to date dimension
[2025-05-27T19:56:33.345+0000] {logging_mixin.py:154} INFO - Added date 20250427 to date dimension
[2025-05-27T19:56:33.346+0000] {logging_mixin.py:154} INFO - Added date 20250521 to date dimension
[2025-05-27T19:56:33.347+0000] {logging_mixin.py:154} INFO - Added date 20250527 to date dimension
[2025-05-27T19:56:33.349+0000] {logging_mixin.py:154} INFO - Added date 20250430 to date dimension
[2025-05-27T19:56:33.350+0000] {logging_mixin.py:154} INFO - Added date 20250501 to date dimension
[2025-05-27T19:56:33.353+0000] {logging_mixin.py:154} INFO - Added date 20250522 to date dimension
[2025-05-27T19:56:33.353+0000] {logging_mixin.py:154} INFO - Added date 20250428 to date dimension
[2025-05-27T19:56:33.354+0000] {logging_mixin.py:154} INFO - Added date 20250416 to date dimension
[2025-05-27T19:56:33.355+0000] {logging_mixin.py:154} INFO - Added date 20250511 to date dimension
[2025-05-27T19:56:33.356+0000] {logging_mixin.py:154} INFO - Added date 20250505 to date dimension
[2025-05-27T19:56:33.356+0000] {logging_mixin.py:154} INFO - Added date 20250519 to date dimension
[2025-05-27T19:56:33.357+0000] {logging_mixin.py:154} INFO - Added date 20250514 to date dimension
[2025-05-27T19:56:33.358+0000] {logging_mixin.py:154} INFO - Added date 20250515 to date dimension
[2025-05-27T19:56:33.359+0000] {logging_mixin.py:154} INFO - Added date 20250513 to date dimension
[2025-05-27T19:56:33.359+0000] {logging_mixin.py:154} INFO - Added date 20250415 to date dimension
[2025-05-27T19:56:33.360+0000] {logging_mixin.py:154} INFO - Added date 20250423 to date dimension
[2025-05-27T19:56:33.361+0000] {logging_mixin.py:154} INFO - Added date 20250417 to date dimension
[2025-05-27T19:56:33.361+0000] {logging_mixin.py:154} INFO - Added date 20250508 to date dimension
[2025-05-27T19:56:33.362+0000] {logging_mixin.py:154} INFO - Added date 20250523 to date dimension
[2025-05-27T19:56:33.363+0000] {logging_mixin.py:154} INFO - Added date 20250509 to date dimension
[2025-05-27T19:56:33.363+0000] {logging_mixin.py:154} INFO - Loading date dimension to target...
[2025-05-27T19:56:33.371+0000] {logging_mixin.py:154} INFO - Loading customer dimension to target...
[2025-05-27T19:56:33.406+0000] {logging_mixin.py:154} INFO - Loading supplier dimension to target...
[2025-05-27T19:56:33.415+0000] {logging_mixin.py:154} INFO - Loading return reason dimension to target...
[2025-05-27T19:56:33.417+0000] {logging_mixin.py:154} INFO - Loading product dimension to target with SCD Type 2...
[2025-05-27T19:56:33.436+0000] {logging_mixin.py:154} INFO - Loading store dimension to target with SCD Type 2...
[2025-05-27T19:56:33.461+0000] {logging_mixin.py:154} INFO - Loading sales fact to target...
[2025-05-27T19:56:33.655+0000] {logging_mixin.py:154} INFO - Loading inventory fact to target...
[2025-05-27T19:56:33.668+0000] {logging_mixin.py:154} INFO - Loading returns fact to target...
[2025-05-27T19:56:33.678+0000] {logging_mixin.py:154} INFO - Target layer loading completed successfully.
[2025-05-27T19:56:33.679+0000] {logging_mixin.py:154} INFO - Batch ID: BATCH_20250527195631
[2025-05-27T19:56:33.681+0000] {logging_mixin.py:154} INFO - Loaded 500 inventory records and 200 returns records to target
[2025-05-27T19:56:33.681+0000] {python.py:194} INFO - Done. Returned value was: Target layer loading completed
[2025-05-27T19:56:33.696+0000] {taskinstance.py:1400} INFO - Marking task as SUCCESS. dag_id=walmart_etl_dag, task_id=load_to_target, execution_date=20250527T195624, start_date=20250527T195632, end_date=20250527T195633
[2025-05-27T19:56:33.756+0000] {local_task_job_runner.py:228} INFO - Task exited with return code 0
[2025-05-27T19:56:33.806+0000] {taskinstance.py:2778} INFO - 1 downstream tasks scheduled from follow-on schedule check
