[2025-05-27T19:58:44.674+0000] {taskinstance.py:1159} INFO - Dependencies all met for dep_context=non-requeueable deps ti=<TaskInstance: walmart_etl_dag.generate_inventory_returns manual__2025-05-27T19:53:37+00:00 [queued]>
[2025-05-27T19:58:44.679+0000] {taskinstance.py:1159} INFO - Dependencies all met for dep_context=requeueable deps ti=<TaskInstance: walmart_etl_dag.generate_inventory_returns manual__2025-05-27T19:53:37+00:00 [queued]>
[2025-05-27T19:58:44.680+0000] {taskinstance.py:1361} INFO - Starting attempt 2 of 2
[2025-05-27T19:58:44.686+0000] {taskinstance.py:1382} INFO - Executing <Task(PythonOperator): generate_inventory_returns> on 2025-05-27 19:53:37+00:00
[2025-05-27T19:58:44.693+0000] {standard_task_runner.py:57} INFO - Started process 212 to run task
[2025-05-27T19:58:44.697+0000] {standard_task_runner.py:84} INFO - Running: ['***', 'tasks', 'run', 'walmart_etl_dag', 'generate_inventory_returns', 'manual__2025-05-27T19:53:37+00:00', '--job-id', '346', '--raw', '--subdir', 'DAGS_FOLDER/walmart_etl_dag.py', '--cfg-path', '/tmp/tmph1yb5c7z']
[2025-05-27T19:58:44.699+0000] {standard_task_runner.py:85} INFO - Job 346: Subtask generate_inventory_returns
[2025-05-27T19:58:44.731+0000] {task_command.py:416} INFO - Running <TaskInstance: walmart_etl_dag.generate_inventory_returns manual__2025-05-27T19:53:37+00:00 [running]> on host a552bff97440
[2025-05-27T19:58:45.044+0000] {taskinstance.py:1662} INFO - Exporting env vars: AIRFLOW_CTX_DAG_OWNER='***' AIRFLOW_CTX_DAG_ID='walmart_etl_dag' AIRFLOW_CTX_TASK_ID='generate_inventory_returns' AIRFLOW_CTX_EXECUTION_DATE='2025-05-27T19:53:37+00:00' AIRFLOW_CTX_TRY_NUMBER='2' AIRFLOW_CTX_DAG_RUN_ID='manual__2025-05-27T19:53:37+00:00'
[2025-05-27T19:58:45.046+0000] {logging_mixin.py:154} INFO - Starting inventory and returns data generation...
[2025-05-27T19:58:45.046+0000] {logging_mixin.py:154} INFO - Retrieving existing data for inventory and returns generation...
[2025-05-27T19:58:45.065+0000] {logging_mixin.py:154} INFO - Generating inventory data...
[2025-05-27T19:58:45.080+0000] {logging_mixin.py:154} INFO - Found 500 existing inventory records, skipping generation
[2025-05-27T19:58:45.084+0000] {logging_mixin.py:154} INFO - Generating returns data...
[2025-05-27T19:58:45.090+0000] {logging_mixin.py:154} INFO - Found 200 existing return records, skipping generation
[2025-05-27T19:58:45.092+0000] {logging_mixin.py:154} INFO - Inventory and returns data generation complete!
[2025-05-27T19:58:45.100+0000] {logging_mixin.py:154} INFO - Generated 500 inventory records and 200 returns records
[2025-05-27T19:58:45.101+0000] {python.py:194} INFO - Done. Returned value was: Inventory and returns data generation completed
[2025-05-27T19:58:45.117+0000] {taskinstance.py:1400} INFO - Marking task as SUCCESS. dag_id=walmart_etl_dag, task_id=generate_inventory_returns, execution_date=20250527T195337, start_date=20250527T195844, end_date=20250527T195845
[2025-05-27T19:58:45.172+0000] {local_task_job_runner.py:228} INFO - Task exited with return code 0
[2025-05-27T19:58:45.192+0000] {taskinstance.py:2778} INFO - 1 downstream tasks scheduled from follow-on schedule check
