[2025-05-28T04:47:22.106+0000] {taskinstance.py:1159} INFO - Dependencies all met for dep_context=non-requeueable deps ti=<TaskInstance: inventory_returns_generation.load_to_target manual__2025-05-28T04:47:17.709998+00:00 [queued]>
[2025-05-28T04:47:22.110+0000] {taskinstance.py:1159} INFO - Dependencies all met for dep_context=requeueable deps ti=<TaskInstance: inventory_returns_generation.load_to_target manual__2025-05-28T04:47:17.709998+00:00 [queued]>
[2025-05-28T04:47:22.110+0000] {taskinstance.py:1361} INFO - Starting attempt 1 of 2
[2025-05-28T04:47:22.116+0000] {taskinstance.py:1382} INFO - Executing <Task(PythonOperator): load_to_target> on 2025-05-28 04:47:17.709998+00:00
[2025-05-28T04:47:22.119+0000] {standard_task_runner.py:57} INFO - Started process 155 to run task
[2025-05-28T04:47:22.121+0000] {standard_task_runner.py:84} INFO - Running: ['***', 'tasks', 'run', 'inventory_returns_generation', 'load_to_target', 'manual__2025-05-28T04:47:17.709998+00:00', '--job-id', '521', '--raw', '--subdir', 'DAGS_FOLDER/inventory_returns_dag.py', '--cfg-path', '/tmp/tmpj2zci124']
[2025-05-28T04:47:22.124+0000] {standard_task_runner.py:85} INFO - Job 521: Subtask load_to_target
[2025-05-28T04:47:22.153+0000] {task_command.py:416} INFO - Running <TaskInstance: inventory_returns_generation.load_to_target manual__2025-05-28T04:47:17.709998+00:00 [running]> on host 9994c2e59dac
[2025-05-28T04:47:22.378+0000] {taskinstance.py:1662} INFO - Exporting env vars: AIRFLOW_CTX_DAG_OWNER='***' AIRFLOW_CTX_DAG_ID='inventory_returns_generation' AIRFLOW_CTX_TASK_ID='load_to_target' AIRFLOW_CTX_EXECUTION_DATE='2025-05-28T04:47:17.709998+00:00' AIRFLOW_CTX_TRY_NUMBER='1' AIRFLOW_CTX_DAG_RUN_ID='manual__2025-05-28T04:47:17.709998+00:00'
[2025-05-28T04:47:22.387+0000] {logging_mixin.py:154} INFO - Starting load to target layer for batch BATCH_20250528044720...
[2025-05-28T04:47:22.391+0000] {logging_mixin.py:154} INFO - Ensuring all required dates are in the date dimension...
[2025-05-28T04:47:22.394+0000] {logging_mixin.py:154} INFO - Added date 20250421 to date dimension
[2025-05-28T04:47:22.395+0000] {logging_mixin.py:154} INFO - Added date 20250518 to date dimension
[2025-05-28T04:47:22.396+0000] {logging_mixin.py:154} INFO - Added date 20250520 to date dimension
[2025-05-28T04:47:22.397+0000] {logging_mixin.py:154} INFO - Added date 20250506 to date dimension
[2025-05-28T04:47:22.397+0000] {logging_mixin.py:154} INFO - Added date 20250425 to date dimension
[2025-05-28T04:47:22.398+0000] {logging_mixin.py:154} INFO - Added date 20250512 to date dimension
[2025-05-28T04:47:22.399+0000] {logging_mixin.py:154} INFO - Added date 20250422 to date dimension
[2025-05-28T04:47:22.399+0000] {logging_mixin.py:154} INFO - Added date 20250502 to date dimension
[2025-05-28T04:47:22.400+0000] {logging_mixin.py:154} INFO - Added date 20250424 to date dimension
[2025-05-28T04:47:22.401+0000] {logging_mixin.py:154} INFO - Added date 20250418 to date dimension
[2025-05-28T04:47:22.401+0000] {logging_mixin.py:154} INFO - Added date 20250517 to date dimension
[2025-05-28T04:47:22.402+0000] {logging_mixin.py:154} INFO - Added date 20250419 to date dimension
[2025-05-28T04:47:22.402+0000] {logging_mixin.py:154} INFO - Added date 20250426 to date dimension
[2025-05-28T04:47:22.403+0000] {logging_mixin.py:154} INFO - Added date 20250525 to date dimension
[2025-05-28T04:47:22.403+0000] {logging_mixin.py:154} INFO - Added date 20250528 to date dimension
[2025-05-28T04:47:22.404+0000] {logging_mixin.py:154} INFO - Added date 20250420 to date dimension
[2025-05-28T04:47:22.405+0000] {logging_mixin.py:154} INFO - Added date 20250516 to date dimension
[2025-05-28T04:47:22.405+0000] {logging_mixin.py:154} INFO - Added date 20250524 to date dimension
[2025-05-28T04:47:22.406+0000] {logging_mixin.py:154} INFO - Added date 20250503 to date dimension
[2025-05-28T04:47:22.406+0000] {logging_mixin.py:154} INFO - Added date 20250526 to date dimension
[2025-05-28T04:47:22.407+0000] {logging_mixin.py:154} INFO - Added date 20250504 to date dimension
[2025-05-28T04:47:22.408+0000] {logging_mixin.py:154} INFO - Added date 20250510 to date dimension
[2025-05-28T04:47:22.408+0000] {logging_mixin.py:154} INFO - Added date 20250429 to date dimension
[2025-05-28T04:47:22.409+0000] {logging_mixin.py:154} INFO - Added date 20250507 to date dimension
[2025-05-28T04:47:22.409+0000] {logging_mixin.py:154} INFO - Added date 20250427 to date dimension
[2025-05-28T04:47:22.410+0000] {logging_mixin.py:154} INFO - Added date 20250521 to date dimension
[2025-05-28T04:47:22.410+0000] {logging_mixin.py:154} INFO - Added date 20250527 to date dimension
[2025-05-28T04:47:22.411+0000] {logging_mixin.py:154} INFO - Added date 20250430 to date dimension
[2025-05-28T04:47:22.412+0000] {logging_mixin.py:154} INFO - Added date 20250501 to date dimension
[2025-05-28T04:47:22.412+0000] {logging_mixin.py:154} INFO - Added date 20250522 to date dimension
[2025-05-28T04:47:22.413+0000] {logging_mixin.py:154} INFO - Added date 20250428 to date dimension
[2025-05-28T04:47:22.413+0000] {logging_mixin.py:154} INFO - Added date 20250511 to date dimension
[2025-05-28T04:47:22.414+0000] {logging_mixin.py:154} INFO - Added date 20250505 to date dimension
[2025-05-28T04:47:22.415+0000] {logging_mixin.py:154} INFO - Added date 20250519 to date dimension
[2025-05-28T04:47:22.415+0000] {logging_mixin.py:154} INFO - Added date 20250514 to date dimension
[2025-05-28T04:47:22.416+0000] {logging_mixin.py:154} INFO - Added date 20250515 to date dimension
[2025-05-28T04:47:22.416+0000] {logging_mixin.py:154} INFO - Added date 20250513 to date dimension
[2025-05-28T04:47:22.417+0000] {logging_mixin.py:154} INFO - Added date 20250415 to date dimension
[2025-05-28T04:47:22.418+0000] {logging_mixin.py:154} INFO - Added date 20250423 to date dimension
[2025-05-28T04:47:22.418+0000] {logging_mixin.py:154} INFO - Added date 20250417 to date dimension
[2025-05-28T04:47:22.419+0000] {logging_mixin.py:154} INFO - Added date 20250508 to date dimension
[2025-05-28T04:47:22.419+0000] {logging_mixin.py:154} INFO - Added date 20250523 to date dimension
[2025-05-28T04:47:22.420+0000] {logging_mixin.py:154} INFO - Added date 20250509 to date dimension
[2025-05-28T04:47:22.420+0000] {logging_mixin.py:154} INFO - Loading date dimension to target...
[2025-05-28T04:47:22.431+0000] {logging_mixin.py:154} INFO - Loading customer dimension to target...
[2025-05-28T04:47:22.457+0000] {logging_mixin.py:154} INFO - Loading supplier dimension to target...
[2025-05-28T04:47:22.470+0000] {logging_mixin.py:154} INFO - Loading return reason dimension to target...
[2025-05-28T04:47:22.472+0000] {logging_mixin.py:154} INFO - Loading product dimension to target with SCD Type 2...
[2025-05-28T04:47:22.475+0000] {logging_mixin.py:154} INFO - Loading store dimension to target with SCD Type 2...
[2025-05-28T04:47:22.523+0000] {logging_mixin.py:154} INFO - Loading sales fact to target...
[2025-05-28T04:47:22.596+0000] {logging_mixin.py:154} INFO - Loading inventory fact to target...
[2025-05-28T04:47:22.611+0000] {logging_mixin.py:154} INFO - Loading returns fact to target...
[2025-05-28T04:47:22.617+0000] {logging_mixin.py:154} INFO - Target layer loading completed successfully.
[2025-05-28T04:47:22.617+0000] {logging_mixin.py:154} INFO - Batch ID: BATCH_20250528044720
[2025-05-28T04:47:22.617+0000] {logging_mixin.py:154} INFO - Data loaded to target layer with batch ID: BATCH_20250528044720
[2025-05-28T04:47:22.617+0000] {python.py:194} INFO - Done. Returned value was: Target layer loading completed
[2025-05-28T04:47:22.630+0000] {taskinstance.py:1400} INFO - Marking task as SUCCESS. dag_id=inventory_returns_generation, task_id=load_to_target, execution_date=20250528T044717, start_date=20250528T044722, end_date=20250528T044722
[2025-05-28T04:47:22.645+0000] {local_task_job_runner.py:228} INFO - Task exited with return code 0
[2025-05-28T04:47:22.659+0000] {taskinstance.py:2778} INFO - 0 downstream tasks scheduled from follow-on schedule check
