[2025-05-27T05:47:16.673+0000] {taskinstance.py:1159} INFO - Dependencies all met for dep_context=non-requeueable deps ti=<TaskInstance: walmart_etl_dag.transform_to_staging manual__2025-05-27T05:47:08+00:00 [queued]>
[2025-05-27T05:47:16.678+0000] {taskinstance.py:1159} INFO - Dependencies all met for dep_context=requeueable deps ti=<TaskInstance: walmart_etl_dag.transform_to_staging manual__2025-05-27T05:47:08+00:00 [queued]>
[2025-05-27T05:47:16.679+0000] {taskinstance.py:1361} INFO - Starting attempt 1 of 2
[2025-05-27T05:47:16.687+0000] {taskinstance.py:1382} INFO - Executing <Task(PythonOperator): transform_to_staging> on 2025-05-27 05:47:08+00:00
[2025-05-27T05:47:16.693+0000] {standard_task_runner.py:57} INFO - Started process 650 to run task
[2025-05-27T05:47:16.696+0000] {standard_task_runner.py:84} INFO - Running: ['***', 'tasks', 'run', 'walmart_etl_dag', 'transform_to_staging', 'manual__2025-05-27T05:47:08+00:00', '--job-id', '68', '--raw', '--subdir', 'DAGS_FOLDER/walmart_etl_dag.py', '--cfg-path', '/tmp/tmp3nbw1z5x']
[2025-05-27T05:47:16.697+0000] {standard_task_runner.py:85} INFO - Job 68: Subtask transform_to_staging
[2025-05-27T05:47:16.812+0000] {task_command.py:416} INFO - Running <TaskInstance: walmart_etl_dag.transform_to_staging manual__2025-05-27T05:47:08+00:00 [running]> on host 364c8c3dd6ab
[2025-05-27T05:47:16.926+0000] {taskinstance.py:1662} INFO - Exporting env vars: AIRFLOW_CTX_DAG_OWNER='***' AIRFLOW_CTX_DAG_ID='walmart_etl_dag' AIRFLOW_CTX_TASK_ID='transform_to_staging' AIRFLOW_CTX_EXECUTION_DATE='2025-05-27T05:47:08+00:00' AIRFLOW_CTX_TRY_NUMBER='1' AIRFLOW_CTX_DAG_RUN_ID='manual__2025-05-27T05:47:08+00:00'
[2025-05-27T05:47:16.939+0000] {logging_mixin.py:154} INFO - Starting transformation from ODS to staging layer...
[2025-05-27T05:47:16.956+0000] {logging_mixin.py:154} INFO - Transforming date dimension...
[2025-05-27T05:47:17.031+0000] {logging_mixin.py:154} INFO - Transforming customer dimension...
[2025-05-27T05:47:17.652+0000] {logging_mixin.py:154} INFO - Transforming product dimension...
[2025-05-27T05:47:17.790+0000] {logging_mixin.py:154} INFO - Transforming store dimension...
[2025-05-27T05:47:17.819+0000] {logging_mixin.py:154} INFO - Transforming sales fact...
[2025-05-27T05:47:17.999+0000] {logging_mixin.py:154} INFO - Staging layer transformation completed successfully.
[2025-05-27T05:47:18.000+0000] {logging_mixin.py:154} INFO - Batch ID: BATCH_20250527054716
[2025-05-27T05:47:18.000+0000] {python.py:194} INFO - Done. Returned value was: BATCH_20250527054716
[2025-05-27T05:47:18.036+0000] {taskinstance.py:1400} INFO - Marking task as SUCCESS. dag_id=walmart_etl_dag, task_id=transform_to_staging, execution_date=20250527T054708, start_date=20250527T054716, end_date=20250527T054718
[2025-05-27T05:47:18.096+0000] {local_task_job_runner.py:228} INFO - Task exited with return code 0
[2025-05-27T05:47:18.149+0000] {taskinstance.py:2778} INFO - 1 downstream tasks scheduled from follow-on schedule check
