[2025-05-27T21:52:13.147+0000] {taskinstance.py:1159} INFO - Dependencies all met for dep_context=non-requeueable deps ti=<TaskInstance: inventory_returns_generation.generate_all_inventory_returns manual__2025-05-27T21:52:11.986896+00:00 [queued]>
[2025-05-27T21:52:13.153+0000] {taskinstance.py:1159} INFO - Dependencies all met for dep_context=requeueable deps ti=<TaskInstance: inventory_returns_generation.generate_all_inventory_returns manual__2025-05-27T21:52:11.986896+00:00 [queued]>
[2025-05-27T21:52:13.153+0000] {taskinstance.py:1361} INFO - Starting attempt 1 of 2
[2025-05-27T21:52:13.161+0000] {taskinstance.py:1382} INFO - Executing <Task(PythonOperator): generate_all_inventory_returns> on 2025-05-27 21:52:11.986896+00:00
[2025-05-27T21:52:13.168+0000] {standard_task_runner.py:57} INFO - Started process 135 to run task
[2025-05-27T21:52:13.170+0000] {standard_task_runner.py:84} INFO - Running: ['***', 'tasks', 'run', 'inventory_returns_generation', 'generate_all_inventory_returns', 'manual__2025-05-27T21:52:11.986896+00:00', '--job-id', '416', '--raw', '--subdir', 'DAGS_FOLDER/inventory_returns_dag.py', '--cfg-path', '/tmp/tmptelji50e']
[2025-05-27T21:52:13.172+0000] {standard_task_runner.py:85} INFO - Job 416: Subtask generate_all_inventory_returns
[2025-05-27T21:52:13.222+0000] {task_command.py:416} INFO - Running <TaskInstance: inventory_returns_generation.generate_all_inventory_returns manual__2025-05-27T21:52:11.986896+00:00 [running]> on host 869a336fecbe
[2025-05-27T21:52:13.512+0000] {taskinstance.py:1662} INFO - Exporting env vars: AIRFLOW_CTX_DAG_OWNER='***' AIRFLOW_CTX_DAG_ID='inventory_returns_generation' AIRFLOW_CTX_TASK_ID='generate_all_inventory_returns' AIRFLOW_CTX_EXECUTION_DATE='2025-05-27T21:52:11.986896+00:00' AIRFLOW_CTX_TRY_NUMBER='1' AIRFLOW_CTX_DAG_RUN_ID='manual__2025-05-27T21:52:11.986896+00:00'
[2025-05-27T21:52:13.513+0000] {logging_mixin.py:154} INFO - Starting inventory and returns data generation...
[2025-05-27T21:52:13.513+0000] {logging_mixin.py:154} INFO - Retrieving existing data for inventory and returns generation...
[2025-05-27T21:52:13.522+0000] {logging_mixin.py:154} INFO - Generating inventory data...
[2025-05-27T21:52:13.582+0000] {logging_mixin.py:154} INFO - Loaded 500 inventory records to ods_inventory
[2025-05-27T21:52:13.583+0000] {logging_mixin.py:154} INFO - Generating returns data...
[2025-05-27T21:52:13.621+0000] {logging_mixin.py:154} INFO - Loaded 200 return records to ods_returns
[2025-05-27T21:52:13.621+0000] {logging_mixin.py:154} INFO - Inventory and returns data generation complete!
[2025-05-27T21:52:13.622+0000] {python.py:194} INFO - Done. Returned value was: Inventory and returns data generation complete
[2025-05-27T21:52:13.646+0000] {taskinstance.py:1400} INFO - Marking task as SUCCESS. dag_id=inventory_returns_generation, task_id=generate_all_inventory_returns, execution_date=20250527T215211, start_date=20250527T215213, end_date=20250527T215213
[2025-05-27T21:52:13.689+0000] {local_task_job_runner.py:228} INFO - Task exited with return code 0
[2025-05-27T21:52:13.714+0000] {taskinstance.py:2778} INFO - 0 downstream tasks scheduled from follow-on schedule check
