[2025-05-28T05:02:17.004+0000] {taskinstance.py:1159} INFO - Dependencies all met for dep_context=non-requeueable deps ti=<TaskInstance: synthetic_data_generation.generate_all_synthetic_data manual__2025-05-28T05:02:16.055795+00:00 [queued]>
[2025-05-28T05:02:17.008+0000] {taskinstance.py:1159} INFO - Dependencies all met for dep_context=requeueable deps ti=<TaskInstance: synthetic_data_generation.generate_all_synthetic_data manual__2025-05-28T05:02:16.055795+00:00 [queued]>
[2025-05-28T05:02:17.008+0000] {taskinstance.py:1361} INFO - Starting attempt 1 of 2
[2025-05-28T05:02:17.015+0000] {taskinstance.py:1382} INFO - Executing <Task(PythonOperator): generate_all_synthetic_data> on 2025-05-28 05:02:16.055795+00:00
[2025-05-28T05:02:17.024+0000] {standard_task_runner.py:57} INFO - Started process 317 to run task
[2025-05-28T05:02:17.027+0000] {standard_task_runner.py:84} INFO - Running: ['***', 'tasks', 'run', 'synthetic_data_generation', 'generate_all_synthetic_data', 'manual__2025-05-28T05:02:16.055795+00:00', '--job-id', '535', '--raw', '--subdir', 'DAGS_FOLDER/synthetic_data_dag.py', '--cfg-path', '/tmp/tmp5cpt7rbc']
[2025-05-28T05:02:17.030+0000] {standard_task_runner.py:85} INFO - Job 535: Subtask generate_all_synthetic_data
[2025-05-28T05:02:17.064+0000] {task_command.py:416} INFO - Running <TaskInstance: synthetic_data_generation.generate_all_synthetic_data manual__2025-05-28T05:02:16.055795+00:00 [running]> on host 68d10d19df8b
[2025-05-28T05:02:17.418+0000] {taskinstance.py:1662} INFO - Exporting env vars: AIRFLOW_CTX_DAG_OWNER='***' AIRFLOW_CTX_DAG_ID='synthetic_data_generation' AIRFLOW_CTX_TASK_ID='generate_all_synthetic_data' AIRFLOW_CTX_EXECUTION_DATE='2025-05-28T05:02:16.055795+00:00' AIRFLOW_CTX_TRY_NUMBER='1' AIRFLOW_CTX_DAG_RUN_ID='manual__2025-05-28T05:02:16.055795+00:00'
[2025-05-28T05:02:17.419+0000] {logging_mixin.py:154} INFO - Starting synthetic data generation process...
[2025-05-28T05:02:17.419+0000] {logging_mixin.py:154} INFO - Generating supplier data...
[2025-05-28T05:02:17.424+0000] {logging_mixin.py:154} INFO - Found 50 existing supplier records, skipping generation
[2025-05-28T05:02:17.425+0000] {logging_mixin.py:154} INFO - Generating return reason data...
[2025-05-28T05:02:17.438+0000] {logging_mixin.py:154} INFO - Loaded 10 return reason records to ods_return_reason
[2025-05-28T05:02:17.438+0000] {logging_mixin.py:154} INFO - Transforming and loading data to staging tables...
[2025-05-28T05:02:17.441+0000] {logging_mixin.py:154} INFO - Supplier and return reason data successfully loaded to staging tables with batch ID: BATCH_SYNTHETIC_20250528050217
[2025-05-28T05:02:17.442+0000] {logging_mixin.py:154} INFO - Starting load to target layer for batch BATCH_SYNTHETIC_20250528050217...
[2025-05-28T05:02:17.445+0000] {logging_mixin.py:154} INFO - Supplier and return reason data successfully loaded to target tables
[2025-05-28T05:02:17.446+0000] {logging_mixin.py:154} INFO - Synthetic data generation and loading complete!
[2025-05-28T05:02:17.446+0000] {python.py:194} INFO - Done. Returned value was: None
[2025-05-28T05:02:17.451+0000] {taskinstance.py:1400} INFO - Marking task as SUCCESS. dag_id=synthetic_data_generation, task_id=generate_all_synthetic_data, execution_date=20250528T050216, start_date=20250528T050217, end_date=20250528T050217
[2025-05-28T05:02:17.496+0000] {local_task_job_runner.py:228} INFO - Task exited with return code 0
[2025-05-28T05:02:17.518+0000] {taskinstance.py:2778} INFO - 0 downstream tasks scheduled from follow-on schedule check
