[2025-05-27T20:02:55.941+0000] {taskinstance.py:1159} INFO - Dependencies all met for dep_context=non-requeueable deps ti=<TaskInstance: walmart_etl_dag.transform_to_staging manual__2025-05-27T20:02:48+00:00 [queued]>
[2025-05-27T20:02:55.947+0000] {taskinstance.py:1159} INFO - Dependencies all met for dep_context=requeueable deps ti=<TaskInstance: walmart_etl_dag.transform_to_staging manual__2025-05-27T20:02:48+00:00 [queued]>
[2025-05-27T20:02:55.947+0000] {taskinstance.py:1361} INFO - Starting attempt 1 of 2
[2025-05-27T20:02:55.953+0000] {taskinstance.py:1382} INFO - Executing <Task(PythonOperator): transform_to_staging> on 2025-05-27 20:02:48+00:00
[2025-05-27T20:02:55.960+0000] {standard_task_runner.py:57} INFO - Started process 299 to run task
[2025-05-27T20:02:55.964+0000] {standard_task_runner.py:84} INFO - Running: ['***', 'tasks', 'run', 'walmart_etl_dag', 'transform_to_staging', 'manual__2025-05-27T20:02:48+00:00', '--job-id', '354', '--raw', '--subdir', 'DAGS_FOLDER/walmart_etl_dag.py', '--cfg-path', '/tmp/tmpzgise218']
[2025-05-27T20:02:55.967+0000] {standard_task_runner.py:85} INFO - Job 354: Subtask transform_to_staging
[2025-05-27T20:02:56.012+0000] {task_command.py:416} INFO - Running <TaskInstance: walmart_etl_dag.transform_to_staging manual__2025-05-27T20:02:48+00:00 [running]> on host a552bff97440
[2025-05-27T20:02:56.287+0000] {taskinstance.py:1662} INFO - Exporting env vars: AIRFLOW_CTX_DAG_OWNER='***' AIRFLOW_CTX_DAG_ID='walmart_etl_dag' AIRFLOW_CTX_TASK_ID='transform_to_staging' AIRFLOW_CTX_EXECUTION_DATE='2025-05-27T20:02:48+00:00' AIRFLOW_CTX_TRY_NUMBER='1' AIRFLOW_CTX_DAG_RUN_ID='manual__2025-05-27T20:02:48+00:00'
[2025-05-27T20:02:56.292+0000] {logging_mixin.py:154} INFO - Found 500 inventory records and 200 returns records in ODS before transformation
[2025-05-27T20:02:56.292+0000] {logging_mixin.py:154} INFO - Starting transformation from ODS to staging layer...
[2025-05-27T20:02:56.292+0000] {logging_mixin.py:154} INFO - Transforming date dimension...
[2025-05-27T20:02:56.304+0000] {logging_mixin.py:154} INFO - Transforming customer dimension...
[2025-05-27T20:02:56.339+0000] {logging_mixin.py:154} INFO - Transforming product dimension...
[2025-05-27T20:02:56.364+0000] {logging_mixin.py:154} INFO - Transforming store dimension...
[2025-05-27T20:02:56.374+0000] {logging_mixin.py:154} INFO - Transforming sales fact...
[2025-05-27T20:02:56.495+0000] {logging_mixin.py:154} INFO - Transforming inventory fact...
[2025-05-27T20:02:56.501+0000] {logging_mixin.py:154} INFO - Transforming returns fact...
[2025-05-27T20:02:56.506+0000] {logging_mixin.py:154} INFO - Staging layer transformation completed successfully.
[2025-05-27T20:02:56.506+0000] {logging_mixin.py:154} INFO - Batch ID: BATCH_20250527200255
[2025-05-27T20:02:56.507+0000] {logging_mixin.py:154} INFO - Transformed 500 inventory records and 200 returns records to staging
[2025-05-27T20:02:56.508+0000] {python.py:194} INFO - Done. Returned value was: BATCH_20250527200255
[2025-05-27T20:02:56.536+0000] {taskinstance.py:1400} INFO - Marking task as SUCCESS. dag_id=walmart_etl_dag, task_id=transform_to_staging, execution_date=20250527T200248, start_date=20250527T200255, end_date=20250527T200256
[2025-05-27T20:02:56.610+0000] {local_task_job_runner.py:228} INFO - Task exited with return code 0
[2025-05-27T20:02:56.640+0000] {taskinstance.py:2778} INFO - 1 downstream tasks scheduled from follow-on schedule check
