[2025-05-27T05:27:50.001+0000] {taskinstance.py:1159} INFO - Dependencies all met for dep_context=non-requeueable deps ti=<TaskInstance: walmart_etl_dag.load_to_target manual__2025-05-27T05:15:27+00:00 [queued]>
[2025-05-27T05:27:50.005+0000] {taskinstance.py:1159} INFO - Dependencies all met for dep_context=requeueable deps ti=<TaskInstance: walmart_etl_dag.load_to_target manual__2025-05-27T05:15:27+00:00 [queued]>
[2025-05-27T05:27:50.005+0000] {taskinstance.py:1361} INFO - Starting attempt 1 of 2
[2025-05-27T05:27:50.011+0000] {taskinstance.py:1382} INFO - Executing <Task(PythonOperator): load_to_target> on 2025-05-27 05:15:27+00:00
[2025-05-27T05:27:50.016+0000] {standard_task_runner.py:57} INFO - Started process 174 to run task
[2025-05-27T05:27:50.019+0000] {standard_task_runner.py:84} INFO - Running: ['***', 'tasks', 'run', 'walmart_etl_dag', 'load_to_target', 'manual__2025-05-27T05:15:27+00:00', '--job-id', '38', '--raw', '--subdir', 'DAGS_FOLDER/walmart_etl_dag.py', '--cfg-path', '/tmp/tmphgi4txu3']
[2025-05-27T05:27:50.020+0000] {standard_task_runner.py:85} INFO - Job 38: Subtask load_to_target
[2025-05-27T05:27:50.044+0000] {task_command.py:416} INFO - Running <TaskInstance: walmart_etl_dag.load_to_target manual__2025-05-27T05:15:27+00:00 [running]> on host 364c8c3dd6ab
[2025-05-27T05:27:50.075+0000] {taskinstance.py:1662} INFO - Exporting env vars: AIRFLOW_CTX_DAG_OWNER='***' AIRFLOW_CTX_DAG_ID='walmart_etl_dag' AIRFLOW_CTX_TASK_ID='load_to_target' AIRFLOW_CTX_EXECUTION_DATE='2025-05-27T05:15:27+00:00' AIRFLOW_CTX_TRY_NUMBER='1' AIRFLOW_CTX_DAG_RUN_ID='manual__2025-05-27T05:15:27+00:00'
[2025-05-27T05:27:50.081+0000] {logging_mixin.py:154} INFO - Starting load to target layer for batch BATCH_20250527052747...
[2025-05-27T05:27:50.084+0000] {logging_mixin.py:154} INFO - Loading date dimension to target...
[2025-05-27T05:27:50.091+0000] {logging_mixin.py:154} INFO - Loading customer dimension to target...
[2025-05-27T05:27:50.120+0000] {logging_mixin.py:154} INFO - Loading supplier dimension to target...
[2025-05-27T05:27:50.123+0000] {logging_mixin.py:154} INFO - Loading return reason dimension to target...
[2025-05-27T05:27:50.125+0000] {logging_mixin.py:154} INFO - Loading product dimension to target with SCD Type 2...
[2025-05-27T05:27:50.141+0000] {logging_mixin.py:154} INFO - Loading store dimension to target with SCD Type 2...
[2025-05-27T05:27:50.162+0000] {logging_mixin.py:154} INFO - Loading sales fact to target...
[2025-05-27T05:27:50.164+0000] {logging_mixin.py:154} INFO - Target layer loading completed successfully.
[2025-05-27T05:27:50.164+0000] {logging_mixin.py:154} INFO - Batch ID: BATCH_20250527052747
[2025-05-27T05:27:50.164+0000] {python.py:194} INFO - Done. Returned value was: BATCH_20250527052747
[2025-05-27T05:27:50.174+0000] {taskinstance.py:1400} INFO - Marking task as SUCCESS. dag_id=walmart_etl_dag, task_id=load_to_target, execution_date=20250527T051527, start_date=20250527T052750, end_date=20250527T052750
[2025-05-27T05:27:50.203+0000] {local_task_job_runner.py:228} INFO - Task exited with return code 0
[2025-05-27T05:27:50.218+0000] {taskinstance.py:2778} INFO - 1 downstream tasks scheduled from follow-on schedule check
