[2025-05-27T19:03:45.764+0000] {taskinstance.py:1159} INFO - Dependencies all met for dep_context=non-requeueable deps ti=<TaskInstance: walmart_etl_dag.load_to_target manual__2025-05-27T19:03:36.296945+00:00 [queued]>
[2025-05-27T19:03:45.768+0000] {taskinstance.py:1159} INFO - Dependencies all met for dep_context=requeueable deps ti=<TaskInstance: walmart_etl_dag.load_to_target manual__2025-05-27T19:03:36.296945+00:00 [queued]>
[2025-05-27T19:03:45.769+0000] {taskinstance.py:1361} INFO - Starting attempt 1 of 2
[2025-05-27T19:03:45.774+0000] {taskinstance.py:1382} INFO - Executing <Task(PythonOperator): load_to_target> on 2025-05-27 19:03:36.296945+00:00
[2025-05-27T19:03:45.778+0000] {standard_task_runner.py:57} INFO - Started process 901 to run task
[2025-05-27T19:03:45.782+0000] {standard_task_runner.py:84} INFO - Running: ['***', 'tasks', 'run', 'walmart_etl_dag', 'load_to_target', 'manual__2025-05-27T19:03:36.296945+00:00', '--job-id', '281', '--raw', '--subdir', 'DAGS_FOLDER/walmart_etl_dag.py', '--cfg-path', '/tmp/tmpr07k4u35']
[2025-05-27T19:03:45.785+0000] {standard_task_runner.py:85} INFO - Job 281: Subtask load_to_target
[2025-05-27T19:03:45.819+0000] {task_command.py:416} INFO - Running <TaskInstance: walmart_etl_dag.load_to_target manual__2025-05-27T19:03:36.296945+00:00 [running]> on host d80f98a6628f
[2025-05-27T19:03:46.072+0000] {taskinstance.py:1662} INFO - Exporting env vars: AIRFLOW_CTX_DAG_OWNER='***' AIRFLOW_CTX_DAG_ID='walmart_etl_dag' AIRFLOW_CTX_TASK_ID='load_to_target' AIRFLOW_CTX_EXECUTION_DATE='2025-05-27T19:03:36.296945+00:00' AIRFLOW_CTX_TRY_NUMBER='1' AIRFLOW_CTX_DAG_RUN_ID='manual__2025-05-27T19:03:36.296945+00:00'
[2025-05-27T19:03:46.078+0000] {logging_mixin.py:154} INFO - Starting load to target layer for batch BATCH_20250527190344...
[2025-05-27T19:03:46.081+0000] {logging_mixin.py:154} INFO - Ensuring all required dates are in the date dimension...
[2025-05-27T19:03:46.082+0000] {logging_mixin.py:154} INFO - Loading date dimension to target...
[2025-05-27T19:03:46.090+0000] {logging_mixin.py:154} INFO - Loading customer dimension to target...
[2025-05-27T19:03:46.123+0000] {logging_mixin.py:154} INFO - Loading supplier dimension to target...
[2025-05-27T19:03:46.130+0000] {logging_mixin.py:154} INFO - Loading return reason dimension to target...
[2025-05-27T19:03:46.132+0000] {logging_mixin.py:154} INFO - Loading product dimension to target with SCD Type 2...
[2025-05-27T19:03:46.151+0000] {logging_mixin.py:154} INFO - Loading store dimension to target with SCD Type 2...
[2025-05-27T19:03:46.173+0000] {logging_mixin.py:154} INFO - Loading sales fact to target...
[2025-05-27T19:03:46.354+0000] {logging_mixin.py:154} INFO - Loading inventory fact to target...
[2025-05-27T19:03:46.355+0000] {logging_mixin.py:154} INFO - Loading returns fact to target...
[2025-05-27T19:03:46.356+0000] {logging_mixin.py:154} INFO - Target layer loading completed successfully.
[2025-05-27T19:03:46.356+0000] {logging_mixin.py:154} INFO - Batch ID: BATCH_20250527190344
[2025-05-27T19:03:46.356+0000] {python.py:194} INFO - Done. Returned value was: BATCH_20250527190344
[2025-05-27T19:03:46.368+0000] {taskinstance.py:1400} INFO - Marking task as SUCCESS. dag_id=walmart_etl_dag, task_id=load_to_target, execution_date=20250527T190336, start_date=20250527T190345, end_date=20250527T190346
[2025-05-27T19:03:46.392+0000] {local_task_job_runner.py:228} INFO - Task exited with return code 0
[2025-05-27T19:03:46.412+0000] {taskinstance.py:2778} INFO - 0 downstream tasks scheduled from follow-on schedule check
