[2025-05-27T08:39:16.954+0000] {taskinstance.py:1159} INFO - Dependencies all met for dep_context=non-requeueable deps ti=<TaskInstance: walmart_etl_dag.load_to_target manual__2025-05-27T08:39:11.591135+00:00 [queued]>
[2025-05-27T08:39:16.959+0000] {taskinstance.py:1159} INFO - Dependencies all met for dep_context=requeueable deps ti=<TaskInstance: walmart_etl_dag.load_to_target manual__2025-05-27T08:39:11.591135+00:00 [queued]>
[2025-05-27T08:39:16.959+0000] {taskinstance.py:1361} INFO - Starting attempt 1 of 2
[2025-05-27T08:39:16.964+0000] {taskinstance.py:1382} INFO - Executing <Task(PythonOperator): load_to_target> on 2025-05-27 08:39:11.591135+00:00
[2025-05-27T08:39:16.969+0000] {standard_task_runner.py:57} INFO - Started process 91 to run task
[2025-05-27T08:39:16.972+0000] {standard_task_runner.py:84} INFO - Running: ['***', 'tasks', 'run', 'walmart_etl_dag', 'load_to_target', 'manual__2025-05-27T08:39:11.591135+00:00', '--job-id', '136', '--raw', '--subdir', 'DAGS_FOLDER/walmart_etl_dag.py', '--cfg-path', '/tmp/tmpghpy30mv']
[2025-05-27T08:39:16.973+0000] {standard_task_runner.py:85} INFO - Job 136: Subtask load_to_target
[2025-05-27T08:39:17.012+0000] {task_command.py:416} INFO - Running <TaskInstance: walmart_etl_dag.load_to_target manual__2025-05-27T08:39:11.591135+00:00 [running]> on host 930cc36999ac
[2025-05-27T08:39:17.215+0000] {taskinstance.py:1662} INFO - Exporting env vars: AIRFLOW_CTX_DAG_OWNER='***' AIRFLOW_CTX_DAG_ID='walmart_etl_dag' AIRFLOW_CTX_TASK_ID='load_to_target' AIRFLOW_CTX_EXECUTION_DATE='2025-05-27T08:39:11.591135+00:00' AIRFLOW_CTX_TRY_NUMBER='1' AIRFLOW_CTX_DAG_RUN_ID='manual__2025-05-27T08:39:11.591135+00:00'
[2025-05-27T08:39:17.222+0000] {logging_mixin.py:154} INFO - Starting load to target layer for batch BATCH_20250527083915...
[2025-05-27T08:39:17.225+0000] {logging_mixin.py:154} INFO - Loading date dimension to target...
[2025-05-27T08:39:17.240+0000] {logging_mixin.py:154} INFO - Loading customer dimension to target...
[2025-05-27T08:39:17.268+0000] {logging_mixin.py:154} INFO - Loading supplier dimension to target...
[2025-05-27T08:39:17.275+0000] {logging_mixin.py:154} INFO - Loading return reason dimension to target...
[2025-05-27T08:39:17.277+0000] {logging_mixin.py:154} INFO - Loading product dimension to target with SCD Type 2...
[2025-05-27T08:39:17.312+0000] {logging_mixin.py:154} INFO - Loading store dimension to target with SCD Type 2...
[2025-05-27T08:39:17.370+0000] {logging_mixin.py:154} INFO - Loading sales fact to target...
[2025-05-27T08:39:17.521+0000] {logging_mixin.py:154} INFO - Target layer loading completed successfully.
[2025-05-27T08:39:17.521+0000] {logging_mixin.py:154} INFO - Batch ID: BATCH_20250527083915
[2025-05-27T08:39:17.521+0000] {python.py:194} INFO - Done. Returned value was: BATCH_20250527083915
[2025-05-27T08:39:17.570+0000] {taskinstance.py:1400} INFO - Marking task as SUCCESS. dag_id=walmart_etl_dag, task_id=load_to_target, execution_date=20250527T083911, start_date=20250527T083916, end_date=20250527T083917
[2025-05-27T08:39:17.614+0000] {local_task_job_runner.py:228} INFO - Task exited with return code 0
[2025-05-27T08:39:17.647+0000] {taskinstance.py:2778} INFO - 1 downstream tasks scheduled from follow-on schedule check
