[2025-05-27T21:08:14.348+0000] {taskinstance.py:1159} INFO - Dependencies all met for dep_context=non-requeueable deps ti=<TaskInstance: walmart_etl_dag.transform_to_staging manual__2025-05-27T21:08:11.279584+00:00 [queued]>
[2025-05-27T21:08:14.353+0000] {taskinstance.py:1159} INFO - Dependencies all met for dep_context=requeueable deps ti=<TaskInstance: walmart_etl_dag.transform_to_staging manual__2025-05-27T21:08:11.279584+00:00 [queued]>
[2025-05-27T21:08:14.353+0000] {taskinstance.py:1361} INFO - Starting attempt 1 of 2
[2025-05-27T21:08:14.359+0000] {taskinstance.py:1382} INFO - Executing <Task(PythonOperator): transform_to_staging> on 2025-05-27 21:08:11.279584+00:00
[2025-05-27T21:08:14.366+0000] {standard_task_runner.py:57} INFO - Started process 112 to run task
[2025-05-27T21:08:14.370+0000] {standard_task_runner.py:84} INFO - Running: ['***', 'tasks', 'run', 'walmart_etl_dag', 'transform_to_staging', 'manual__2025-05-27T21:08:11.279584+00:00', '--job-id', '391', '--raw', '--subdir', 'DAGS_FOLDER/walmart_etl_dag.py', '--cfg-path', '/tmp/tmpgfd5_gw4']
[2025-05-27T21:08:14.372+0000] {standard_task_runner.py:85} INFO - Job 391: Subtask transform_to_staging
[2025-05-27T21:08:14.419+0000] {task_command.py:416} INFO - Running <TaskInstance: walmart_etl_dag.transform_to_staging manual__2025-05-27T21:08:11.279584+00:00 [running]> on host b59a6288ef07
[2025-05-27T21:08:14.776+0000] {taskinstance.py:1662} INFO - Exporting env vars: AIRFLOW_CTX_DAG_OWNER='***' AIRFLOW_CTX_DAG_ID='walmart_etl_dag' AIRFLOW_CTX_TASK_ID='transform_to_staging' AIRFLOW_CTX_EXECUTION_DATE='2025-05-27T21:08:11.279584+00:00' AIRFLOW_CTX_TRY_NUMBER='1' AIRFLOW_CTX_DAG_RUN_ID='manual__2025-05-27T21:08:11.279584+00:00'
[2025-05-27T21:08:14.783+0000] {logging_mixin.py:154} INFO - Found 500 inventory records and 200 returns records in ODS before transformation
[2025-05-27T21:08:14.784+0000] {logging_mixin.py:154} INFO - Starting transformation from ODS to staging layer...
[2025-05-27T21:08:14.784+0000] {logging_mixin.py:154} INFO - Transforming date dimension...
[2025-05-27T21:08:14.799+0000] {logging_mixin.py:154} INFO - Transforming customer dimension...
[2025-05-27T21:08:14.842+0000] {logging_mixin.py:154} INFO - Transforming product dimension...
[2025-05-27T21:08:14.861+0000] {logging_mixin.py:154} INFO - Transforming store dimension...
[2025-05-27T21:08:14.883+0000] {logging_mixin.py:154} INFO - Transforming sales fact...
[2025-05-27T21:08:15.055+0000] {logging_mixin.py:154} INFO - Transforming inventory fact...
[2025-05-27T21:08:15.066+0000] {logging_mixin.py:154} INFO - Transforming returns fact...
[2025-05-27T21:08:15.069+0000] {logging_mixin.py:154} INFO - Staging layer transformation completed successfully.
[2025-05-27T21:08:15.069+0000] {logging_mixin.py:154} INFO - Batch ID: BATCH_20250527210814
[2025-05-27T21:08:15.070+0000] {logging_mixin.py:154} INFO - Transformed 500 inventory records and 200 returns records to staging
[2025-05-27T21:08:15.071+0000] {python.py:194} INFO - Done. Returned value was: BATCH_20250527210814
[2025-05-27T21:08:15.100+0000] {taskinstance.py:1400} INFO - Marking task as SUCCESS. dag_id=walmart_etl_dag, task_id=transform_to_staging, execution_date=20250527T210811, start_date=20250527T210814, end_date=20250527T210815
[2025-05-27T21:08:15.169+0000] {local_task_job_runner.py:228} INFO - Task exited with return code 0
[2025-05-27T21:08:15.201+0000] {taskinstance.py:2778} INFO - 1 downstream tasks scheduled from follow-on schedule check
