[2025-05-27T22:23:34.829+0000] {taskinstance.py:1159} INFO - Dependencies all met for dep_context=non-requeueable deps ti=<TaskInstance: walmart_etl_dag.load_to_target manual__2025-05-27T22:23:25.789003+00:00 [queued]>
[2025-05-27T22:23:34.837+0000] {taskinstance.py:1159} INFO - Dependencies all met for dep_context=requeueable deps ti=<TaskInstance: walmart_etl_dag.load_to_target manual__2025-05-27T22:23:25.789003+00:00 [queued]>
[2025-05-27T22:23:34.838+0000] {taskinstance.py:1361} INFO - Starting attempt 1 of 2
[2025-05-27T22:23:34.846+0000] {taskinstance.py:1382} INFO - Executing <Task(PythonOperator): load_to_target> on 2025-05-27 22:23:25.789003+00:00
[2025-05-27T22:23:34.851+0000] {standard_task_runner.py:57} INFO - Started process 145 to run task
[2025-05-27T22:23:34.853+0000] {standard_task_runner.py:84} INFO - Running: ['***', 'tasks', 'run', 'walmart_etl_dag', 'load_to_target', 'manual__2025-05-27T22:23:25.789003+00:00', '--job-id', '473', '--raw', '--subdir', 'DAGS_FOLDER/walmart_etl_dag.py', '--cfg-path', '/tmp/tmpsxirh4po']
[2025-05-27T22:23:34.855+0000] {standard_task_runner.py:85} INFO - Job 473: Subtask load_to_target
[2025-05-27T22:23:34.887+0000] {task_command.py:416} INFO - Running <TaskInstance: walmart_etl_dag.load_to_target manual__2025-05-27T22:23:25.789003+00:00 [running]> on host 096aa9233816
[2025-05-27T22:23:35.133+0000] {taskinstance.py:1662} INFO - Exporting env vars: AIRFLOW_CTX_DAG_OWNER='***' AIRFLOW_CTX_DAG_ID='walmart_etl_dag' AIRFLOW_CTX_TASK_ID='load_to_target' AIRFLOW_CTX_EXECUTION_DATE='2025-05-27T22:23:25.789003+00:00' AIRFLOW_CTX_TRY_NUMBER='1' AIRFLOW_CTX_DAG_RUN_ID='manual__2025-05-27T22:23:25.789003+00:00'
[2025-05-27T22:23:35.143+0000] {logging_mixin.py:154} INFO - Starting load to target layer for batch BATCH_20250527222332...
[2025-05-27T22:23:35.147+0000] {logging_mixin.py:154} INFO - Ensuring all required dates are in the date dimension...
[2025-05-27T22:23:35.149+0000] {logging_mixin.py:154} INFO - Loading date dimension to target...
[2025-05-27T22:23:35.158+0000] {logging_mixin.py:154} INFO - Loading customer dimension to target...
[2025-05-27T22:23:35.186+0000] {logging_mixin.py:154} INFO - Loading supplier dimension to target...
[2025-05-27T22:23:35.198+0000] {logging_mixin.py:154} INFO - Loading return reason dimension to target...
[2025-05-27T22:23:35.200+0000] {logging_mixin.py:154} INFO - Loading product dimension to target with SCD Type 2...
[2025-05-27T22:23:35.220+0000] {logging_mixin.py:154} INFO - Loading store dimension to target with SCD Type 2...
[2025-05-27T22:23:35.239+0000] {logging_mixin.py:154} INFO - Loading sales fact to target...
[2025-05-27T22:23:35.447+0000] {logging_mixin.py:154} INFO - Loading inventory fact to target...
[2025-05-27T22:23:35.449+0000] {logging_mixin.py:154} INFO - Loading returns fact to target...
[2025-05-27T22:23:35.450+0000] {logging_mixin.py:154} INFO - Target layer loading completed successfully.
[2025-05-27T22:23:35.450+0000] {logging_mixin.py:154} INFO - Batch ID: BATCH_20250527222332
[2025-05-27T22:23:35.450+0000] {logging_mixin.py:154} INFO - Data loaded to target layer with batch ID: BATCH_20250527222332
[2025-05-27T22:23:35.450+0000] {python.py:194} INFO - Done. Returned value was: Target layer loading completed
[2025-05-27T22:23:35.473+0000] {taskinstance.py:1400} INFO - Marking task as SUCCESS. dag_id=walmart_etl_dag, task_id=load_to_target, execution_date=20250527T222325, start_date=20250527T222334, end_date=20250527T222335
[2025-05-27T22:23:35.551+0000] {local_task_job_runner.py:228} INFO - Task exited with return code 0
[2025-05-27T22:23:35.689+0000] {taskinstance.py:2778} INFO - 0 downstream tasks scheduled from follow-on schedule check
