[2025-05-27T05:22:35.853+0000] {taskinstance.py:1159} INFO - Dependencies all met for dep_context=non-requeueable deps ti=<TaskInstance: walmart_etl_dag.generate_synthetic_data manual__2025-05-27T05:15:27+00:00 [queued]>
[2025-05-27T05:22:35.867+0000] {taskinstance.py:1159} INFO - Dependencies all met for dep_context=requeueable deps ti=<TaskInstance: walmart_etl_dag.generate_synthetic_data manual__2025-05-27T05:15:27+00:00 [queued]>
[2025-05-27T05:22:35.868+0000] {taskinstance.py:1361} INFO - Starting attempt 2 of 2
[2025-05-27T05:22:35.884+0000] {taskinstance.py:1382} INFO - Executing <Task(PythonOperator): generate_synthetic_data> on 2025-05-27 05:15:27+00:00
[2025-05-27T05:22:35.906+0000] {standard_task_runner.py:57} INFO - Started process 205 to run task
[2025-05-27T05:22:35.910+0000] {standard_task_runner.py:84} INFO - Running: ['***', 'tasks', 'run', 'walmart_etl_dag', 'generate_synthetic_data', 'manual__2025-05-27T05:15:27+00:00', '--job-id', '28', '--raw', '--subdir', 'DAGS_FOLDER/walmart_etl_dag.py', '--cfg-path', '/tmp/tmptl9fin3j']
[2025-05-27T05:22:35.912+0000] {standard_task_runner.py:85} INFO - Job 28: Subtask generate_synthetic_data
[2025-05-27T05:22:35.971+0000] {task_command.py:416} INFO - Running <TaskInstance: walmart_etl_dag.generate_synthetic_data manual__2025-05-27T05:15:27+00:00 [running]> on host 364c8c3dd6ab
[2025-05-27T05:22:36.046+0000] {taskinstance.py:1662} INFO - Exporting env vars: AIRFLOW_CTX_DAG_OWNER='***' AIRFLOW_CTX_DAG_ID='walmart_etl_dag' AIRFLOW_CTX_TASK_ID='generate_synthetic_data' AIRFLOW_CTX_EXECUTION_DATE='2025-05-27T05:15:27+00:00' AIRFLOW_CTX_TRY_NUMBER='2' AIRFLOW_CTX_DAG_RUN_ID='manual__2025-05-27T05:15:27+00:00'
[2025-05-27T05:22:36.049+0000] {logging_mixin.py:154} INFO - Starting synthetic data generation process...
[2025-05-27T05:22:36.050+0000] {logging_mixin.py:154} INFO - Generating supplier data...
[2025-05-27T05:22:36.152+0000] {logging_mixin.py:154} INFO - Loaded 50 supplier records to ods_supplier
[2025-05-27T05:22:36.152+0000] {logging_mixin.py:154} INFO - Generating return reason data...
[2025-05-27T05:22:36.167+0000] {logging_mixin.py:154} INFO - Loaded 10 return reason records to ods_return_reason
[2025-05-27T05:22:36.170+0000] {logging_mixin.py:154} INFO - Transforming and loading data to staging tables...
[2025-05-27T05:22:36.176+0000] {logging_mixin.py:154} INFO - Supplier and return reason data successfully loaded to staging tables with batch ID: BATCH_SYNTHETIC_20250527052236
[2025-05-27T05:22:36.176+0000] {logging_mixin.py:154} INFO - Starting load to target layer for batch BATCH_SYNTHETIC_20250527052236...
[2025-05-27T05:22:36.183+0000] {logging_mixin.py:154} INFO - Supplier and return reason data successfully loaded to target tables
[2025-05-27T05:22:36.184+0000] {logging_mixin.py:154} INFO - Synthetic data generation and loading complete!
[2025-05-27T05:22:36.185+0000] {python.py:194} INFO - Done. Returned value was: None
[2025-05-27T05:22:36.231+0000] {taskinstance.py:1400} INFO - Marking task as SUCCESS. dag_id=walmart_etl_dag, task_id=generate_synthetic_data, execution_date=20250527T051527, start_date=20250527T052235, end_date=20250527T052236
[2025-05-27T05:22:36.844+0000] {local_task_job_runner.py:228} INFO - Task exited with return code 0
[2025-05-27T05:22:37.124+0000] {taskinstance.py:2778} INFO - 1 downstream tasks scheduled from follow-on schedule check
