[2025-05-27T22:26:18.275+0000] {taskinstance.py:1159} INFO - Dependencies all met for dep_context=non-requeueable deps ti=<TaskInstance: inventory_returns_generation.transform_to_staging manual__2025-05-27T22:26:11.670124+00:00 [queued]>
[2025-05-27T22:26:18.285+0000] {taskinstance.py:1159} INFO - Dependencies all met for dep_context=requeueable deps ti=<TaskInstance: inventory_returns_generation.transform_to_staging manual__2025-05-27T22:26:11.670124+00:00 [queued]>
[2025-05-27T22:26:18.286+0000] {taskinstance.py:1361} INFO - Starting attempt 1 of 2
[2025-05-27T22:26:18.298+0000] {taskinstance.py:1382} INFO - Executing <Task(PythonOperator): transform_to_staging> on 2025-05-27 22:26:11.670124+00:00
[2025-05-27T22:26:18.329+0000] {standard_task_runner.py:57} INFO - Started process 226 to run task
[2025-05-27T22:26:18.333+0000] {standard_task_runner.py:84} INFO - Running: ['***', 'tasks', 'run', 'inventory_returns_generation', 'transform_to_staging', 'manual__2025-05-27T22:26:11.670124+00:00', '--job-id', '484', '--raw', '--subdir', 'DAGS_FOLDER/inventory_returns_dag.py', '--cfg-path', '/tmp/tmpysrj7p9u']
[2025-05-27T22:26:18.336+0000] {standard_task_runner.py:85} INFO - Job 484: Subtask transform_to_staging
[2025-05-27T22:26:18.373+0000] {task_command.py:416} INFO - Running <TaskInstance: inventory_returns_generation.transform_to_staging manual__2025-05-27T22:26:11.670124+00:00 [running]> on host 096aa9233816
[2025-05-27T22:26:18.713+0000] {taskinstance.py:1662} INFO - Exporting env vars: AIRFLOW_CTX_DAG_OWNER='***' AIRFLOW_CTX_DAG_ID='inventory_returns_generation' AIRFLOW_CTX_TASK_ID='transform_to_staging' AIRFLOW_CTX_EXECUTION_DATE='2025-05-27T22:26:11.670124+00:00' AIRFLOW_CTX_TRY_NUMBER='1' AIRFLOW_CTX_DAG_RUN_ID='manual__2025-05-27T22:26:11.670124+00:00'
[2025-05-27T22:26:18.714+0000] {logging_mixin.py:154} INFO - Starting transformation from ODS to staging layer...
[2025-05-27T22:26:18.721+0000] {logging_mixin.py:154} INFO - Transforming date dimension...
[2025-05-27T22:26:18.737+0000] {logging_mixin.py:154} INFO - Transforming customer dimension...
[2025-05-27T22:26:18.770+0000] {logging_mixin.py:154} INFO - Transforming product dimension...
[2025-05-27T22:26:18.787+0000] {logging_mixin.py:154} INFO - Transforming store dimension...
[2025-05-27T22:26:18.800+0000] {logging_mixin.py:154} INFO - Transforming sales fact...
[2025-05-27T22:26:18.920+0000] {logging_mixin.py:154} INFO - Transforming inventory fact...
[2025-05-27T22:26:18.926+0000] {logging_mixin.py:154} INFO - Transforming returns fact...
[2025-05-27T22:26:18.929+0000] {logging_mixin.py:154} INFO - Staging layer transformation completed successfully.
[2025-05-27T22:26:18.929+0000] {logging_mixin.py:154} INFO - Batch ID: BATCH_20250527222617
[2025-05-27T22:26:18.929+0000] {logging_mixin.py:154} INFO - Transformed data to staging with batch ID: BATCH_20250527222617
[2025-05-27T22:26:18.929+0000] {python.py:194} INFO - Done. Returned value was: BATCH_20250527222617
[2025-05-27T22:26:18.943+0000] {taskinstance.py:1400} INFO - Marking task as SUCCESS. dag_id=inventory_returns_generation, task_id=transform_to_staging, execution_date=20250527T222611, start_date=20250527T222618, end_date=20250527T222618
[2025-05-27T22:26:18.974+0000] {local_task_job_runner.py:228} INFO - Task exited with return code 0
[2025-05-27T22:26:18.999+0000] {taskinstance.py:2778} INFO - 1 downstream tasks scheduled from follow-on schedule check
