[2025-05-27T22:17:40.364+0000] {taskinstance.py:1159} INFO - Dependencies all met for dep_context=non-requeueable deps ti=<TaskInstance: walmart_etl_dag.transform_to_staging manual__2025-05-27T22:17:34.551152+00:00 [queued]>
[2025-05-27T22:17:40.373+0000] {taskinstance.py:1159} INFO - Dependencies all met for dep_context=requeueable deps ti=<TaskInstance: walmart_etl_dag.transform_to_staging manual__2025-05-27T22:17:34.551152+00:00 [queued]>
[2025-05-27T22:17:40.374+0000] {taskinstance.py:1361} INFO - Starting attempt 1 of 2
[2025-05-27T22:17:40.381+0000] {taskinstance.py:1382} INFO - Executing <Task(PythonOperator): transform_to_staging> on 2025-05-27 22:17:34.551152+00:00
[2025-05-27T22:17:40.393+0000] {standard_task_runner.py:57} INFO - Started process 145 to run task
[2025-05-27T22:17:40.396+0000] {standard_task_runner.py:84} INFO - Running: ['***', 'tasks', 'run', 'walmart_etl_dag', 'transform_to_staging', 'manual__2025-05-27T22:17:34.551152+00:00', '--job-id', '452', '--raw', '--subdir', 'DAGS_FOLDER/walmart_etl_dag.py', '--cfg-path', '/tmp/tmp7w318dpz']
[2025-05-27T22:17:40.402+0000] {standard_task_runner.py:85} INFO - Job 452: Subtask transform_to_staging
[2025-05-27T22:17:40.431+0000] {task_command.py:416} INFO - Running <TaskInstance: walmart_etl_dag.transform_to_staging manual__2025-05-27T22:17:34.551152+00:00 [running]> on host e3db230d44e2
[2025-05-27T22:17:40.714+0000] {taskinstance.py:1662} INFO - Exporting env vars: AIRFLOW_CTX_DAG_OWNER='***' AIRFLOW_CTX_DAG_ID='walmart_etl_dag' AIRFLOW_CTX_TASK_ID='transform_to_staging' AIRFLOW_CTX_EXECUTION_DATE='2025-05-27T22:17:34.551152+00:00' AIRFLOW_CTX_TRY_NUMBER='1' AIRFLOW_CTX_DAG_RUN_ID='manual__2025-05-27T22:17:34.551152+00:00'
[2025-05-27T22:17:40.716+0000] {logging_mixin.py:154} INFO - Starting transformation from ODS to staging layer...
[2025-05-27T22:17:40.719+0000] {logging_mixin.py:154} INFO - Transforming date dimension...
[2025-05-27T22:17:40.730+0000] {logging_mixin.py:154} INFO - Transforming customer dimension...
[2025-05-27T22:17:40.749+0000] {logging_mixin.py:154} INFO - Transforming product dimension...
[2025-05-27T22:17:40.762+0000] {logging_mixin.py:154} INFO - Transforming store dimension...
[2025-05-27T22:17:40.773+0000] {logging_mixin.py:154} INFO - Transforming sales fact...
[2025-05-27T22:17:40.933+0000] {logging_mixin.py:154} INFO - Transforming inventory fact...
[2025-05-27T22:17:40.937+0000] {logging_mixin.py:154} INFO - Transforming returns fact...
[2025-05-27T22:17:40.938+0000] {logging_mixin.py:154} INFO - Staging layer transformation completed successfully.
[2025-05-27T22:17:40.938+0000] {logging_mixin.py:154} INFO - Batch ID: BATCH_20250527221740
[2025-05-27T22:17:40.938+0000] {logging_mixin.py:154} INFO - Transformed data to staging with batch ID: BATCH_20250527221740
[2025-05-27T22:17:40.938+0000] {python.py:194} INFO - Done. Returned value was: BATCH_20250527221740
[2025-05-27T22:17:40.959+0000] {taskinstance.py:1400} INFO - Marking task as SUCCESS. dag_id=walmart_etl_dag, task_id=transform_to_staging, execution_date=20250527T221734, start_date=20250527T221740, end_date=20250527T221740
[2025-05-27T22:17:41.005+0000] {local_task_job_runner.py:228} INFO - Task exited with return code 0
[2025-05-27T22:17:41.058+0000] {taskinstance.py:2778} INFO - 1 downstream tasks scheduled from follow-on schedule check
