[2025-05-27T18:33:19.203+0000] {taskinstance.py:1159} INFO - Dependencies all met for dep_context=non-requeueable deps ti=<TaskInstance: walmart_etl_dag.load_to_ods manual__2025-05-27T18:28:15+00:00 [queued]>
[2025-05-27T18:33:19.213+0000] {taskinstance.py:1159} INFO - Dependencies all met for dep_context=requeueable deps ti=<TaskInstance: walmart_etl_dag.load_to_ods manual__2025-05-27T18:28:15+00:00 [queued]>
[2025-05-27T18:33:19.214+0000] {taskinstance.py:1361} INFO - Starting attempt 2 of 2
[2025-05-27T18:33:19.261+0000] {taskinstance.py:1382} INFO - Executing <Task(PythonOperator): load_to_ods> on 2025-05-27 18:28:15+00:00
[2025-05-27T18:33:19.352+0000] {standard_task_runner.py:57} INFO - Started process 291 to run task
[2025-05-27T18:33:19.373+0000] {standard_task_runner.py:84} INFO - Running: ['***', 'tasks', 'run', 'walmart_etl_dag', 'load_to_ods', 'manual__2025-05-27T18:28:15+00:00', '--job-id', '231', '--raw', '--subdir', 'DAGS_FOLDER/walmart_etl_dag.py', '--cfg-path', '/tmp/tmpdeuygd0n']
[2025-05-27T18:33:19.385+0000] {standard_task_runner.py:85} INFO - Job 231: Subtask load_to_ods
[2025-05-27T18:33:19.486+0000] {task_command.py:416} INFO - Running <TaskInstance: walmart_etl_dag.load_to_ods manual__2025-05-27T18:28:15+00:00 [running]> on host d80f98a6628f
[2025-05-27T18:33:19.831+0000] {taskinstance.py:1662} INFO - Exporting env vars: AIRFLOW_CTX_DAG_OWNER='***' AIRFLOW_CTX_DAG_ID='walmart_etl_dag' AIRFLOW_CTX_TASK_ID='load_to_ods' AIRFLOW_CTX_EXECUTION_DATE='2025-05-27T18:28:15+00:00' AIRFLOW_CTX_TRY_NUMBER='2' AIRFLOW_CTX_DAG_RUN_ID='manual__2025-05-27T18:28:15+00:00'
[2025-05-27T18:33:19.873+0000] {logging_mixin.py:154} INFO - Loaded 8399 rows from CSV file.
[2025-05-27T18:33:20.103+0000] {logging_mixin.py:154} INFO - Loaded 1459 records into ods_date.
[2025-05-27T18:33:20.530+0000] {logging_mixin.py:154} INFO - Loaded 3011 records into ods_customer.
[2025-05-27T18:33:20.729+0000] {logging_mixin.py:154} INFO - Loaded 1314 records into ods_product.
[2025-05-27T18:33:20.968+0000] {logging_mixin.py:154} INFO - Loaded 1636 records into ods_store.
[2025-05-27T18:33:22.481+0000] {logging_mixin.py:154} INFO - Loaded 8399 records into ods_sales.
[2025-05-27T18:33:22.484+0000] {logging_mixin.py:154} INFO - ODS layer loading completed.
[2025-05-27T18:33:22.485+0000] {python.py:194} INFO - Done. Returned value was: ODS layer loading completed
[2025-05-27T18:33:22.499+0000] {taskinstance.py:1400} INFO - Marking task as SUCCESS. dag_id=walmart_etl_dag, task_id=load_to_ods, execution_date=20250527T182815, start_date=20250527T183319, end_date=20250527T183322
[2025-05-27T18:33:22.549+0000] {local_task_job_runner.py:228} INFO - Task exited with return code 0
[2025-05-27T18:33:22.576+0000] {taskinstance.py:2778} INFO - 1 downstream tasks scheduled from follow-on schedule check
