[2025-05-28T05:33:23.842+0000] {taskinstance.py:1159} INFO - Dependencies all met for dep_context=non-requeueable deps ti=<TaskInstance: walmart_etl_dag.load_to_target manual__2025-05-28T05:33:20+00:00 [queued]>
[2025-05-28T05:33:23.847+0000] {taskinstance.py:1159} INFO - Dependencies all met for dep_context=requeueable deps ti=<TaskInstance: walmart_etl_dag.load_to_target manual__2025-05-28T05:33:20+00:00 [queued]>
[2025-05-28T05:33:23.847+0000] {taskinstance.py:1361} INFO - Starting attempt 1 of 2
[2025-05-28T05:33:23.853+0000] {taskinstance.py:1382} INFO - Executing <Task(PythonOperator): load_to_target> on 2025-05-28 05:33:20+00:00
[2025-05-28T05:33:23.860+0000] {standard_task_runner.py:57} INFO - Started process 515 to run task
[2025-05-28T05:33:23.867+0000] {standard_task_runner.py:84} INFO - Running: ['***', 'tasks', 'run', 'walmart_etl_dag', 'load_to_target', 'manual__2025-05-28T05:33:20+00:00', '--job-id', '602', '--raw', '--subdir', 'DAGS_FOLDER/walmart_etl_dag.py', '--cfg-path', '/tmp/tmpo8o9mfpm']
[2025-05-28T05:33:23.870+0000] {standard_task_runner.py:85} INFO - Job 602: Subtask load_to_target
[2025-05-28T05:33:23.901+0000] {task_command.py:416} INFO - Running <TaskInstance: walmart_etl_dag.load_to_target manual__2025-05-28T05:33:20+00:00 [running]> on host 54aadfabdafd
[2025-05-28T05:33:24.169+0000] {taskinstance.py:1662} INFO - Exporting env vars: AIRFLOW_CTX_DAG_OWNER='***' AIRFLOW_CTX_DAG_ID='walmart_etl_dag' AIRFLOW_CTX_TASK_ID='load_to_target' AIRFLOW_CTX_EXECUTION_DATE='2025-05-28T05:33:20+00:00' AIRFLOW_CTX_TRY_NUMBER='1' AIRFLOW_CTX_DAG_RUN_ID='manual__2025-05-28T05:33:20+00:00'
[2025-05-28T05:33:24.176+0000] {logging_mixin.py:154} INFO - Starting load to target layer for batch BATCH_20250528053321...
[2025-05-28T05:33:24.180+0000] {logging_mixin.py:154} INFO - Ensuring all required dates are in the date dimension...
[2025-05-28T05:33:24.189+0000] {logging_mixin.py:154} INFO - Loading date dimension to target...
[2025-05-28T05:33:24.200+0000] {logging_mixin.py:154} INFO - Loading customer dimension to target...
[2025-05-28T05:33:24.235+0000] {logging_mixin.py:154} INFO - Loading supplier dimension to target...
[2025-05-28T05:33:24.247+0000] {logging_mixin.py:154} INFO - Loading return reason dimension to target...
[2025-05-28T05:33:24.249+0000] {logging_mixin.py:154} INFO - Loading product dimension to target with SCD Type 2...
[2025-05-28T05:33:24.252+0000] {logging_mixin.py:154} INFO - Found 2 products with changes
[2025-05-28T05:33:24.252+0000] {logging_mixin.py:154} INFO - Product Safco Industrial Wire Shelving changes: Category Office Supplies -> Office Supplies, Price 95.99 -> 5.99
[2025-05-28T05:33:24.253+0000] {logging_mixin.py:154} INFO - Product Perma STOR-ALL™ Hanging File Box, 13 1/8"W x 12 1/4"D x 10 1/2"H changes: Category Office Supplies -> Office Supplies, Price 5.98 -> 51.98
[2025-05-28T05:33:24.290+0000] {logging_mixin.py:154} INFO - Loading store dimension to target with SCD Type 2...
[2025-05-28T05:33:24.335+0000] {logging_mixin.py:154} INFO - Loading sales fact to target...
[2025-05-28T05:33:24.414+0000] {logging_mixin.py:154} INFO - Loading inventory fact to target...
[2025-05-28T05:33:24.421+0000] {logging_mixin.py:154} INFO - Loading returns fact to target...
[2025-05-28T05:33:24.424+0000] {logging_mixin.py:154} INFO - Target layer loading completed successfully.
[2025-05-28T05:33:24.424+0000] {logging_mixin.py:154} INFO - Batch ID: BATCH_20250528053321
[2025-05-28T05:33:24.424+0000] {logging_mixin.py:154} INFO - Data loaded to target layer with batch ID: BATCH_20250528053321
[2025-05-28T05:33:24.425+0000] {python.py:194} INFO - Done. Returned value was: Target layer loading completed
[2025-05-28T05:33:24.437+0000] {taskinstance.py:1400} INFO - Marking task as SUCCESS. dag_id=walmart_etl_dag, task_id=load_to_target, execution_date=20250528T053320, start_date=20250528T053323, end_date=20250528T053324
[2025-05-28T05:33:24.476+0000] {local_task_job_runner.py:228} INFO - Task exited with return code 0
[2025-05-28T05:33:24.491+0000] {taskinstance.py:2778} INFO - 1 downstream tasks scheduled from follow-on schedule check
