[2025-05-27T19:58:48.463+0000] {taskinstance.py:1159} INFO - Dependencies all met for dep_context=non-requeueable deps ti=<TaskInstance: walmart_etl_dag.clean_staging manual__2025-05-27T19:53:37+00:00 [queued]>
[2025-05-27T19:58:48.471+0000] {taskinstance.py:1159} INFO - Dependencies all met for dep_context=requeueable deps ti=<TaskInstance: walmart_etl_dag.clean_staging manual__2025-05-27T19:53:37+00:00 [queued]>
[2025-05-27T19:58:48.472+0000] {taskinstance.py:1361} INFO - Starting attempt 1 of 2
[2025-05-27T19:58:48.486+0000] {taskinstance.py:1382} INFO - Executing <Task(PythonOperator): clean_staging> on 2025-05-27 19:53:37+00:00
[2025-05-27T19:58:48.491+0000] {standard_task_runner.py:57} INFO - Started process 228 to run task
[2025-05-27T19:58:48.496+0000] {standard_task_runner.py:84} INFO - Running: ['***', 'tasks', 'run', 'walmart_etl_dag', 'clean_staging', 'manual__2025-05-27T19:53:37+00:00', '--job-id', '349', '--raw', '--subdir', 'DAGS_FOLDER/walmart_etl_dag.py', '--cfg-path', '/tmp/tmp6gx5d09l']
[2025-05-27T19:58:48.499+0000] {standard_task_runner.py:85} INFO - Job 349: Subtask clean_staging
[2025-05-27T19:58:48.542+0000] {task_command.py:416} INFO - Running <TaskInstance: walmart_etl_dag.clean_staging manual__2025-05-27T19:53:37+00:00 [running]> on host a552bff97440
[2025-05-27T19:58:48.870+0000] {taskinstance.py:1662} INFO - Exporting env vars: AIRFLOW_CTX_DAG_OWNER='***' AIRFLOW_CTX_DAG_ID='walmart_etl_dag' AIRFLOW_CTX_TASK_ID='clean_staging' AIRFLOW_CTX_EXECUTION_DATE='2025-05-27T19:53:37+00:00' AIRFLOW_CTX_TRY_NUMBER='1' AIRFLOW_CTX_DAG_RUN_ID='manual__2025-05-27T19:53:37+00:00'
[2025-05-27T19:58:48.889+0000] {logging_mixin.py:154} INFO - Starting staging tables cleanup...
[2025-05-27T19:58:48.900+0000] {logging_mixin.py:154} INFO - Deleted data from stg_date for batch BATCH_20250527195845
[2025-05-27T19:58:48.903+0000] {logging_mixin.py:154} INFO - Deleted data from stg_customer for batch BATCH_20250527195845
[2025-05-27T19:58:48.904+0000] {logging_mixin.py:154} INFO - Deleted data from stg_product for batch BATCH_20250527195845
[2025-05-27T19:58:48.907+0000] {logging_mixin.py:154} INFO - Deleted data from stg_store for batch BATCH_20250527195845
[2025-05-27T19:58:48.917+0000] {logging_mixin.py:154} INFO - Deleted data from stg_sales for batch BATCH_20250527195845
[2025-05-27T19:58:48.918+0000] {logging_mixin.py:154} INFO - Deleted data from stg_supplier for batch BATCH_20250527195845
[2025-05-27T19:58:48.919+0000] {logging_mixin.py:154} INFO - Deleted data from stg_return_reason for batch BATCH_20250527195845
[2025-05-27T19:58:48.920+0000] {logging_mixin.py:154} INFO - Deleted data from stg_inventory for batch BATCH_20250527195845
[2025-05-27T19:58:48.921+0000] {logging_mixin.py:154} INFO - Deleted data from stg_returns for batch BATCH_20250527195845
[2025-05-27T19:58:48.929+0000] {logging_mixin.py:154} INFO - Staging tables cleanup completed successfully.
[2025-05-27T19:58:48.930+0000] {python.py:194} INFO - Done. Returned value was: Staging tables cleaned for batch BATCH_20250527195845
[2025-05-27T19:58:48.951+0000] {taskinstance.py:1400} INFO - Marking task as SUCCESS. dag_id=walmart_etl_dag, task_id=clean_staging, execution_date=20250527T195337, start_date=20250527T195848, end_date=20250527T195848
[2025-05-27T19:58:49.010+0000] {local_task_job_runner.py:228} INFO - Task exited with return code 0
[2025-05-27T19:58:49.036+0000] {taskinstance.py:2778} INFO - 1 downstream tasks scheduled from follow-on schedule check
