[2025-05-27T18:57:00.287+0000] {taskinstance.py:1159} INFO - Dependencies all met for dep_context=non-requeueable deps ti=<TaskInstance: walmart_etl_dag.load_to_target manual__2025-05-27T18:56:50+00:00 [queued]>
[2025-05-27T18:57:00.291+0000] {taskinstance.py:1159} INFO - Dependencies all met for dep_context=requeueable deps ti=<TaskInstance: walmart_etl_dag.load_to_target manual__2025-05-27T18:56:50+00:00 [queued]>
[2025-05-27T18:57:00.291+0000] {taskinstance.py:1361} INFO - Starting attempt 1 of 2
[2025-05-27T18:57:00.297+0000] {taskinstance.py:1382} INFO - Executing <Task(PythonOperator): load_to_target> on 2025-05-27 18:56:50+00:00
[2025-05-27T18:57:00.302+0000] {standard_task_runner.py:57} INFO - Started process 755 to run task
[2025-05-27T18:57:00.308+0000] {standard_task_runner.py:84} INFO - Running: ['***', 'tasks', 'run', 'walmart_etl_dag', 'load_to_target', 'manual__2025-05-27T18:56:50+00:00', '--job-id', '266', '--raw', '--subdir', 'DAGS_FOLDER/walmart_etl_dag.py', '--cfg-path', '/tmp/tmpi71h0ea2']
[2025-05-27T18:57:00.312+0000] {standard_task_runner.py:85} INFO - Job 266: Subtask load_to_target
[2025-05-27T18:57:00.344+0000] {task_command.py:416} INFO - Running <TaskInstance: walmart_etl_dag.load_to_target manual__2025-05-27T18:56:50+00:00 [running]> on host d80f98a6628f
[2025-05-27T18:57:00.622+0000] {taskinstance.py:1662} INFO - Exporting env vars: AIRFLOW_CTX_DAG_OWNER='***' AIRFLOW_CTX_DAG_ID='walmart_etl_dag' AIRFLOW_CTX_TASK_ID='load_to_target' AIRFLOW_CTX_EXECUTION_DATE='2025-05-27T18:56:50+00:00' AIRFLOW_CTX_TRY_NUMBER='1' AIRFLOW_CTX_DAG_RUN_ID='manual__2025-05-27T18:56:50+00:00'
[2025-05-27T18:57:00.628+0000] {logging_mixin.py:154} INFO - Starting load to target layer for batch BATCH_20250527185658...
[2025-05-27T18:57:00.632+0000] {logging_mixin.py:154} INFO - Ensuring all required dates are in the date dimension...
[2025-05-27T18:57:00.635+0000] {logging_mixin.py:154} INFO - Added date 20250227 to date dimension
[2025-05-27T18:57:00.636+0000] {logging_mixin.py:154} INFO - Added date 20250312 to date dimension
[2025-05-27T18:57:00.637+0000] {logging_mixin.py:154} INFO - Added date 20250411 to date dimension
[2025-05-27T18:57:00.638+0000] {logging_mixin.py:154} INFO - Added date 20250304 to date dimension
[2025-05-27T18:57:00.639+0000] {logging_mixin.py:154} INFO - Added date 20250504 to date dimension
[2025-05-27T18:57:00.640+0000] {logging_mixin.py:154} INFO - Added date 20250316 to date dimension
[2025-05-27T18:57:00.642+0000] {logging_mixin.py:154} INFO - Added date 20250307 to date dimension
[2025-05-27T18:57:00.643+0000] {logging_mixin.py:154} INFO - Added date 20250421 to date dimension
[2025-05-27T18:57:00.644+0000] {logging_mixin.py:154} INFO - Added date 20250321 to date dimension
[2025-05-27T18:57:00.645+0000] {logging_mixin.py:154} INFO - Added date 20250518 to date dimension
[2025-05-27T18:57:00.645+0000] {logging_mixin.py:154} INFO - Added date 20250510 to date dimension
[2025-05-27T18:57:00.646+0000] {logging_mixin.py:154} INFO - Added date 20250226 to date dimension
[2025-05-27T18:57:00.646+0000] {logging_mixin.py:154} INFO - Added date 20250325 to date dimension
[2025-05-27T18:57:00.647+0000] {logging_mixin.py:154} INFO - Added date 20250520 to date dimension
[2025-05-27T18:57:00.648+0000] {logging_mixin.py:154} INFO - Added date 20250328 to date dimension
[2025-05-27T18:57:00.648+0000] {logging_mixin.py:154} INFO - Added date 20250318 to date dimension
[2025-05-27T18:57:00.649+0000] {logging_mixin.py:154} INFO - Added date 20250429 to date dimension
[2025-05-27T18:57:00.649+0000] {logging_mixin.py:154} INFO - Added date 20250506 to date dimension
[2025-05-27T18:57:00.650+0000] {logging_mixin.py:154} INFO - Added date 20250507 to date dimension
[2025-05-27T18:57:00.651+0000] {logging_mixin.py:154} INFO - Added date 20250331 to date dimension
[2025-05-27T18:57:00.651+0000] {logging_mixin.py:154} INFO - Added date 20250427 to date dimension
[2025-05-27T18:57:00.652+0000] {logging_mixin.py:154} INFO - Added date 20250408 to date dimension
[2025-05-27T18:57:00.652+0000] {logging_mixin.py:154} INFO - Added date 20250521 to date dimension
[2025-05-27T18:57:00.653+0000] {logging_mixin.py:154} INFO - Added date 20250403 to date dimension
[2025-05-27T18:57:00.653+0000] {logging_mixin.py:154} INFO - Added date 20250313 to date dimension
[2025-05-27T18:57:00.654+0000] {logging_mixin.py:154} INFO - Added date 20250319 to date dimension
[2025-05-27T18:57:00.655+0000] {logging_mixin.py:154} INFO - Added date 20250303 to date dimension
[2025-05-27T18:57:00.655+0000] {logging_mixin.py:154} INFO - Added date 20250305 to date dimension
[2025-05-27T18:57:00.656+0000] {logging_mixin.py:154} INFO - Added date 20250527 to date dimension
[2025-05-27T18:57:00.657+0000] {logging_mixin.py:154} INFO - Added date 20250322 to date dimension
[2025-05-27T18:57:00.657+0000] {logging_mixin.py:154} INFO - Added date 20250309 to date dimension
[2025-05-27T18:57:00.658+0000] {logging_mixin.py:154} INFO - Added date 20250315 to date dimension
[2025-05-27T18:57:00.658+0000] {logging_mixin.py:154} INFO - Added date 20250406 to date dimension
[2025-05-27T18:57:00.659+0000] {logging_mixin.py:154} INFO - Added date 20250409 to date dimension
[2025-05-27T18:57:00.659+0000] {logging_mixin.py:154} INFO - Added date 20250425 to date dimension
[2025-05-27T18:57:00.660+0000] {logging_mixin.py:154} INFO - Added date 20250223 to date dimension
[2025-05-27T18:57:00.661+0000] {logging_mixin.py:154} INFO - Added date 20250310 to date dimension
[2025-05-27T18:57:00.661+0000] {logging_mixin.py:154} INFO - Added date 20250317 to date dimension
[2025-05-27T18:57:00.662+0000] {logging_mixin.py:154} INFO - Added date 20250401 to date dimension
[2025-05-27T18:57:00.662+0000] {logging_mixin.py:154} INFO - Added date 20250430 to date dimension
[2025-05-27T18:57:00.663+0000] {logging_mixin.py:154} INFO - Added date 20250308 to date dimension
[2025-05-27T18:57:00.663+0000] {logging_mixin.py:154} INFO - Added date 20250512 to date dimension
[2025-05-27T18:57:00.664+0000] {logging_mixin.py:154} INFO - Added date 20250329 to date dimension
[2025-05-27T18:57:00.665+0000] {logging_mixin.py:154} INFO - Added date 20250501 to date dimension
[2025-05-27T18:57:00.665+0000] {logging_mixin.py:154} INFO - Added date 20250228 to date dimension
[2025-05-27T18:57:00.666+0000] {logging_mixin.py:154} INFO - Added date 20250422 to date dimension
[2025-05-27T18:57:00.666+0000] {logging_mixin.py:154} INFO - Added date 20250502 to date dimension
[2025-05-27T18:57:00.667+0000] {logging_mixin.py:154} INFO - Added date 20250522 to date dimension
[2025-05-27T18:57:00.667+0000] {logging_mixin.py:154} INFO - Added date 20250424 to date dimension
[2025-05-27T18:57:00.668+0000] {logging_mixin.py:154} INFO - Added date 20250330 to date dimension
[2025-05-27T18:57:00.668+0000] {logging_mixin.py:154} INFO - Added date 20250407 to date dimension
[2025-05-27T18:57:00.669+0000] {logging_mixin.py:154} INFO - Added date 20250413 to date dimension
[2025-05-27T18:57:00.670+0000] {logging_mixin.py:154} INFO - Added date 20250428 to date dimension
[2025-05-27T18:57:00.670+0000] {logging_mixin.py:154} INFO - Added date 20250416 to date dimension
[2025-05-27T18:57:00.671+0000] {logging_mixin.py:154} INFO - Added date 20250324 to date dimension
[2025-05-27T18:57:00.671+0000] {logging_mixin.py:154} INFO - Added date 20250511 to date dimension
[2025-05-27T18:57:00.672+0000] {logging_mixin.py:154} INFO - Added date 20250301 to date dimension
[2025-05-27T18:57:00.672+0000] {logging_mixin.py:154} INFO - Added date 20250505 to date dimension
[2025-05-27T18:57:00.673+0000] {logging_mixin.py:154} INFO - Added date 20250219 to date dimension
[2025-05-27T18:57:00.674+0000] {logging_mixin.py:154} INFO - Added date 20250418 to date dimension
[2025-05-27T18:57:00.674+0000] {logging_mixin.py:154} INFO - Added date 20250519 to date dimension
[2025-05-27T18:57:00.675+0000] {logging_mixin.py:154} INFO - Added date 20250514 to date dimension
[2025-05-27T18:57:00.675+0000] {logging_mixin.py:154} INFO - Added date 20250515 to date dimension
[2025-05-27T18:57:00.676+0000] {logging_mixin.py:154} INFO - Added date 20250221 to date dimension
[2025-05-27T18:57:00.677+0000] {logging_mixin.py:154} INFO - Added date 20250517 to date dimension
[2025-05-27T18:57:00.677+0000] {logging_mixin.py:154} INFO - Added date 20250222 to date dimension
[2025-05-27T18:57:00.678+0000] {logging_mixin.py:154} INFO - Added date 20250225 to date dimension
[2025-05-27T18:57:00.678+0000] {logging_mixin.py:154} INFO - Added date 20250513 to date dimension
[2025-05-27T18:57:00.679+0000] {logging_mixin.py:154} INFO - Added date 20250419 to date dimension
[2025-05-27T18:57:00.680+0000] {logging_mixin.py:154} INFO - Added date 20250415 to date dimension
[2025-05-27T18:57:00.680+0000] {logging_mixin.py:154} INFO - Added date 20250426 to date dimension
[2025-05-27T18:57:00.681+0000] {logging_mixin.py:154} INFO - Added date 20250323 to date dimension
[2025-05-27T18:57:00.681+0000] {logging_mixin.py:154} INFO - Added date 20250314 to date dimension
[2025-05-27T18:57:00.682+0000] {logging_mixin.py:154} INFO - Added date 20250414 to date dimension
[2025-05-27T18:57:00.683+0000] {logging_mixin.py:154} INFO - Added date 20250402 to date dimension
[2025-05-27T18:57:00.683+0000] {logging_mixin.py:154} INFO - Added date 20250423 to date dimension
[2025-05-27T18:57:00.684+0000] {logging_mixin.py:154} INFO - Added date 20250417 to date dimension
[2025-05-27T18:57:00.685+0000] {logging_mixin.py:154} INFO - Added date 20250410 to date dimension
[2025-05-27T18:57:00.685+0000] {logging_mixin.py:154} INFO - Added date 20250508 to date dimension
[2025-05-27T18:57:00.686+0000] {logging_mixin.py:154} INFO - Added date 20250525 to date dimension
[2025-05-27T18:57:00.686+0000] {logging_mixin.py:154} INFO - Added date 20250523 to date dimension
[2025-05-27T18:57:00.687+0000] {logging_mixin.py:154} INFO - Added date 20250327 to date dimension
[2025-05-27T18:57:00.687+0000] {logging_mixin.py:154} INFO - Added date 20250404 to date dimension
[2025-05-27T18:57:00.688+0000] {logging_mixin.py:154} INFO - Added date 20250405 to date dimension
[2025-05-27T18:57:00.688+0000] {logging_mixin.py:154} INFO - Added date 20250224 to date dimension
[2025-05-27T18:57:00.689+0000] {logging_mixin.py:154} INFO - Added date 20250326 to date dimension
[2025-05-27T18:57:00.689+0000] {logging_mixin.py:154} INFO - Added date 20250302 to date dimension
[2025-05-27T18:57:00.690+0000] {logging_mixin.py:154} INFO - Added date 20250220 to date dimension
[2025-05-27T18:57:00.691+0000] {logging_mixin.py:154} INFO - Added date 20250420 to date dimension
[2025-05-27T18:57:00.691+0000] {logging_mixin.py:154} INFO - Added date 20250320 to date dimension
[2025-05-27T18:57:00.692+0000] {logging_mixin.py:154} INFO - Added date 20250516 to date dimension
[2025-05-27T18:57:00.693+0000] {logging_mixin.py:154} INFO - Added date 20250524 to date dimension
[2025-05-27T18:57:00.693+0000] {logging_mixin.py:154} INFO - Added date 20250503 to date dimension
[2025-05-27T18:57:00.694+0000] {logging_mixin.py:154} INFO - Added date 20250526 to date dimension
[2025-05-27T18:57:00.695+0000] {logging_mixin.py:154} INFO - Added date 20250311 to date dimension
[2025-05-27T18:57:00.696+0000] {logging_mixin.py:154} INFO - Added date 20250306 to date dimension
[2025-05-27T18:57:00.697+0000] {logging_mixin.py:154} INFO - Added date 20250509 to date dimension
[2025-05-27T18:57:00.697+0000] {logging_mixin.py:154} INFO - Loading date dimension to target...
[2025-05-27T18:57:00.708+0000] {logging_mixin.py:154} INFO - Loading customer dimension to target...
[2025-05-27T18:57:01.083+0000] {logging_mixin.py:154} INFO - Loading supplier dimension to target...
[2025-05-27T18:57:01.091+0000] {logging_mixin.py:154} INFO - Loading return reason dimension to target...
[2025-05-27T18:57:01.093+0000] {logging_mixin.py:154} INFO - Loading product dimension to target with SCD Type 2...
[2025-05-27T18:57:40.784+0000] {logging_mixin.py:154} INFO - Loading store dimension to target with SCD Type 2...
[2025-05-27T18:57:40.791+0000] {logging_mixin.py:154} INFO - Loading sales fact to target...
[2025-05-27T18:57:40.887+0000] {logging_mixin.py:154} INFO - Loading inventory fact to target...
[2025-05-27T18:57:40.897+0000] {logging_mixin.py:154} INFO - Loading returns fact to target...
[2025-05-27T18:57:40.904+0000] {logging_mixin.py:154} INFO - Target layer loading completed successfully.
[2025-05-27T18:57:40.904+0000] {logging_mixin.py:154} INFO - Batch ID: BATCH_20250527185658
[2025-05-27T18:57:40.915+0000] {python.py:194} INFO - Done. Returned value was: BATCH_20250527185658
[2025-05-27T18:57:40.945+0000] {taskinstance.py:1400} INFO - Marking task as SUCCESS. dag_id=walmart_etl_dag, task_id=load_to_target, execution_date=20250527T185650, start_date=20250527T185700, end_date=20250527T185740
[2025-05-27T18:57:40.982+0000] {local_task_job_runner.py:228} INFO - Task exited with return code 0
[2025-05-27T18:57:41.008+0000] {taskinstance.py:2778} INFO - 1 downstream tasks scheduled from follow-on schedule check
