[2025-05-27T19:58:47.147+0000] {taskinstance.py:1159} INFO - Dependencies all met for dep_context=non-requeueable deps ti=<TaskInstance: walmart_etl_dag.load_to_target manual__2025-05-27T19:53:37+00:00 [queued]>
[2025-05-27T19:58:47.154+0000] {taskinstance.py:1159} INFO - Dependencies all met for dep_context=requeueable deps ti=<TaskInstance: walmart_etl_dag.load_to_target manual__2025-05-27T19:53:37+00:00 [queued]>
[2025-05-27T19:58:47.154+0000] {taskinstance.py:1361} INFO - Starting attempt 1 of 2
[2025-05-27T19:58:47.162+0000] {taskinstance.py:1382} INFO - Executing <Task(PythonOperator): load_to_target> on 2025-05-27 19:53:37+00:00
[2025-05-27T19:58:47.167+0000] {standard_task_runner.py:57} INFO - Started process 224 to run task
[2025-05-27T19:58:47.170+0000] {standard_task_runner.py:84} INFO - Running: ['***', 'tasks', 'run', 'walmart_etl_dag', 'load_to_target', 'manual__2025-05-27T19:53:37+00:00', '--job-id', '348', '--raw', '--subdir', 'DAGS_FOLDER/walmart_etl_dag.py', '--cfg-path', '/tmp/tmpr1xbyrgc']
[2025-05-27T19:58:47.173+0000] {standard_task_runner.py:85} INFO - Job 348: Subtask load_to_target
[2025-05-27T19:58:47.206+0000] {task_command.py:416} INFO - Running <TaskInstance: walmart_etl_dag.load_to_target manual__2025-05-27T19:53:37+00:00 [running]> on host a552bff97440
[2025-05-27T19:58:47.483+0000] {taskinstance.py:1662} INFO - Exporting env vars: AIRFLOW_CTX_DAG_OWNER='***' AIRFLOW_CTX_DAG_ID='walmart_etl_dag' AIRFLOW_CTX_TASK_ID='load_to_target' AIRFLOW_CTX_EXECUTION_DATE='2025-05-27T19:53:37+00:00' AIRFLOW_CTX_TRY_NUMBER='1' AIRFLOW_CTX_DAG_RUN_ID='manual__2025-05-27T19:53:37+00:00'
[2025-05-27T19:58:47.494+0000] {logging_mixin.py:154} INFO - Found 500 inventory records and 200 returns records in staging before loading to target
[2025-05-27T19:58:47.494+0000] {logging_mixin.py:154} INFO - Starting load to target layer for batch BATCH_20250527195845...
[2025-05-27T19:58:47.494+0000] {logging_mixin.py:154} INFO - Ensuring all required dates are in the date dimension...
[2025-05-27T19:58:47.506+0000] {logging_mixin.py:154} INFO - Loading date dimension to target...
[2025-05-27T19:58:47.518+0000] {logging_mixin.py:154} INFO - Loading customer dimension to target...
[2025-05-27T19:58:47.577+0000] {logging_mixin.py:154} INFO - Loading supplier dimension to target...
[2025-05-27T19:58:47.594+0000] {logging_mixin.py:154} INFO - Loading return reason dimension to target...
[2025-05-27T19:58:47.596+0000] {logging_mixin.py:154} INFO - Loading product dimension to target with SCD Type 2...
[2025-05-27T19:58:47.600+0000] {logging_mixin.py:154} INFO - Loading store dimension to target with SCD Type 2...
[2025-05-27T19:58:47.605+0000] {logging_mixin.py:154} INFO - Loading sales fact to target...
[2025-05-27T19:58:47.724+0000] {logging_mixin.py:154} INFO - Loading inventory fact to target...
[2025-05-27T19:58:47.731+0000] {logging_mixin.py:154} INFO - Loading returns fact to target...
[2025-05-27T19:58:47.735+0000] {logging_mixin.py:154} INFO - Target layer loading completed successfully.
[2025-05-27T19:58:47.735+0000] {logging_mixin.py:154} INFO - Batch ID: BATCH_20250527195845
[2025-05-27T19:58:47.736+0000] {logging_mixin.py:154} INFO - Loaded 500 inventory records and 200 returns records to target
[2025-05-27T19:58:47.736+0000] {python.py:194} INFO - Done. Returned value was: Target layer loading completed
[2025-05-27T19:58:47.758+0000] {taskinstance.py:1400} INFO - Marking task as SUCCESS. dag_id=walmart_etl_dag, task_id=load_to_target, execution_date=20250527T195337, start_date=20250527T195847, end_date=20250527T195847
[2025-05-27T19:58:47.814+0000] {local_task_job_runner.py:228} INFO - Task exited with return code 0
[2025-05-27T19:58:47.840+0000] {taskinstance.py:2778} INFO - 1 downstream tasks scheduled from follow-on schedule check
