[2025-05-27T18:55:03.709+0000] {taskinstance.py:1159} INFO - Dependencies all met for dep_context=non-requeueable deps ti=<TaskInstance: walmart_etl_dag.generate_synthetic_data manual__2025-05-27T18:55:02+00:00 [queued]>
[2025-05-27T18:55:03.715+0000] {taskinstance.py:1159} INFO - Dependencies all met for dep_context=requeueable deps ti=<TaskInstance: walmart_etl_dag.generate_synthetic_data manual__2025-05-27T18:55:02+00:00 [queued]>
[2025-05-27T18:55:03.715+0000] {taskinstance.py:1361} INFO - Starting attempt 1 of 2
[2025-05-27T18:55:03.721+0000] {taskinstance.py:1382} INFO - Executing <Task(PythonOperator): generate_synthetic_data> on 2025-05-27 18:55:02+00:00
[2025-05-27T18:55:03.726+0000] {standard_task_runner.py:57} INFO - Started process 702 to run task
[2025-05-27T18:55:03.729+0000] {standard_task_runner.py:84} INFO - Running: ['***', 'tasks', 'run', 'walmart_etl_dag', 'generate_synthetic_data', 'manual__2025-05-27T18:55:02+00:00', '--job-id', '259', '--raw', '--subdir', 'DAGS_FOLDER/walmart_etl_dag.py', '--cfg-path', '/tmp/tmpp12f3lcu']
[2025-05-27T18:55:03.731+0000] {standard_task_runner.py:85} INFO - Job 259: Subtask generate_synthetic_data
[2025-05-27T18:55:03.769+0000] {task_command.py:416} INFO - Running <TaskInstance: walmart_etl_dag.generate_synthetic_data manual__2025-05-27T18:55:02+00:00 [running]> on host d80f98a6628f
[2025-05-27T18:55:04.064+0000] {taskinstance.py:1662} INFO - Exporting env vars: AIRFLOW_CTX_DAG_OWNER='***' AIRFLOW_CTX_DAG_ID='walmart_etl_dag' AIRFLOW_CTX_TASK_ID='generate_synthetic_data' AIRFLOW_CTX_EXECUTION_DATE='2025-05-27T18:55:02+00:00' AIRFLOW_CTX_TRY_NUMBER='1' AIRFLOW_CTX_DAG_RUN_ID='manual__2025-05-27T18:55:02+00:00'
[2025-05-27T18:55:04.065+0000] {logging_mixin.py:154} INFO - Starting synthetic data generation process...
[2025-05-27T18:55:04.065+0000] {logging_mixin.py:154} INFO - Generating supplier data...
[2025-05-27T18:55:04.071+0000] {logging_mixin.py:154} INFO - Found 50 existing supplier records, skipping generation
[2025-05-27T18:55:04.072+0000] {logging_mixin.py:154} INFO - Generating return reason data...
[2025-05-27T18:55:04.072+0000] {logging_mixin.py:154} INFO - Found 10 existing return reason records, skipping generation
[2025-05-27T18:55:04.073+0000] {logging_mixin.py:154} INFO - Retrieving existing data...
[2025-05-27T18:55:04.406+0000] {logging_mixin.py:154} INFO - Generating inventory data...
[2025-05-27T18:55:04.408+0000] {logging_mixin.py:154} INFO - Found 500 existing inventory records, skipping generation
[2025-05-27T18:55:04.411+0000] {logging_mixin.py:154} INFO - Generating returns data...
[2025-05-27T18:55:04.412+0000] {logging_mixin.py:154} INFO - Found 200 existing returns records, skipping generation
[2025-05-27T18:55:04.414+0000] {logging_mixin.py:154} INFO - Transforming and loading data to staging tables...
[2025-05-27T18:55:04.420+0000] {logging_mixin.py:154} INFO - Supplier and return reason data successfully loaded to staging tables with batch ID: BATCH_SYNTHETIC_20250527185504
[2025-05-27T18:55:04.421+0000] {logging_mixin.py:154} INFO - Starting load to target layer for batch BATCH_SYNTHETIC_20250527185504...
[2025-05-27T18:55:04.425+0000] {logging_mixin.py:154} INFO - Supplier and return reason data successfully loaded to target tables
[2025-05-27T18:55:04.426+0000] {logging_mixin.py:154} INFO - Synthetic data generation and loading complete!
[2025-05-27T18:55:04.438+0000] {python.py:194} INFO - Done. Returned value was: None
[2025-05-27T18:55:04.456+0000] {taskinstance.py:1400} INFO - Marking task as SUCCESS. dag_id=walmart_etl_dag, task_id=generate_synthetic_data, execution_date=20250527T185502, start_date=20250527T185503, end_date=20250527T185504
[2025-05-27T18:55:04.513+0000] {local_task_job_runner.py:228} INFO - Task exited with return code 0
[2025-05-27T18:55:04.549+0000] {taskinstance.py:2778} INFO - 1 downstream tasks scheduled from follow-on schedule check
