[2025-05-27T21:51:55.981+0000] {taskinstance.py:1159} INFO - Dependencies all met for dep_context=non-requeueable deps ti=<TaskInstance: walmart_etl_dag.load_to_ods manual__2025-05-27T21:51:54.585218+00:00 [queued]>
[2025-05-27T21:51:55.991+0000] {taskinstance.py:1159} INFO - Dependencies all met for dep_context=requeueable deps ti=<TaskInstance: walmart_etl_dag.load_to_ods manual__2025-05-27T21:51:54.585218+00:00 [queued]>
[2025-05-27T21:51:55.993+0000] {taskinstance.py:1361} INFO - Starting attempt 1 of 2
[2025-05-27T21:51:56.011+0000] {taskinstance.py:1382} INFO - Executing <Task(PythonOperator): load_to_ods> on 2025-05-27 21:51:54.585218+00:00
[2025-05-27T21:51:56.016+0000] {standard_task_runner.py:57} INFO - Started process 109 to run task
[2025-05-27T21:51:56.022+0000] {standard_task_runner.py:84} INFO - Running: ['***', 'tasks', 'run', 'walmart_etl_dag', 'load_to_ods', 'manual__2025-05-27T21:51:54.585218+00:00', '--job-id', '410', '--raw', '--subdir', 'DAGS_FOLDER/walmart_etl_dag.py', '--cfg-path', '/tmp/tmpwd2wb6wu']
[2025-05-27T21:51:56.028+0000] {standard_task_runner.py:85} INFO - Job 410: Subtask load_to_ods
[2025-05-27T21:51:56.075+0000] {task_command.py:416} INFO - Running <TaskInstance: walmart_etl_dag.load_to_ods manual__2025-05-27T21:51:54.585218+00:00 [running]> on host 869a336fecbe
[2025-05-27T21:51:56.717+0000] {taskinstance.py:1662} INFO - Exporting env vars: AIRFLOW_CTX_DAG_OWNER='***' AIRFLOW_CTX_DAG_ID='walmart_etl_dag' AIRFLOW_CTX_TASK_ID='load_to_ods' AIRFLOW_CTX_EXECUTION_DATE='2025-05-27T21:51:54.585218+00:00' AIRFLOW_CTX_TRY_NUMBER='1' AIRFLOW_CTX_DAG_RUN_ID='manual__2025-05-27T21:51:54.585218+00:00'
[2025-05-27T21:51:56.726+0000] {logging_mixin.py:154} INFO - Found 0 inventory records and 0 returns records in ODS
[2025-05-27T21:51:56.740+0000] {logging_mixin.py:154} INFO - Loaded 3 rows from CSV file.
[2025-05-27T21:51:56.756+0000] {logging_mixin.py:154} INFO - Loaded 3 records into ods_date.
[2025-05-27T21:51:56.761+0000] {logging_mixin.py:154} INFO - Loaded 3 records into ods_customer.
[2025-05-27T21:51:56.769+0000] {logging_mixin.py:154} INFO - Loaded 3 records into ods_product.
[2025-05-27T21:51:56.773+0000] {logging_mixin.py:154} INFO - Loaded 3 records into ods_store.
[2025-05-27T21:51:56.778+0000] {logging_mixin.py:154} INFO - Loaded 3 records into ods_sales.
[2025-05-27T21:51:56.778+0000] {logging_mixin.py:154} INFO - No inventory data found in the input DataFrame.
[2025-05-27T21:51:56.779+0000] {logging_mixin.py:154} INFO - No returns data found in the input DataFrame.
[2025-05-27T21:51:56.779+0000] {logging_mixin.py:154} INFO - ODS layer loading completed.
[2025-05-27T21:51:56.779+0000] {python.py:194} INFO - Done. Returned value was: ODS layer loading completed
[2025-05-27T21:51:56.803+0000] {taskinstance.py:1400} INFO - Marking task as SUCCESS. dag_id=walmart_etl_dag, task_id=load_to_ods, execution_date=20250527T215154, start_date=20250527T215155, end_date=20250527T215156
[2025-05-27T21:51:56.877+0000] {local_task_job_runner.py:228} INFO - Task exited with return code 0
[2025-05-27T21:51:56.964+0000] {taskinstance.py:2778} INFO - 1 downstream tasks scheduled from follow-on schedule check
