[2025-05-27T16:50:29.725+0000] {taskinstance.py:1159} INFO - Dependencies all met for dep_context=non-requeueable deps ti=<TaskInstance: walmart_etl_dag.load_to_target manual__2025-05-27T16:50:19+00:00 [queued]>
[2025-05-27T16:50:29.731+0000] {taskinstance.py:1159} INFO - Dependencies all met for dep_context=requeueable deps ti=<TaskInstance: walmart_etl_dag.load_to_target manual__2025-05-27T16:50:19+00:00 [queued]>
[2025-05-27T16:50:29.731+0000] {taskinstance.py:1361} INFO - Starting attempt 1 of 2
[2025-05-27T16:50:29.740+0000] {taskinstance.py:1382} INFO - Executing <Task(PythonOperator): load_to_target> on 2025-05-27 16:50:19+00:00
[2025-05-27T16:50:29.746+0000] {standard_task_runner.py:57} INFO - Started process 1478 to run task
[2025-05-27T16:50:29.749+0000] {standard_task_runner.py:84} INFO - Running: ['***', 'tasks', 'run', 'walmart_etl_dag', 'load_to_target', 'manual__2025-05-27T16:50:19+00:00', '--job-id', '209', '--raw', '--subdir', 'DAGS_FOLDER/walmart_etl_dag.py', '--cfg-path', '/tmp/tmpkr6gnscl']
[2025-05-27T16:50:29.759+0000] {standard_task_runner.py:85} INFO - Job 209: Subtask load_to_target
[2025-05-27T16:50:29.798+0000] {task_command.py:416} INFO - Running <TaskInstance: walmart_etl_dag.load_to_target manual__2025-05-27T16:50:19+00:00 [running]> on host a9df2a99636e
[2025-05-27T16:50:30.097+0000] {taskinstance.py:1662} INFO - Exporting env vars: AIRFLOW_CTX_DAG_OWNER='***' AIRFLOW_CTX_DAG_ID='walmart_etl_dag' AIRFLOW_CTX_TASK_ID='load_to_target' AIRFLOW_CTX_EXECUTION_DATE='2025-05-27T16:50:19+00:00' AIRFLOW_CTX_TRY_NUMBER='1' AIRFLOW_CTX_DAG_RUN_ID='manual__2025-05-27T16:50:19+00:00'
[2025-05-27T16:50:30.103+0000] {logging_mixin.py:154} INFO - Starting load to target layer for batch BATCH_20250527165026...
[2025-05-27T16:50:30.107+0000] {logging_mixin.py:154} INFO - Loading date dimension to target...
[2025-05-27T16:50:30.119+0000] {logging_mixin.py:154} INFO - Loading customer dimension to target...
[2025-05-27T16:50:30.152+0000] {logging_mixin.py:154} INFO - Loading supplier dimension to target...
[2025-05-27T16:50:30.156+0000] {logging_mixin.py:154} INFO - Loading return reason dimension to target...
[2025-05-27T16:50:30.158+0000] {logging_mixin.py:154} INFO - Loading product dimension to target with SCD Type 2...
[2025-05-27T16:50:30.177+0000] {logging_mixin.py:154} INFO - Loading store dimension to target with SCD Type 2...
[2025-05-27T16:50:30.202+0000] {logging_mixin.py:154} INFO - Loading sales fact to target...
[2025-05-27T16:50:30.407+0000] {logging_mixin.py:154} INFO - Target layer loading completed successfully.
[2025-05-27T16:50:30.407+0000] {logging_mixin.py:154} INFO - Batch ID: BATCH_20250527165026
[2025-05-27T16:50:30.407+0000] {python.py:194} INFO - Done. Returned value was: BATCH_20250527165026
[2025-05-27T16:50:30.422+0000] {taskinstance.py:1400} INFO - Marking task as SUCCESS. dag_id=walmart_etl_dag, task_id=load_to_target, execution_date=20250527T165019, start_date=20250527T165029, end_date=20250527T165030
[2025-05-27T16:50:30.455+0000] {local_task_job_runner.py:228} INFO - Task exited with return code 0
[2025-05-27T16:50:30.474+0000] {taskinstance.py:2778} INFO - 1 downstream tasks scheduled from follow-on schedule check
