[2025-05-27T08:36:27.243+0000] {taskinstance.py:1159} INFO - Dependencies all met for dep_context=non-requeueable deps ti=<TaskInstance: walmart_etl_dag.transform_to_staging manual__2025-05-27T08:36:20.742874+00:00 [queued]>
[2025-05-27T08:36:27.248+0000] {taskinstance.py:1159} INFO - Dependencies all met for dep_context=requeueable deps ti=<TaskInstance: walmart_etl_dag.transform_to_staging manual__2025-05-27T08:36:20.742874+00:00 [queued]>
[2025-05-27T08:36:27.248+0000] {taskinstance.py:1361} INFO - Starting attempt 1 of 2
[2025-05-27T08:36:27.255+0000] {taskinstance.py:1382} INFO - Executing <Task(PythonOperator): transform_to_staging> on 2025-05-27 08:36:20.742874+00:00
[2025-05-27T08:36:27.259+0000] {standard_task_runner.py:57} INFO - Started process 107 to run task
[2025-05-27T08:36:27.262+0000] {standard_task_runner.py:84} INFO - Running: ['***', 'tasks', 'run', 'walmart_etl_dag', 'transform_to_staging', 'manual__2025-05-27T08:36:20.742874+00:00', '--job-id', '128', '--raw', '--subdir', 'DAGS_FOLDER/walmart_etl_dag.py', '--cfg-path', '/tmp/tmpks81aw34']
[2025-05-27T08:36:27.264+0000] {standard_task_runner.py:85} INFO - Job 128: Subtask transform_to_staging
[2025-05-27T08:36:27.293+0000] {task_command.py:416} INFO - Running <TaskInstance: walmart_etl_dag.transform_to_staging manual__2025-05-27T08:36:20.742874+00:00 [running]> on host 9de9dbb31ff1
[2025-05-27T08:36:27.620+0000] {taskinstance.py:1662} INFO - Exporting env vars: AIRFLOW_CTX_DAG_OWNER='***' AIRFLOW_CTX_DAG_ID='walmart_etl_dag' AIRFLOW_CTX_TASK_ID='transform_to_staging' AIRFLOW_CTX_EXECUTION_DATE='2025-05-27T08:36:20.742874+00:00' AIRFLOW_CTX_TRY_NUMBER='1' AIRFLOW_CTX_DAG_RUN_ID='manual__2025-05-27T08:36:20.742874+00:00'
[2025-05-27T08:36:27.625+0000] {logging_mixin.py:154} INFO - Starting transformation from ODS to staging layer...
[2025-05-27T08:36:27.629+0000] {logging_mixin.py:154} INFO - Transforming date dimension...
[2025-05-27T08:36:27.644+0000] {logging_mixin.py:154} INFO - Transforming customer dimension...
[2025-05-27T08:36:27.655+0000] {logging_mixin.py:154} INFO - Creating product category to supplier mapping...
[2025-05-27T08:36:27.658+0000] {logging_mixin.py:154} INFO - Transforming product dimension...
[2025-05-27T08:36:27.678+0000] {logging_mixin.py:154} INFO - Transforming store dimension...
[2025-05-27T08:36:27.694+0000] {logging_mixin.py:154} INFO - Transforming sales fact...
[2025-05-27T08:36:27.828+0000] {logging_mixin.py:154} INFO - Staging layer transformation completed successfully.
[2025-05-27T08:36:27.830+0000] {logging_mixin.py:154} INFO - Batch ID: BATCH_20250527083627
[2025-05-27T08:36:27.830+0000] {python.py:194} INFO - Done. Returned value was: BATCH_20250527083627
[2025-05-27T08:36:27.849+0000] {taskinstance.py:1400} INFO - Marking task as SUCCESS. dag_id=walmart_etl_dag, task_id=transform_to_staging, execution_date=20250527T083620, start_date=20250527T083627, end_date=20250527T083627
[2025-05-27T08:36:27.913+0000] {local_task_job_runner.py:228} INFO - Task exited with return code 0
[2025-05-27T08:36:27.945+0000] {taskinstance.py:2778} INFO - 1 downstream tasks scheduled from follow-on schedule check
