[2025-05-27T15:52:56.826+0000] {taskinstance.py:1159} INFO - Dependencies all met for dep_context=non-requeueable deps ti=<TaskInstance: walmart_etl_dag.load_to_ods manual__2025-05-27T15:52:54.491328+00:00 [queued]>
[2025-05-27T15:52:56.831+0000] {taskinstance.py:1159} INFO - Dependencies all met for dep_context=requeueable deps ti=<TaskInstance: walmart_etl_dag.load_to_ods manual__2025-05-27T15:52:54.491328+00:00 [queued]>
[2025-05-27T15:52:56.832+0000] {taskinstance.py:1361} INFO - Starting attempt 1 of 2
[2025-05-27T15:52:56.837+0000] {taskinstance.py:1382} INFO - Executing <Task(PythonOperator): load_to_ods> on 2025-05-27 15:52:54.491328+00:00
[2025-05-27T15:52:56.840+0000] {standard_task_runner.py:57} INFO - Started process 113 to run task
[2025-05-27T15:52:56.843+0000] {standard_task_runner.py:84} INFO - Running: ['***', 'tasks', 'run', 'walmart_etl_dag', 'load_to_ods', 'manual__2025-05-27T15:52:54.491328+00:00', '--job-id', '167', '--raw', '--subdir', 'DAGS_FOLDER/walmart_etl_dag.py', '--cfg-path', '/tmp/tmpu98xi41_']
[2025-05-27T15:52:56.845+0000] {standard_task_runner.py:85} INFO - Job 167: Subtask load_to_ods
[2025-05-27T15:52:56.866+0000] {task_command.py:416} INFO - Running <TaskInstance: walmart_etl_dag.load_to_ods manual__2025-05-27T15:52:54.491328+00:00 [running]> on host a9df2a99636e
[2025-05-27T15:52:56.994+0000] {taskinstance.py:1662} INFO - Exporting env vars: AIRFLOW_CTX_DAG_OWNER='***' AIRFLOW_CTX_DAG_ID='walmart_etl_dag' AIRFLOW_CTX_TASK_ID='load_to_ods' AIRFLOW_CTX_EXECUTION_DATE='2025-05-27T15:52:54.491328+00:00' AIRFLOW_CTX_TRY_NUMBER='1' AIRFLOW_CTX_DAG_RUN_ID='manual__2025-05-27T15:52:54.491328+00:00'
[2025-05-27T15:52:57.019+0000] {logging_mixin.py:154} INFO - Loaded 8399 rows from CSV file.
[2025-05-27T15:52:57.249+0000] {logging_mixin.py:154} INFO - Loaded 1459 records into ods_date.
[2025-05-27T15:52:57.651+0000] {logging_mixin.py:154} INFO - Loaded 3011 records into ods_customer.
[2025-05-27T15:52:57.842+0000] {logging_mixin.py:154} INFO - Loaded 1314 records into ods_product.
[2025-05-27T15:52:58.183+0000] {logging_mixin.py:154} INFO - Loaded 1636 records into ods_store.
[2025-05-27T15:52:59.879+0000] {logging_mixin.py:154} INFO - Loaded 8399 records into ods_sales.
[2025-05-27T15:52:59.881+0000] {logging_mixin.py:154} INFO - ODS layer loading completed.
[2025-05-27T15:52:59.883+0000] {python.py:194} INFO - Done. Returned value was: ODS layer loading completed
[2025-05-27T15:52:59.920+0000] {taskinstance.py:1400} INFO - Marking task as SUCCESS. dag_id=walmart_etl_dag, task_id=load_to_ods, execution_date=20250527T155254, start_date=20250527T155256, end_date=20250527T155259
[2025-05-27T15:52:59.985+0000] {local_task_job_runner.py:228} INFO - Task exited with return code 0
[2025-05-27T15:53:00.041+0000] {taskinstance.py:2778} INFO - 1 downstream tasks scheduled from follow-on schedule check
