[2025-05-27T19:12:27.030+0000] {taskinstance.py:1159} INFO - Dependencies all met for dep_context=non-requeueable deps ti=<TaskInstance: walmart_etl_dag.load_to_target manual__2025-05-27T19:12:18+00:00 [queued]>
[2025-05-27T19:12:27.042+0000] {taskinstance.py:1159} INFO - Dependencies all met for dep_context=requeueable deps ti=<TaskInstance: walmart_etl_dag.load_to_target manual__2025-05-27T19:12:18+00:00 [queued]>
[2025-05-27T19:12:27.043+0000] {taskinstance.py:1361} INFO - Starting attempt 1 of 2
[2025-05-27T19:12:27.054+0000] {taskinstance.py:1382} INFO - Executing <Task(PythonOperator): load_to_target> on 2025-05-27 19:12:18+00:00
[2025-05-27T19:12:27.063+0000] {standard_task_runner.py:57} INFO - Started process 1046 to run task
[2025-05-27T19:12:27.075+0000] {standard_task_runner.py:84} INFO - Running: ['***', 'tasks', 'run', 'walmart_etl_dag', 'load_to_target', 'manual__2025-05-27T19:12:18+00:00', '--job-id', '287', '--raw', '--subdir', 'DAGS_FOLDER/walmart_etl_dag.py', '--cfg-path', '/tmp/tmpunpn0fim']
[2025-05-27T19:12:27.080+0000] {standard_task_runner.py:85} INFO - Job 287: Subtask load_to_target
[2025-05-27T19:12:27.147+0000] {task_command.py:416} INFO - Running <TaskInstance: walmart_etl_dag.load_to_target manual__2025-05-27T19:12:18+00:00 [running]> on host d80f98a6628f
[2025-05-27T19:12:27.735+0000] {taskinstance.py:1662} INFO - Exporting env vars: AIRFLOW_CTX_DAG_OWNER='***' AIRFLOW_CTX_DAG_ID='walmart_etl_dag' AIRFLOW_CTX_TASK_ID='load_to_target' AIRFLOW_CTX_EXECUTION_DATE='2025-05-27T19:12:18+00:00' AIRFLOW_CTX_TRY_NUMBER='1' AIRFLOW_CTX_DAG_RUN_ID='manual__2025-05-27T19:12:18+00:00'
[2025-05-27T19:12:27.748+0000] {logging_mixin.py:154} INFO - Starting load to target layer for batch BATCH_20250527191225...
[2025-05-27T19:12:27.756+0000] {logging_mixin.py:154} INFO - Ensuring all required dates are in the date dimension...
[2025-05-27T19:12:27.761+0000] {logging_mixin.py:154} INFO - Added date 20250227 to date dimension
[2025-05-27T19:12:27.763+0000] {logging_mixin.py:154} INFO - Added date 20250304 to date dimension
[2025-05-27T19:12:27.773+0000] {logging_mixin.py:154} INFO - Added date 20250421 to date dimension
[2025-05-27T19:12:27.781+0000] {logging_mixin.py:154} INFO - Added date 20250518 to date dimension
[2025-05-27T19:12:27.784+0000] {logging_mixin.py:154} INFO - Added date 20250226 to date dimension
[2025-05-27T19:12:27.785+0000] {logging_mixin.py:154} INFO - Added date 20250325 to date dimension
[2025-05-27T19:12:27.786+0000] {logging_mixin.py:154} INFO - Added date 20250520 to date dimension
[2025-05-27T19:12:27.787+0000] {logging_mixin.py:154} INFO - Added date 20250328 to date dimension
[2025-05-27T19:12:27.788+0000] {logging_mixin.py:154} INFO - Added date 20250318 to date dimension
[2025-05-27T19:12:27.789+0000] {logging_mixin.py:154} INFO - Added date 20250506 to date dimension
[2025-05-27T19:12:27.790+0000] {logging_mixin.py:154} INFO - Added date 20250331 to date dimension
[2025-05-27T19:12:27.791+0000] {logging_mixin.py:154} INFO - Added date 20250408 to date dimension
[2025-05-27T19:12:27.792+0000] {logging_mixin.py:154} INFO - Added date 20250403 to date dimension
[2025-05-27T19:12:27.793+0000] {logging_mixin.py:154} INFO - Added date 20250322 to date dimension
[2025-05-27T19:12:27.794+0000] {logging_mixin.py:154} INFO - Added date 20250315 to date dimension
[2025-05-27T19:12:27.794+0000] {logging_mixin.py:154} INFO - Added date 20250406 to date dimension
[2025-05-27T19:12:27.795+0000] {logging_mixin.py:154} INFO - Added date 20250409 to date dimension
[2025-05-27T19:12:27.796+0000] {logging_mixin.py:154} INFO - Added date 20250425 to date dimension
[2025-05-27T19:12:27.796+0000] {logging_mixin.py:154} INFO - Added date 20250310 to date dimension
[2025-05-27T19:12:27.797+0000] {logging_mixin.py:154} INFO - Added date 20250512 to date dimension
[2025-05-27T19:12:27.797+0000] {logging_mixin.py:154} INFO - Added date 20250329 to date dimension
[2025-05-27T19:12:27.798+0000] {logging_mixin.py:154} INFO - Added date 20250422 to date dimension
[2025-05-27T19:12:27.799+0000] {logging_mixin.py:154} INFO - Added date 20250502 to date dimension
[2025-05-27T19:12:27.800+0000] {logging_mixin.py:154} INFO - Added date 20250424 to date dimension
[2025-05-27T19:12:27.800+0000] {logging_mixin.py:154} INFO - Added date 20250413 to date dimension
[2025-05-27T19:12:27.801+0000] {logging_mixin.py:154} INFO - Added date 20250324 to date dimension
[2025-05-27T19:12:27.801+0000] {logging_mixin.py:154} INFO - Added date 20250418 to date dimension
[2025-05-27T19:12:27.802+0000] {logging_mixin.py:154} INFO - Added date 20250221 to date dimension
[2025-05-27T19:12:27.803+0000] {logging_mixin.py:154} INFO - Added date 20250517 to date dimension
[2025-05-27T19:12:27.803+0000] {logging_mixin.py:154} INFO - Added date 20250225 to date dimension
[2025-05-27T19:12:27.804+0000] {logging_mixin.py:154} INFO - Added date 20250419 to date dimension
[2025-05-27T19:12:27.805+0000] {logging_mixin.py:154} INFO - Added date 20250426 to date dimension
[2025-05-27T19:12:27.805+0000] {logging_mixin.py:154} INFO - Added date 20250323 to date dimension
[2025-05-27T19:12:27.806+0000] {logging_mixin.py:154} INFO - Added date 20250414 to date dimension
[2025-05-27T19:12:27.806+0000] {logging_mixin.py:154} INFO - Added date 20250410 to date dimension
[2025-05-27T19:12:27.807+0000] {logging_mixin.py:154} INFO - Added date 20250525 to date dimension
[2025-05-27T19:12:27.808+0000] {logging_mixin.py:154} INFO - Added date 20250327 to date dimension
[2025-05-27T19:12:27.808+0000] {logging_mixin.py:154} INFO - Added date 20250404 to date dimension
[2025-05-27T19:12:27.809+0000] {logging_mixin.py:154} INFO - Added date 20250405 to date dimension
[2025-05-27T19:12:27.809+0000] {logging_mixin.py:154} INFO - Added date 20250412 to date dimension
[2025-05-27T19:12:27.810+0000] {logging_mixin.py:154} INFO - Added date 20250302 to date dimension
[2025-05-27T19:12:27.810+0000] {logging_mixin.py:154} INFO - Added date 20250220 to date dimension
[2025-05-27T19:12:27.811+0000] {logging_mixin.py:154} INFO - Added date 20250420 to date dimension
[2025-05-27T19:12:27.812+0000] {logging_mixin.py:154} INFO - Added date 20250516 to date dimension
[2025-05-27T19:12:27.812+0000] {logging_mixin.py:154} INFO - Added date 20250524 to date dimension
[2025-05-27T19:12:27.813+0000] {logging_mixin.py:154} INFO - Added date 20250503 to date dimension
[2025-05-27T19:12:27.814+0000] {logging_mixin.py:154} INFO - Added date 20250526 to date dimension
[2025-05-27T19:12:27.814+0000] {logging_mixin.py:154} INFO - Added date 20250306 to date dimension
[2025-05-27T19:12:27.815+0000] {logging_mixin.py:154} INFO - Added date 20250312 to date dimension
[2025-05-27T19:12:27.815+0000] {logging_mixin.py:154} INFO - Added date 20250411 to date dimension
[2025-05-27T19:12:27.816+0000] {logging_mixin.py:154} INFO - Added date 20250504 to date dimension
[2025-05-27T19:12:27.817+0000] {logging_mixin.py:154} INFO - Added date 20250316 to date dimension
[2025-05-27T19:12:27.817+0000] {logging_mixin.py:154} INFO - Added date 20250307 to date dimension
[2025-05-27T19:12:27.818+0000] {logging_mixin.py:154} INFO - Added date 20250321 to date dimension
[2025-05-27T19:12:27.818+0000] {logging_mixin.py:154} INFO - Added date 20250510 to date dimension
[2025-05-27T19:12:27.819+0000] {logging_mixin.py:154} INFO - Added date 20250429 to date dimension
[2025-05-27T19:12:27.819+0000] {logging_mixin.py:154} INFO - Added date 20250507 to date dimension
[2025-05-27T19:12:27.820+0000] {logging_mixin.py:154} INFO - Added date 20250427 to date dimension
[2025-05-27T19:12:27.821+0000] {logging_mixin.py:154} INFO - Added date 20250521 to date dimension
[2025-05-27T19:12:27.821+0000] {logging_mixin.py:154} INFO - Added date 20250313 to date dimension
[2025-05-27T19:12:27.822+0000] {logging_mixin.py:154} INFO - Added date 20250319 to date dimension
[2025-05-27T19:12:27.822+0000] {logging_mixin.py:154} INFO - Added date 20250303 to date dimension
[2025-05-27T19:12:27.823+0000] {logging_mixin.py:154} INFO - Added date 20250305 to date dimension
[2025-05-27T19:12:27.824+0000] {logging_mixin.py:154} INFO - Added date 20250527 to date dimension
[2025-05-27T19:12:27.824+0000] {logging_mixin.py:154} INFO - Added date 20250309 to date dimension
[2025-05-27T19:12:27.825+0000] {logging_mixin.py:154} INFO - Added date 20250317 to date dimension
[2025-05-27T19:12:27.825+0000] {logging_mixin.py:154} INFO - Added date 20250401 to date dimension
[2025-05-27T19:12:27.826+0000] {logging_mixin.py:154} INFO - Added date 20250430 to date dimension
[2025-05-27T19:12:27.827+0000] {logging_mixin.py:154} INFO - Added date 20250308 to date dimension
[2025-05-27T19:12:27.827+0000] {logging_mixin.py:154} INFO - Added date 20250501 to date dimension
[2025-05-27T19:12:27.828+0000] {logging_mixin.py:154} INFO - Added date 20250228 to date dimension
[2025-05-27T19:12:27.828+0000] {logging_mixin.py:154} INFO - Added date 20250522 to date dimension
[2025-05-27T19:12:27.829+0000] {logging_mixin.py:154} INFO - Added date 20250330 to date dimension
[2025-05-27T19:12:27.829+0000] {logging_mixin.py:154} INFO - Added date 20250407 to date dimension
[2025-05-27T19:12:27.830+0000] {logging_mixin.py:154} INFO - Added date 20250428 to date dimension
[2025-05-27T19:12:27.830+0000] {logging_mixin.py:154} INFO - Added date 20250416 to date dimension
[2025-05-27T19:12:27.831+0000] {logging_mixin.py:154} INFO - Added date 20250511 to date dimension
[2025-05-27T19:12:27.831+0000] {logging_mixin.py:154} INFO - Added date 20250505 to date dimension
[2025-05-27T19:12:27.832+0000] {logging_mixin.py:154} INFO - Added date 20250219 to date dimension
[2025-05-27T19:12:27.833+0000] {logging_mixin.py:154} INFO - Added date 20250519 to date dimension
[2025-05-27T19:12:27.833+0000] {logging_mixin.py:154} INFO - Added date 20250514 to date dimension
[2025-05-27T19:12:27.834+0000] {logging_mixin.py:154} INFO - Added date 20250515 to date dimension
[2025-05-27T19:12:27.834+0000] {logging_mixin.py:154} INFO - Added date 20250513 to date dimension
[2025-05-27T19:12:27.835+0000] {logging_mixin.py:154} INFO - Added date 20250415 to date dimension
[2025-05-27T19:12:27.835+0000] {logging_mixin.py:154} INFO - Added date 20250314 to date dimension
[2025-05-27T19:12:27.836+0000] {logging_mixin.py:154} INFO - Added date 20250402 to date dimension
[2025-05-27T19:12:27.836+0000] {logging_mixin.py:154} INFO - Added date 20250423 to date dimension
[2025-05-27T19:12:27.837+0000] {logging_mixin.py:154} INFO - Added date 20250417 to date dimension
[2025-05-27T19:12:27.838+0000] {logging_mixin.py:154} INFO - Added date 20250508 to date dimension
[2025-05-27T19:12:27.838+0000] {logging_mixin.py:154} INFO - Added date 20250523 to date dimension
[2025-05-27T19:12:27.839+0000] {logging_mixin.py:154} INFO - Added date 20250326 to date dimension
[2025-05-27T19:12:27.839+0000] {logging_mixin.py:154} INFO - Added date 20250320 to date dimension
[2025-05-27T19:12:27.840+0000] {logging_mixin.py:154} INFO - Added date 20250311 to date dimension
[2025-05-27T19:12:27.840+0000] {logging_mixin.py:154} INFO - Added date 20250509 to date dimension
[2025-05-27T19:12:27.840+0000] {logging_mixin.py:154} INFO - Loading date dimension to target...
[2025-05-27T19:12:27.855+0000] {logging_mixin.py:154} INFO - Loading customer dimension to target...
[2025-05-27T19:12:27.957+0000] {logging_mixin.py:154} INFO - Loading supplier dimension to target...
[2025-05-27T19:12:27.966+0000] {logging_mixin.py:154} INFO - Loading return reason dimension to target...
[2025-05-27T19:12:27.968+0000] {logging_mixin.py:154} INFO - Loading product dimension to target with SCD Type 2...
[2025-05-27T19:12:27.987+0000] {logging_mixin.py:154} INFO - Loading store dimension to target with SCD Type 2...
[2025-05-27T19:12:28.045+0000] {logging_mixin.py:154} INFO - Loading sales fact to target...
[2025-05-27T19:12:28.164+0000] {logging_mixin.py:154} INFO - Loading inventory fact to target...
[2025-05-27T19:12:28.182+0000] {logging_mixin.py:154} INFO - Loading returns fact to target...
[2025-05-27T19:12:28.194+0000] {logging_mixin.py:154} INFO - Target layer loading completed successfully.
[2025-05-27T19:12:28.194+0000] {logging_mixin.py:154} INFO - Batch ID: BATCH_20250527191225
[2025-05-27T19:12:28.194+0000] {python.py:194} INFO - Done. Returned value was: BATCH_20250527191225
[2025-05-27T19:12:28.220+0000] {taskinstance.py:1400} INFO - Marking task as SUCCESS. dag_id=walmart_etl_dag, task_id=load_to_target, execution_date=20250527T191218, start_date=20250527T191227, end_date=20250527T191228
[2025-05-27T19:12:28.290+0000] {local_task_job_runner.py:228} INFO - Task exited with return code 0
[2025-05-27T19:12:28.336+0000] {taskinstance.py:2778} INFO - 1 downstream tasks scheduled from follow-on schedule check
