[2025-05-28T04:57:36.450+0000] {taskinstance.py:1159} INFO - Dependencies all met for dep_context=non-requeueable deps ti=<TaskInstance: walmart_etl_dag.load_to_ods manual__2025-05-28T04:57:35+00:00 [queued]>
[2025-05-28T04:57:36.455+0000] {taskinstance.py:1159} INFO - Dependencies all met for dep_context=requeueable deps ti=<TaskInstance: walmart_etl_dag.load_to_ods manual__2025-05-28T04:57:35+00:00 [queued]>
[2025-05-28T04:57:36.455+0000] {taskinstance.py:1361} INFO - Starting attempt 1 of 2
[2025-05-28T04:57:36.461+0000] {taskinstance.py:1382} INFO - Executing <Task(PythonOperator): load_to_ods> on 2025-05-28 04:57:35+00:00
[2025-05-28T04:57:36.466+0000] {standard_task_runner.py:57} INFO - Started process 231 to run task
[2025-05-28T04:57:36.468+0000] {standard_task_runner.py:84} INFO - Running: ['***', 'tasks', 'run', 'walmart_etl_dag', 'load_to_ods', 'manual__2025-05-28T04:57:35+00:00', '--job-id', '529', '--raw', '--subdir', 'DAGS_FOLDER/walmart_etl_dag.py', '--cfg-path', '/tmp/tmprtlsw976']
[2025-05-28T04:57:36.471+0000] {standard_task_runner.py:85} INFO - Job 529: Subtask load_to_ods
[2025-05-28T04:57:36.498+0000] {task_command.py:416} INFO - Running <TaskInstance: walmart_etl_dag.load_to_ods manual__2025-05-28T04:57:35+00:00 [running]> on host 68d10d19df8b
[2025-05-28T04:57:36.755+0000] {taskinstance.py:1662} INFO - Exporting env vars: AIRFLOW_CTX_DAG_OWNER='***' AIRFLOW_CTX_DAG_ID='walmart_etl_dag' AIRFLOW_CTX_TASK_ID='load_to_ods' AIRFLOW_CTX_EXECUTION_DATE='2025-05-28T04:57:35+00:00' AIRFLOW_CTX_TRY_NUMBER='1' AIRFLOW_CTX_DAG_RUN_ID='manual__2025-05-28T04:57:35+00:00'
[2025-05-28T04:57:36.761+0000] {logging_mixin.py:154} INFO - Found 500 inventory records and 200 returns records in ODS
[2025-05-28T04:57:36.773+0000] {logging_mixin.py:154} INFO - Loaded 2 rows from CSV file.
[2025-05-28T04:57:36.782+0000] {logging_mixin.py:154} INFO - Loaded 3 records into ods_date.
[2025-05-28T04:57:36.786+0000] {logging_mixin.py:154} INFO - Loaded 2 records into ods_customer.
[2025-05-28T04:57:36.789+0000] {logging_mixin.py:154} INFO - Product Perma STOR-ALL™ Hanging File Box, 13 1/8"W x 12 1/4"D x 10 1/2"H has changes: Price 60.99 -> 51.98
[2025-05-28T04:57:36.789+0000] {logging_mixin.py:154} INFO - Product Safco Industrial Wire Shelving has changes: Price 120.50 -> 5.99
[2025-05-28T04:57:36.791+0000] {logging_mixin.py:154} INFO - Loaded 2 records into ods_product.
[2025-05-28T04:57:36.793+0000] {logging_mixin.py:154} INFO - Loaded 2 records into ods_store.
[2025-05-28T04:57:36.808+0000] {logging_mixin.py:154} INFO - Loaded 2 records into ods_sales.
[2025-05-28T04:57:36.808+0000] {logging_mixin.py:154} INFO - No inventory data found in the input DataFrame.
[2025-05-28T04:57:36.808+0000] {logging_mixin.py:154} INFO - No returns data found in the input DataFrame.
[2025-05-28T04:57:36.808+0000] {logging_mixin.py:154} INFO - ODS layer loading completed.
[2025-05-28T04:57:36.809+0000] {python.py:194} INFO - Done. Returned value was: ODS layer loading completed
[2025-05-28T04:57:36.823+0000] {taskinstance.py:1400} INFO - Marking task as SUCCESS. dag_id=walmart_etl_dag, task_id=load_to_ods, execution_date=20250528T045735, start_date=20250528T045736, end_date=20250528T045736
[2025-05-28T04:57:36.862+0000] {local_task_job_runner.py:228} INFO - Task exited with return code 0
[2025-05-28T04:57:36.880+0000] {taskinstance.py:2778} INFO - 1 downstream tasks scheduled from follow-on schedule check
