[2025-05-28T05:12:20.253+0000] {taskinstance.py:1159} INFO - Dependencies all met for dep_context=non-requeueable deps ti=<TaskInstance: walmart_etl_dag.load_to_target manual__2025-05-28T05:12:16.720641+00:00 [queued]>
[2025-05-28T05:12:20.259+0000] {taskinstance.py:1159} INFO - Dependencies all met for dep_context=requeueable deps ti=<TaskInstance: walmart_etl_dag.load_to_target manual__2025-05-28T05:12:16.720641+00:00 [queued]>
[2025-05-28T05:12:20.259+0000] {taskinstance.py:1361} INFO - Starting attempt 1 of 2
[2025-05-28T05:12:20.265+0000] {taskinstance.py:1382} INFO - Executing <Task(PythonOperator): load_to_target> on 2025-05-28 05:12:16.720641+00:00
[2025-05-28T05:12:20.268+0000] {standard_task_runner.py:57} INFO - Started process 156 to run task
[2025-05-28T05:12:20.270+0000] {standard_task_runner.py:84} INFO - Running: ['***', 'tasks', 'run', 'walmart_etl_dag', 'load_to_target', 'manual__2025-05-28T05:12:16.720641+00:00', '--job-id', '577', '--raw', '--subdir', 'DAGS_FOLDER/walmart_etl_dag.py', '--cfg-path', '/tmp/tmpvj8jl7tg']
[2025-05-28T05:12:20.273+0000] {standard_task_runner.py:85} INFO - Job 577: Subtask load_to_target
[2025-05-28T05:12:20.296+0000] {task_command.py:416} INFO - Running <TaskInstance: walmart_etl_dag.load_to_target manual__2025-05-28T05:12:16.720641+00:00 [running]> on host 54aadfabdafd
[2025-05-28T05:12:20.553+0000] {taskinstance.py:1662} INFO - Exporting env vars: AIRFLOW_CTX_DAG_OWNER='***' AIRFLOW_CTX_DAG_ID='walmart_etl_dag' AIRFLOW_CTX_TASK_ID='load_to_target' AIRFLOW_CTX_EXECUTION_DATE='2025-05-28T05:12:16.720641+00:00' AIRFLOW_CTX_TRY_NUMBER='1' AIRFLOW_CTX_DAG_RUN_ID='manual__2025-05-28T05:12:16.720641+00:00'
[2025-05-28T05:12:20.561+0000] {logging_mixin.py:154} INFO - Starting load to target layer for batch BATCH_20250528051219...
[2025-05-28T05:12:20.565+0000] {logging_mixin.py:154} INFO - Ensuring all required dates are in the date dimension...
[2025-05-28T05:12:20.571+0000] {logging_mixin.py:154} INFO - Loading date dimension to target...
[2025-05-28T05:12:20.572+0000] {logging_mixin.py:154} INFO - Loading customer dimension to target...
[2025-05-28T05:12:20.576+0000] {logging_mixin.py:154} INFO - Loading supplier dimension to target...
[2025-05-28T05:12:20.594+0000] {logging_mixin.py:154} INFO - Loading return reason dimension to target...
[2025-05-28T05:12:20.596+0000] {logging_mixin.py:154} INFO - Loading product dimension to target with SCD Type 2...
[2025-05-28T05:12:20.598+0000] {logging_mixin.py:154} INFO - Found 0 products with changes
[2025-05-28T05:12:20.599+0000] {logging_mixin.py:154} INFO - Loading store dimension to target with SCD Type 2...
[2025-05-28T05:12:20.600+0000] {logging_mixin.py:154} INFO - Loading sales fact to target...
[2025-05-28T05:12:20.601+0000] {logging_mixin.py:154} INFO - Loading inventory fact to target...
[2025-05-28T05:12:20.608+0000] {logging_mixin.py:154} INFO - Loading returns fact to target...
[2025-05-28T05:12:20.611+0000] {logging_mixin.py:154} INFO - Target layer loading completed successfully.
[2025-05-28T05:12:20.611+0000] {logging_mixin.py:154} INFO - Batch ID: BATCH_20250528051219
[2025-05-28T05:12:20.612+0000] {logging_mixin.py:154} INFO - Data loaded to target layer with batch ID: BATCH_20250528051219
[2025-05-28T05:12:20.612+0000] {python.py:194} INFO - Done. Returned value was: Target layer loading completed
[2025-05-28T05:12:20.625+0000] {taskinstance.py:1400} INFO - Marking task as SUCCESS. dag_id=walmart_etl_dag, task_id=load_to_target, execution_date=20250528T051216, start_date=20250528T051220, end_date=20250528T051220
[2025-05-28T05:12:20.677+0000] {local_task_job_runner.py:228} INFO - Task exited with return code 0
[2025-05-28T05:12:20.698+0000] {taskinstance.py:2778} INFO - 1 downstream tasks scheduled from follow-on schedule check
