[2025-05-28T05:02:16.998+0000] {taskinstance.py:1159} INFO - Dependencies all met for dep_context=non-requeueable deps ti=<TaskInstance: synthetic_data_generation.generate_supplier_data manual__2025-05-28T05:02:16.055795+00:00 [queued]>
[2025-05-28T05:02:17.005+0000] {taskinstance.py:1159} INFO - Dependencies all met for dep_context=requeueable deps ti=<TaskInstance: synthetic_data_generation.generate_supplier_data manual__2025-05-28T05:02:16.055795+00:00 [queued]>
[2025-05-28T05:02:17.006+0000] {taskinstance.py:1361} INFO - Starting attempt 1 of 2
[2025-05-28T05:02:17.014+0000] {taskinstance.py:1382} INFO - Executing <Task(PythonOperator): generate_supplier_data> on 2025-05-28 05:02:16.055795+00:00
[2025-05-28T05:02:17.023+0000] {standard_task_runner.py:57} INFO - Started process 316 to run task
[2025-05-28T05:02:17.026+0000] {standard_task_runner.py:84} INFO - Running: ['***', 'tasks', 'run', 'synthetic_data_generation', 'generate_supplier_data', 'manual__2025-05-28T05:02:16.055795+00:00', '--job-id', '534', '--raw', '--subdir', 'DAGS_FOLDER/synthetic_data_dag.py', '--cfg-path', '/tmp/tmpv9n77_vf']
[2025-05-28T05:02:17.029+0000] {standard_task_runner.py:85} INFO - Job 534: Subtask generate_supplier_data
[2025-05-28T05:02:17.063+0000] {task_command.py:416} INFO - Running <TaskInstance: synthetic_data_generation.generate_supplier_data manual__2025-05-28T05:02:16.055795+00:00 [running]> on host 68d10d19df8b
[2025-05-28T05:02:17.384+0000] {taskinstance.py:1662} INFO - Exporting env vars: AIRFLOW_CTX_DAG_OWNER='***' AIRFLOW_CTX_DAG_ID='synthetic_data_generation' AIRFLOW_CTX_TASK_ID='generate_supplier_data' AIRFLOW_CTX_EXECUTION_DATE='2025-05-28T05:02:16.055795+00:00' AIRFLOW_CTX_TRY_NUMBER='1' AIRFLOW_CTX_DAG_RUN_ID='manual__2025-05-28T05:02:16.055795+00:00'
[2025-05-28T05:02:17.385+0000] {logging_mixin.py:154} INFO - Generating supplier data...
[2025-05-28T05:02:17.421+0000] {logging_mixin.py:154} INFO - Loaded 50 supplier records to ods_supplier
[2025-05-28T05:02:17.421+0000] {python.py:194} INFO - Done. Returned value was:              supplier_id  ...             load_timestamp
0   8fca83dd-ae44-472d-8  ... 2025-05-28 05:02:17.391433
1   5068be39-9356-494f-b  ... 2025-05-28 05:02:17.391474
2   0747d8ae-bc9b-49c9-9  ... 2025-05-28 05:02:17.391486
3   b971300a-dc52-4c20-b  ... 2025-05-28 05:02:17.391497
4   aa2e1184-0d7d-4138-9  ... 2025-05-28 05:02:17.391507
5   334daead-8b88-4cf4-b  ... 2025-05-28 05:02:17.391518
6   abbb4963-1907-45fd-8  ... 2025-05-28 05:02:17.391528
7   b9f4e21d-24ee-4b35-b  ... 2025-05-28 05:02:17.391538
8   aea94fae-92bc-4837-a  ... 2025-05-28 05:02:17.391547
9   970405cc-8741-406e-9  ... 2025-05-28 05:02:17.391557
10  127b37c6-4953-4f77-8  ... 2025-05-28 05:02:17.391567
11  36f79061-3ccc-4751-8  ... 2025-05-28 05:02:17.391576
12  12142ba1-91bf-497f-8  ... 2025-05-28 05:02:17.391586
13  7ee8cba2-b5d2-4f75-8  ... 2025-05-28 05:02:17.391596
14  4ef3ef60-920b-446b-a  ... 2025-05-28 05:02:17.391606
15  51841074-e03a-49c7-8  ... 2025-05-28 05:02:17.391616
16  a0122471-79e0-457d-b  ... 2025-05-28 05:02:17.391625
17  08c6e8fd-7469-45eb-8  ... 2025-05-28 05:02:17.391634
18  f785747e-fbe3-442e-b  ... 2025-05-28 05:02:17.391643
19  69f2e03b-c0d9-446b-8  ... 2025-05-28 05:02:17.391652
20  1dec88ff-fc45-4833-8  ... 2025-05-28 05:02:17.391661
21  ab224f62-28a5-4936-9  ... 2025-05-28 05:02:17.391670
22  ee9acb43-917b-4d58-8  ... 2025-05-28 05:02:17.391679
23  71e55634-416c-4299-9  ... 2025-05-28 05:02:17.391688
24  be30de39-5b0d-45df-8  ... 2025-05-28 05:02:17.391710
25  7e8930a6-0b32-4c8f-b  ... 2025-05-28 05:02:17.391720
26  aefca941-b003-492d-9  ... 2025-05-28 05:02:17.391730
27  eedcbbb2-2081-4ed2-9  ... 2025-05-28 05:02:17.391740
28  752ebffe-92b9-4766-9  ... 2025-05-28 05:02:17.391750
29  22b254dd-790a-4a52-b  ... 2025-05-28 05:02:17.391759
30  acebc6be-d38b-484e-a  ... 2025-05-28 05:02:17.391781
31  792c8431-0086-4c8e-8  ... 2025-05-28 05:02:17.391791
32  4dc281b7-0953-4a55-a  ... 2025-05-28 05:02:17.391800
33  7ce858da-3999-42ca-b  ... 2025-05-28 05:02:17.391809
34  d338ec21-1855-488c-b  ... 2025-05-28 05:02:17.391818
35  6d1b7a1a-9839-422e-b  ... 2025-05-28 05:02:17.391828
36  91055326-edd8-405b-b  ... 2025-05-28 05:02:17.391839
37  0afcdb5e-7b27-495d-b  ... 2025-05-28 05:02:17.391848
38  664451ce-ad0d-46cc-b  ... 2025-05-28 05:02:17.391857
39  a1fb39fc-de92-4556-b  ... 2025-05-28 05:02:17.391868
40  1ddbc862-85a8-482f-8  ... 2025-05-28 05:02:17.391877
41  8cd30a4d-a8cb-4ded-b  ... 2025-05-28 05:02:17.391887
42  fabcd655-9035-477c-b  ... 2025-05-28 05:02:17.391896
43  0836828e-68d3-439a-9  ... 2025-05-28 05:02:17.391906
44  e7592d64-0a8a-484d-8  ... 2025-05-28 05:02:17.391915
45  fa0946e0-dfdb-4d22-8  ... 2025-05-28 05:02:17.391925
46  9f4ee05f-ae23-4d7a-b  ... 2025-05-28 05:02:17.391935
47  0c3f3e25-5c38-4f74-a  ... 2025-05-28 05:02:17.391945
48  d65cc0bb-da21-4619-9  ... 2025-05-28 05:02:17.391954
49  79f5dec8-032c-49d3-b  ... 2025-05-28 05:02:17.391964

[50 rows x 12 columns]
[2025-05-28T05:02:17.531+0000] {taskinstance.py:1400} INFO - Marking task as SUCCESS. dag_id=synthetic_data_generation, task_id=generate_supplier_data, execution_date=20250528T050216, start_date=20250528T050216, end_date=20250528T050217
[2025-05-28T05:02:17.581+0000] {local_task_job_runner.py:228} INFO - Task exited with return code 0
[2025-05-28T05:02:17.599+0000] {taskinstance.py:2778} INFO - 1 downstream tasks scheduled from follow-on schedule check
