[2025-05-28T05:02:35.565+0000] {taskinstance.py:1159} INFO - Dependencies all met for dep_context=non-requeueable deps ti=<TaskInstance: walmart_etl_dag.transform_to_staging manual__2025-05-28T05:02:30.175692+00:00 [queued]>
[2025-05-28T05:02:35.570+0000] {taskinstance.py:1159} INFO - Dependencies all met for dep_context=requeueable deps ti=<TaskInstance: walmart_etl_dag.transform_to_staging manual__2025-05-28T05:02:30.175692+00:00 [queued]>
[2025-05-28T05:02:35.570+0000] {taskinstance.py:1361} INFO - Starting attempt 1 of 2
[2025-05-28T05:02:35.576+0000] {taskinstance.py:1382} INFO - Executing <Task(PythonOperator): transform_to_staging> on 2025-05-28 05:02:30.175692+00:00
[2025-05-28T05:02:35.579+0000] {standard_task_runner.py:57} INFO - Started process 334 to run task
[2025-05-28T05:02:35.582+0000] {standard_task_runner.py:84} INFO - Running: ['***', 'tasks', 'run', 'walmart_etl_dag', 'transform_to_staging', 'manual__2025-05-28T05:02:30.175692+00:00', '--job-id', '538', '--raw', '--subdir', 'DAGS_FOLDER/walmart_etl_dag.py', '--cfg-path', '/tmp/tmpf68v3jb_']
[2025-05-28T05:02:35.584+0000] {standard_task_runner.py:85} INFO - Job 538: Subtask transform_to_staging
[2025-05-28T05:02:35.607+0000] {task_command.py:416} INFO - Running <TaskInstance: walmart_etl_dag.transform_to_staging manual__2025-05-28T05:02:30.175692+00:00 [running]> on host 68d10d19df8b
[2025-05-28T05:02:35.838+0000] {taskinstance.py:1662} INFO - Exporting env vars: AIRFLOW_CTX_DAG_OWNER='***' AIRFLOW_CTX_DAG_ID='walmart_etl_dag' AIRFLOW_CTX_TASK_ID='transform_to_staging' AIRFLOW_CTX_EXECUTION_DATE='2025-05-28T05:02:30.175692+00:00' AIRFLOW_CTX_TRY_NUMBER='1' AIRFLOW_CTX_DAG_RUN_ID='manual__2025-05-28T05:02:30.175692+00:00'
[2025-05-28T05:02:35.839+0000] {logging_mixin.py:154} INFO - Starting transformation from ODS to staging layer...
[2025-05-28T05:02:35.843+0000] {logging_mixin.py:154} INFO - Transforming date dimension...
[2025-05-28T05:02:35.857+0000] {logging_mixin.py:154} INFO - Transforming customer dimension...
[2025-05-28T05:02:35.878+0000] {logging_mixin.py:154} INFO - Transforming product dimension...
[2025-05-28T05:02:35.888+0000] {logging_mixin.py:154} INFO - Transforming store dimension...
[2025-05-28T05:02:35.898+0000] {logging_mixin.py:154} INFO - Transforming sales fact...
[2025-05-28T05:02:36.034+0000] {logging_mixin.py:154} INFO - Transforming inventory fact...
[2025-05-28T05:02:36.036+0000] {logging_mixin.py:154} INFO - Transforming returns fact...
[2025-05-28T05:02:36.037+0000] {logging_mixin.py:154} INFO - Staging layer transformation completed successfully.
[2025-05-28T05:02:36.037+0000] {logging_mixin.py:154} INFO - Batch ID: BATCH_20250528050235
[2025-05-28T05:02:36.037+0000] {logging_mixin.py:154} INFO - Transformed data to staging with batch ID: BATCH_20250528050235
[2025-05-28T05:02:36.037+0000] {python.py:194} INFO - Done. Returned value was: BATCH_20250528050235
[2025-05-28T05:02:36.052+0000] {taskinstance.py:1400} INFO - Marking task as SUCCESS. dag_id=walmart_etl_dag, task_id=transform_to_staging, execution_date=20250528T050230, start_date=20250528T050235, end_date=20250528T050236
[2025-05-28T05:02:36.099+0000] {local_task_job_runner.py:228} INFO - Task exited with return code 0
[2025-05-28T05:02:36.117+0000] {taskinstance.py:2778} INFO - 1 downstream tasks scheduled from follow-on schedule check
