[2025-05-27T05:28:23.000+0000] {taskinstance.py:1159} INFO - Dependencies all met for dep_context=non-requeueable deps ti=<TaskInstance: walmart_etl_dag.load_to_ods manual__2025-05-27T05:17:47+00:00 [queued]>
[2025-05-27T05:28:23.013+0000] {taskinstance.py:1159} INFO - Dependencies all met for dep_context=requeueable deps ti=<TaskInstance: walmart_etl_dag.load_to_ods manual__2025-05-27T05:17:47+00:00 [queued]>
[2025-05-27T05:28:23.014+0000] {taskinstance.py:1361} INFO - Starting attempt 2 of 2
[2025-05-27T05:28:23.023+0000] {taskinstance.py:1382} INFO - Executing <Task(PythonOperator): load_to_ods> on 2025-05-27 05:17:47+00:00
[2025-05-27T05:28:23.044+0000] {standard_task_runner.py:57} INFO - Started process 206 to run task
[2025-05-27T05:28:23.048+0000] {standard_task_runner.py:84} INFO - Running: ['***', 'tasks', 'run', 'walmart_etl_dag', 'load_to_ods', 'manual__2025-05-27T05:17:47+00:00', '--job-id', '46', '--raw', '--subdir', 'DAGS_FOLDER/walmart_etl_dag.py', '--cfg-path', '/tmp/tmpw603puko']
[2025-05-27T05:28:23.052+0000] {standard_task_runner.py:85} INFO - Job 46: Subtask load_to_ods
[2025-05-27T05:28:23.094+0000] {task_command.py:416} INFO - Running <TaskInstance: walmart_etl_dag.load_to_ods manual__2025-05-27T05:17:47+00:00 [running]> on host 364c8c3dd6ab
[2025-05-27T05:28:23.158+0000] {taskinstance.py:1662} INFO - Exporting env vars: AIRFLOW_CTX_DAG_OWNER='***' AIRFLOW_CTX_DAG_ID='walmart_etl_dag' AIRFLOW_CTX_TASK_ID='load_to_ods' AIRFLOW_CTX_EXECUTION_DATE='2025-05-27T05:17:47+00:00' AIRFLOW_CTX_TRY_NUMBER='2' AIRFLOW_CTX_DAG_RUN_ID='manual__2025-05-27T05:17:47+00:00'
[2025-05-27T05:28:23.210+0000] {logging_mixin.py:154} INFO - Loaded 8399 rows from CSV file.
[2025-05-27T05:28:23.515+0000] {logging_mixin.py:154} INFO - Loaded 1459 records into ods_date.
[2025-05-27T05:28:24.162+0000] {logging_mixin.py:154} INFO - Loaded 3011 records into ods_customer.
[2025-05-27T05:28:25.762+0000] {logging_mixin.py:154} INFO - Loaded 1314 records into ods_product.
[2025-05-27T05:28:27.463+0000] {logging_mixin.py:154} INFO - Loaded 1636 records into ods_store.
[2025-05-27T05:28:29.647+0000] {logging_mixin.py:154} INFO - Loaded 8399 records into ods_sales.
[2025-05-27T05:28:29.658+0000] {logging_mixin.py:154} INFO - ODS layer loading completed.
[2025-05-27T05:28:29.662+0000] {python.py:194} INFO - Done. Returned value was: ODS layer loading completed
[2025-05-27T05:28:29.695+0000] {taskinstance.py:1400} INFO - Marking task as SUCCESS. dag_id=walmart_etl_dag, task_id=load_to_ods, execution_date=20250527T051747, start_date=20250527T052823, end_date=20250527T052829
[2025-05-27T05:28:29.722+0000] {local_task_job_runner.py:228} INFO - Task exited with return code 0
[2025-05-27T05:28:29.773+0000] {taskinstance.py:2778} INFO - 1 downstream tasks scheduled from follow-on schedule check
