[2025-05-27T19:12:25.280+0000] {taskinstance.py:1159} INFO - Dependencies all met for dep_context=non-requeueable deps ti=<TaskInstance: walmart_etl_dag.transform_to_staging manual__2025-05-27T19:12:18+00:00 [queued]>
[2025-05-27T19:12:25.285+0000] {taskinstance.py:1159} INFO - Dependencies all met for dep_context=requeueable deps ti=<TaskInstance: walmart_etl_dag.transform_to_staging manual__2025-05-27T19:12:18+00:00 [queued]>
[2025-05-27T19:12:25.285+0000] {taskinstance.py:1361} INFO - Starting attempt 1 of 2
[2025-05-27T19:12:25.292+0000] {taskinstance.py:1382} INFO - Executing <Task(PythonOperator): transform_to_staging> on 2025-05-27 19:12:18+00:00
[2025-05-27T19:12:25.299+0000] {standard_task_runner.py:57} INFO - Started process 1043 to run task
[2025-05-27T19:12:25.310+0000] {standard_task_runner.py:84} INFO - Running: ['***', 'tasks', 'run', 'walmart_etl_dag', 'transform_to_staging', 'manual__2025-05-27T19:12:18+00:00', '--job-id', '286', '--raw', '--subdir', 'DAGS_FOLDER/walmart_etl_dag.py', '--cfg-path', '/tmp/tmpwy837du0']
[2025-05-27T19:12:25.314+0000] {standard_task_runner.py:85} INFO - Job 286: Subtask transform_to_staging
[2025-05-27T19:12:25.348+0000] {task_command.py:416} INFO - Running <TaskInstance: walmart_etl_dag.transform_to_staging manual__2025-05-27T19:12:18+00:00 [running]> on host d80f98a6628f
[2025-05-27T19:12:25.665+0000] {taskinstance.py:1662} INFO - Exporting env vars: AIRFLOW_CTX_DAG_OWNER='***' AIRFLOW_CTX_DAG_ID='walmart_etl_dag' AIRFLOW_CTX_TASK_ID='transform_to_staging' AIRFLOW_CTX_EXECUTION_DATE='2025-05-27T19:12:18+00:00' AIRFLOW_CTX_TRY_NUMBER='1' AIRFLOW_CTX_DAG_RUN_ID='manual__2025-05-27T19:12:18+00:00'
[2025-05-27T19:12:25.667+0000] {logging_mixin.py:154} INFO - Starting transformation from ODS to staging layer...
[2025-05-27T19:12:25.671+0000] {logging_mixin.py:154} INFO - Transforming date dimension...
[2025-05-27T19:12:25.686+0000] {logging_mixin.py:154} INFO - Transforming customer dimension...
[2025-05-27T19:12:25.758+0000] {logging_mixin.py:154} INFO - Transforming product dimension...
[2025-05-27T19:12:25.790+0000] {logging_mixin.py:154} INFO - Transforming store dimension...
[2025-05-27T19:12:25.813+0000] {logging_mixin.py:154} INFO - Transforming sales fact...
[2025-05-27T19:12:26.044+0000] {logging_mixin.py:154} INFO - Transforming inventory fact...
[2025-05-27T19:12:26.056+0000] {logging_mixin.py:154} INFO - Transforming returns fact...
[2025-05-27T19:12:26.060+0000] {logging_mixin.py:154} INFO - Staging layer transformation completed successfully.
[2025-05-27T19:12:26.061+0000] {logging_mixin.py:154} INFO - Batch ID: BATCH_20250527191225
[2025-05-27T19:12:26.061+0000] {python.py:194} INFO - Done. Returned value was: BATCH_20250527191225
[2025-05-27T19:12:26.096+0000] {taskinstance.py:1400} INFO - Marking task as SUCCESS. dag_id=walmart_etl_dag, task_id=transform_to_staging, execution_date=20250527T191218, start_date=20250527T191225, end_date=20250527T191226
[2025-05-27T19:12:26.150+0000] {local_task_job_runner.py:228} INFO - Task exited with return code 0
[2025-05-27T19:12:26.226+0000] {taskinstance.py:2778} INFO - 1 downstream tasks scheduled from follow-on schedule check
