[2025-05-27T17:16:36.802+0000] {processor.py:157} INFO - Started process (PID=2089) to work on /opt/airflow/dags/extract_transform_dag.py
[2025-05-27T17:16:36.803+0000] {processor.py:829} INFO - Processing file /opt/airflow/dags/extract_transform_dag.py for tasks to queue
[2025-05-27T17:16:36.806+0000] {logging_mixin.py:154} INFO - [2025-05-27T17:16:36.806+0000] {dagbag.py:536} INFO - Filling up the DagBag from /opt/airflow/dags/extract_transform_dag.py
[2025-05-27T17:16:36.816+0000] {logging_mixin.py:154} INFO - [2025-05-27T17:16:36.813+0000] {dagbag.py:346} ERROR - Failed to import: /opt/airflow/dags/extract_transform_dag.py
Traceback (most recent call last):
  File "/home/airflow/.local/lib/python3.8/site-packages/airflow/models/dagbag.py", line 342, in parse
    loader.exec_module(new_module)
  File "<frozen importlib._bootstrap_external>", line 843, in exec_module
  File "<frozen importlib._bootstrap>", line 219, in _call_with_frames_removed
  File "/opt/airflow/dags/extract_transform_dag.py", line 16, in <module>
    from scripts.data_loader import WalmartDataLoader
ModuleNotFoundError: No module named 'scripts'
[2025-05-27T17:16:36.816+0000] {processor.py:841} WARNING - No viable dags retrieved from /opt/airflow/dags/extract_transform_dag.py
[2025-05-27T17:16:36.833+0000] {processor.py:179} INFO - Processing /opt/airflow/dags/extract_transform_dag.py took 0.034 seconds
[2025-05-27T17:17:07.289+0000] {processor.py:157} INFO - Started process (PID=2097) to work on /opt/airflow/dags/extract_transform_dag.py
[2025-05-27T17:17:07.292+0000] {processor.py:829} INFO - Processing file /opt/airflow/dags/extract_transform_dag.py for tasks to queue
[2025-05-27T17:17:07.298+0000] {logging_mixin.py:154} INFO - [2025-05-27T17:17:07.298+0000] {dagbag.py:536} INFO - Filling up the DagBag from /opt/airflow/dags/extract_transform_dag.py
[2025-05-27T17:17:07.313+0000] {logging_mixin.py:154} INFO - [2025-05-27T17:17:07.307+0000] {dagbag.py:346} ERROR - Failed to import: /opt/airflow/dags/extract_transform_dag.py
Traceback (most recent call last):
  File "/home/airflow/.local/lib/python3.8/site-packages/airflow/models/dagbag.py", line 342, in parse
    loader.exec_module(new_module)
  File "<frozen importlib._bootstrap_external>", line 843, in exec_module
  File "<frozen importlib._bootstrap>", line 219, in _call_with_frames_removed
  File "/opt/airflow/dags/extract_transform_dag.py", line 16, in <module>
    from scripts.data_loader import WalmartDataLoader
ModuleNotFoundError: No module named 'scripts'
[2025-05-27T17:17:07.314+0000] {processor.py:841} WARNING - No viable dags retrieved from /opt/airflow/dags/extract_transform_dag.py
[2025-05-27T17:17:07.350+0000] {processor.py:179} INFO - Processing /opt/airflow/dags/extract_transform_dag.py took 0.073 seconds
[2025-05-27T17:17:37.723+0000] {processor.py:157} INFO - Started process (PID=2105) to work on /opt/airflow/dags/extract_transform_dag.py
[2025-05-27T17:17:37.725+0000] {processor.py:829} INFO - Processing file /opt/airflow/dags/extract_transform_dag.py for tasks to queue
[2025-05-27T17:17:37.738+0000] {logging_mixin.py:154} INFO - [2025-05-27T17:17:37.737+0000] {dagbag.py:536} INFO - Filling up the DagBag from /opt/airflow/dags/extract_transform_dag.py
[2025-05-27T17:17:37.752+0000] {logging_mixin.py:154} INFO - [2025-05-27T17:17:37.745+0000] {dagbag.py:346} ERROR - Failed to import: /opt/airflow/dags/extract_transform_dag.py
Traceback (most recent call last):
  File "/home/airflow/.local/lib/python3.8/site-packages/airflow/models/dagbag.py", line 342, in parse
    loader.exec_module(new_module)
  File "<frozen importlib._bootstrap_external>", line 843, in exec_module
  File "<frozen importlib._bootstrap>", line 219, in _call_with_frames_removed
  File "/opt/airflow/dags/extract_transform_dag.py", line 16, in <module>
    from scripts.data_loader import WalmartDataLoader
ModuleNotFoundError: No module named 'scripts'
[2025-05-27T17:17:37.753+0000] {processor.py:841} WARNING - No viable dags retrieved from /opt/airflow/dags/extract_transform_dag.py
[2025-05-27T17:17:37.800+0000] {processor.py:179} INFO - Processing /opt/airflow/dags/extract_transform_dag.py took 0.084 seconds
