[2025-05-27T21:50:48.759+0000] {processor.py:157} INFO - Started process (PID=59) to work on /opt/airflow/dags/inventory_returns_dag.py
[2025-05-27T21:50:48.763+0000] {processor.py:829} INFO - Processing file /opt/airflow/dags/inventory_returns_dag.py for tasks to queue
[2025-05-27T21:50:48.770+0000] {logging_mixin.py:154} INFO - [2025-05-27T21:50:48.770+0000] {dagbag.py:536} INFO - Filling up the DagBag from /opt/airflow/dags/inventory_returns_dag.py
[2025-05-27T21:50:51.610+0000] {processor.py:839} INFO - DAG(s) dict_keys(['inventory_returns_generation']) retrieved from /opt/airflow/dags/inventory_returns_dag.py
[2025-05-27T21:50:52.280+0000] {logging_mixin.py:154} INFO - [2025-05-27T21:50:52.279+0000] {manager.py:499} INFO - Created Permission View: %s
[2025-05-27T21:50:52.293+0000] {logging_mixin.py:154} INFO - [2025-05-27T21:50:52.293+0000] {manager.py:499} INFO - Created Permission View: %s
[2025-05-27T21:50:52.299+0000] {logging_mixin.py:154} INFO - [2025-05-27T21:50:52.299+0000] {manager.py:499} INFO - Created Permission View: %s
[2025-05-27T21:50:52.301+0000] {logging_mixin.py:154} INFO - [2025-05-27T21:50:52.299+0000] {dag.py:2941} INFO - Sync 1 DAGs
[2025-05-27T21:50:52.330+0000] {logging_mixin.py:154} INFO - [2025-05-27T21:50:52.329+0000] {dag.py:2963} INFO - Creating ORM DAG for inventory_returns_generation
[2025-05-27T21:50:52.333+0000] {logging_mixin.py:154} INFO - [2025-05-27T21:50:52.332+0000] {dag.py:3722} INFO - Setting next_dagrun for inventory_returns_generation to None, run_after=None
[2025-05-27T21:50:52.376+0000] {processor.py:179} INFO - Processing /opt/airflow/dags/inventory_returns_dag.py took 3.648 seconds
[2025-05-27T21:51:22.761+0000] {processor.py:157} INFO - Started process (PID=82) to work on /opt/airflow/dags/inventory_returns_dag.py
[2025-05-27T21:51:22.762+0000] {processor.py:829} INFO - Processing file /opt/airflow/dags/inventory_returns_dag.py for tasks to queue
[2025-05-27T21:51:22.769+0000] {logging_mixin.py:154} INFO - [2025-05-27T21:51:22.768+0000] {dagbag.py:536} INFO - Filling up the DagBag from /opt/airflow/dags/inventory_returns_dag.py
[2025-05-27T21:51:23.383+0000] {processor.py:839} INFO - DAG(s) dict_keys(['inventory_returns_generation']) retrieved from /opt/airflow/dags/inventory_returns_dag.py
[2025-05-27T21:51:23.406+0000] {logging_mixin.py:154} INFO - [2025-05-27T21:51:23.406+0000] {dag.py:2941} INFO - Sync 1 DAGs
[2025-05-27T21:51:23.420+0000] {logging_mixin.py:154} INFO - [2025-05-27T21:51:23.419+0000] {dag.py:3722} INFO - Setting next_dagrun for inventory_returns_generation to None, run_after=None
[2025-05-27T21:51:23.434+0000] {processor.py:179} INFO - Processing /opt/airflow/dags/inventory_returns_dag.py took 0.682 seconds
[2025-05-27T21:51:53.879+0000] {processor.py:157} INFO - Started process (PID=103) to work on /opt/airflow/dags/inventory_returns_dag.py
[2025-05-27T21:51:53.882+0000] {processor.py:829} INFO - Processing file /opt/airflow/dags/inventory_returns_dag.py for tasks to queue
[2025-05-27T21:51:53.893+0000] {logging_mixin.py:154} INFO - [2025-05-27T21:51:53.892+0000] {dagbag.py:536} INFO - Filling up the DagBag from /opt/airflow/dags/inventory_returns_dag.py
[2025-05-27T21:51:54.547+0000] {processor.py:839} INFO - DAG(s) dict_keys(['inventory_returns_generation']) retrieved from /opt/airflow/dags/inventory_returns_dag.py
[2025-05-27T21:51:54.605+0000] {logging_mixin.py:154} INFO - [2025-05-27T21:51:54.604+0000] {dag.py:2941} INFO - Sync 1 DAGs
[2025-05-27T21:51:54.616+0000] {logging_mixin.py:154} INFO - [2025-05-27T21:51:54.616+0000] {dag.py:3722} INFO - Setting next_dagrun for inventory_returns_generation to None, run_after=None
[2025-05-27T21:51:54.653+0000] {processor.py:179} INFO - Processing /opt/airflow/dags/inventory_returns_dag.py took 0.789 seconds
[2025-05-27T21:52:25.629+0000] {processor.py:157} INFO - Started process (PID=128) to work on /opt/airflow/dags/inventory_returns_dag.py
[2025-05-27T21:52:25.634+0000] {processor.py:829} INFO - Processing file /opt/airflow/dags/inventory_returns_dag.py for tasks to queue
[2025-05-27T21:52:25.640+0000] {logging_mixin.py:154} INFO - [2025-05-27T21:52:25.640+0000] {dagbag.py:536} INFO - Filling up the DagBag from /opt/airflow/dags/inventory_returns_dag.py
[2025-05-27T21:52:26.551+0000] {processor.py:839} INFO - DAG(s) dict_keys(['inventory_returns_generation']) retrieved from /opt/airflow/dags/inventory_returns_dag.py
[2025-05-27T21:52:26.624+0000] {logging_mixin.py:154} INFO - [2025-05-27T21:52:26.623+0000] {dag.py:2941} INFO - Sync 1 DAGs
[2025-05-27T21:52:26.657+0000] {logging_mixin.py:154} INFO - [2025-05-27T21:52:26.657+0000] {dag.py:3722} INFO - Setting next_dagrun for inventory_returns_generation to None, run_after=None
[2025-05-27T21:52:26.699+0000] {processor.py:179} INFO - Processing /opt/airflow/dags/inventory_returns_dag.py took 1.088 seconds
[2025-05-27T21:52:57.645+0000] {processor.py:157} INFO - Started process (PID=145) to work on /opt/airflow/dags/inventory_returns_dag.py
[2025-05-27T21:52:57.650+0000] {processor.py:829} INFO - Processing file /opt/airflow/dags/inventory_returns_dag.py for tasks to queue
[2025-05-27T21:52:57.655+0000] {logging_mixin.py:154} INFO - [2025-05-27T21:52:57.654+0000] {dagbag.py:536} INFO - Filling up the DagBag from /opt/airflow/dags/inventory_returns_dag.py
[2025-05-27T21:52:58.225+0000] {processor.py:839} INFO - DAG(s) dict_keys(['inventory_returns_generation']) retrieved from /opt/airflow/dags/inventory_returns_dag.py
[2025-05-27T21:52:58.259+0000] {logging_mixin.py:154} INFO - [2025-05-27T21:52:58.258+0000] {dag.py:2941} INFO - Sync 1 DAGs
[2025-05-27T21:52:58.268+0000] {logging_mixin.py:154} INFO - [2025-05-27T21:52:58.268+0000] {dag.py:3722} INFO - Setting next_dagrun for inventory_returns_generation to None, run_after=None
[2025-05-27T21:52:58.281+0000] {processor.py:179} INFO - Processing /opt/airflow/dags/inventory_returns_dag.py took 0.649 seconds
[2025-05-27T21:53:29.210+0000] {processor.py:157} INFO - Started process (PID=162) to work on /opt/airflow/dags/inventory_returns_dag.py
[2025-05-27T21:53:29.212+0000] {processor.py:829} INFO - Processing file /opt/airflow/dags/inventory_returns_dag.py for tasks to queue
[2025-05-27T21:53:29.216+0000] {logging_mixin.py:154} INFO - [2025-05-27T21:53:29.216+0000] {dagbag.py:536} INFO - Filling up the DagBag from /opt/airflow/dags/inventory_returns_dag.py
[2025-05-27T21:53:29.654+0000] {processor.py:839} INFO - DAG(s) dict_keys(['inventory_returns_generation']) retrieved from /opt/airflow/dags/inventory_returns_dag.py
[2025-05-27T21:53:29.696+0000] {logging_mixin.py:154} INFO - [2025-05-27T21:53:29.695+0000] {dag.py:2941} INFO - Sync 1 DAGs
[2025-05-27T21:53:29.707+0000] {logging_mixin.py:154} INFO - [2025-05-27T21:53:29.707+0000] {dag.py:3722} INFO - Setting next_dagrun for inventory_returns_generation to None, run_after=None
[2025-05-27T21:53:29.720+0000] {processor.py:179} INFO - Processing /opt/airflow/dags/inventory_returns_dag.py took 0.515 seconds
[2025-05-27T21:54:00.155+0000] {processor.py:157} INFO - Started process (PID=179) to work on /opt/airflow/dags/inventory_returns_dag.py
[2025-05-27T21:54:00.156+0000] {processor.py:829} INFO - Processing file /opt/airflow/dags/inventory_returns_dag.py for tasks to queue
[2025-05-27T21:54:00.162+0000] {logging_mixin.py:154} INFO - [2025-05-27T21:54:00.160+0000] {dagbag.py:536} INFO - Filling up the DagBag from /opt/airflow/dags/inventory_returns_dag.py
[2025-05-27T21:54:01.357+0000] {processor.py:839} INFO - DAG(s) dict_keys(['inventory_returns_generation']) retrieved from /opt/airflow/dags/inventory_returns_dag.py
[2025-05-27T21:54:01.411+0000] {logging_mixin.py:154} INFO - [2025-05-27T21:54:01.410+0000] {dag.py:2941} INFO - Sync 1 DAGs
[2025-05-27T21:54:01.429+0000] {logging_mixin.py:154} INFO - [2025-05-27T21:54:01.429+0000] {dag.py:3722} INFO - Setting next_dagrun for inventory_returns_generation to None, run_after=None
[2025-05-27T21:54:01.454+0000] {processor.py:179} INFO - Processing /opt/airflow/dags/inventory_returns_dag.py took 1.307 seconds
[2025-05-27T21:54:31.566+0000] {processor.py:157} INFO - Started process (PID=196) to work on /opt/airflow/dags/inventory_returns_dag.py
[2025-05-27T21:54:31.570+0000] {processor.py:829} INFO - Processing file /opt/airflow/dags/inventory_returns_dag.py for tasks to queue
[2025-05-27T21:54:31.572+0000] {logging_mixin.py:154} INFO - [2025-05-27T21:54:31.572+0000] {dagbag.py:536} INFO - Filling up the DagBag from /opt/airflow/dags/inventory_returns_dag.py
[2025-05-27T21:54:31.921+0000] {processor.py:839} INFO - DAG(s) dict_keys(['inventory_returns_generation']) retrieved from /opt/airflow/dags/inventory_returns_dag.py
[2025-05-27T21:54:31.941+0000] {logging_mixin.py:154} INFO - [2025-05-27T21:54:31.941+0000] {dag.py:2941} INFO - Sync 1 DAGs
[2025-05-27T21:54:31.950+0000] {logging_mixin.py:154} INFO - [2025-05-27T21:54:31.950+0000] {dag.py:3722} INFO - Setting next_dagrun for inventory_returns_generation to None, run_after=None
[2025-05-27T21:54:31.962+0000] {processor.py:179} INFO - Processing /opt/airflow/dags/inventory_returns_dag.py took 0.404 seconds
[2025-05-27T21:55:02.808+0000] {processor.py:157} INFO - Started process (PID=213) to work on /opt/airflow/dags/inventory_returns_dag.py
[2025-05-27T21:55:02.809+0000] {processor.py:829} INFO - Processing file /opt/airflow/dags/inventory_returns_dag.py for tasks to queue
[2025-05-27T21:55:02.813+0000] {logging_mixin.py:154} INFO - [2025-05-27T21:55:02.813+0000] {dagbag.py:536} INFO - Filling up the DagBag from /opt/airflow/dags/inventory_returns_dag.py
[2025-05-27T21:55:03.206+0000] {processor.py:839} INFO - DAG(s) dict_keys(['inventory_returns_generation']) retrieved from /opt/airflow/dags/inventory_returns_dag.py
[2025-05-27T21:55:03.224+0000] {logging_mixin.py:154} INFO - [2025-05-27T21:55:03.224+0000] {dag.py:2941} INFO - Sync 1 DAGs
[2025-05-27T21:55:03.232+0000] {logging_mixin.py:154} INFO - [2025-05-27T21:55:03.232+0000] {dag.py:3722} INFO - Setting next_dagrun for inventory_returns_generation to None, run_after=None
[2025-05-27T21:55:03.250+0000] {processor.py:179} INFO - Processing /opt/airflow/dags/inventory_returns_dag.py took 0.447 seconds
[2025-05-27T21:55:34.368+0000] {processor.py:157} INFO - Started process (PID=230) to work on /opt/airflow/dags/inventory_returns_dag.py
[2025-05-27T21:55:34.373+0000] {processor.py:829} INFO - Processing file /opt/airflow/dags/inventory_returns_dag.py for tasks to queue
[2025-05-27T21:55:34.386+0000] {logging_mixin.py:154} INFO - [2025-05-27T21:55:34.384+0000] {dagbag.py:536} INFO - Filling up the DagBag from /opt/airflow/dags/inventory_returns_dag.py
[2025-05-27T21:55:34.901+0000] {processor.py:839} INFO - DAG(s) dict_keys(['inventory_returns_generation']) retrieved from /opt/airflow/dags/inventory_returns_dag.py
[2025-05-27T21:55:34.922+0000] {logging_mixin.py:154} INFO - [2025-05-27T21:55:34.922+0000] {dag.py:2941} INFO - Sync 1 DAGs
[2025-05-27T21:55:34.933+0000] {logging_mixin.py:154} INFO - [2025-05-27T21:55:34.933+0000] {dag.py:3722} INFO - Setting next_dagrun for inventory_returns_generation to None, run_after=None
[2025-05-27T21:55:34.946+0000] {processor.py:179} INFO - Processing /opt/airflow/dags/inventory_returns_dag.py took 0.585 seconds
[2025-05-27T21:55:53.344+0000] {processor.py:157} INFO - Started process (PID=247) to work on /opt/airflow/dags/inventory_returns_dag.py
[2025-05-27T21:55:53.346+0000] {processor.py:829} INFO - Processing file /opt/airflow/dags/inventory_returns_dag.py for tasks to queue
[2025-05-27T21:55:53.352+0000] {logging_mixin.py:154} INFO - [2025-05-27T21:55:53.351+0000] {dagbag.py:536} INFO - Filling up the DagBag from /opt/airflow/dags/inventory_returns_dag.py
[2025-05-27T21:55:53.801+0000] {processor.py:839} INFO - DAG(s) dict_keys(['inventory_returns_generation']) retrieved from /opt/airflow/dags/inventory_returns_dag.py
[2025-05-27T21:55:53.825+0000] {logging_mixin.py:154} INFO - [2025-05-27T21:55:53.825+0000] {dag.py:2941} INFO - Sync 1 DAGs
[2025-05-27T21:55:53.833+0000] {logging_mixin.py:154} INFO - [2025-05-27T21:55:53.832+0000] {dag.py:3722} INFO - Setting next_dagrun for inventory_returns_generation to None, run_after=None
[2025-05-27T21:55:53.844+0000] {processor.py:179} INFO - Processing /opt/airflow/dags/inventory_returns_dag.py took 0.514 seconds
[2025-05-27T21:56:09.143+0000] {processor.py:157} INFO - Started process (PID=257) to work on /opt/airflow/dags/inventory_returns_dag.py
[2025-05-27T21:56:09.144+0000] {processor.py:829} INFO - Processing file /opt/airflow/dags/inventory_returns_dag.py for tasks to queue
[2025-05-27T21:56:09.151+0000] {logging_mixin.py:154} INFO - [2025-05-27T21:56:09.151+0000] {dagbag.py:536} INFO - Filling up the DagBag from /opt/airflow/dags/inventory_returns_dag.py
[2025-05-27T21:56:09.837+0000] {processor.py:839} INFO - DAG(s) dict_keys(['inventory_returns_generation']) retrieved from /opt/airflow/dags/inventory_returns_dag.py
[2025-05-27T21:56:09.957+0000] {logging_mixin.py:154} INFO - [2025-05-27T21:56:09.957+0000] {dag.py:2941} INFO - Sync 1 DAGs
[2025-05-27T21:56:09.964+0000] {logging_mixin.py:154} INFO - [2025-05-27T21:56:09.964+0000] {dag.py:3722} INFO - Setting next_dagrun for inventory_returns_generation to None, run_after=None
[2025-05-27T21:56:09.977+0000] {processor.py:179} INFO - Processing /opt/airflow/dags/inventory_returns_dag.py took 0.843 seconds
[2025-05-27T21:56:40.373+0000] {processor.py:157} INFO - Started process (PID=274) to work on /opt/airflow/dags/inventory_returns_dag.py
[2025-05-27T21:56:40.375+0000] {processor.py:829} INFO - Processing file /opt/airflow/dags/inventory_returns_dag.py for tasks to queue
[2025-05-27T21:56:40.379+0000] {logging_mixin.py:154} INFO - [2025-05-27T21:56:40.379+0000] {dagbag.py:536} INFO - Filling up the DagBag from /opt/airflow/dags/inventory_returns_dag.py
[2025-05-27T21:56:40.819+0000] {processor.py:839} INFO - DAG(s) dict_keys(['inventory_returns_generation']) retrieved from /opt/airflow/dags/inventory_returns_dag.py
[2025-05-27T21:56:40.845+0000] {logging_mixin.py:154} INFO - [2025-05-27T21:56:40.844+0000] {dag.py:2941} INFO - Sync 1 DAGs
[2025-05-27T21:56:40.850+0000] {logging_mixin.py:154} INFO - [2025-05-27T21:56:40.850+0000] {dag.py:3722} INFO - Setting next_dagrun for inventory_returns_generation to None, run_after=None
[2025-05-27T21:56:40.859+0000] {processor.py:179} INFO - Processing /opt/airflow/dags/inventory_returns_dag.py took 0.501 seconds
[2025-05-27T21:57:52.551+0000] {processor.py:157} INFO - Started process (PID=60) to work on /opt/airflow/dags/inventory_returns_dag.py
[2025-05-27T21:57:52.557+0000] {processor.py:829} INFO - Processing file /opt/airflow/dags/inventory_returns_dag.py for tasks to queue
[2025-05-27T21:57:52.578+0000] {logging_mixin.py:154} INFO - [2025-05-27T21:57:52.577+0000] {dagbag.py:536} INFO - Filling up the DagBag from /opt/airflow/dags/inventory_returns_dag.py
[2025-05-27T21:57:54.661+0000] {processor.py:839} INFO - DAG(s) dict_keys(['inventory_returns_generation']) retrieved from /opt/airflow/dags/inventory_returns_dag.py
[2025-05-27T21:57:55.060+0000] {logging_mixin.py:154} INFO - [2025-05-27T21:57:55.058+0000] {dag.py:2941} INFO - Sync 1 DAGs
[2025-05-27T21:57:55.089+0000] {logging_mixin.py:154} INFO - [2025-05-27T21:57:55.089+0000] {dag.py:3722} INFO - Setting next_dagrun for inventory_returns_generation to None, run_after=None
[2025-05-27T21:57:55.138+0000] {processor.py:179} INFO - Processing /opt/airflow/dags/inventory_returns_dag.py took 2.619 seconds
[2025-05-27T21:58:25.756+0000] {processor.py:157} INFO - Started process (PID=84) to work on /opt/airflow/dags/inventory_returns_dag.py
[2025-05-27T21:58:25.759+0000] {processor.py:829} INFO - Processing file /opt/airflow/dags/inventory_returns_dag.py for tasks to queue
[2025-05-27T21:58:25.766+0000] {logging_mixin.py:154} INFO - [2025-05-27T21:58:25.766+0000] {dagbag.py:536} INFO - Filling up the DagBag from /opt/airflow/dags/inventory_returns_dag.py
[2025-05-27T21:58:26.224+0000] {processor.py:839} INFO - DAG(s) dict_keys(['inventory_returns_generation']) retrieved from /opt/airflow/dags/inventory_returns_dag.py
[2025-05-27T21:58:26.245+0000] {logging_mixin.py:154} INFO - [2025-05-27T21:58:26.245+0000] {dag.py:2941} INFO - Sync 1 DAGs
[2025-05-27T21:58:26.256+0000] {logging_mixin.py:154} INFO - [2025-05-27T21:58:26.256+0000] {dag.py:3722} INFO - Setting next_dagrun for inventory_returns_generation to None, run_after=None
[2025-05-27T21:58:26.277+0000] {processor.py:179} INFO - Processing /opt/airflow/dags/inventory_returns_dag.py took 0.530 seconds
[2025-05-27T21:58:57.119+0000] {processor.py:157} INFO - Started process (PID=105) to work on /opt/airflow/dags/inventory_returns_dag.py
[2025-05-27T21:58:57.120+0000] {processor.py:829} INFO - Processing file /opt/airflow/dags/inventory_returns_dag.py for tasks to queue
[2025-05-27T21:58:57.123+0000] {logging_mixin.py:154} INFO - [2025-05-27T21:58:57.123+0000] {dagbag.py:536} INFO - Filling up the DagBag from /opt/airflow/dags/inventory_returns_dag.py
[2025-05-27T21:58:57.544+0000] {processor.py:839} INFO - DAG(s) dict_keys(['inventory_returns_generation']) retrieved from /opt/airflow/dags/inventory_returns_dag.py
[2025-05-27T21:58:57.565+0000] {logging_mixin.py:154} INFO - [2025-05-27T21:58:57.564+0000] {dag.py:2941} INFO - Sync 1 DAGs
[2025-05-27T21:58:57.572+0000] {logging_mixin.py:154} INFO - [2025-05-27T21:58:57.572+0000] {dag.py:3722} INFO - Setting next_dagrun for inventory_returns_generation to None, run_after=None
[2025-05-27T21:58:57.583+0000] {processor.py:179} INFO - Processing /opt/airflow/dags/inventory_returns_dag.py took 0.469 seconds
[2025-05-27T21:59:28.406+0000] {processor.py:157} INFO - Started process (PID=122) to work on /opt/airflow/dags/inventory_returns_dag.py
[2025-05-27T21:59:28.410+0000] {processor.py:829} INFO - Processing file /opt/airflow/dags/inventory_returns_dag.py for tasks to queue
[2025-05-27T21:59:28.415+0000] {logging_mixin.py:154} INFO - [2025-05-27T21:59:28.414+0000] {dagbag.py:536} INFO - Filling up the DagBag from /opt/airflow/dags/inventory_returns_dag.py
[2025-05-27T21:59:28.862+0000] {processor.py:839} INFO - DAG(s) dict_keys(['inventory_returns_generation']) retrieved from /opt/airflow/dags/inventory_returns_dag.py
[2025-05-27T21:59:28.887+0000] {logging_mixin.py:154} INFO - [2025-05-27T21:59:28.887+0000] {dag.py:2941} INFO - Sync 1 DAGs
[2025-05-27T21:59:28.900+0000] {logging_mixin.py:154} INFO - [2025-05-27T21:59:28.900+0000] {dag.py:3722} INFO - Setting next_dagrun for inventory_returns_generation to None, run_after=None
[2025-05-27T21:59:28.918+0000] {processor.py:179} INFO - Processing /opt/airflow/dags/inventory_returns_dag.py took 0.524 seconds
[2025-05-27T21:59:59.938+0000] {processor.py:157} INFO - Started process (PID=139) to work on /opt/airflow/dags/inventory_returns_dag.py
[2025-05-27T21:59:59.940+0000] {processor.py:829} INFO - Processing file /opt/airflow/dags/inventory_returns_dag.py for tasks to queue
[2025-05-27T21:59:59.947+0000] {logging_mixin.py:154} INFO - [2025-05-27T21:59:59.946+0000] {dagbag.py:536} INFO - Filling up the DagBag from /opt/airflow/dags/inventory_returns_dag.py
[2025-05-27T22:00:00.541+0000] {processor.py:839} INFO - DAG(s) dict_keys(['inventory_returns_generation']) retrieved from /opt/airflow/dags/inventory_returns_dag.py
[2025-05-27T22:00:00.569+0000] {logging_mixin.py:154} INFO - [2025-05-27T22:00:00.568+0000] {dag.py:2941} INFO - Sync 1 DAGs
[2025-05-27T22:00:00.578+0000] {logging_mixin.py:154} INFO - [2025-05-27T22:00:00.578+0000] {dag.py:3722} INFO - Setting next_dagrun for inventory_returns_generation to None, run_after=None
[2025-05-27T22:00:00.594+0000] {processor.py:179} INFO - Processing /opt/airflow/dags/inventory_returns_dag.py took 0.663 seconds
[2025-05-27T22:00:31.534+0000] {processor.py:157} INFO - Started process (PID=156) to work on /opt/airflow/dags/inventory_returns_dag.py
[2025-05-27T22:00:31.539+0000] {processor.py:829} INFO - Processing file /opt/airflow/dags/inventory_returns_dag.py for tasks to queue
[2025-05-27T22:00:31.551+0000] {logging_mixin.py:154} INFO - [2025-05-27T22:00:31.551+0000] {dagbag.py:536} INFO - Filling up the DagBag from /opt/airflow/dags/inventory_returns_dag.py
[2025-05-27T22:00:32.043+0000] {processor.py:839} INFO - DAG(s) dict_keys(['inventory_returns_generation']) retrieved from /opt/airflow/dags/inventory_returns_dag.py
[2025-05-27T22:00:32.072+0000] {logging_mixin.py:154} INFO - [2025-05-27T22:00:32.072+0000] {dag.py:2941} INFO - Sync 1 DAGs
[2025-05-27T22:00:32.080+0000] {logging_mixin.py:154} INFO - [2025-05-27T22:00:32.080+0000] {dag.py:3722} INFO - Setting next_dagrun for inventory_returns_generation to None, run_after=None
[2025-05-27T22:00:32.094+0000] {processor.py:179} INFO - Processing /opt/airflow/dags/inventory_returns_dag.py took 0.575 seconds
[2025-05-27T22:01:02.915+0000] {processor.py:157} INFO - Started process (PID=173) to work on /opt/airflow/dags/inventory_returns_dag.py
[2025-05-27T22:01:02.917+0000] {processor.py:829} INFO - Processing file /opt/airflow/dags/inventory_returns_dag.py for tasks to queue
[2025-05-27T22:01:02.923+0000] {logging_mixin.py:154} INFO - [2025-05-27T22:01:02.922+0000] {dagbag.py:536} INFO - Filling up the DagBag from /opt/airflow/dags/inventory_returns_dag.py
[2025-05-27T22:01:03.438+0000] {processor.py:839} INFO - DAG(s) dict_keys(['inventory_returns_generation']) retrieved from /opt/airflow/dags/inventory_returns_dag.py
[2025-05-27T22:01:03.461+0000] {logging_mixin.py:154} INFO - [2025-05-27T22:01:03.460+0000] {dag.py:2941} INFO - Sync 1 DAGs
[2025-05-27T22:01:03.470+0000] {logging_mixin.py:154} INFO - [2025-05-27T22:01:03.470+0000] {dag.py:3722} INFO - Setting next_dagrun for inventory_returns_generation to None, run_after=None
[2025-05-27T22:01:03.485+0000] {processor.py:179} INFO - Processing /opt/airflow/dags/inventory_returns_dag.py took 0.580 seconds
[2025-05-27T22:01:34.509+0000] {processor.py:157} INFO - Started process (PID=194) to work on /opt/airflow/dags/inventory_returns_dag.py
[2025-05-27T22:01:34.511+0000] {processor.py:829} INFO - Processing file /opt/airflow/dags/inventory_returns_dag.py for tasks to queue
[2025-05-27T22:01:34.519+0000] {logging_mixin.py:154} INFO - [2025-05-27T22:01:34.519+0000] {dagbag.py:536} INFO - Filling up the DagBag from /opt/airflow/dags/inventory_returns_dag.py
[2025-05-27T22:01:35.107+0000] {processor.py:839} INFO - DAG(s) dict_keys(['inventory_returns_generation']) retrieved from /opt/airflow/dags/inventory_returns_dag.py
[2025-05-27T22:01:35.126+0000] {logging_mixin.py:154} INFO - [2025-05-27T22:01:35.125+0000] {dag.py:2941} INFO - Sync 1 DAGs
[2025-05-27T22:01:35.134+0000] {logging_mixin.py:154} INFO - [2025-05-27T22:01:35.134+0000] {dag.py:3722} INFO - Setting next_dagrun for inventory_returns_generation to None, run_after=None
[2025-05-27T22:01:35.154+0000] {processor.py:179} INFO - Processing /opt/airflow/dags/inventory_returns_dag.py took 0.655 seconds
[2025-05-27T22:02:06.067+0000] {processor.py:157} INFO - Started process (PID=211) to work on /opt/airflow/dags/inventory_returns_dag.py
[2025-05-27T22:02:06.070+0000] {processor.py:829} INFO - Processing file /opt/airflow/dags/inventory_returns_dag.py for tasks to queue
[2025-05-27T22:02:06.079+0000] {logging_mixin.py:154} INFO - [2025-05-27T22:02:06.078+0000] {dagbag.py:536} INFO - Filling up the DagBag from /opt/airflow/dags/inventory_returns_dag.py
[2025-05-27T22:02:06.756+0000] {processor.py:839} INFO - DAG(s) dict_keys(['inventory_returns_generation']) retrieved from /opt/airflow/dags/inventory_returns_dag.py
[2025-05-27T22:02:06.799+0000] {logging_mixin.py:154} INFO - [2025-05-27T22:02:06.798+0000] {dag.py:2941} INFO - Sync 1 DAGs
[2025-05-27T22:02:06.811+0000] {logging_mixin.py:154} INFO - [2025-05-27T22:02:06.811+0000] {dag.py:3722} INFO - Setting next_dagrun for inventory_returns_generation to None, run_after=None
[2025-05-27T22:02:06.825+0000] {processor.py:179} INFO - Processing /opt/airflow/dags/inventory_returns_dag.py took 0.769 seconds
[2025-05-27T22:02:37.777+0000] {processor.py:157} INFO - Started process (PID=228) to work on /opt/airflow/dags/inventory_returns_dag.py
[2025-05-27T22:02:37.781+0000] {processor.py:829} INFO - Processing file /opt/airflow/dags/inventory_returns_dag.py for tasks to queue
[2025-05-27T22:02:37.787+0000] {logging_mixin.py:154} INFO - [2025-05-27T22:02:37.786+0000] {dagbag.py:536} INFO - Filling up the DagBag from /opt/airflow/dags/inventory_returns_dag.py
[2025-05-27T22:02:38.627+0000] {processor.py:839} INFO - DAG(s) dict_keys(['inventory_returns_generation']) retrieved from /opt/airflow/dags/inventory_returns_dag.py
[2025-05-27T22:02:38.692+0000] {logging_mixin.py:154} INFO - [2025-05-27T22:02:38.691+0000] {dag.py:2941} INFO - Sync 1 DAGs
[2025-05-27T22:02:38.705+0000] {logging_mixin.py:154} INFO - [2025-05-27T22:02:38.705+0000] {dag.py:3722} INFO - Setting next_dagrun for inventory_returns_generation to None, run_after=None
[2025-05-27T22:02:38.731+0000] {processor.py:179} INFO - Processing /opt/airflow/dags/inventory_returns_dag.py took 0.968 seconds
[2025-05-27T22:03:09.557+0000] {processor.py:157} INFO - Started process (PID=245) to work on /opt/airflow/dags/inventory_returns_dag.py
[2025-05-27T22:03:09.564+0000] {processor.py:829} INFO - Processing file /opt/airflow/dags/inventory_returns_dag.py for tasks to queue
[2025-05-27T22:03:09.576+0000] {logging_mixin.py:154} INFO - [2025-05-27T22:03:09.575+0000] {dagbag.py:536} INFO - Filling up the DagBag from /opt/airflow/dags/inventory_returns_dag.py
[2025-05-27T22:03:10.361+0000] {processor.py:839} INFO - DAG(s) dict_keys(['inventory_returns_generation']) retrieved from /opt/airflow/dags/inventory_returns_dag.py
[2025-05-27T22:03:10.417+0000] {logging_mixin.py:154} INFO - [2025-05-27T22:03:10.416+0000] {dag.py:2941} INFO - Sync 1 DAGs
[2025-05-27T22:03:10.429+0000] {logging_mixin.py:154} INFO - [2025-05-27T22:03:10.428+0000] {dag.py:3722} INFO - Setting next_dagrun for inventory_returns_generation to None, run_after=None
[2025-05-27T22:03:10.442+0000] {processor.py:179} INFO - Processing /opt/airflow/dags/inventory_returns_dag.py took 0.903 seconds
[2025-05-27T22:03:40.665+0000] {processor.py:157} INFO - Started process (PID=262) to work on /opt/airflow/dags/inventory_returns_dag.py
[2025-05-27T22:03:40.673+0000] {processor.py:829} INFO - Processing file /opt/airflow/dags/inventory_returns_dag.py for tasks to queue
[2025-05-27T22:03:40.684+0000] {logging_mixin.py:154} INFO - [2025-05-27T22:03:40.682+0000] {dagbag.py:536} INFO - Filling up the DagBag from /opt/airflow/dags/inventory_returns_dag.py
[2025-05-27T22:03:41.717+0000] {processor.py:839} INFO - DAG(s) dict_keys(['inventory_returns_generation']) retrieved from /opt/airflow/dags/inventory_returns_dag.py
[2025-05-27T22:03:41.773+0000] {logging_mixin.py:154} INFO - [2025-05-27T22:03:41.772+0000] {dag.py:2941} INFO - Sync 1 DAGs
[2025-05-27T22:03:41.786+0000] {logging_mixin.py:154} INFO - [2025-05-27T22:03:41.786+0000] {dag.py:3722} INFO - Setting next_dagrun for inventory_returns_generation to None, run_after=None
[2025-05-27T22:03:41.807+0000] {processor.py:179} INFO - Processing /opt/airflow/dags/inventory_returns_dag.py took 1.154 seconds
[2025-05-27T22:04:12.486+0000] {processor.py:157} INFO - Started process (PID=279) to work on /opt/airflow/dags/inventory_returns_dag.py
[2025-05-27T22:04:12.489+0000] {processor.py:829} INFO - Processing file /opt/airflow/dags/inventory_returns_dag.py for tasks to queue
[2025-05-27T22:04:12.498+0000] {logging_mixin.py:154} INFO - [2025-05-27T22:04:12.497+0000] {dagbag.py:536} INFO - Filling up the DagBag from /opt/airflow/dags/inventory_returns_dag.py
[2025-05-27T22:04:13.018+0000] {processor.py:839} INFO - DAG(s) dict_keys(['inventory_returns_generation']) retrieved from /opt/airflow/dags/inventory_returns_dag.py
[2025-05-27T22:04:13.045+0000] {logging_mixin.py:154} INFO - [2025-05-27T22:04:13.045+0000] {dag.py:2941} INFO - Sync 1 DAGs
[2025-05-27T22:04:13.056+0000] {logging_mixin.py:154} INFO - [2025-05-27T22:04:13.055+0000] {dag.py:3722} INFO - Setting next_dagrun for inventory_returns_generation to None, run_after=None
[2025-05-27T22:04:13.073+0000] {processor.py:179} INFO - Processing /opt/airflow/dags/inventory_returns_dag.py took 0.598 seconds
[2025-05-27T22:04:44.089+0000] {processor.py:157} INFO - Started process (PID=296) to work on /opt/airflow/dags/inventory_returns_dag.py
[2025-05-27T22:04:44.092+0000] {processor.py:829} INFO - Processing file /opt/airflow/dags/inventory_returns_dag.py for tasks to queue
[2025-05-27T22:04:44.098+0000] {logging_mixin.py:154} INFO - [2025-05-27T22:04:44.097+0000] {dagbag.py:536} INFO - Filling up the DagBag from /opt/airflow/dags/inventory_returns_dag.py
[2025-05-27T22:04:44.730+0000] {processor.py:839} INFO - DAG(s) dict_keys(['inventory_returns_generation']) retrieved from /opt/airflow/dags/inventory_returns_dag.py
[2025-05-27T22:04:44.766+0000] {logging_mixin.py:154} INFO - [2025-05-27T22:04:44.765+0000] {dag.py:2941} INFO - Sync 1 DAGs
[2025-05-27T22:04:44.779+0000] {logging_mixin.py:154} INFO - [2025-05-27T22:04:44.779+0000] {dag.py:3722} INFO - Setting next_dagrun for inventory_returns_generation to None, run_after=None
[2025-05-27T22:04:44.800+0000] {processor.py:179} INFO - Processing /opt/airflow/dags/inventory_returns_dag.py took 0.729 seconds
[2025-05-27T22:05:14.896+0000] {processor.py:157} INFO - Started process (PID=313) to work on /opt/airflow/dags/inventory_returns_dag.py
[2025-05-27T22:05:14.897+0000] {processor.py:829} INFO - Processing file /opt/airflow/dags/inventory_returns_dag.py for tasks to queue
[2025-05-27T22:05:14.906+0000] {logging_mixin.py:154} INFO - [2025-05-27T22:05:14.905+0000] {dagbag.py:536} INFO - Filling up the DagBag from /opt/airflow/dags/inventory_returns_dag.py
[2025-05-27T22:05:15.422+0000] {processor.py:839} INFO - DAG(s) dict_keys(['inventory_returns_generation']) retrieved from /opt/airflow/dags/inventory_returns_dag.py
[2025-05-27T22:05:15.440+0000] {logging_mixin.py:154} INFO - [2025-05-27T22:05:15.439+0000] {dag.py:2941} INFO - Sync 1 DAGs
[2025-05-27T22:05:15.446+0000] {logging_mixin.py:154} INFO - [2025-05-27T22:05:15.446+0000] {dag.py:3722} INFO - Setting next_dagrun for inventory_returns_generation to None, run_after=None
[2025-05-27T22:05:15.466+0000] {processor.py:179} INFO - Processing /opt/airflow/dags/inventory_returns_dag.py took 0.576 seconds
[2025-05-27T22:05:46.204+0000] {processor.py:157} INFO - Started process (PID=330) to work on /opt/airflow/dags/inventory_returns_dag.py
[2025-05-27T22:05:46.211+0000] {processor.py:829} INFO - Processing file /opt/airflow/dags/inventory_returns_dag.py for tasks to queue
[2025-05-27T22:05:46.218+0000] {logging_mixin.py:154} INFO - [2025-05-27T22:05:46.217+0000] {dagbag.py:536} INFO - Filling up the DagBag from /opt/airflow/dags/inventory_returns_dag.py
[2025-05-27T22:05:47.557+0000] {processor.py:839} INFO - DAG(s) dict_keys(['inventory_returns_generation']) retrieved from /opt/airflow/dags/inventory_returns_dag.py
[2025-05-27T22:05:47.613+0000] {logging_mixin.py:154} INFO - [2025-05-27T22:05:47.612+0000] {dag.py:2941} INFO - Sync 1 DAGs
[2025-05-27T22:05:47.636+0000] {logging_mixin.py:154} INFO - [2025-05-27T22:05:47.636+0000] {dag.py:3722} INFO - Setting next_dagrun for inventory_returns_generation to None, run_after=None
[2025-05-27T22:05:47.665+0000] {processor.py:179} INFO - Processing /opt/airflow/dags/inventory_returns_dag.py took 1.465 seconds
[2025-05-27T22:06:18.048+0000] {processor.py:157} INFO - Started process (PID=347) to work on /opt/airflow/dags/inventory_returns_dag.py
[2025-05-27T22:06:18.050+0000] {processor.py:829} INFO - Processing file /opt/airflow/dags/inventory_returns_dag.py for tasks to queue
[2025-05-27T22:06:18.056+0000] {logging_mixin.py:154} INFO - [2025-05-27T22:06:18.055+0000] {dagbag.py:536} INFO - Filling up the DagBag from /opt/airflow/dags/inventory_returns_dag.py
[2025-05-27T22:06:18.679+0000] {processor.py:839} INFO - DAG(s) dict_keys(['inventory_returns_generation']) retrieved from /opt/airflow/dags/inventory_returns_dag.py
[2025-05-27T22:06:18.705+0000] {logging_mixin.py:154} INFO - [2025-05-27T22:06:18.704+0000] {dag.py:2941} INFO - Sync 1 DAGs
[2025-05-27T22:06:18.713+0000] {logging_mixin.py:154} INFO - [2025-05-27T22:06:18.713+0000] {dag.py:3722} INFO - Setting next_dagrun for inventory_returns_generation to None, run_after=None
[2025-05-27T22:06:18.726+0000] {processor.py:179} INFO - Processing /opt/airflow/dags/inventory_returns_dag.py took 0.694 seconds
[2025-05-27T22:06:49.505+0000] {processor.py:157} INFO - Started process (PID=364) to work on /opt/airflow/dags/inventory_returns_dag.py
[2025-05-27T22:06:49.507+0000] {processor.py:829} INFO - Processing file /opt/airflow/dags/inventory_returns_dag.py for tasks to queue
[2025-05-27T22:06:49.512+0000] {logging_mixin.py:154} INFO - [2025-05-27T22:06:49.511+0000] {dagbag.py:536} INFO - Filling up the DagBag from /opt/airflow/dags/inventory_returns_dag.py
[2025-05-27T22:06:49.967+0000] {processor.py:839} INFO - DAG(s) dict_keys(['inventory_returns_generation']) retrieved from /opt/airflow/dags/inventory_returns_dag.py
[2025-05-27T22:06:49.997+0000] {logging_mixin.py:154} INFO - [2025-05-27T22:06:49.996+0000] {dag.py:2941} INFO - Sync 1 DAGs
[2025-05-27T22:06:50.004+0000] {logging_mixin.py:154} INFO - [2025-05-27T22:06:50.004+0000] {dag.py:3722} INFO - Setting next_dagrun for inventory_returns_generation to None, run_after=None
[2025-05-27T22:06:50.018+0000] {processor.py:179} INFO - Processing /opt/airflow/dags/inventory_returns_dag.py took 0.525 seconds
[2025-05-27T22:07:20.782+0000] {processor.py:157} INFO - Started process (PID=381) to work on /opt/airflow/dags/inventory_returns_dag.py
[2025-05-27T22:07:20.787+0000] {processor.py:829} INFO - Processing file /opt/airflow/dags/inventory_returns_dag.py for tasks to queue
[2025-05-27T22:07:20.796+0000] {logging_mixin.py:154} INFO - [2025-05-27T22:07:20.795+0000] {dagbag.py:536} INFO - Filling up the DagBag from /opt/airflow/dags/inventory_returns_dag.py
[2025-05-27T22:07:21.305+0000] {processor.py:839} INFO - DAG(s) dict_keys(['inventory_returns_generation']) retrieved from /opt/airflow/dags/inventory_returns_dag.py
[2025-05-27T22:07:21.330+0000] {logging_mixin.py:154} INFO - [2025-05-27T22:07:21.329+0000] {dag.py:2941} INFO - Sync 1 DAGs
[2025-05-27T22:07:21.337+0000] {logging_mixin.py:154} INFO - [2025-05-27T22:07:21.337+0000] {dag.py:3722} INFO - Setting next_dagrun for inventory_returns_generation to None, run_after=None
[2025-05-27T22:07:21.353+0000] {processor.py:179} INFO - Processing /opt/airflow/dags/inventory_returns_dag.py took 0.584 seconds
[2025-05-27T22:08:31.666+0000] {processor.py:157} INFO - Started process (PID=59) to work on /opt/airflow/dags/inventory_returns_dag.py
[2025-05-27T22:08:31.670+0000] {processor.py:829} INFO - Processing file /opt/airflow/dags/inventory_returns_dag.py for tasks to queue
[2025-05-27T22:08:31.673+0000] {logging_mixin.py:154} INFO - [2025-05-27T22:08:31.672+0000] {dagbag.py:536} INFO - Filling up the DagBag from /opt/airflow/dags/inventory_returns_dag.py
[2025-05-27T22:08:33.777+0000] {processor.py:839} INFO - DAG(s) dict_keys(['inventory_returns_generation']) retrieved from /opt/airflow/dags/inventory_returns_dag.py
[2025-05-27T22:08:34.134+0000] {logging_mixin.py:154} INFO - [2025-05-27T22:08:34.134+0000] {dag.py:2941} INFO - Sync 1 DAGs
[2025-05-27T22:08:34.151+0000] {logging_mixin.py:154} INFO - [2025-05-27T22:08:34.150+0000] {dag.py:3722} INFO - Setting next_dagrun for inventory_returns_generation to None, run_after=None
[2025-05-27T22:08:34.183+0000] {processor.py:179} INFO - Processing /opt/airflow/dags/inventory_returns_dag.py took 2.541 seconds
[2025-05-27T22:09:04.541+0000] {processor.py:157} INFO - Started process (PID=76) to work on /opt/airflow/dags/inventory_returns_dag.py
[2025-05-27T22:09:04.543+0000] {processor.py:829} INFO - Processing file /opt/airflow/dags/inventory_returns_dag.py for tasks to queue
[2025-05-27T22:09:04.550+0000] {logging_mixin.py:154} INFO - [2025-05-27T22:09:04.550+0000] {dagbag.py:536} INFO - Filling up the DagBag from /opt/airflow/dags/inventory_returns_dag.py
[2025-05-27T22:09:05.079+0000] {processor.py:839} INFO - DAG(s) dict_keys(['inventory_returns_generation']) retrieved from /opt/airflow/dags/inventory_returns_dag.py
[2025-05-27T22:09:05.097+0000] {logging_mixin.py:154} INFO - [2025-05-27T22:09:05.097+0000] {dag.py:2941} INFO - Sync 1 DAGs
[2025-05-27T22:09:05.107+0000] {logging_mixin.py:154} INFO - [2025-05-27T22:09:05.106+0000] {dag.py:3722} INFO - Setting next_dagrun for inventory_returns_generation to None, run_after=None
[2025-05-27T22:09:05.121+0000] {processor.py:179} INFO - Processing /opt/airflow/dags/inventory_returns_dag.py took 0.587 seconds
[2025-05-27T22:09:35.864+0000] {processor.py:157} INFO - Started process (PID=99) to work on /opt/airflow/dags/inventory_returns_dag.py
[2025-05-27T22:09:35.870+0000] {processor.py:829} INFO - Processing file /opt/airflow/dags/inventory_returns_dag.py for tasks to queue
[2025-05-27T22:09:35.878+0000] {logging_mixin.py:154} INFO - [2025-05-27T22:09:35.873+0000] {dagbag.py:536} INFO - Filling up the DagBag from /opt/airflow/dags/inventory_returns_dag.py
[2025-05-27T22:09:36.356+0000] {processor.py:839} INFO - DAG(s) dict_keys(['inventory_returns_generation']) retrieved from /opt/airflow/dags/inventory_returns_dag.py
[2025-05-27T22:09:36.381+0000] {logging_mixin.py:154} INFO - [2025-05-27T22:09:36.380+0000] {dag.py:2941} INFO - Sync 1 DAGs
[2025-05-27T22:09:36.388+0000] {logging_mixin.py:154} INFO - [2025-05-27T22:09:36.388+0000] {dag.py:3722} INFO - Setting next_dagrun for inventory_returns_generation to None, run_after=None
[2025-05-27T22:09:36.399+0000] {processor.py:179} INFO - Processing /opt/airflow/dags/inventory_returns_dag.py took 0.541 seconds
[2025-05-27T22:10:07.074+0000] {processor.py:157} INFO - Started process (PID=116) to work on /opt/airflow/dags/inventory_returns_dag.py
[2025-05-27T22:10:07.076+0000] {processor.py:829} INFO - Processing file /opt/airflow/dags/inventory_returns_dag.py for tasks to queue
[2025-05-27T22:10:07.087+0000] {logging_mixin.py:154} INFO - [2025-05-27T22:10:07.087+0000] {dagbag.py:536} INFO - Filling up the DagBag from /opt/airflow/dags/inventory_returns_dag.py
[2025-05-27T22:10:07.520+0000] {processor.py:839} INFO - DAG(s) dict_keys(['inventory_returns_generation']) retrieved from /opt/airflow/dags/inventory_returns_dag.py
[2025-05-27T22:10:07.537+0000] {logging_mixin.py:154} INFO - [2025-05-27T22:10:07.536+0000] {dag.py:2941} INFO - Sync 1 DAGs
[2025-05-27T22:10:07.548+0000] {logging_mixin.py:154} INFO - [2025-05-27T22:10:07.548+0000] {dag.py:3722} INFO - Setting next_dagrun for inventory_returns_generation to None, run_after=None
[2025-05-27T22:10:07.563+0000] {processor.py:179} INFO - Processing /opt/airflow/dags/inventory_returns_dag.py took 0.499 seconds
[2025-05-27T22:10:38.288+0000] {processor.py:157} INFO - Started process (PID=133) to work on /opt/airflow/dags/inventory_returns_dag.py
[2025-05-27T22:10:38.289+0000] {processor.py:829} INFO - Processing file /opt/airflow/dags/inventory_returns_dag.py for tasks to queue
[2025-05-27T22:10:38.296+0000] {logging_mixin.py:154} INFO - [2025-05-27T22:10:38.295+0000] {dagbag.py:536} INFO - Filling up the DagBag from /opt/airflow/dags/inventory_returns_dag.py
[2025-05-27T22:10:38.693+0000] {processor.py:839} INFO - DAG(s) dict_keys(['inventory_returns_generation']) retrieved from /opt/airflow/dags/inventory_returns_dag.py
[2025-05-27T22:10:38.708+0000] {logging_mixin.py:154} INFO - [2025-05-27T22:10:38.707+0000] {dag.py:2941} INFO - Sync 1 DAGs
[2025-05-27T22:10:38.716+0000] {logging_mixin.py:154} INFO - [2025-05-27T22:10:38.716+0000] {dag.py:3722} INFO - Setting next_dagrun for inventory_returns_generation to None, run_after=None
[2025-05-27T22:10:38.729+0000] {processor.py:179} INFO - Processing /opt/airflow/dags/inventory_returns_dag.py took 0.447 seconds
[2025-05-27T22:11:09.412+0000] {processor.py:157} INFO - Started process (PID=150) to work on /opt/airflow/dags/inventory_returns_dag.py
[2025-05-27T22:11:09.414+0000] {processor.py:829} INFO - Processing file /opt/airflow/dags/inventory_returns_dag.py for tasks to queue
[2025-05-27T22:11:09.418+0000] {logging_mixin.py:154} INFO - [2025-05-27T22:11:09.418+0000] {dagbag.py:536} INFO - Filling up the DagBag from /opt/airflow/dags/inventory_returns_dag.py
[2025-05-27T22:11:10.321+0000] {processor.py:839} INFO - DAG(s) dict_keys(['inventory_returns_generation']) retrieved from /opt/airflow/dags/inventory_returns_dag.py
[2025-05-27T22:11:10.346+0000] {logging_mixin.py:154} INFO - [2025-05-27T22:11:10.346+0000] {dag.py:2941} INFO - Sync 1 DAGs
[2025-05-27T22:11:10.355+0000] {logging_mixin.py:154} INFO - [2025-05-27T22:11:10.355+0000] {dag.py:3722} INFO - Setting next_dagrun for inventory_returns_generation to None, run_after=None
[2025-05-27T22:11:10.371+0000] {processor.py:179} INFO - Processing /opt/airflow/dags/inventory_returns_dag.py took 0.970 seconds
[2025-05-27T22:11:41.432+0000] {processor.py:157} INFO - Started process (PID=171) to work on /opt/airflow/dags/inventory_returns_dag.py
[2025-05-27T22:11:41.433+0000] {processor.py:829} INFO - Processing file /opt/airflow/dags/inventory_returns_dag.py for tasks to queue
[2025-05-27T22:11:41.437+0000] {logging_mixin.py:154} INFO - [2025-05-27T22:11:41.437+0000] {dagbag.py:536} INFO - Filling up the DagBag from /opt/airflow/dags/inventory_returns_dag.py
[2025-05-27T22:11:42.264+0000] {processor.py:839} INFO - DAG(s) dict_keys(['inventory_returns_generation']) retrieved from /opt/airflow/dags/inventory_returns_dag.py
[2025-05-27T22:11:42.305+0000] {logging_mixin.py:154} INFO - [2025-05-27T22:11:42.305+0000] {dag.py:2941} INFO - Sync 1 DAGs
[2025-05-27T22:11:42.316+0000] {logging_mixin.py:154} INFO - [2025-05-27T22:11:42.316+0000] {dag.py:3722} INFO - Setting next_dagrun for inventory_returns_generation to None, run_after=None
[2025-05-27T22:11:42.329+0000] {processor.py:179} INFO - Processing /opt/airflow/dags/inventory_returns_dag.py took 0.904 seconds
[2025-05-27T22:12:13.285+0000] {processor.py:157} INFO - Started process (PID=188) to work on /opt/airflow/dags/inventory_returns_dag.py
[2025-05-27T22:12:13.287+0000] {processor.py:829} INFO - Processing file /opt/airflow/dags/inventory_returns_dag.py for tasks to queue
[2025-05-27T22:12:13.297+0000] {logging_mixin.py:154} INFO - [2025-05-27T22:12:13.297+0000] {dagbag.py:536} INFO - Filling up the DagBag from /opt/airflow/dags/inventory_returns_dag.py
[2025-05-27T22:12:13.729+0000] {processor.py:839} INFO - DAG(s) dict_keys(['inventory_returns_generation']) retrieved from /opt/airflow/dags/inventory_returns_dag.py
[2025-05-27T22:12:13.758+0000] {logging_mixin.py:154} INFO - [2025-05-27T22:12:13.758+0000] {dag.py:2941} INFO - Sync 1 DAGs
[2025-05-27T22:12:13.769+0000] {logging_mixin.py:154} INFO - [2025-05-27T22:12:13.769+0000] {dag.py:3722} INFO - Setting next_dagrun for inventory_returns_generation to None, run_after=None
[2025-05-27T22:12:13.782+0000] {processor.py:179} INFO - Processing /opt/airflow/dags/inventory_returns_dag.py took 0.502 seconds
[2025-05-27T22:12:44.637+0000] {processor.py:157} INFO - Started process (PID=205) to work on /opt/airflow/dags/inventory_returns_dag.py
[2025-05-27T22:12:44.638+0000] {processor.py:829} INFO - Processing file /opt/airflow/dags/inventory_returns_dag.py for tasks to queue
[2025-05-27T22:12:44.646+0000] {logging_mixin.py:154} INFO - [2025-05-27T22:12:44.645+0000] {dagbag.py:536} INFO - Filling up the DagBag from /opt/airflow/dags/inventory_returns_dag.py
[2025-05-27T22:12:45.229+0000] {processor.py:839} INFO - DAG(s) dict_keys(['inventory_returns_generation']) retrieved from /opt/airflow/dags/inventory_returns_dag.py
[2025-05-27T22:12:45.260+0000] {logging_mixin.py:154} INFO - [2025-05-27T22:12:45.260+0000] {dag.py:2941} INFO - Sync 1 DAGs
[2025-05-27T22:12:45.267+0000] {logging_mixin.py:154} INFO - [2025-05-27T22:12:45.267+0000] {dag.py:3722} INFO - Setting next_dagrun for inventory_returns_generation to None, run_after=None
[2025-05-27T22:12:45.289+0000] {processor.py:179} INFO - Processing /opt/airflow/dags/inventory_returns_dag.py took 0.666 seconds
[2025-05-27T22:13:16.317+0000] {processor.py:157} INFO - Started process (PID=222) to work on /opt/airflow/dags/inventory_returns_dag.py
[2025-05-27T22:13:16.322+0000] {processor.py:829} INFO - Processing file /opt/airflow/dags/inventory_returns_dag.py for tasks to queue
[2025-05-27T22:13:16.333+0000] {logging_mixin.py:154} INFO - [2025-05-27T22:13:16.332+0000] {dagbag.py:536} INFO - Filling up the DagBag from /opt/airflow/dags/inventory_returns_dag.py
[2025-05-27T22:13:16.903+0000] {processor.py:839} INFO - DAG(s) dict_keys(['inventory_returns_generation']) retrieved from /opt/airflow/dags/inventory_returns_dag.py
[2025-05-27T22:13:16.923+0000] {logging_mixin.py:154} INFO - [2025-05-27T22:13:16.922+0000] {dag.py:2941} INFO - Sync 1 DAGs
[2025-05-27T22:13:16.931+0000] {logging_mixin.py:154} INFO - [2025-05-27T22:13:16.931+0000] {dag.py:3722} INFO - Setting next_dagrun for inventory_returns_generation to None, run_after=None
[2025-05-27T22:13:16.948+0000] {processor.py:179} INFO - Processing /opt/airflow/dags/inventory_returns_dag.py took 0.652 seconds
[2025-05-27T22:13:47.316+0000] {processor.py:157} INFO - Started process (PID=239) to work on /opt/airflow/dags/inventory_returns_dag.py
[2025-05-27T22:13:47.318+0000] {processor.py:829} INFO - Processing file /opt/airflow/dags/inventory_returns_dag.py for tasks to queue
[2025-05-27T22:13:47.326+0000] {logging_mixin.py:154} INFO - [2025-05-27T22:13:47.325+0000] {dagbag.py:536} INFO - Filling up the DagBag from /opt/airflow/dags/inventory_returns_dag.py
[2025-05-27T22:13:47.952+0000] {processor.py:839} INFO - DAG(s) dict_keys(['inventory_returns_generation']) retrieved from /opt/airflow/dags/inventory_returns_dag.py
[2025-05-27T22:13:48.027+0000] {logging_mixin.py:154} INFO - [2025-05-27T22:13:48.025+0000] {dag.py:2941} INFO - Sync 1 DAGs
[2025-05-27T22:13:48.089+0000] {logging_mixin.py:154} INFO - [2025-05-27T22:13:48.088+0000] {dag.py:3722} INFO - Setting next_dagrun for inventory_returns_generation to None, run_after=None
[2025-05-27T22:13:48.201+0000] {processor.py:179} INFO - Processing /opt/airflow/dags/inventory_returns_dag.py took 0.900 seconds
[2025-05-27T22:14:32.251+0000] {processor.py:157} INFO - Started process (PID=59) to work on /opt/airflow/dags/inventory_returns_dag.py
[2025-05-27T22:14:32.257+0000] {processor.py:829} INFO - Processing file /opt/airflow/dags/inventory_returns_dag.py for tasks to queue
[2025-05-27T22:14:32.263+0000] {logging_mixin.py:154} INFO - [2025-05-27T22:14:32.262+0000] {dagbag.py:536} INFO - Filling up the DagBag from /opt/airflow/dags/inventory_returns_dag.py
[2025-05-27T22:14:34.393+0000] {processor.py:839} INFO - DAG(s) dict_keys(['inventory_returns_generation']) retrieved from /opt/airflow/dags/inventory_returns_dag.py
[2025-05-27T22:14:34.770+0000] {logging_mixin.py:154} INFO - [2025-05-27T22:14:34.769+0000] {dag.py:2941} INFO - Sync 1 DAGs
[2025-05-27T22:14:34.794+0000] {logging_mixin.py:154} INFO - [2025-05-27T22:14:34.793+0000] {dag.py:3722} INFO - Setting next_dagrun for inventory_returns_generation to None, run_after=None
[2025-05-27T22:14:34.831+0000] {processor.py:179} INFO - Processing /opt/airflow/dags/inventory_returns_dag.py took 2.588 seconds
[2025-05-27T22:15:05.465+0000] {processor.py:157} INFO - Started process (PID=76) to work on /opt/airflow/dags/inventory_returns_dag.py
[2025-05-27T22:15:05.467+0000] {processor.py:829} INFO - Processing file /opt/airflow/dags/inventory_returns_dag.py for tasks to queue
[2025-05-27T22:15:05.473+0000] {logging_mixin.py:154} INFO - [2025-05-27T22:15:05.472+0000] {dagbag.py:536} INFO - Filling up the DagBag from /opt/airflow/dags/inventory_returns_dag.py
[2025-05-27T22:15:05.939+0000] {processor.py:839} INFO - DAG(s) dict_keys(['inventory_returns_generation']) retrieved from /opt/airflow/dags/inventory_returns_dag.py
[2025-05-27T22:15:05.962+0000] {logging_mixin.py:154} INFO - [2025-05-27T22:15:05.962+0000] {dag.py:2941} INFO - Sync 1 DAGs
[2025-05-27T22:15:05.971+0000] {logging_mixin.py:154} INFO - [2025-05-27T22:15:05.971+0000] {dag.py:3722} INFO - Setting next_dagrun for inventory_returns_generation to None, run_after=None
[2025-05-27T22:15:05.983+0000] {processor.py:179} INFO - Processing /opt/airflow/dags/inventory_returns_dag.py took 0.533 seconds
[2025-05-27T22:15:36.750+0000] {processor.py:157} INFO - Started process (PID=93) to work on /opt/airflow/dags/inventory_returns_dag.py
[2025-05-27T22:15:36.751+0000] {processor.py:829} INFO - Processing file /opt/airflow/dags/inventory_returns_dag.py for tasks to queue
[2025-05-27T22:15:36.754+0000] {logging_mixin.py:154} INFO - [2025-05-27T22:15:36.754+0000] {dagbag.py:536} INFO - Filling up the DagBag from /opt/airflow/dags/inventory_returns_dag.py
[2025-05-27T22:15:37.191+0000] {processor.py:839} INFO - DAG(s) dict_keys(['inventory_returns_generation']) retrieved from /opt/airflow/dags/inventory_returns_dag.py
[2025-05-27T22:15:37.216+0000] {logging_mixin.py:154} INFO - [2025-05-27T22:15:37.215+0000] {dag.py:2941} INFO - Sync 1 DAGs
[2025-05-27T22:15:37.223+0000] {logging_mixin.py:154} INFO - [2025-05-27T22:15:37.223+0000] {dag.py:3722} INFO - Setting next_dagrun for inventory_returns_generation to None, run_after=None
[2025-05-27T22:15:37.235+0000] {processor.py:179} INFO - Processing /opt/airflow/dags/inventory_returns_dag.py took 0.489 seconds
[2025-05-27T22:16:08.000+0000] {processor.py:157} INFO - Started process (PID=117) to work on /opt/airflow/dags/inventory_returns_dag.py
[2025-05-27T22:16:08.001+0000] {processor.py:829} INFO - Processing file /opt/airflow/dags/inventory_returns_dag.py for tasks to queue
[2025-05-27T22:16:08.005+0000] {logging_mixin.py:154} INFO - [2025-05-27T22:16:08.004+0000] {dagbag.py:536} INFO - Filling up the DagBag from /opt/airflow/dags/inventory_returns_dag.py
[2025-05-27T22:16:08.390+0000] {processor.py:839} INFO - DAG(s) dict_keys(['inventory_returns_generation']) retrieved from /opt/airflow/dags/inventory_returns_dag.py
[2025-05-27T22:16:08.407+0000] {logging_mixin.py:154} INFO - [2025-05-27T22:16:08.407+0000] {dag.py:2941} INFO - Sync 1 DAGs
[2025-05-27T22:16:08.416+0000] {logging_mixin.py:154} INFO - [2025-05-27T22:16:08.415+0000] {dag.py:3722} INFO - Setting next_dagrun for inventory_returns_generation to None, run_after=None
[2025-05-27T22:16:08.428+0000] {processor.py:179} INFO - Processing /opt/airflow/dags/inventory_returns_dag.py took 0.434 seconds
[2025-05-27T22:16:39.097+0000] {processor.py:157} INFO - Started process (PID=138) to work on /opt/airflow/dags/inventory_returns_dag.py
[2025-05-27T22:16:39.098+0000] {processor.py:829} INFO - Processing file /opt/airflow/dags/inventory_returns_dag.py for tasks to queue
[2025-05-27T22:16:39.100+0000] {logging_mixin.py:154} INFO - [2025-05-27T22:16:39.100+0000] {dagbag.py:536} INFO - Filling up the DagBag from /opt/airflow/dags/inventory_returns_dag.py
[2025-05-27T22:16:39.559+0000] {processor.py:839} INFO - DAG(s) dict_keys(['inventory_returns_generation']) retrieved from /opt/airflow/dags/inventory_returns_dag.py
[2025-05-27T22:16:39.586+0000] {logging_mixin.py:154} INFO - [2025-05-27T22:16:39.586+0000] {dag.py:2941} INFO - Sync 1 DAGs
[2025-05-27T22:16:39.595+0000] {logging_mixin.py:154} INFO - [2025-05-27T22:16:39.595+0000] {dag.py:3722} INFO - Setting next_dagrun for inventory_returns_generation to None, run_after=None
[2025-05-27T22:16:39.610+0000] {processor.py:179} INFO - Processing /opt/airflow/dags/inventory_returns_dag.py took 0.517 seconds
[2025-05-27T22:17:09.918+0000] {processor.py:157} INFO - Started process (PID=155) to work on /opt/airflow/dags/inventory_returns_dag.py
[2025-05-27T22:17:09.921+0000] {processor.py:829} INFO - Processing file /opt/airflow/dags/inventory_returns_dag.py for tasks to queue
[2025-05-27T22:17:09.927+0000] {logging_mixin.py:154} INFO - [2025-05-27T22:17:09.925+0000] {dagbag.py:536} INFO - Filling up the DagBag from /opt/airflow/dags/inventory_returns_dag.py
[2025-05-27T22:17:10.621+0000] {processor.py:839} INFO - DAG(s) dict_keys(['inventory_returns_generation']) retrieved from /opt/airflow/dags/inventory_returns_dag.py
[2025-05-27T22:17:10.642+0000] {logging_mixin.py:154} INFO - [2025-05-27T22:17:10.642+0000] {dag.py:2941} INFO - Sync 1 DAGs
[2025-05-27T22:17:10.653+0000] {logging_mixin.py:154} INFO - [2025-05-27T22:17:10.653+0000] {dag.py:3722} INFO - Setting next_dagrun for inventory_returns_generation to None, run_after=None
[2025-05-27T22:17:10.678+0000] {processor.py:179} INFO - Processing /opt/airflow/dags/inventory_returns_dag.py took 0.771 seconds
[2025-05-27T22:17:40.828+0000] {processor.py:157} INFO - Started process (PID=176) to work on /opt/airflow/dags/inventory_returns_dag.py
[2025-05-27T22:17:40.829+0000] {processor.py:829} INFO - Processing file /opt/airflow/dags/inventory_returns_dag.py for tasks to queue
[2025-05-27T22:17:40.832+0000] {logging_mixin.py:154} INFO - [2025-05-27T22:17:40.832+0000] {dagbag.py:536} INFO - Filling up the DagBag from /opt/airflow/dags/inventory_returns_dag.py
[2025-05-27T22:17:41.438+0000] {processor.py:839} INFO - DAG(s) dict_keys(['inventory_returns_generation']) retrieved from /opt/airflow/dags/inventory_returns_dag.py
[2025-05-27T22:17:41.467+0000] {logging_mixin.py:154} INFO - [2025-05-27T22:17:41.467+0000] {dag.py:2941} INFO - Sync 1 DAGs
[2025-05-27T22:17:41.476+0000] {logging_mixin.py:154} INFO - [2025-05-27T22:17:41.476+0000] {dag.py:3722} INFO - Setting next_dagrun for inventory_returns_generation to None, run_after=None
[2025-05-27T22:17:41.495+0000] {processor.py:179} INFO - Processing /opt/airflow/dags/inventory_returns_dag.py took 0.673 seconds
[2025-05-27T22:18:11.562+0000] {processor.py:157} INFO - Started process (PID=201) to work on /opt/airflow/dags/inventory_returns_dag.py
[2025-05-27T22:18:11.563+0000] {processor.py:829} INFO - Processing file /opt/airflow/dags/inventory_returns_dag.py for tasks to queue
[2025-05-27T22:18:11.567+0000] {logging_mixin.py:154} INFO - [2025-05-27T22:18:11.567+0000] {dagbag.py:536} INFO - Filling up the DagBag from /opt/airflow/dags/inventory_returns_dag.py
[2025-05-27T22:18:12.019+0000] {processor.py:839} INFO - DAG(s) dict_keys(['inventory_returns_generation']) retrieved from /opt/airflow/dags/inventory_returns_dag.py
[2025-05-27T22:18:12.046+0000] {logging_mixin.py:154} INFO - [2025-05-27T22:18:12.045+0000] {dag.py:2941} INFO - Sync 1 DAGs
[2025-05-27T22:18:12.055+0000] {logging_mixin.py:154} INFO - [2025-05-27T22:18:12.055+0000] {dag.py:3722} INFO - Setting next_dagrun for inventory_returns_generation to None, run_after=None
[2025-05-27T22:18:12.072+0000] {processor.py:179} INFO - Processing /opt/airflow/dags/inventory_returns_dag.py took 0.516 seconds
[2025-05-27T22:18:42.223+0000] {processor.py:157} INFO - Started process (PID=218) to work on /opt/airflow/dags/inventory_returns_dag.py
[2025-05-27T22:18:42.230+0000] {processor.py:829} INFO - Processing file /opt/airflow/dags/inventory_returns_dag.py for tasks to queue
[2025-05-27T22:18:42.249+0000] {logging_mixin.py:154} INFO - [2025-05-27T22:18:42.248+0000] {dagbag.py:536} INFO - Filling up the DagBag from /opt/airflow/dags/inventory_returns_dag.py
[2025-05-27T22:18:43.064+0000] {processor.py:839} INFO - DAG(s) dict_keys(['inventory_returns_generation']) retrieved from /opt/airflow/dags/inventory_returns_dag.py
[2025-05-27T22:18:43.098+0000] {logging_mixin.py:154} INFO - [2025-05-27T22:18:43.098+0000] {dag.py:2941} INFO - Sync 1 DAGs
[2025-05-27T22:18:43.110+0000] {logging_mixin.py:154} INFO - [2025-05-27T22:18:43.110+0000] {dag.py:3722} INFO - Setting next_dagrun for inventory_returns_generation to None, run_after=None
[2025-05-27T22:18:43.139+0000] {processor.py:179} INFO - Processing /opt/airflow/dags/inventory_returns_dag.py took 0.935 seconds
[2025-05-27T22:18:51.679+0000] {processor.py:157} INFO - Started process (PID=228) to work on /opt/airflow/dags/inventory_returns_dag.py
[2025-05-27T22:18:51.681+0000] {processor.py:829} INFO - Processing file /opt/airflow/dags/inventory_returns_dag.py for tasks to queue
[2025-05-27T22:18:51.694+0000] {logging_mixin.py:154} INFO - [2025-05-27T22:18:51.693+0000] {dagbag.py:536} INFO - Filling up the DagBag from /opt/airflow/dags/inventory_returns_dag.py
[2025-05-27T22:18:52.307+0000] {processor.py:839} INFO - DAG(s) dict_keys(['inventory_returns_generation']) retrieved from /opt/airflow/dags/inventory_returns_dag.py
[2025-05-27T22:18:52.355+0000] {logging_mixin.py:154} INFO - [2025-05-27T22:18:52.355+0000] {dag.py:2941} INFO - Sync 1 DAGs
[2025-05-27T22:18:52.363+0000] {logging_mixin.py:154} INFO - [2025-05-27T22:18:52.363+0000] {dag.py:3722} INFO - Setting next_dagrun for inventory_returns_generation to None, run_after=None
[2025-05-27T22:18:52.373+0000] {processor.py:179} INFO - Processing /opt/airflow/dags/inventory_returns_dag.py took 0.702 seconds
[2025-05-27T22:19:22.865+0000] {processor.py:157} INFO - Started process (PID=245) to work on /opt/airflow/dags/inventory_returns_dag.py
[2025-05-27T22:19:22.867+0000] {processor.py:829} INFO - Processing file /opt/airflow/dags/inventory_returns_dag.py for tasks to queue
[2025-05-27T22:19:22.872+0000] {logging_mixin.py:154} INFO - [2025-05-27T22:19:22.872+0000] {dagbag.py:536} INFO - Filling up the DagBag from /opt/airflow/dags/inventory_returns_dag.py
[2025-05-27T22:19:23.550+0000] {processor.py:839} INFO - DAG(s) dict_keys(['inventory_returns_generation']) retrieved from /opt/airflow/dags/inventory_returns_dag.py
[2025-05-27T22:19:23.581+0000] {logging_mixin.py:154} INFO - [2025-05-27T22:19:23.580+0000] {dag.py:2941} INFO - Sync 1 DAGs
[2025-05-27T22:19:23.592+0000] {logging_mixin.py:154} INFO - [2025-05-27T22:19:23.592+0000] {dag.py:3722} INFO - Setting next_dagrun for inventory_returns_generation to None, run_after=None
[2025-05-27T22:19:23.605+0000] {processor.py:179} INFO - Processing /opt/airflow/dags/inventory_returns_dag.py took 0.750 seconds
[2025-05-27T22:20:22.333+0000] {processor.py:157} INFO - Started process (PID=58) to work on /opt/airflow/dags/inventory_returns_dag.py
[2025-05-27T22:20:22.338+0000] {processor.py:829} INFO - Processing file /opt/airflow/dags/inventory_returns_dag.py for tasks to queue
[2025-05-27T22:20:22.348+0000] {logging_mixin.py:154} INFO - [2025-05-27T22:20:22.347+0000] {dagbag.py:536} INFO - Filling up the DagBag from /opt/airflow/dags/inventory_returns_dag.py
[2025-05-27T22:20:24.184+0000] {processor.py:839} INFO - DAG(s) dict_keys(['inventory_returns_generation']) retrieved from /opt/airflow/dags/inventory_returns_dag.py
[2025-05-27T22:20:24.599+0000] {logging_mixin.py:154} INFO - [2025-05-27T22:20:24.598+0000] {dag.py:2941} INFO - Sync 1 DAGs
[2025-05-27T22:20:24.621+0000] {logging_mixin.py:154} INFO - [2025-05-27T22:20:24.621+0000] {dag.py:3722} INFO - Setting next_dagrun for inventory_returns_generation to None, run_after=None
[2025-05-27T22:20:24.665+0000] {processor.py:179} INFO - Processing /opt/airflow/dags/inventory_returns_dag.py took 2.340 seconds
[2025-05-27T22:20:55.394+0000] {processor.py:157} INFO - Started process (PID=75) to work on /opt/airflow/dags/inventory_returns_dag.py
[2025-05-27T22:20:55.395+0000] {processor.py:829} INFO - Processing file /opt/airflow/dags/inventory_returns_dag.py for tasks to queue
[2025-05-27T22:20:55.400+0000] {logging_mixin.py:154} INFO - [2025-05-27T22:20:55.399+0000] {dagbag.py:536} INFO - Filling up the DagBag from /opt/airflow/dags/inventory_returns_dag.py
[2025-05-27T22:20:55.876+0000] {processor.py:839} INFO - DAG(s) dict_keys(['inventory_returns_generation']) retrieved from /opt/airflow/dags/inventory_returns_dag.py
[2025-05-27T22:20:55.902+0000] {logging_mixin.py:154} INFO - [2025-05-27T22:20:55.902+0000] {dag.py:2941} INFO - Sync 1 DAGs
[2025-05-27T22:20:55.914+0000] {logging_mixin.py:154} INFO - [2025-05-27T22:20:55.914+0000] {dag.py:3722} INFO - Setting next_dagrun for inventory_returns_generation to None, run_after=None
[2025-05-27T22:20:55.934+0000] {processor.py:179} INFO - Processing /opt/airflow/dags/inventory_returns_dag.py took 0.547 seconds
[2025-05-27T22:21:26.714+0000] {processor.py:157} INFO - Started process (PID=91) to work on /opt/airflow/dags/inventory_returns_dag.py
[2025-05-27T22:21:26.715+0000] {processor.py:829} INFO - Processing file /opt/airflow/dags/inventory_returns_dag.py for tasks to queue
[2025-05-27T22:21:26.721+0000] {logging_mixin.py:154} INFO - [2025-05-27T22:21:26.721+0000] {dagbag.py:536} INFO - Filling up the DagBag from /opt/airflow/dags/inventory_returns_dag.py
[2025-05-27T22:21:27.219+0000] {processor.py:839} INFO - DAG(s) dict_keys(['inventory_returns_generation']) retrieved from /opt/airflow/dags/inventory_returns_dag.py
[2025-05-27T22:21:27.245+0000] {logging_mixin.py:154} INFO - [2025-05-27T22:21:27.245+0000] {dag.py:2941} INFO - Sync 1 DAGs
[2025-05-27T22:21:27.257+0000] {logging_mixin.py:154} INFO - [2025-05-27T22:21:27.257+0000] {dag.py:3722} INFO - Setting next_dagrun for inventory_returns_generation to None, run_after=None
[2025-05-27T22:21:27.275+0000] {processor.py:179} INFO - Processing /opt/airflow/dags/inventory_returns_dag.py took 0.566 seconds
[2025-05-27T22:21:58.053+0000] {processor.py:157} INFO - Started process (PID=115) to work on /opt/airflow/dags/inventory_returns_dag.py
[2025-05-27T22:21:58.053+0000] {processor.py:829} INFO - Processing file /opt/airflow/dags/inventory_returns_dag.py for tasks to queue
[2025-05-27T22:21:58.058+0000] {logging_mixin.py:154} INFO - [2025-05-27T22:21:58.057+0000] {dagbag.py:536} INFO - Filling up the DagBag from /opt/airflow/dags/inventory_returns_dag.py
[2025-05-27T22:21:58.467+0000] {processor.py:839} INFO - DAG(s) dict_keys(['inventory_returns_generation']) retrieved from /opt/airflow/dags/inventory_returns_dag.py
[2025-05-27T22:21:58.487+0000] {logging_mixin.py:154} INFO - [2025-05-27T22:21:58.487+0000] {dag.py:2941} INFO - Sync 1 DAGs
[2025-05-27T22:21:58.494+0000] {logging_mixin.py:154} INFO - [2025-05-27T22:21:58.494+0000] {dag.py:3722} INFO - Setting next_dagrun for inventory_returns_generation to None, run_after=None
[2025-05-27T22:21:58.506+0000] {processor.py:179} INFO - Processing /opt/airflow/dags/inventory_returns_dag.py took 0.459 seconds
[2025-05-27T22:22:29.350+0000] {processor.py:157} INFO - Started process (PID=131) to work on /opt/airflow/dags/inventory_returns_dag.py
[2025-05-27T22:22:29.352+0000] {processor.py:829} INFO - Processing file /opt/airflow/dags/inventory_returns_dag.py for tasks to queue
[2025-05-27T22:22:29.361+0000] {logging_mixin.py:154} INFO - [2025-05-27T22:22:29.360+0000] {dagbag.py:536} INFO - Filling up the DagBag from /opt/airflow/dags/inventory_returns_dag.py
[2025-05-27T22:22:29.877+0000] {processor.py:839} INFO - DAG(s) dict_keys(['inventory_returns_generation']) retrieved from /opt/airflow/dags/inventory_returns_dag.py
[2025-05-27T22:22:29.905+0000] {logging_mixin.py:154} INFO - [2025-05-27T22:22:29.905+0000] {dag.py:2941} INFO - Sync 1 DAGs
[2025-05-27T22:22:29.915+0000] {logging_mixin.py:154} INFO - [2025-05-27T22:22:29.915+0000] {dag.py:3722} INFO - Setting next_dagrun for inventory_returns_generation to None, run_after=None
[2025-05-27T22:22:29.935+0000] {processor.py:179} INFO - Processing /opt/airflow/dags/inventory_returns_dag.py took 0.597 seconds
[2025-05-27T22:23:00.793+0000] {processor.py:157} INFO - Started process (PID=148) to work on /opt/airflow/dags/inventory_returns_dag.py
[2025-05-27T22:23:00.797+0000] {processor.py:829} INFO - Processing file /opt/airflow/dags/inventory_returns_dag.py for tasks to queue
[2025-05-27T22:23:00.802+0000] {logging_mixin.py:154} INFO - [2025-05-27T22:23:00.802+0000] {dagbag.py:536} INFO - Filling up the DagBag from /opt/airflow/dags/inventory_returns_dag.py
[2025-05-27T22:23:02.213+0000] {processor.py:839} INFO - DAG(s) dict_keys(['inventory_returns_generation']) retrieved from /opt/airflow/dags/inventory_returns_dag.py
[2025-05-27T22:23:02.252+0000] {logging_mixin.py:154} INFO - [2025-05-27T22:23:02.252+0000] {dag.py:2941} INFO - Sync 1 DAGs
[2025-05-27T22:23:02.264+0000] {logging_mixin.py:154} INFO - [2025-05-27T22:23:02.264+0000] {dag.py:3722} INFO - Setting next_dagrun for inventory_returns_generation to None, run_after=None
[2025-05-27T22:23:02.284+0000] {processor.py:179} INFO - Processing /opt/airflow/dags/inventory_returns_dag.py took 1.501 seconds
[2025-05-27T22:23:32.404+0000] {processor.py:157} INFO - Started process (PID=169) to work on /opt/airflow/dags/inventory_returns_dag.py
[2025-05-27T22:23:32.406+0000] {processor.py:829} INFO - Processing file /opt/airflow/dags/inventory_returns_dag.py for tasks to queue
[2025-05-27T22:23:32.415+0000] {logging_mixin.py:154} INFO - [2025-05-27T22:23:32.415+0000] {dagbag.py:536} INFO - Filling up the DagBag from /opt/airflow/dags/inventory_returns_dag.py
[2025-05-27T22:23:33.310+0000] {processor.py:839} INFO - DAG(s) dict_keys(['inventory_returns_generation']) retrieved from /opt/airflow/dags/inventory_returns_dag.py
[2025-05-27T22:23:33.337+0000] {logging_mixin.py:154} INFO - [2025-05-27T22:23:33.336+0000] {dag.py:2941} INFO - Sync 1 DAGs
[2025-05-27T22:23:33.348+0000] {logging_mixin.py:154} INFO - [2025-05-27T22:23:33.348+0000] {dag.py:3722} INFO - Setting next_dagrun for inventory_returns_generation to None, run_after=None
[2025-05-27T22:23:33.372+0000] {processor.py:179} INFO - Processing /opt/airflow/dags/inventory_returns_dag.py took 0.978 seconds
[2025-05-27T22:24:03.436+0000] {processor.py:157} INFO - Started process (PID=194) to work on /opt/airflow/dags/inventory_returns_dag.py
[2025-05-27T22:24:03.438+0000] {processor.py:829} INFO - Processing file /opt/airflow/dags/inventory_returns_dag.py for tasks to queue
[2025-05-27T22:24:03.445+0000] {logging_mixin.py:154} INFO - [2025-05-27T22:24:03.444+0000] {dagbag.py:536} INFO - Filling up the DagBag from /opt/airflow/dags/inventory_returns_dag.py
[2025-05-27T22:24:03.872+0000] {processor.py:839} INFO - DAG(s) dict_keys(['inventory_returns_generation']) retrieved from /opt/airflow/dags/inventory_returns_dag.py
[2025-05-27T22:24:03.894+0000] {logging_mixin.py:154} INFO - [2025-05-27T22:24:03.894+0000] {dag.py:2941} INFO - Sync 1 DAGs
[2025-05-27T22:24:03.902+0000] {logging_mixin.py:154} INFO - [2025-05-27T22:24:03.902+0000] {dag.py:3722} INFO - Setting next_dagrun for inventory_returns_generation to None, run_after=None
[2025-05-27T22:24:03.914+0000] {processor.py:179} INFO - Processing /opt/airflow/dags/inventory_returns_dag.py took 0.486 seconds
[2025-05-27T22:24:34.810+0000] {processor.py:157} INFO - Started process (PID=211) to work on /opt/airflow/dags/inventory_returns_dag.py
[2025-05-27T22:24:34.813+0000] {processor.py:829} INFO - Processing file /opt/airflow/dags/inventory_returns_dag.py for tasks to queue
[2025-05-27T22:24:34.816+0000] {logging_mixin.py:154} INFO - [2025-05-27T22:24:34.816+0000] {dagbag.py:536} INFO - Filling up the DagBag from /opt/airflow/dags/inventory_returns_dag.py
[2025-05-27T22:24:35.282+0000] {processor.py:839} INFO - DAG(s) dict_keys(['inventory_returns_generation']) retrieved from /opt/airflow/dags/inventory_returns_dag.py
[2025-05-27T22:24:35.303+0000] {logging_mixin.py:154} INFO - [2025-05-27T22:24:35.303+0000] {dag.py:2941} INFO - Sync 1 DAGs
[2025-05-27T22:24:35.309+0000] {logging_mixin.py:154} INFO - [2025-05-27T22:24:35.309+0000] {dag.py:3722} INFO - Setting next_dagrun for inventory_returns_generation to None, run_after=None
[2025-05-27T22:24:35.323+0000] {processor.py:179} INFO - Processing /opt/airflow/dags/inventory_returns_dag.py took 0.524 seconds
[2025-05-27T22:25:06.158+0000] {processor.py:157} INFO - Started process (PID=228) to work on /opt/airflow/dags/inventory_returns_dag.py
[2025-05-27T22:25:06.161+0000] {processor.py:829} INFO - Processing file /opt/airflow/dags/inventory_returns_dag.py for tasks to queue
[2025-05-27T22:25:06.165+0000] {logging_mixin.py:154} INFO - [2025-05-27T22:25:06.165+0000] {dagbag.py:536} INFO - Filling up the DagBag from /opt/airflow/dags/inventory_returns_dag.py
[2025-05-27T22:25:06.649+0000] {processor.py:839} INFO - DAG(s) dict_keys(['inventory_returns_generation']) retrieved from /opt/airflow/dags/inventory_returns_dag.py
[2025-05-27T22:25:06.668+0000] {logging_mixin.py:154} INFO - [2025-05-27T22:25:06.668+0000] {dag.py:2941} INFO - Sync 1 DAGs
[2025-05-27T22:25:06.679+0000] {logging_mixin.py:154} INFO - [2025-05-27T22:25:06.679+0000] {dag.py:3722} INFO - Setting next_dagrun for inventory_returns_generation to None, run_after=None
[2025-05-27T22:25:06.698+0000] {processor.py:179} INFO - Processing /opt/airflow/dags/inventory_returns_dag.py took 0.546 seconds
[2025-05-27T22:25:37.598+0000] {processor.py:157} INFO - Started process (PID=245) to work on /opt/airflow/dags/inventory_returns_dag.py
[2025-05-27T22:25:37.601+0000] {processor.py:829} INFO - Processing file /opt/airflow/dags/inventory_returns_dag.py for tasks to queue
[2025-05-27T22:25:37.610+0000] {logging_mixin.py:154} INFO - [2025-05-27T22:25:37.609+0000] {dagbag.py:536} INFO - Filling up the DagBag from /opt/airflow/dags/inventory_returns_dag.py
[2025-05-27T22:25:38.131+0000] {processor.py:839} INFO - DAG(s) dict_keys(['inventory_returns_generation']) retrieved from /opt/airflow/dags/inventory_returns_dag.py
[2025-05-27T22:25:38.153+0000] {logging_mixin.py:154} INFO - [2025-05-27T22:25:38.152+0000] {dag.py:2941} INFO - Sync 1 DAGs
[2025-05-27T22:25:38.162+0000] {logging_mixin.py:154} INFO - [2025-05-27T22:25:38.162+0000] {dag.py:3722} INFO - Setting next_dagrun for inventory_returns_generation to None, run_after=None
[2025-05-27T22:25:38.177+0000] {processor.py:179} INFO - Processing /opt/airflow/dags/inventory_returns_dag.py took 0.590 seconds
[2025-05-27T22:26:08.425+0000] {processor.py:157} INFO - Started process (PID=262) to work on /opt/airflow/dags/inventory_returns_dag.py
[2025-05-27T22:26:08.426+0000] {processor.py:829} INFO - Processing file /opt/airflow/dags/inventory_returns_dag.py for tasks to queue
[2025-05-27T22:26:08.433+0000] {logging_mixin.py:154} INFO - [2025-05-27T22:26:08.432+0000] {dagbag.py:536} INFO - Filling up the DagBag from /opt/airflow/dags/inventory_returns_dag.py
[2025-05-27T22:26:08.872+0000] {processor.py:839} INFO - DAG(s) dict_keys(['inventory_returns_generation']) retrieved from /opt/airflow/dags/inventory_returns_dag.py
[2025-05-27T22:26:08.895+0000] {logging_mixin.py:154} INFO - [2025-05-27T22:26:08.895+0000] {dag.py:2941} INFO - Sync 1 DAGs
[2025-05-27T22:26:08.905+0000] {logging_mixin.py:154} INFO - [2025-05-27T22:26:08.905+0000] {dag.py:3722} INFO - Setting next_dagrun for inventory_returns_generation to None, run_after=None
[2025-05-27T22:26:08.920+0000] {processor.py:179} INFO - Processing /opt/airflow/dags/inventory_returns_dag.py took 0.501 seconds
[2025-05-27T22:26:39.264+0000] {processor.py:157} INFO - Started process (PID=287) to work on /opt/airflow/dags/inventory_returns_dag.py
[2025-05-27T22:26:39.266+0000] {processor.py:829} INFO - Processing file /opt/airflow/dags/inventory_returns_dag.py for tasks to queue
[2025-05-27T22:26:39.282+0000] {logging_mixin.py:154} INFO - [2025-05-27T22:26:39.280+0000] {dagbag.py:536} INFO - Filling up the DagBag from /opt/airflow/dags/inventory_returns_dag.py
[2025-05-27T22:26:40.378+0000] {processor.py:839} INFO - DAG(s) dict_keys(['inventory_returns_generation']) retrieved from /opt/airflow/dags/inventory_returns_dag.py
[2025-05-27T22:26:40.428+0000] {logging_mixin.py:154} INFO - [2025-05-27T22:26:40.427+0000] {dag.py:2941} INFO - Sync 1 DAGs
[2025-05-27T22:26:40.453+0000] {logging_mixin.py:154} INFO - [2025-05-27T22:26:40.453+0000] {dag.py:3722} INFO - Setting next_dagrun for inventory_returns_generation to None, run_after=None
[2025-05-27T22:26:40.492+0000] {processor.py:179} INFO - Processing /opt/airflow/dags/inventory_returns_dag.py took 1.237 seconds
[2025-05-27T22:27:10.878+0000] {processor.py:157} INFO - Started process (PID=304) to work on /opt/airflow/dags/inventory_returns_dag.py
[2025-05-27T22:27:10.879+0000] {processor.py:829} INFO - Processing file /opt/airflow/dags/inventory_returns_dag.py for tasks to queue
[2025-05-27T22:27:10.887+0000] {logging_mixin.py:154} INFO - [2025-05-27T22:27:10.887+0000] {dagbag.py:536} INFO - Filling up the DagBag from /opt/airflow/dags/inventory_returns_dag.py
[2025-05-27T22:27:11.556+0000] {processor.py:839} INFO - DAG(s) dict_keys(['inventory_returns_generation']) retrieved from /opt/airflow/dags/inventory_returns_dag.py
[2025-05-27T22:27:11.633+0000] {logging_mixin.py:154} INFO - [2025-05-27T22:27:11.632+0000] {dag.py:2941} INFO - Sync 1 DAGs
[2025-05-27T22:27:11.650+0000] {logging_mixin.py:154} INFO - [2025-05-27T22:27:11.650+0000] {dag.py:3722} INFO - Setting next_dagrun for inventory_returns_generation to None, run_after=None
[2025-05-27T22:27:11.681+0000] {processor.py:179} INFO - Processing /opt/airflow/dags/inventory_returns_dag.py took 0.813 seconds
[2025-05-27T22:27:42.165+0000] {processor.py:157} INFO - Started process (PID=321) to work on /opt/airflow/dags/inventory_returns_dag.py
[2025-05-27T22:27:42.167+0000] {processor.py:829} INFO - Processing file /opt/airflow/dags/inventory_returns_dag.py for tasks to queue
[2025-05-27T22:27:42.171+0000] {logging_mixin.py:154} INFO - [2025-05-27T22:27:42.171+0000] {dagbag.py:536} INFO - Filling up the DagBag from /opt/airflow/dags/inventory_returns_dag.py
[2025-05-27T22:27:42.617+0000] {processor.py:839} INFO - DAG(s) dict_keys(['inventory_returns_generation']) retrieved from /opt/airflow/dags/inventory_returns_dag.py
[2025-05-27T22:27:42.643+0000] {logging_mixin.py:154} INFO - [2025-05-27T22:27:42.643+0000] {dag.py:2941} INFO - Sync 1 DAGs
[2025-05-27T22:27:42.651+0000] {logging_mixin.py:154} INFO - [2025-05-27T22:27:42.650+0000] {dag.py:3722} INFO - Setting next_dagrun for inventory_returns_generation to None, run_after=None
[2025-05-27T22:27:42.662+0000] {processor.py:179} INFO - Processing /opt/airflow/dags/inventory_returns_dag.py took 0.504 seconds
