[2025-05-27T21:50:48.768+0000] {processor.py:157} INFO - Started process (PID=60) to work on /opt/airflow/dags/synthetic_data_dag.py
[2025-05-27T21:50:48.776+0000] {processor.py:829} INFO - Processing file /opt/airflow/dags/synthetic_data_dag.py for tasks to queue
[2025-05-27T21:50:48.786+0000] {logging_mixin.py:154} INFO - [2025-05-27T21:50:48.785+0000] {dagbag.py:536} INFO - Filling up the DagBag from /opt/airflow/dags/synthetic_data_dag.py
[2025-05-27T21:50:51.608+0000] {processor.py:839} INFO - DAG(s) dict_keys(['synthetic_data_generation']) retrieved from /opt/airflow/dags/synthetic_data_dag.py
[2025-05-27T21:50:52.280+0000] {logging_mixin.py:154} INFO - [2025-05-27T21:50:52.279+0000] {manager.py:499} INFO - Created Permission View: %s
[2025-05-27T21:50:52.292+0000] {logging_mixin.py:154} INFO - [2025-05-27T21:50:52.292+0000] {manager.py:499} INFO - Created Permission View: %s
[2025-05-27T21:50:52.299+0000] {logging_mixin.py:154} INFO - [2025-05-27T21:50:52.299+0000] {manager.py:499} INFO - Created Permission View: %s
[2025-05-27T21:50:52.301+0000] {logging_mixin.py:154} INFO - [2025-05-27T21:50:52.299+0000] {dag.py:2941} INFO - Sync 1 DAGs
[2025-05-27T21:50:52.328+0000] {logging_mixin.py:154} INFO - [2025-05-27T21:50:52.327+0000] {dag.py:2963} INFO - Creating ORM DAG for synthetic_data_generation
[2025-05-27T21:50:52.329+0000] {logging_mixin.py:154} INFO - [2025-05-27T21:50:52.328+0000] {dag.py:3722} INFO - Setting next_dagrun for synthetic_data_generation to None, run_after=None
[2025-05-27T21:50:52.376+0000] {processor.py:179} INFO - Processing /opt/airflow/dags/synthetic_data_dag.py took 3.634 seconds
[2025-05-27T21:51:22.762+0000] {processor.py:157} INFO - Started process (PID=83) to work on /opt/airflow/dags/synthetic_data_dag.py
[2025-05-27T21:51:22.766+0000] {processor.py:829} INFO - Processing file /opt/airflow/dags/synthetic_data_dag.py for tasks to queue
[2025-05-27T21:51:22.771+0000] {logging_mixin.py:154} INFO - [2025-05-27T21:51:22.771+0000] {dagbag.py:536} INFO - Filling up the DagBag from /opt/airflow/dags/synthetic_data_dag.py
[2025-05-27T21:51:23.376+0000] {processor.py:839} INFO - DAG(s) dict_keys(['synthetic_data_generation']) retrieved from /opt/airflow/dags/synthetic_data_dag.py
[2025-05-27T21:51:23.407+0000] {logging_mixin.py:154} INFO - [2025-05-27T21:51:23.406+0000] {dag.py:2941} INFO - Sync 1 DAGs
[2025-05-27T21:51:23.420+0000] {logging_mixin.py:154} INFO - [2025-05-27T21:51:23.420+0000] {dag.py:3722} INFO - Setting next_dagrun for synthetic_data_generation to None, run_after=None
[2025-05-27T21:51:23.432+0000] {processor.py:179} INFO - Processing /opt/airflow/dags/synthetic_data_dag.py took 0.675 seconds
[2025-05-27T21:51:53.886+0000] {processor.py:157} INFO - Started process (PID=104) to work on /opt/airflow/dags/synthetic_data_dag.py
[2025-05-27T21:51:53.887+0000] {processor.py:829} INFO - Processing file /opt/airflow/dags/synthetic_data_dag.py for tasks to queue
[2025-05-27T21:51:53.894+0000] {logging_mixin.py:154} INFO - [2025-05-27T21:51:53.894+0000] {dagbag.py:536} INFO - Filling up the DagBag from /opt/airflow/dags/synthetic_data_dag.py
[2025-05-27T21:51:54.556+0000] {processor.py:839} INFO - DAG(s) dict_keys(['synthetic_data_generation']) retrieved from /opt/airflow/dags/synthetic_data_dag.py
[2025-05-27T21:51:54.606+0000] {logging_mixin.py:154} INFO - [2025-05-27T21:51:54.606+0000] {dag.py:2941} INFO - Sync 1 DAGs
[2025-05-27T21:51:54.619+0000] {logging_mixin.py:154} INFO - [2025-05-27T21:51:54.619+0000] {dag.py:3722} INFO - Setting next_dagrun for synthetic_data_generation to None, run_after=None
[2025-05-27T21:51:54.654+0000] {processor.py:179} INFO - Processing /opt/airflow/dags/synthetic_data_dag.py took 0.777 seconds
[2025-05-27T21:52:25.629+0000] {processor.py:157} INFO - Started process (PID=129) to work on /opt/airflow/dags/synthetic_data_dag.py
[2025-05-27T21:52:25.631+0000] {processor.py:829} INFO - Processing file /opt/airflow/dags/synthetic_data_dag.py for tasks to queue
[2025-05-27T21:52:25.641+0000] {logging_mixin.py:154} INFO - [2025-05-27T21:52:25.641+0000] {dagbag.py:536} INFO - Filling up the DagBag from /opt/airflow/dags/synthetic_data_dag.py
[2025-05-27T21:52:26.558+0000] {processor.py:839} INFO - DAG(s) dict_keys(['synthetic_data_generation']) retrieved from /opt/airflow/dags/synthetic_data_dag.py
[2025-05-27T21:52:26.623+0000] {logging_mixin.py:154} INFO - [2025-05-27T21:52:26.623+0000] {dag.py:2941} INFO - Sync 1 DAGs
[2025-05-27T21:52:26.658+0000] {logging_mixin.py:154} INFO - [2025-05-27T21:52:26.658+0000] {dag.py:3722} INFO - Setting next_dagrun for synthetic_data_generation to None, run_after=None
[2025-05-27T21:52:26.717+0000] {processor.py:179} INFO - Processing /opt/airflow/dags/synthetic_data_dag.py took 1.097 seconds
[2025-05-27T21:52:57.648+0000] {processor.py:157} INFO - Started process (PID=146) to work on /opt/airflow/dags/synthetic_data_dag.py
[2025-05-27T21:52:57.650+0000] {processor.py:829} INFO - Processing file /opt/airflow/dags/synthetic_data_dag.py for tasks to queue
[2025-05-27T21:52:57.655+0000] {logging_mixin.py:154} INFO - [2025-05-27T21:52:57.655+0000] {dagbag.py:536} INFO - Filling up the DagBag from /opt/airflow/dags/synthetic_data_dag.py
[2025-05-27T21:52:58.232+0000] {processor.py:839} INFO - DAG(s) dict_keys(['synthetic_data_generation']) retrieved from /opt/airflow/dags/synthetic_data_dag.py
[2025-05-27T21:52:58.259+0000] {logging_mixin.py:154} INFO - [2025-05-27T21:52:58.259+0000] {dag.py:2941} INFO - Sync 1 DAGs
[2025-05-27T21:52:58.268+0000] {logging_mixin.py:154} INFO - [2025-05-27T21:52:58.268+0000] {dag.py:3722} INFO - Setting next_dagrun for synthetic_data_generation to None, run_after=None
[2025-05-27T21:52:58.284+0000] {processor.py:179} INFO - Processing /opt/airflow/dags/synthetic_data_dag.py took 0.644 seconds
[2025-05-27T21:53:29.213+0000] {processor.py:157} INFO - Started process (PID=163) to work on /opt/airflow/dags/synthetic_data_dag.py
[2025-05-27T21:53:29.214+0000] {processor.py:829} INFO - Processing file /opt/airflow/dags/synthetic_data_dag.py for tasks to queue
[2025-05-27T21:53:29.217+0000] {logging_mixin.py:154} INFO - [2025-05-27T21:53:29.216+0000] {dagbag.py:536} INFO - Filling up the DagBag from /opt/airflow/dags/synthetic_data_dag.py
[2025-05-27T21:53:29.654+0000] {processor.py:839} INFO - DAG(s) dict_keys(['synthetic_data_generation']) retrieved from /opt/airflow/dags/synthetic_data_dag.py
[2025-05-27T21:53:29.697+0000] {logging_mixin.py:154} INFO - [2025-05-27T21:53:29.697+0000] {dag.py:2941} INFO - Sync 1 DAGs
[2025-05-27T21:53:29.708+0000] {logging_mixin.py:154} INFO - [2025-05-27T21:53:29.707+0000] {dag.py:3722} INFO - Setting next_dagrun for synthetic_data_generation to None, run_after=None
[2025-05-27T21:53:29.723+0000] {processor.py:179} INFO - Processing /opt/airflow/dags/synthetic_data_dag.py took 0.512 seconds
[2025-05-27T21:54:00.158+0000] {processor.py:157} INFO - Started process (PID=180) to work on /opt/airflow/dags/synthetic_data_dag.py
[2025-05-27T21:54:00.162+0000] {processor.py:829} INFO - Processing file /opt/airflow/dags/synthetic_data_dag.py for tasks to queue
[2025-05-27T21:54:00.164+0000] {logging_mixin.py:154} INFO - [2025-05-27T21:54:00.164+0000] {dagbag.py:536} INFO - Filling up the DagBag from /opt/airflow/dags/synthetic_data_dag.py
[2025-05-27T21:54:01.357+0000] {processor.py:839} INFO - DAG(s) dict_keys(['synthetic_data_generation']) retrieved from /opt/airflow/dags/synthetic_data_dag.py
[2025-05-27T21:54:01.401+0000] {logging_mixin.py:154} INFO - [2025-05-27T21:54:01.400+0000] {dag.py:2941} INFO - Sync 1 DAGs
[2025-05-27T21:54:01.425+0000] {logging_mixin.py:154} INFO - [2025-05-27T21:54:01.425+0000] {dag.py:3722} INFO - Setting next_dagrun for synthetic_data_generation to None, run_after=None
[2025-05-27T21:54:01.453+0000] {processor.py:179} INFO - Processing /opt/airflow/dags/synthetic_data_dag.py took 1.297 seconds
[2025-05-27T21:54:31.566+0000] {processor.py:157} INFO - Started process (PID=197) to work on /opt/airflow/dags/synthetic_data_dag.py
[2025-05-27T21:54:31.567+0000] {processor.py:829} INFO - Processing file /opt/airflow/dags/synthetic_data_dag.py for tasks to queue
[2025-05-27T21:54:31.571+0000] {logging_mixin.py:154} INFO - [2025-05-27T21:54:31.570+0000] {dagbag.py:536} INFO - Filling up the DagBag from /opt/airflow/dags/synthetic_data_dag.py
[2025-05-27T21:54:31.927+0000] {processor.py:839} INFO - DAG(s) dict_keys(['synthetic_data_generation']) retrieved from /opt/airflow/dags/synthetic_data_dag.py
[2025-05-27T21:54:31.946+0000] {logging_mixin.py:154} INFO - [2025-05-27T21:54:31.945+0000] {dag.py:2941} INFO - Sync 1 DAGs
[2025-05-27T21:54:31.952+0000] {logging_mixin.py:154} INFO - [2025-05-27T21:54:31.952+0000] {dag.py:3722} INFO - Setting next_dagrun for synthetic_data_generation to None, run_after=None
[2025-05-27T21:54:31.967+0000] {processor.py:179} INFO - Processing /opt/airflow/dags/synthetic_data_dag.py took 0.405 seconds
[2025-05-27T21:55:02.810+0000] {processor.py:157} INFO - Started process (PID=214) to work on /opt/airflow/dags/synthetic_data_dag.py
[2025-05-27T21:55:02.812+0000] {processor.py:829} INFO - Processing file /opt/airflow/dags/synthetic_data_dag.py for tasks to queue
[2025-05-27T21:55:02.814+0000] {logging_mixin.py:154} INFO - [2025-05-27T21:55:02.814+0000] {dagbag.py:536} INFO - Filling up the DagBag from /opt/airflow/dags/synthetic_data_dag.py
[2025-05-27T21:55:03.212+0000] {processor.py:839} INFO - DAG(s) dict_keys(['synthetic_data_generation']) retrieved from /opt/airflow/dags/synthetic_data_dag.py
[2025-05-27T21:55:03.229+0000] {logging_mixin.py:154} INFO - [2025-05-27T21:55:03.228+0000] {dag.py:2941} INFO - Sync 1 DAGs
[2025-05-27T21:55:03.236+0000] {logging_mixin.py:154} INFO - [2025-05-27T21:55:03.236+0000] {dag.py:3722} INFO - Setting next_dagrun for synthetic_data_generation to None, run_after=None
[2025-05-27T21:55:03.250+0000] {processor.py:179} INFO - Processing /opt/airflow/dags/synthetic_data_dag.py took 0.443 seconds
[2025-05-27T21:55:34.382+0000] {processor.py:157} INFO - Started process (PID=231) to work on /opt/airflow/dags/synthetic_data_dag.py
[2025-05-27T21:55:34.386+0000] {processor.py:829} INFO - Processing file /opt/airflow/dags/synthetic_data_dag.py for tasks to queue
[2025-05-27T21:55:34.392+0000] {logging_mixin.py:154} INFO - [2025-05-27T21:55:34.391+0000] {dagbag.py:536} INFO - Filling up the DagBag from /opt/airflow/dags/synthetic_data_dag.py
[2025-05-27T21:55:34.896+0000] {processor.py:839} INFO - DAG(s) dict_keys(['synthetic_data_generation']) retrieved from /opt/airflow/dags/synthetic_data_dag.py
[2025-05-27T21:55:34.922+0000] {logging_mixin.py:154} INFO - [2025-05-27T21:55:34.922+0000] {dag.py:2941} INFO - Sync 1 DAGs
[2025-05-27T21:55:34.930+0000] {logging_mixin.py:154} INFO - [2025-05-27T21:55:34.930+0000] {dag.py:3722} INFO - Setting next_dagrun for synthetic_data_generation to None, run_after=None
[2025-05-27T21:55:34.946+0000] {processor.py:179} INFO - Processing /opt/airflow/dags/synthetic_data_dag.py took 0.573 seconds
[2025-05-27T21:56:05.017+0000] {processor.py:157} INFO - Started process (PID=249) to work on /opt/airflow/dags/synthetic_data_dag.py
[2025-05-27T21:56:05.019+0000] {processor.py:829} INFO - Processing file /opt/airflow/dags/synthetic_data_dag.py for tasks to queue
[2025-05-27T21:56:05.023+0000] {logging_mixin.py:154} INFO - [2025-05-27T21:56:05.023+0000] {dagbag.py:536} INFO - Filling up the DagBag from /opt/airflow/dags/synthetic_data_dag.py
[2025-05-27T21:56:05.577+0000] {processor.py:839} INFO - DAG(s) dict_keys(['synthetic_data_generation']) retrieved from /opt/airflow/dags/synthetic_data_dag.py
[2025-05-27T21:56:05.610+0000] {logging_mixin.py:154} INFO - [2025-05-27T21:56:05.609+0000] {dag.py:2941} INFO - Sync 1 DAGs
[2025-05-27T21:56:05.619+0000] {logging_mixin.py:154} INFO - [2025-05-27T21:56:05.619+0000] {dag.py:3722} INFO - Setting next_dagrun for synthetic_data_generation to None, run_after=None
[2025-05-27T21:56:05.631+0000] {processor.py:179} INFO - Processing /opt/airflow/dags/synthetic_data_dag.py took 0.621 seconds
[2025-05-27T21:56:36.460+0000] {processor.py:157} INFO - Started process (PID=266) to work on /opt/airflow/dags/synthetic_data_dag.py
[2025-05-27T21:56:36.465+0000] {processor.py:829} INFO - Processing file /opt/airflow/dags/synthetic_data_dag.py for tasks to queue
[2025-05-27T21:56:36.476+0000] {logging_mixin.py:154} INFO - [2025-05-27T21:56:36.475+0000] {dagbag.py:536} INFO - Filling up the DagBag from /opt/airflow/dags/synthetic_data_dag.py
[2025-05-27T21:56:37.037+0000] {processor.py:839} INFO - DAG(s) dict_keys(['synthetic_data_generation']) retrieved from /opt/airflow/dags/synthetic_data_dag.py
[2025-05-27T21:56:37.067+0000] {logging_mixin.py:154} INFO - [2025-05-27T21:56:37.067+0000] {dag.py:2941} INFO - Sync 1 DAGs
[2025-05-27T21:56:37.079+0000] {logging_mixin.py:154} INFO - [2025-05-27T21:56:37.078+0000] {dag.py:3722} INFO - Setting next_dagrun for synthetic_data_generation to None, run_after=None
[2025-05-27T21:56:37.095+0000] {processor.py:179} INFO - Processing /opt/airflow/dags/synthetic_data_dag.py took 0.647 seconds
[2025-05-27T21:57:52.546+0000] {processor.py:157} INFO - Started process (PID=61) to work on /opt/airflow/dags/synthetic_data_dag.py
[2025-05-27T21:57:52.549+0000] {processor.py:829} INFO - Processing file /opt/airflow/dags/synthetic_data_dag.py for tasks to queue
[2025-05-27T21:57:52.562+0000] {logging_mixin.py:154} INFO - [2025-05-27T21:57:52.561+0000] {dagbag.py:536} INFO - Filling up the DagBag from /opt/airflow/dags/synthetic_data_dag.py
[2025-05-27T21:57:54.663+0000] {processor.py:839} INFO - DAG(s) dict_keys(['synthetic_data_generation']) retrieved from /opt/airflow/dags/synthetic_data_dag.py
[2025-05-27T21:57:55.060+0000] {logging_mixin.py:154} INFO - [2025-05-27T21:57:55.057+0000] {dag.py:2941} INFO - Sync 1 DAGs
[2025-05-27T21:57:55.087+0000] {logging_mixin.py:154} INFO - [2025-05-27T21:57:55.087+0000] {dag.py:3722} INFO - Setting next_dagrun for synthetic_data_generation to None, run_after=None
[2025-05-27T21:57:55.142+0000] {processor.py:179} INFO - Processing /opt/airflow/dags/synthetic_data_dag.py took 2.601 seconds
[2025-05-27T21:58:25.760+0000] {processor.py:157} INFO - Started process (PID=85) to work on /opt/airflow/dags/synthetic_data_dag.py
[2025-05-27T21:58:25.762+0000] {processor.py:829} INFO - Processing file /opt/airflow/dags/synthetic_data_dag.py for tasks to queue
[2025-05-27T21:58:25.765+0000] {logging_mixin.py:154} INFO - [2025-05-27T21:58:25.765+0000] {dagbag.py:536} INFO - Filling up the DagBag from /opt/airflow/dags/synthetic_data_dag.py
[2025-05-27T21:58:26.219+0000] {processor.py:839} INFO - DAG(s) dict_keys(['synthetic_data_generation']) retrieved from /opt/airflow/dags/synthetic_data_dag.py
[2025-05-27T21:58:26.244+0000] {logging_mixin.py:154} INFO - [2025-05-27T21:58:26.244+0000] {dag.py:2941} INFO - Sync 1 DAGs
[2025-05-27T21:58:26.253+0000] {logging_mixin.py:154} INFO - [2025-05-27T21:58:26.253+0000] {dag.py:3722} INFO - Setting next_dagrun for synthetic_data_generation to None, run_after=None
[2025-05-27T21:58:26.270+0000] {processor.py:179} INFO - Processing /opt/airflow/dags/synthetic_data_dag.py took 0.515 seconds
[2025-05-27T21:58:57.123+0000] {processor.py:157} INFO - Started process (PID=106) to work on /opt/airflow/dags/synthetic_data_dag.py
[2025-05-27T21:58:57.127+0000] {processor.py:829} INFO - Processing file /opt/airflow/dags/synthetic_data_dag.py for tasks to queue
[2025-05-27T21:58:57.133+0000] {logging_mixin.py:154} INFO - [2025-05-27T21:58:57.132+0000] {dagbag.py:536} INFO - Filling up the DagBag from /opt/airflow/dags/synthetic_data_dag.py
[2025-05-27T21:58:57.542+0000] {processor.py:839} INFO - DAG(s) dict_keys(['synthetic_data_generation']) retrieved from /opt/airflow/dags/synthetic_data_dag.py
[2025-05-27T21:58:57.565+0000] {logging_mixin.py:154} INFO - [2025-05-27T21:58:57.564+0000] {dag.py:2941} INFO - Sync 1 DAGs
[2025-05-27T21:58:57.572+0000] {logging_mixin.py:154} INFO - [2025-05-27T21:58:57.572+0000] {dag.py:3722} INFO - Setting next_dagrun for synthetic_data_generation to None, run_after=None
[2025-05-27T21:58:57.584+0000] {processor.py:179} INFO - Processing /opt/airflow/dags/synthetic_data_dag.py took 0.464 seconds
[2025-05-27T21:59:28.411+0000] {processor.py:157} INFO - Started process (PID=123) to work on /opt/airflow/dags/synthetic_data_dag.py
[2025-05-27T21:59:28.412+0000] {processor.py:829} INFO - Processing file /opt/airflow/dags/synthetic_data_dag.py for tasks to queue
[2025-05-27T21:59:28.415+0000] {logging_mixin.py:154} INFO - [2025-05-27T21:59:28.415+0000] {dagbag.py:536} INFO - Filling up the DagBag from /opt/airflow/dags/synthetic_data_dag.py
[2025-05-27T21:59:28.868+0000] {processor.py:839} INFO - DAG(s) dict_keys(['synthetic_data_generation']) retrieved from /opt/airflow/dags/synthetic_data_dag.py
[2025-05-27T21:59:28.887+0000] {logging_mixin.py:154} INFO - [2025-05-27T21:59:28.886+0000] {dag.py:2941} INFO - Sync 1 DAGs
[2025-05-27T21:59:28.896+0000] {logging_mixin.py:154} INFO - [2025-05-27T21:59:28.896+0000] {dag.py:3722} INFO - Setting next_dagrun for synthetic_data_generation to None, run_after=None
[2025-05-27T21:59:28.916+0000] {processor.py:179} INFO - Processing /opt/airflow/dags/synthetic_data_dag.py took 0.513 seconds
[2025-05-27T21:59:59.941+0000] {processor.py:157} INFO - Started process (PID=140) to work on /opt/airflow/dags/synthetic_data_dag.py
[2025-05-27T21:59:59.945+0000] {processor.py:829} INFO - Processing file /opt/airflow/dags/synthetic_data_dag.py for tasks to queue
[2025-05-27T21:59:59.947+0000] {logging_mixin.py:154} INFO - [2025-05-27T21:59:59.947+0000] {dagbag.py:536} INFO - Filling up the DagBag from /opt/airflow/dags/synthetic_data_dag.py
[2025-05-27T22:00:00.548+0000] {processor.py:839} INFO - DAG(s) dict_keys(['synthetic_data_generation']) retrieved from /opt/airflow/dags/synthetic_data_dag.py
[2025-05-27T22:00:00.569+0000] {logging_mixin.py:154} INFO - [2025-05-27T22:00:00.569+0000] {dag.py:2941} INFO - Sync 1 DAGs
[2025-05-27T22:00:00.580+0000] {logging_mixin.py:154} INFO - [2025-05-27T22:00:00.580+0000] {dag.py:3722} INFO - Setting next_dagrun for synthetic_data_generation to None, run_after=None
[2025-05-27T22:00:00.594+0000] {processor.py:179} INFO - Processing /opt/airflow/dags/synthetic_data_dag.py took 0.658 seconds
[2025-05-27T22:00:31.537+0000] {processor.py:157} INFO - Started process (PID=157) to work on /opt/airflow/dags/synthetic_data_dag.py
[2025-05-27T22:00:31.542+0000] {processor.py:829} INFO - Processing file /opt/airflow/dags/synthetic_data_dag.py for tasks to queue
[2025-05-27T22:00:31.551+0000] {logging_mixin.py:154} INFO - [2025-05-27T22:00:31.550+0000] {dagbag.py:536} INFO - Filling up the DagBag from /opt/airflow/dags/synthetic_data_dag.py
[2025-05-27T22:00:32.051+0000] {processor.py:839} INFO - DAG(s) dict_keys(['synthetic_data_generation']) retrieved from /opt/airflow/dags/synthetic_data_dag.py
[2025-05-27T22:00:32.071+0000] {logging_mixin.py:154} INFO - [2025-05-27T22:00:32.071+0000] {dag.py:2941} INFO - Sync 1 DAGs
[2025-05-27T22:00:32.079+0000] {logging_mixin.py:154} INFO - [2025-05-27T22:00:32.078+0000] {dag.py:3722} INFO - Setting next_dagrun for synthetic_data_generation to None, run_after=None
[2025-05-27T22:00:32.091+0000] {processor.py:179} INFO - Processing /opt/airflow/dags/synthetic_data_dag.py took 0.569 seconds
[2025-05-27T22:01:02.918+0000] {processor.py:157} INFO - Started process (PID=174) to work on /opt/airflow/dags/synthetic_data_dag.py
[2025-05-27T22:01:02.920+0000] {processor.py:829} INFO - Processing file /opt/airflow/dags/synthetic_data_dag.py for tasks to queue
[2025-05-27T22:01:02.925+0000] {logging_mixin.py:154} INFO - [2025-05-27T22:01:02.923+0000] {dagbag.py:536} INFO - Filling up the DagBag from /opt/airflow/dags/synthetic_data_dag.py
[2025-05-27T22:01:03.427+0000] {processor.py:839} INFO - DAG(s) dict_keys(['synthetic_data_generation']) retrieved from /opt/airflow/dags/synthetic_data_dag.py
[2025-05-27T22:01:03.458+0000] {logging_mixin.py:154} INFO - [2025-05-27T22:01:03.457+0000] {dag.py:2941} INFO - Sync 1 DAGs
[2025-05-27T22:01:03.466+0000] {logging_mixin.py:154} INFO - [2025-05-27T22:01:03.466+0000] {dag.py:3722} INFO - Setting next_dagrun for synthetic_data_generation to None, run_after=None
[2025-05-27T22:01:03.480+0000] {processor.py:179} INFO - Processing /opt/airflow/dags/synthetic_data_dag.py took 0.569 seconds
[2025-05-27T22:01:34.514+0000] {processor.py:157} INFO - Started process (PID=195) to work on /opt/airflow/dags/synthetic_data_dag.py
[2025-05-27T22:01:34.516+0000] {processor.py:829} INFO - Processing file /opt/airflow/dags/synthetic_data_dag.py for tasks to queue
[2025-05-27T22:01:34.520+0000] {logging_mixin.py:154} INFO - [2025-05-27T22:01:34.519+0000] {dagbag.py:536} INFO - Filling up the DagBag from /opt/airflow/dags/synthetic_data_dag.py
[2025-05-27T22:01:35.101+0000] {processor.py:839} INFO - DAG(s) dict_keys(['synthetic_data_generation']) retrieved from /opt/airflow/dags/synthetic_data_dag.py
[2025-05-27T22:01:35.123+0000] {logging_mixin.py:154} INFO - [2025-05-27T22:01:35.123+0000] {dag.py:2941} INFO - Sync 1 DAGs
[2025-05-27T22:01:35.133+0000] {logging_mixin.py:154} INFO - [2025-05-27T22:01:35.133+0000] {dag.py:3722} INFO - Setting next_dagrun for synthetic_data_generation to None, run_after=None
[2025-05-27T22:01:35.153+0000] {processor.py:179} INFO - Processing /opt/airflow/dags/synthetic_data_dag.py took 0.644 seconds
[2025-05-27T22:02:06.074+0000] {processor.py:157} INFO - Started process (PID=212) to work on /opt/airflow/dags/synthetic_data_dag.py
[2025-05-27T22:02:06.077+0000] {processor.py:829} INFO - Processing file /opt/airflow/dags/synthetic_data_dag.py for tasks to queue
[2025-05-27T22:02:06.082+0000] {logging_mixin.py:154} INFO - [2025-05-27T22:02:06.082+0000] {dagbag.py:536} INFO - Filling up the DagBag from /opt/airflow/dags/synthetic_data_dag.py
[2025-05-27T22:02:06.756+0000] {processor.py:839} INFO - DAG(s) dict_keys(['synthetic_data_generation']) retrieved from /opt/airflow/dags/synthetic_data_dag.py
[2025-05-27T22:02:06.800+0000] {logging_mixin.py:154} INFO - [2025-05-27T22:02:06.800+0000] {dag.py:2941} INFO - Sync 1 DAGs
[2025-05-27T22:02:06.811+0000] {logging_mixin.py:154} INFO - [2025-05-27T22:02:06.811+0000] {dag.py:3722} INFO - Setting next_dagrun for synthetic_data_generation to None, run_after=None
[2025-05-27T22:02:06.825+0000] {processor.py:179} INFO - Processing /opt/airflow/dags/synthetic_data_dag.py took 0.759 seconds
[2025-05-27T22:02:37.783+0000] {processor.py:157} INFO - Started process (PID=229) to work on /opt/airflow/dags/synthetic_data_dag.py
[2025-05-27T22:02:37.786+0000] {processor.py:829} INFO - Processing file /opt/airflow/dags/synthetic_data_dag.py for tasks to queue
[2025-05-27T22:02:37.790+0000] {logging_mixin.py:154} INFO - [2025-05-27T22:02:37.789+0000] {dagbag.py:536} INFO - Filling up the DagBag from /opt/airflow/dags/synthetic_data_dag.py
[2025-05-27T22:02:38.634+0000] {processor.py:839} INFO - DAG(s) dict_keys(['synthetic_data_generation']) retrieved from /opt/airflow/dags/synthetic_data_dag.py
[2025-05-27T22:02:38.692+0000] {logging_mixin.py:154} INFO - [2025-05-27T22:02:38.691+0000] {dag.py:2941} INFO - Sync 1 DAGs
[2025-05-27T22:02:38.705+0000] {logging_mixin.py:154} INFO - [2025-05-27T22:02:38.704+0000] {dag.py:3722} INFO - Setting next_dagrun for synthetic_data_generation to None, run_after=None
[2025-05-27T22:02:38.732+0000] {processor.py:179} INFO - Processing /opt/airflow/dags/synthetic_data_dag.py took 0.956 seconds
[2025-05-27T22:03:09.560+0000] {processor.py:157} INFO - Started process (PID=246) to work on /opt/airflow/dags/synthetic_data_dag.py
[2025-05-27T22:03:09.565+0000] {processor.py:829} INFO - Processing file /opt/airflow/dags/synthetic_data_dag.py for tasks to queue
[2025-05-27T22:03:09.576+0000] {logging_mixin.py:154} INFO - [2025-05-27T22:03:09.574+0000] {dagbag.py:536} INFO - Filling up the DagBag from /opt/airflow/dags/synthetic_data_dag.py
[2025-05-27T22:03:10.362+0000] {processor.py:839} INFO - DAG(s) dict_keys(['synthetic_data_generation']) retrieved from /opt/airflow/dags/synthetic_data_dag.py
[2025-05-27T22:03:10.418+0000] {logging_mixin.py:154} INFO - [2025-05-27T22:03:10.417+0000] {dag.py:2941} INFO - Sync 1 DAGs
[2025-05-27T22:03:10.429+0000] {logging_mixin.py:154} INFO - [2025-05-27T22:03:10.429+0000] {dag.py:3722} INFO - Setting next_dagrun for synthetic_data_generation to None, run_after=None
[2025-05-27T22:03:10.442+0000] {processor.py:179} INFO - Processing /opt/airflow/dags/synthetic_data_dag.py took 0.896 seconds
[2025-05-27T22:03:40.665+0000] {processor.py:157} INFO - Started process (PID=263) to work on /opt/airflow/dags/synthetic_data_dag.py
[2025-05-27T22:03:40.673+0000] {processor.py:829} INFO - Processing file /opt/airflow/dags/synthetic_data_dag.py for tasks to queue
[2025-05-27T22:03:40.686+0000] {logging_mixin.py:154} INFO - [2025-05-27T22:03:40.685+0000] {dagbag.py:536} INFO - Filling up the DagBag from /opt/airflow/dags/synthetic_data_dag.py
[2025-05-27T22:03:41.717+0000] {processor.py:839} INFO - DAG(s) dict_keys(['synthetic_data_generation']) retrieved from /opt/airflow/dags/synthetic_data_dag.py
[2025-05-27T22:03:41.771+0000] {logging_mixin.py:154} INFO - [2025-05-27T22:03:41.770+0000] {dag.py:2941} INFO - Sync 1 DAGs
[2025-05-27T22:03:41.783+0000] {logging_mixin.py:154} INFO - [2025-05-27T22:03:41.783+0000] {dag.py:3722} INFO - Setting next_dagrun for synthetic_data_generation to None, run_after=None
[2025-05-27T22:03:41.809+0000] {processor.py:179} INFO - Processing /opt/airflow/dags/synthetic_data_dag.py took 1.154 seconds
[2025-05-27T22:04:12.492+0000] {processor.py:157} INFO - Started process (PID=280) to work on /opt/airflow/dags/synthetic_data_dag.py
[2025-05-27T22:04:12.494+0000] {processor.py:829} INFO - Processing file /opt/airflow/dags/synthetic_data_dag.py for tasks to queue
[2025-05-27T22:04:12.500+0000] {logging_mixin.py:154} INFO - [2025-05-27T22:04:12.500+0000] {dagbag.py:536} INFO - Filling up the DagBag from /opt/airflow/dags/synthetic_data_dag.py
[2025-05-27T22:04:12.998+0000] {processor.py:839} INFO - DAG(s) dict_keys(['synthetic_data_generation']) retrieved from /opt/airflow/dags/synthetic_data_dag.py
[2025-05-27T22:04:13.031+0000] {logging_mixin.py:154} INFO - [2025-05-27T22:04:13.030+0000] {dag.py:2941} INFO - Sync 1 DAGs
[2025-05-27T22:04:13.042+0000] {logging_mixin.py:154} INFO - [2025-05-27T22:04:13.041+0000] {dag.py:3722} INFO - Setting next_dagrun for synthetic_data_generation to None, run_after=None
[2025-05-27T22:04:13.059+0000] {processor.py:179} INFO - Processing /opt/airflow/dags/synthetic_data_dag.py took 0.574 seconds
[2025-05-27T22:04:44.089+0000] {processor.py:157} INFO - Started process (PID=297) to work on /opt/airflow/dags/synthetic_data_dag.py
[2025-05-27T22:04:44.092+0000] {processor.py:829} INFO - Processing file /opt/airflow/dags/synthetic_data_dag.py for tasks to queue
[2025-05-27T22:04:44.098+0000] {logging_mixin.py:154} INFO - [2025-05-27T22:04:44.097+0000] {dagbag.py:536} INFO - Filling up the DagBag from /opt/airflow/dags/synthetic_data_dag.py
[2025-05-27T22:04:44.731+0000] {processor.py:839} INFO - DAG(s) dict_keys(['synthetic_data_generation']) retrieved from /opt/airflow/dags/synthetic_data_dag.py
[2025-05-27T22:04:44.765+0000] {logging_mixin.py:154} INFO - [2025-05-27T22:04:44.763+0000] {dag.py:2941} INFO - Sync 1 DAGs
[2025-05-27T22:04:44.779+0000] {logging_mixin.py:154} INFO - [2025-05-27T22:04:44.778+0000] {dag.py:3722} INFO - Setting next_dagrun for synthetic_data_generation to None, run_after=None
[2025-05-27T22:04:44.796+0000] {processor.py:179} INFO - Processing /opt/airflow/dags/synthetic_data_dag.py took 0.715 seconds
[2025-05-27T22:05:14.896+0000] {processor.py:157} INFO - Started process (PID=314) to work on /opt/airflow/dags/synthetic_data_dag.py
[2025-05-27T22:05:14.897+0000] {processor.py:829} INFO - Processing file /opt/airflow/dags/synthetic_data_dag.py for tasks to queue
[2025-05-27T22:05:14.906+0000] {logging_mixin.py:154} INFO - [2025-05-27T22:05:14.906+0000] {dagbag.py:536} INFO - Filling up the DagBag from /opt/airflow/dags/synthetic_data_dag.py
[2025-05-27T22:05:15.429+0000] {processor.py:839} INFO - DAG(s) dict_keys(['synthetic_data_generation']) retrieved from /opt/airflow/dags/synthetic_data_dag.py
[2025-05-27T22:05:15.456+0000] {logging_mixin.py:154} INFO - [2025-05-27T22:05:15.456+0000] {dag.py:2941} INFO - Sync 1 DAGs
[2025-05-27T22:05:15.468+0000] {logging_mixin.py:154} INFO - [2025-05-27T22:05:15.468+0000] {dag.py:3722} INFO - Setting next_dagrun for synthetic_data_generation to None, run_after=None
[2025-05-27T22:05:15.483+0000] {processor.py:179} INFO - Processing /opt/airflow/dags/synthetic_data_dag.py took 0.591 seconds
[2025-05-27T22:05:46.220+0000] {processor.py:157} INFO - Started process (PID=331) to work on /opt/airflow/dags/synthetic_data_dag.py
[2025-05-27T22:05:46.225+0000] {processor.py:829} INFO - Processing file /opt/airflow/dags/synthetic_data_dag.py for tasks to queue
[2025-05-27T22:05:46.229+0000] {logging_mixin.py:154} INFO - [2025-05-27T22:05:46.229+0000] {dagbag.py:536} INFO - Filling up the DagBag from /opt/airflow/dags/synthetic_data_dag.py
[2025-05-27T22:05:47.564+0000] {processor.py:839} INFO - DAG(s) dict_keys(['synthetic_data_generation']) retrieved from /opt/airflow/dags/synthetic_data_dag.py
[2025-05-27T22:05:47.614+0000] {logging_mixin.py:154} INFO - [2025-05-27T22:05:47.614+0000] {dag.py:2941} INFO - Sync 1 DAGs
[2025-05-27T22:05:47.635+0000] {logging_mixin.py:154} INFO - [2025-05-27T22:05:47.635+0000] {dag.py:3722} INFO - Setting next_dagrun for synthetic_data_generation to None, run_after=None
[2025-05-27T22:05:47.664+0000] {processor.py:179} INFO - Processing /opt/airflow/dags/synthetic_data_dag.py took 1.449 seconds
[2025-05-27T22:06:18.048+0000] {processor.py:157} INFO - Started process (PID=348) to work on /opt/airflow/dags/synthetic_data_dag.py
[2025-05-27T22:06:18.050+0000] {processor.py:829} INFO - Processing file /opt/airflow/dags/synthetic_data_dag.py for tasks to queue
[2025-05-27T22:06:18.055+0000] {logging_mixin.py:154} INFO - [2025-05-27T22:06:18.054+0000] {dagbag.py:536} INFO - Filling up the DagBag from /opt/airflow/dags/synthetic_data_dag.py
[2025-05-27T22:06:18.674+0000] {processor.py:839} INFO - DAG(s) dict_keys(['synthetic_data_generation']) retrieved from /opt/airflow/dags/synthetic_data_dag.py
[2025-05-27T22:06:18.705+0000] {logging_mixin.py:154} INFO - [2025-05-27T22:06:18.704+0000] {dag.py:2941} INFO - Sync 1 DAGs
[2025-05-27T22:06:18.714+0000] {logging_mixin.py:154} INFO - [2025-05-27T22:06:18.714+0000] {dag.py:3722} INFO - Setting next_dagrun for synthetic_data_generation to None, run_after=None
[2025-05-27T22:06:18.731+0000] {processor.py:179} INFO - Processing /opt/airflow/dags/synthetic_data_dag.py took 0.692 seconds
[2025-05-27T22:06:49.507+0000] {processor.py:157} INFO - Started process (PID=365) to work on /opt/airflow/dags/synthetic_data_dag.py
[2025-05-27T22:06:49.510+0000] {processor.py:829} INFO - Processing file /opt/airflow/dags/synthetic_data_dag.py for tasks to queue
[2025-05-27T22:06:49.514+0000] {logging_mixin.py:154} INFO - [2025-05-27T22:06:49.514+0000] {dagbag.py:536} INFO - Filling up the DagBag from /opt/airflow/dags/synthetic_data_dag.py
[2025-05-27T22:06:49.973+0000] {processor.py:839} INFO - DAG(s) dict_keys(['synthetic_data_generation']) retrieved from /opt/airflow/dags/synthetic_data_dag.py
[2025-05-27T22:06:49.995+0000] {logging_mixin.py:154} INFO - [2025-05-27T22:06:49.994+0000] {dag.py:2941} INFO - Sync 1 DAGs
[2025-05-27T22:06:50.001+0000] {logging_mixin.py:154} INFO - [2025-05-27T22:06:50.001+0000] {dag.py:3722} INFO - Setting next_dagrun for synthetic_data_generation to None, run_after=None
[2025-05-27T22:06:50.015+0000] {processor.py:179} INFO - Processing /opt/airflow/dags/synthetic_data_dag.py took 0.518 seconds
[2025-05-27T22:07:20.784+0000] {processor.py:157} INFO - Started process (PID=382) to work on /opt/airflow/dags/synthetic_data_dag.py
[2025-05-27T22:07:20.790+0000] {processor.py:829} INFO - Processing file /opt/airflow/dags/synthetic_data_dag.py for tasks to queue
[2025-05-27T22:07:20.795+0000] {logging_mixin.py:154} INFO - [2025-05-27T22:07:20.794+0000] {dagbag.py:536} INFO - Filling up the DagBag from /opt/airflow/dags/synthetic_data_dag.py
[2025-05-27T22:07:21.309+0000] {processor.py:839} INFO - DAG(s) dict_keys(['synthetic_data_generation']) retrieved from /opt/airflow/dags/synthetic_data_dag.py
[2025-05-27T22:07:21.329+0000] {logging_mixin.py:154} INFO - [2025-05-27T22:07:21.329+0000] {dag.py:2941} INFO - Sync 1 DAGs
[2025-05-27T22:07:21.337+0000] {logging_mixin.py:154} INFO - [2025-05-27T22:07:21.337+0000] {dag.py:3722} INFO - Setting next_dagrun for synthetic_data_generation to None, run_after=None
[2025-05-27T22:07:21.353+0000] {processor.py:179} INFO - Processing /opt/airflow/dags/synthetic_data_dag.py took 0.577 seconds
[2025-05-27T22:08:31.674+0000] {processor.py:157} INFO - Started process (PID=60) to work on /opt/airflow/dags/synthetic_data_dag.py
[2025-05-27T22:08:31.677+0000] {processor.py:829} INFO - Processing file /opt/airflow/dags/synthetic_data_dag.py for tasks to queue
[2025-05-27T22:08:31.696+0000] {logging_mixin.py:154} INFO - [2025-05-27T22:08:31.695+0000] {dagbag.py:536} INFO - Filling up the DagBag from /opt/airflow/dags/synthetic_data_dag.py
[2025-05-27T22:08:33.777+0000] {processor.py:839} INFO - DAG(s) dict_keys(['synthetic_data_generation']) retrieved from /opt/airflow/dags/synthetic_data_dag.py
[2025-05-27T22:08:34.135+0000] {logging_mixin.py:154} INFO - [2025-05-27T22:08:34.134+0000] {dag.py:2941} INFO - Sync 1 DAGs
[2025-05-27T22:08:34.150+0000] {logging_mixin.py:154} INFO - [2025-05-27T22:08:34.150+0000] {dag.py:3722} INFO - Setting next_dagrun for synthetic_data_generation to None, run_after=None
[2025-05-27T22:08:34.179+0000] {processor.py:179} INFO - Processing /opt/airflow/dags/synthetic_data_dag.py took 2.514 seconds
[2025-05-27T22:09:04.545+0000] {processor.py:157} INFO - Started process (PID=77) to work on /opt/airflow/dags/synthetic_data_dag.py
[2025-05-27T22:09:04.548+0000] {processor.py:829} INFO - Processing file /opt/airflow/dags/synthetic_data_dag.py for tasks to queue
[2025-05-27T22:09:04.552+0000] {logging_mixin.py:154} INFO - [2025-05-27T22:09:04.552+0000] {dagbag.py:536} INFO - Filling up the DagBag from /opt/airflow/dags/synthetic_data_dag.py
[2025-05-27T22:09:05.079+0000] {processor.py:839} INFO - DAG(s) dict_keys(['synthetic_data_generation']) retrieved from /opt/airflow/dags/synthetic_data_dag.py
[2025-05-27T22:09:05.098+0000] {logging_mixin.py:154} INFO - [2025-05-27T22:09:05.098+0000] {dag.py:2941} INFO - Sync 1 DAGs
[2025-05-27T22:09:05.105+0000] {logging_mixin.py:154} INFO - [2025-05-27T22:09:05.105+0000] {dag.py:3722} INFO - Setting next_dagrun for synthetic_data_generation to None, run_after=None
[2025-05-27T22:09:05.116+0000] {processor.py:179} INFO - Processing /opt/airflow/dags/synthetic_data_dag.py took 0.576 seconds
[2025-05-27T22:09:35.869+0000] {processor.py:157} INFO - Started process (PID=100) to work on /opt/airflow/dags/synthetic_data_dag.py
[2025-05-27T22:09:35.873+0000] {processor.py:829} INFO - Processing file /opt/airflow/dags/synthetic_data_dag.py for tasks to queue
[2025-05-27T22:09:35.883+0000] {logging_mixin.py:154} INFO - [2025-05-27T22:09:35.883+0000] {dagbag.py:536} INFO - Filling up the DagBag from /opt/airflow/dags/synthetic_data_dag.py
[2025-05-27T22:09:36.364+0000] {processor.py:839} INFO - DAG(s) dict_keys(['synthetic_data_generation']) retrieved from /opt/airflow/dags/synthetic_data_dag.py
[2025-05-27T22:09:36.380+0000] {logging_mixin.py:154} INFO - [2025-05-27T22:09:36.379+0000] {dag.py:2941} INFO - Sync 1 DAGs
[2025-05-27T22:09:36.388+0000] {logging_mixin.py:154} INFO - [2025-05-27T22:09:36.388+0000] {dag.py:3722} INFO - Setting next_dagrun for synthetic_data_generation to None, run_after=None
[2025-05-27T22:09:36.399+0000] {processor.py:179} INFO - Processing /opt/airflow/dags/synthetic_data_dag.py took 0.534 seconds
[2025-05-27T22:10:07.078+0000] {processor.py:157} INFO - Started process (PID=117) to work on /opt/airflow/dags/synthetic_data_dag.py
[2025-05-27T22:10:07.081+0000] {processor.py:829} INFO - Processing file /opt/airflow/dags/synthetic_data_dag.py for tasks to queue
[2025-05-27T22:10:07.086+0000] {logging_mixin.py:154} INFO - [2025-05-27T22:10:07.085+0000] {dagbag.py:536} INFO - Filling up the DagBag from /opt/airflow/dags/synthetic_data_dag.py
[2025-05-27T22:10:07.526+0000] {processor.py:839} INFO - DAG(s) dict_keys(['synthetic_data_generation']) retrieved from /opt/airflow/dags/synthetic_data_dag.py
[2025-05-27T22:10:07.539+0000] {logging_mixin.py:154} INFO - [2025-05-27T22:10:07.539+0000] {dag.py:2941} INFO - Sync 1 DAGs
[2025-05-27T22:10:07.552+0000] {logging_mixin.py:154} INFO - [2025-05-27T22:10:07.551+0000] {dag.py:3722} INFO - Setting next_dagrun for synthetic_data_generation to None, run_after=None
[2025-05-27T22:10:07.565+0000] {processor.py:179} INFO - Processing /opt/airflow/dags/synthetic_data_dag.py took 0.495 seconds
[2025-05-27T22:10:38.287+0000] {processor.py:157} INFO - Started process (PID=134) to work on /opt/airflow/dags/synthetic_data_dag.py
[2025-05-27T22:10:38.293+0000] {processor.py:829} INFO - Processing file /opt/airflow/dags/synthetic_data_dag.py for tasks to queue
[2025-05-27T22:10:38.296+0000] {logging_mixin.py:154} INFO - [2025-05-27T22:10:38.296+0000] {dagbag.py:536} INFO - Filling up the DagBag from /opt/airflow/dags/synthetic_data_dag.py
[2025-05-27T22:10:38.686+0000] {processor.py:839} INFO - DAG(s) dict_keys(['synthetic_data_generation']) retrieved from /opt/airflow/dags/synthetic_data_dag.py
[2025-05-27T22:10:38.704+0000] {logging_mixin.py:154} INFO - [2025-05-27T22:10:38.703+0000] {dag.py:2941} INFO - Sync 1 DAGs
[2025-05-27T22:10:38.711+0000] {logging_mixin.py:154} INFO - [2025-05-27T22:10:38.711+0000] {dag.py:3722} INFO - Setting next_dagrun for synthetic_data_generation to None, run_after=None
[2025-05-27T22:10:38.722+0000] {processor.py:179} INFO - Processing /opt/airflow/dags/synthetic_data_dag.py took 0.441 seconds
[2025-05-27T22:11:09.414+0000] {processor.py:157} INFO - Started process (PID=151) to work on /opt/airflow/dags/synthetic_data_dag.py
[2025-05-27T22:11:09.417+0000] {processor.py:829} INFO - Processing file /opt/airflow/dags/synthetic_data_dag.py for tasks to queue
[2025-05-27T22:11:09.420+0000] {logging_mixin.py:154} INFO - [2025-05-27T22:11:09.420+0000] {dagbag.py:536} INFO - Filling up the DagBag from /opt/airflow/dags/synthetic_data_dag.py
[2025-05-27T22:11:10.311+0000] {processor.py:839} INFO - DAG(s) dict_keys(['synthetic_data_generation']) retrieved from /opt/airflow/dags/synthetic_data_dag.py
[2025-05-27T22:11:10.347+0000] {logging_mixin.py:154} INFO - [2025-05-27T22:11:10.347+0000] {dag.py:2941} INFO - Sync 1 DAGs
[2025-05-27T22:11:10.355+0000] {logging_mixin.py:154} INFO - [2025-05-27T22:11:10.355+0000] {dag.py:3722} INFO - Setting next_dagrun for synthetic_data_generation to None, run_after=None
[2025-05-27T22:11:10.371+0000] {processor.py:179} INFO - Processing /opt/airflow/dags/synthetic_data_dag.py took 0.961 seconds
[2025-05-27T22:11:41.434+0000] {processor.py:157} INFO - Started process (PID=172) to work on /opt/airflow/dags/synthetic_data_dag.py
[2025-05-27T22:11:41.436+0000] {processor.py:829} INFO - Processing file /opt/airflow/dags/synthetic_data_dag.py for tasks to queue
[2025-05-27T22:11:41.442+0000] {logging_mixin.py:154} INFO - [2025-05-27T22:11:41.441+0000] {dagbag.py:536} INFO - Filling up the DagBag from /opt/airflow/dags/synthetic_data_dag.py
[2025-05-27T22:11:42.271+0000] {processor.py:839} INFO - DAG(s) dict_keys(['synthetic_data_generation']) retrieved from /opt/airflow/dags/synthetic_data_dag.py
[2025-05-27T22:11:42.306+0000] {logging_mixin.py:154} INFO - [2025-05-27T22:11:42.305+0000] {dag.py:2941} INFO - Sync 1 DAGs
[2025-05-27T22:11:42.318+0000] {logging_mixin.py:154} INFO - [2025-05-27T22:11:42.318+0000] {dag.py:3722} INFO - Setting next_dagrun for synthetic_data_generation to None, run_after=None
[2025-05-27T22:11:42.336+0000] {processor.py:179} INFO - Processing /opt/airflow/dags/synthetic_data_dag.py took 0.907 seconds
[2025-05-27T22:12:13.287+0000] {processor.py:157} INFO - Started process (PID=189) to work on /opt/airflow/dags/synthetic_data_dag.py
[2025-05-27T22:12:13.290+0000] {processor.py:829} INFO - Processing file /opt/airflow/dags/synthetic_data_dag.py for tasks to queue
[2025-05-27T22:12:13.295+0000] {logging_mixin.py:154} INFO - [2025-05-27T22:12:13.294+0000] {dagbag.py:536} INFO - Filling up the DagBag from /opt/airflow/dags/synthetic_data_dag.py
[2025-05-27T22:12:13.736+0000] {processor.py:839} INFO - DAG(s) dict_keys(['synthetic_data_generation']) retrieved from /opt/airflow/dags/synthetic_data_dag.py
[2025-05-27T22:12:13.753+0000] {logging_mixin.py:154} INFO - [2025-05-27T22:12:13.752+0000] {dag.py:2941} INFO - Sync 1 DAGs
[2025-05-27T22:12:13.765+0000] {logging_mixin.py:154} INFO - [2025-05-27T22:12:13.765+0000] {dag.py:3722} INFO - Setting next_dagrun for synthetic_data_generation to None, run_after=None
[2025-05-27T22:12:13.778+0000] {processor.py:179} INFO - Processing /opt/airflow/dags/synthetic_data_dag.py took 0.494 seconds
[2025-05-27T22:12:44.637+0000] {processor.py:157} INFO - Started process (PID=206) to work on /opt/airflow/dags/synthetic_data_dag.py
[2025-05-27T22:12:44.642+0000] {processor.py:829} INFO - Processing file /opt/airflow/dags/synthetic_data_dag.py for tasks to queue
[2025-05-27T22:12:44.647+0000] {logging_mixin.py:154} INFO - [2025-05-27T22:12:44.647+0000] {dagbag.py:536} INFO - Filling up the DagBag from /opt/airflow/dags/synthetic_data_dag.py
[2025-05-27T22:12:45.226+0000] {processor.py:839} INFO - DAG(s) dict_keys(['synthetic_data_generation']) retrieved from /opt/airflow/dags/synthetic_data_dag.py
[2025-05-27T22:12:45.259+0000] {logging_mixin.py:154} INFO - [2025-05-27T22:12:45.259+0000] {dag.py:2941} INFO - Sync 1 DAGs
[2025-05-27T22:12:45.267+0000] {logging_mixin.py:154} INFO - [2025-05-27T22:12:45.267+0000] {dag.py:3722} INFO - Setting next_dagrun for synthetic_data_generation to None, run_after=None
[2025-05-27T22:12:45.285+0000] {processor.py:179} INFO - Processing /opt/airflow/dags/synthetic_data_dag.py took 0.655 seconds
[2025-05-27T22:13:16.328+0000] {processor.py:157} INFO - Started process (PID=223) to work on /opt/airflow/dags/synthetic_data_dag.py
[2025-05-27T22:13:16.329+0000] {processor.py:829} INFO - Processing file /opt/airflow/dags/synthetic_data_dag.py for tasks to queue
[2025-05-27T22:13:16.334+0000] {logging_mixin.py:154} INFO - [2025-05-27T22:13:16.333+0000] {dagbag.py:536} INFO - Filling up the DagBag from /opt/airflow/dags/synthetic_data_dag.py
[2025-05-27T22:13:16.895+0000] {processor.py:839} INFO - DAG(s) dict_keys(['synthetic_data_generation']) retrieved from /opt/airflow/dags/synthetic_data_dag.py
[2025-05-27T22:13:16.917+0000] {logging_mixin.py:154} INFO - [2025-05-27T22:13:16.917+0000] {dag.py:2941} INFO - Sync 1 DAGs
[2025-05-27T22:13:16.924+0000] {logging_mixin.py:154} INFO - [2025-05-27T22:13:16.924+0000] {dag.py:3722} INFO - Setting next_dagrun for synthetic_data_generation to None, run_after=None
[2025-05-27T22:13:16.943+0000] {processor.py:179} INFO - Processing /opt/airflow/dags/synthetic_data_dag.py took 0.627 seconds
[2025-05-27T22:13:47.317+0000] {processor.py:157} INFO - Started process (PID=240) to work on /opt/airflow/dags/synthetic_data_dag.py
[2025-05-27T22:13:47.322+0000] {processor.py:829} INFO - Processing file /opt/airflow/dags/synthetic_data_dag.py for tasks to queue
[2025-05-27T22:13:47.329+0000] {logging_mixin.py:154} INFO - [2025-05-27T22:13:47.328+0000] {dagbag.py:536} INFO - Filling up the DagBag from /opt/airflow/dags/synthetic_data_dag.py
[2025-05-27T22:13:47.937+0000] {processor.py:839} INFO - DAG(s) dict_keys(['synthetic_data_generation']) retrieved from /opt/airflow/dags/synthetic_data_dag.py
[2025-05-27T22:13:48.013+0000] {logging_mixin.py:154} INFO - [2025-05-27T22:13:48.012+0000] {dag.py:2941} INFO - Sync 1 DAGs
[2025-05-27T22:13:48.086+0000] {logging_mixin.py:154} INFO - [2025-05-27T22:13:48.084+0000] {dag.py:3722} INFO - Setting next_dagrun for synthetic_data_generation to None, run_after=None
[2025-05-27T22:13:48.205+0000] {processor.py:179} INFO - Processing /opt/airflow/dags/synthetic_data_dag.py took 0.900 seconds
[2025-05-27T22:14:32.261+0000] {processor.py:157} INFO - Started process (PID=60) to work on /opt/airflow/dags/synthetic_data_dag.py
[2025-05-27T22:14:32.263+0000] {processor.py:829} INFO - Processing file /opt/airflow/dags/synthetic_data_dag.py for tasks to queue
[2025-05-27T22:14:32.273+0000] {logging_mixin.py:154} INFO - [2025-05-27T22:14:32.271+0000] {dagbag.py:536} INFO - Filling up the DagBag from /opt/airflow/dags/synthetic_data_dag.py
[2025-05-27T22:14:34.394+0000] {processor.py:839} INFO - DAG(s) dict_keys(['synthetic_data_generation']) retrieved from /opt/airflow/dags/synthetic_data_dag.py
[2025-05-27T22:14:34.770+0000] {logging_mixin.py:154} INFO - [2025-05-27T22:14:34.768+0000] {dag.py:2941} INFO - Sync 1 DAGs
[2025-05-27T22:14:34.792+0000] {logging_mixin.py:154} INFO - [2025-05-27T22:14:34.791+0000] {dag.py:3722} INFO - Setting next_dagrun for synthetic_data_generation to None, run_after=None
[2025-05-27T22:14:34.831+0000] {processor.py:179} INFO - Processing /opt/airflow/dags/synthetic_data_dag.py took 2.578 seconds
[2025-05-27T22:15:05.468+0000] {processor.py:157} INFO - Started process (PID=77) to work on /opt/airflow/dags/synthetic_data_dag.py
[2025-05-27T22:15:05.469+0000] {processor.py:829} INFO - Processing file /opt/airflow/dags/synthetic_data_dag.py for tasks to queue
[2025-05-27T22:15:05.473+0000] {logging_mixin.py:154} INFO - [2025-05-27T22:15:05.473+0000] {dagbag.py:536} INFO - Filling up the DagBag from /opt/airflow/dags/synthetic_data_dag.py
[2025-05-27T22:15:05.936+0000] {processor.py:839} INFO - DAG(s) dict_keys(['synthetic_data_generation']) retrieved from /opt/airflow/dags/synthetic_data_dag.py
[2025-05-27T22:15:05.963+0000] {logging_mixin.py:154} INFO - [2025-05-27T22:15:05.962+0000] {dag.py:2941} INFO - Sync 1 DAGs
[2025-05-27T22:15:05.972+0000] {logging_mixin.py:154} INFO - [2025-05-27T22:15:05.972+0000] {dag.py:3722} INFO - Setting next_dagrun for synthetic_data_generation to None, run_after=None
[2025-05-27T22:15:05.987+0000] {processor.py:179} INFO - Processing /opt/airflow/dags/synthetic_data_dag.py took 0.524 seconds
[2025-05-27T22:15:36.750+0000] {processor.py:157} INFO - Started process (PID=94) to work on /opt/airflow/dags/synthetic_data_dag.py
[2025-05-27T22:15:36.753+0000] {processor.py:829} INFO - Processing file /opt/airflow/dags/synthetic_data_dag.py for tasks to queue
[2025-05-27T22:15:36.755+0000] {logging_mixin.py:154} INFO - [2025-05-27T22:15:36.755+0000] {dagbag.py:536} INFO - Filling up the DagBag from /opt/airflow/dags/synthetic_data_dag.py
[2025-05-27T22:15:37.191+0000] {processor.py:839} INFO - DAG(s) dict_keys(['synthetic_data_generation']) retrieved from /opt/airflow/dags/synthetic_data_dag.py
[2025-05-27T22:15:37.215+0000] {logging_mixin.py:154} INFO - [2025-05-27T22:15:37.215+0000] {dag.py:2941} INFO - Sync 1 DAGs
[2025-05-27T22:15:37.222+0000] {logging_mixin.py:154} INFO - [2025-05-27T22:15:37.222+0000] {dag.py:3722} INFO - Setting next_dagrun for synthetic_data_generation to None, run_after=None
[2025-05-27T22:15:37.235+0000] {processor.py:179} INFO - Processing /opt/airflow/dags/synthetic_data_dag.py took 0.487 seconds
[2025-05-27T22:16:08.002+0000] {processor.py:157} INFO - Started process (PID=118) to work on /opt/airflow/dags/synthetic_data_dag.py
[2025-05-27T22:16:08.004+0000] {processor.py:829} INFO - Processing file /opt/airflow/dags/synthetic_data_dag.py for tasks to queue
[2025-05-27T22:16:08.006+0000] {logging_mixin.py:154} INFO - [2025-05-27T22:16:08.006+0000] {dagbag.py:536} INFO - Filling up the DagBag from /opt/airflow/dags/synthetic_data_dag.py
[2025-05-27T22:16:08.398+0000] {processor.py:839} INFO - DAG(s) dict_keys(['synthetic_data_generation']) retrieved from /opt/airflow/dags/synthetic_data_dag.py
[2025-05-27T22:16:08.412+0000] {logging_mixin.py:154} INFO - [2025-05-27T22:16:08.411+0000] {dag.py:2941} INFO - Sync 1 DAGs
[2025-05-27T22:16:08.420+0000] {logging_mixin.py:154} INFO - [2025-05-27T22:16:08.420+0000] {dag.py:3722} INFO - Setting next_dagrun for synthetic_data_generation to None, run_after=None
[2025-05-27T22:16:08.436+0000] {processor.py:179} INFO - Processing /opt/airflow/dags/synthetic_data_dag.py took 0.437 seconds
[2025-05-27T22:16:39.097+0000] {processor.py:157} INFO - Started process (PID=139) to work on /opt/airflow/dags/synthetic_data_dag.py
[2025-05-27T22:16:39.098+0000] {processor.py:829} INFO - Processing file /opt/airflow/dags/synthetic_data_dag.py for tasks to queue
[2025-05-27T22:16:39.100+0000] {logging_mixin.py:154} INFO - [2025-05-27T22:16:39.100+0000] {dagbag.py:536} INFO - Filling up the DagBag from /opt/airflow/dags/synthetic_data_dag.py
[2025-05-27T22:16:39.556+0000] {processor.py:839} INFO - DAG(s) dict_keys(['synthetic_data_generation']) retrieved from /opt/airflow/dags/synthetic_data_dag.py
[2025-05-27T22:16:39.584+0000] {logging_mixin.py:154} INFO - [2025-05-27T22:16:39.584+0000] {dag.py:2941} INFO - Sync 1 DAGs
[2025-05-27T22:16:39.596+0000] {logging_mixin.py:154} INFO - [2025-05-27T22:16:39.595+0000] {dag.py:3722} INFO - Setting next_dagrun for synthetic_data_generation to None, run_after=None
[2025-05-27T22:16:39.612+0000] {processor.py:179} INFO - Processing /opt/airflow/dags/synthetic_data_dag.py took 0.518 seconds
[2025-05-27T22:17:09.918+0000] {processor.py:157} INFO - Started process (PID=156) to work on /opt/airflow/dags/synthetic_data_dag.py
[2025-05-27T22:17:09.920+0000] {processor.py:829} INFO - Processing file /opt/airflow/dags/synthetic_data_dag.py for tasks to queue
[2025-05-27T22:17:09.927+0000] {logging_mixin.py:154} INFO - [2025-05-27T22:17:09.925+0000] {dagbag.py:536} INFO - Filling up the DagBag from /opt/airflow/dags/synthetic_data_dag.py
[2025-05-27T22:17:10.598+0000] {processor.py:839} INFO - DAG(s) dict_keys(['synthetic_data_generation']) retrieved from /opt/airflow/dags/synthetic_data_dag.py
[2025-05-27T22:17:10.626+0000] {logging_mixin.py:154} INFO - [2025-05-27T22:17:10.626+0000] {dag.py:2941} INFO - Sync 1 DAGs
[2025-05-27T22:17:10.636+0000] {logging_mixin.py:154} INFO - [2025-05-27T22:17:10.636+0000] {dag.py:3722} INFO - Setting next_dagrun for synthetic_data_generation to None, run_after=None
[2025-05-27T22:17:10.658+0000] {processor.py:179} INFO - Processing /opt/airflow/dags/synthetic_data_dag.py took 0.746 seconds
[2025-05-27T22:17:40.828+0000] {processor.py:157} INFO - Started process (PID=177) to work on /opt/airflow/dags/synthetic_data_dag.py
[2025-05-27T22:17:40.829+0000] {processor.py:829} INFO - Processing file /opt/airflow/dags/synthetic_data_dag.py for tasks to queue
[2025-05-27T22:17:40.832+0000] {logging_mixin.py:154} INFO - [2025-05-27T22:17:40.832+0000] {dagbag.py:536} INFO - Filling up the DagBag from /opt/airflow/dags/synthetic_data_dag.py
[2025-05-27T22:17:41.443+0000] {processor.py:839} INFO - DAG(s) dict_keys(['synthetic_data_generation']) retrieved from /opt/airflow/dags/synthetic_data_dag.py
[2025-05-27T22:17:41.466+0000] {logging_mixin.py:154} INFO - [2025-05-27T22:17:41.465+0000] {dag.py:2941} INFO - Sync 1 DAGs
[2025-05-27T22:17:41.473+0000] {logging_mixin.py:154} INFO - [2025-05-27T22:17:41.473+0000] {dag.py:3722} INFO - Setting next_dagrun for synthetic_data_generation to None, run_after=None
[2025-05-27T22:17:41.486+0000] {processor.py:179} INFO - Processing /opt/airflow/dags/synthetic_data_dag.py took 0.663 seconds
[2025-05-27T22:18:11.562+0000] {processor.py:157} INFO - Started process (PID=202) to work on /opt/airflow/dags/synthetic_data_dag.py
[2025-05-27T22:18:11.563+0000] {processor.py:829} INFO - Processing file /opt/airflow/dags/synthetic_data_dag.py for tasks to queue
[2025-05-27T22:18:11.568+0000] {logging_mixin.py:154} INFO - [2025-05-27T22:18:11.568+0000] {dagbag.py:536} INFO - Filling up the DagBag from /opt/airflow/dags/synthetic_data_dag.py
[2025-05-27T22:18:12.021+0000] {processor.py:839} INFO - DAG(s) dict_keys(['synthetic_data_generation']) retrieved from /opt/airflow/dags/synthetic_data_dag.py
[2025-05-27T22:18:12.039+0000] {logging_mixin.py:154} INFO - [2025-05-27T22:18:12.039+0000] {dag.py:2941} INFO - Sync 1 DAGs
[2025-05-27T22:18:12.050+0000] {logging_mixin.py:154} INFO - [2025-05-27T22:18:12.050+0000] {dag.py:3722} INFO - Setting next_dagrun for synthetic_data_generation to None, run_after=None
[2025-05-27T22:18:12.063+0000] {processor.py:179} INFO - Processing /opt/airflow/dags/synthetic_data_dag.py took 0.505 seconds
[2025-05-27T22:18:42.246+0000] {processor.py:157} INFO - Started process (PID=219) to work on /opt/airflow/dags/synthetic_data_dag.py
[2025-05-27T22:18:42.249+0000] {processor.py:829} INFO - Processing file /opt/airflow/dags/synthetic_data_dag.py for tasks to queue
[2025-05-27T22:18:42.258+0000] {logging_mixin.py:154} INFO - [2025-05-27T22:18:42.257+0000] {dagbag.py:536} INFO - Filling up the DagBag from /opt/airflow/dags/synthetic_data_dag.py
[2025-05-27T22:18:43.069+0000] {processor.py:839} INFO - DAG(s) dict_keys(['synthetic_data_generation']) retrieved from /opt/airflow/dags/synthetic_data_dag.py
[2025-05-27T22:18:43.096+0000] {logging_mixin.py:154} INFO - [2025-05-27T22:18:43.095+0000] {dag.py:2941} INFO - Sync 1 DAGs
[2025-05-27T22:18:43.104+0000] {logging_mixin.py:154} INFO - [2025-05-27T22:18:43.104+0000] {dag.py:3722} INFO - Setting next_dagrun for synthetic_data_generation to None, run_after=None
[2025-05-27T22:18:43.133+0000] {processor.py:179} INFO - Processing /opt/airflow/dags/synthetic_data_dag.py took 0.903 seconds
[2025-05-27T22:19:13.788+0000] {processor.py:157} INFO - Started process (PID=237) to work on /opt/airflow/dags/synthetic_data_dag.py
[2025-05-27T22:19:13.795+0000] {processor.py:829} INFO - Processing file /opt/airflow/dags/synthetic_data_dag.py for tasks to queue
[2025-05-27T22:19:13.816+0000] {logging_mixin.py:154} INFO - [2025-05-27T22:19:13.810+0000] {dagbag.py:536} INFO - Filling up the DagBag from /opt/airflow/dags/synthetic_data_dag.py
[2025-05-27T22:19:14.423+0000] {processor.py:839} INFO - DAG(s) dict_keys(['synthetic_data_generation']) retrieved from /opt/airflow/dags/synthetic_data_dag.py
[2025-05-27T22:19:14.482+0000] {logging_mixin.py:154} INFO - [2025-05-27T22:19:14.481+0000] {dag.py:2941} INFO - Sync 1 DAGs
[2025-05-27T22:19:14.494+0000] {logging_mixin.py:154} INFO - [2025-05-27T22:19:14.494+0000] {dag.py:3722} INFO - Setting next_dagrun for synthetic_data_generation to None, run_after=None
[2025-05-27T22:19:14.518+0000] {processor.py:179} INFO - Processing /opt/airflow/dags/synthetic_data_dag.py took 0.749 seconds
[2025-05-27T22:20:22.346+0000] {processor.py:157} INFO - Started process (PID=59) to work on /opt/airflow/dags/synthetic_data_dag.py
[2025-05-27T22:20:22.347+0000] {processor.py:829} INFO - Processing file /opt/airflow/dags/synthetic_data_dag.py for tasks to queue
[2025-05-27T22:20:22.352+0000] {logging_mixin.py:154} INFO - [2025-05-27T22:20:22.351+0000] {dagbag.py:536} INFO - Filling up the DagBag from /opt/airflow/dags/synthetic_data_dag.py
[2025-05-27T22:20:24.189+0000] {processor.py:839} INFO - DAG(s) dict_keys(['synthetic_data_generation']) retrieved from /opt/airflow/dags/synthetic_data_dag.py
[2025-05-27T22:20:24.611+0000] {logging_mixin.py:154} INFO - [2025-05-27T22:20:24.605+0000] {dag.py:2941} INFO - Sync 1 DAGs
[2025-05-27T22:20:24.624+0000] {logging_mixin.py:154} INFO - [2025-05-27T22:20:24.624+0000] {dag.py:3722} INFO - Setting next_dagrun for synthetic_data_generation to None, run_after=None
[2025-05-27T22:20:24.666+0000] {processor.py:179} INFO - Processing /opt/airflow/dags/synthetic_data_dag.py took 2.332 seconds
[2025-05-27T22:20:55.396+0000] {processor.py:157} INFO - Started process (PID=76) to work on /opt/airflow/dags/synthetic_data_dag.py
[2025-05-27T22:20:55.398+0000] {processor.py:829} INFO - Processing file /opt/airflow/dags/synthetic_data_dag.py for tasks to queue
[2025-05-27T22:20:55.401+0000] {logging_mixin.py:154} INFO - [2025-05-27T22:20:55.400+0000] {dagbag.py:536} INFO - Filling up the DagBag from /opt/airflow/dags/synthetic_data_dag.py
[2025-05-27T22:20:55.876+0000] {processor.py:839} INFO - DAG(s) dict_keys(['synthetic_data_generation']) retrieved from /opt/airflow/dags/synthetic_data_dag.py
[2025-05-27T22:20:55.903+0000] {logging_mixin.py:154} INFO - [2025-05-27T22:20:55.902+0000] {dag.py:2941} INFO - Sync 1 DAGs
[2025-05-27T22:20:55.913+0000] {logging_mixin.py:154} INFO - [2025-05-27T22:20:55.913+0000] {dag.py:3722} INFO - Setting next_dagrun for synthetic_data_generation to None, run_after=None
[2025-05-27T22:20:55.927+0000] {processor.py:179} INFO - Processing /opt/airflow/dags/synthetic_data_dag.py took 0.533 seconds
[2025-05-27T22:21:26.717+0000] {processor.py:157} INFO - Started process (PID=92) to work on /opt/airflow/dags/synthetic_data_dag.py
[2025-05-27T22:21:26.719+0000] {processor.py:829} INFO - Processing file /opt/airflow/dags/synthetic_data_dag.py for tasks to queue
[2025-05-27T22:21:26.721+0000] {logging_mixin.py:154} INFO - [2025-05-27T22:21:26.720+0000] {dagbag.py:536} INFO - Filling up the DagBag from /opt/airflow/dags/synthetic_data_dag.py
[2025-05-27T22:21:27.227+0000] {processor.py:839} INFO - DAG(s) dict_keys(['synthetic_data_generation']) retrieved from /opt/airflow/dags/synthetic_data_dag.py
[2025-05-27T22:21:27.248+0000] {logging_mixin.py:154} INFO - [2025-05-27T22:21:27.247+0000] {dag.py:2941} INFO - Sync 1 DAGs
[2025-05-27T22:21:27.261+0000] {logging_mixin.py:154} INFO - [2025-05-27T22:21:27.261+0000] {dag.py:3722} INFO - Setting next_dagrun for synthetic_data_generation to None, run_after=None
[2025-05-27T22:21:27.282+0000] {processor.py:179} INFO - Processing /opt/airflow/dags/synthetic_data_dag.py took 0.570 seconds
[2025-05-27T22:21:58.054+0000] {processor.py:157} INFO - Started process (PID=116) to work on /opt/airflow/dags/synthetic_data_dag.py
[2025-05-27T22:21:58.056+0000] {processor.py:829} INFO - Processing file /opt/airflow/dags/synthetic_data_dag.py for tasks to queue
[2025-05-27T22:21:58.058+0000] {logging_mixin.py:154} INFO - [2025-05-27T22:21:58.058+0000] {dagbag.py:536} INFO - Filling up the DagBag from /opt/airflow/dags/synthetic_data_dag.py
[2025-05-27T22:21:58.473+0000] {processor.py:839} INFO - DAG(s) dict_keys(['synthetic_data_generation']) retrieved from /opt/airflow/dags/synthetic_data_dag.py
[2025-05-27T22:21:58.487+0000] {logging_mixin.py:154} INFO - [2025-05-27T22:21:58.487+0000] {dag.py:2941} INFO - Sync 1 DAGs
[2025-05-27T22:21:58.494+0000] {logging_mixin.py:154} INFO - [2025-05-27T22:21:58.494+0000] {dag.py:3722} INFO - Setting next_dagrun for synthetic_data_generation to None, run_after=None
[2025-05-27T22:21:58.506+0000] {processor.py:179} INFO - Processing /opt/airflow/dags/synthetic_data_dag.py took 0.458 seconds
[2025-05-27T22:22:29.360+0000] {processor.py:157} INFO - Started process (PID=132) to work on /opt/airflow/dags/synthetic_data_dag.py
[2025-05-27T22:22:29.363+0000] {processor.py:829} INFO - Processing file /opt/airflow/dags/synthetic_data_dag.py for tasks to queue
[2025-05-27T22:22:29.366+0000] {logging_mixin.py:154} INFO - [2025-05-27T22:22:29.366+0000] {dagbag.py:536} INFO - Filling up the DagBag from /opt/airflow/dags/synthetic_data_dag.py
[2025-05-27T22:22:29.878+0000] {processor.py:839} INFO - DAG(s) dict_keys(['synthetic_data_generation']) retrieved from /opt/airflow/dags/synthetic_data_dag.py
[2025-05-27T22:22:29.915+0000] {logging_mixin.py:154} INFO - [2025-05-27T22:22:29.914+0000] {dag.py:2941} INFO - Sync 1 DAGs
[2025-05-27T22:22:29.931+0000] {logging_mixin.py:154} INFO - [2025-05-27T22:22:29.931+0000] {dag.py:3722} INFO - Setting next_dagrun for synthetic_data_generation to None, run_after=None
[2025-05-27T22:22:29.946+0000] {processor.py:179} INFO - Processing /opt/airflow/dags/synthetic_data_dag.py took 0.594 seconds
[2025-05-27T22:23:00.802+0000] {processor.py:157} INFO - Started process (PID=149) to work on /opt/airflow/dags/synthetic_data_dag.py
[2025-05-27T22:23:00.803+0000] {processor.py:829} INFO - Processing file /opt/airflow/dags/synthetic_data_dag.py for tasks to queue
[2025-05-27T22:23:00.805+0000] {logging_mixin.py:154} INFO - [2025-05-27T22:23:00.805+0000] {dagbag.py:536} INFO - Filling up the DagBag from /opt/airflow/dags/synthetic_data_dag.py
[2025-05-27T22:23:02.215+0000] {processor.py:839} INFO - DAG(s) dict_keys(['synthetic_data_generation']) retrieved from /opt/airflow/dags/synthetic_data_dag.py
[2025-05-27T22:23:02.253+0000] {logging_mixin.py:154} INFO - [2025-05-27T22:23:02.253+0000] {dag.py:2941} INFO - Sync 1 DAGs
[2025-05-27T22:23:02.264+0000] {logging_mixin.py:154} INFO - [2025-05-27T22:23:02.264+0000] {dag.py:3722} INFO - Setting next_dagrun for synthetic_data_generation to None, run_after=None
[2025-05-27T22:23:02.284+0000] {processor.py:179} INFO - Processing /opt/airflow/dags/synthetic_data_dag.py took 1.485 seconds
[2025-05-27T22:23:32.414+0000] {processor.py:157} INFO - Started process (PID=170) to work on /opt/airflow/dags/synthetic_data_dag.py
[2025-05-27T22:23:32.416+0000] {processor.py:829} INFO - Processing file /opt/airflow/dags/synthetic_data_dag.py for tasks to queue
[2025-05-27T22:23:32.418+0000] {logging_mixin.py:154} INFO - [2025-05-27T22:23:32.417+0000] {dagbag.py:536} INFO - Filling up the DagBag from /opt/airflow/dags/synthetic_data_dag.py
[2025-05-27T22:23:33.278+0000] {processor.py:839} INFO - DAG(s) dict_keys(['synthetic_data_generation']) retrieved from /opt/airflow/dags/synthetic_data_dag.py
[2025-05-27T22:23:33.315+0000] {logging_mixin.py:154} INFO - [2025-05-27T22:23:33.314+0000] {dag.py:2941} INFO - Sync 1 DAGs
[2025-05-27T22:23:33.326+0000] {logging_mixin.py:154} INFO - [2025-05-27T22:23:33.326+0000] {dag.py:3722} INFO - Setting next_dagrun for synthetic_data_generation to None, run_after=None
[2025-05-27T22:23:33.348+0000] {processor.py:179} INFO - Processing /opt/airflow/dags/synthetic_data_dag.py took 0.942 seconds
[2025-05-27T22:24:03.440+0000] {processor.py:157} INFO - Started process (PID=195) to work on /opt/airflow/dags/synthetic_data_dag.py
[2025-05-27T22:24:03.443+0000] {processor.py:829} INFO - Processing file /opt/airflow/dags/synthetic_data_dag.py for tasks to queue
[2025-05-27T22:24:03.447+0000] {logging_mixin.py:154} INFO - [2025-05-27T22:24:03.447+0000] {dagbag.py:536} INFO - Filling up the DagBag from /opt/airflow/dags/synthetic_data_dag.py
[2025-05-27T22:24:03.879+0000] {processor.py:839} INFO - DAG(s) dict_keys(['synthetic_data_generation']) retrieved from /opt/airflow/dags/synthetic_data_dag.py
[2025-05-27T22:24:03.895+0000] {logging_mixin.py:154} INFO - [2025-05-27T22:24:03.894+0000] {dag.py:2941} INFO - Sync 1 DAGs
[2025-05-27T22:24:03.902+0000] {logging_mixin.py:154} INFO - [2025-05-27T22:24:03.902+0000] {dag.py:3722} INFO - Setting next_dagrun for synthetic_data_generation to None, run_after=None
[2025-05-27T22:24:03.914+0000] {processor.py:179} INFO - Processing /opt/airflow/dags/synthetic_data_dag.py took 0.480 seconds
[2025-05-27T22:24:34.810+0000] {processor.py:157} INFO - Started process (PID=212) to work on /opt/airflow/dags/synthetic_data_dag.py
[2025-05-27T22:24:34.812+0000] {processor.py:829} INFO - Processing file /opt/airflow/dags/synthetic_data_dag.py for tasks to queue
[2025-05-27T22:24:34.815+0000] {logging_mixin.py:154} INFO - [2025-05-27T22:24:34.815+0000] {dagbag.py:536} INFO - Filling up the DagBag from /opt/airflow/dags/synthetic_data_dag.py
[2025-05-27T22:24:35.274+0000] {processor.py:839} INFO - DAG(s) dict_keys(['synthetic_data_generation']) retrieved from /opt/airflow/dags/synthetic_data_dag.py
[2025-05-27T22:24:35.300+0000] {logging_mixin.py:154} INFO - [2025-05-27T22:24:35.299+0000] {dag.py:2941} INFO - Sync 1 DAGs
[2025-05-27T22:24:35.309+0000] {logging_mixin.py:154} INFO - [2025-05-27T22:24:35.309+0000] {dag.py:3722} INFO - Setting next_dagrun for synthetic_data_generation to None, run_after=None
[2025-05-27T22:24:35.320+0000] {processor.py:179} INFO - Processing /opt/airflow/dags/synthetic_data_dag.py took 0.517 seconds
[2025-05-27T22:25:06.160+0000] {processor.py:157} INFO - Started process (PID=229) to work on /opt/airflow/dags/synthetic_data_dag.py
[2025-05-27T22:25:06.161+0000] {processor.py:829} INFO - Processing file /opt/airflow/dags/synthetic_data_dag.py for tasks to queue
[2025-05-27T22:25:06.165+0000] {logging_mixin.py:154} INFO - [2025-05-27T22:25:06.165+0000] {dagbag.py:536} INFO - Filling up the DagBag from /opt/airflow/dags/synthetic_data_dag.py
[2025-05-27T22:25:06.642+0000] {processor.py:839} INFO - DAG(s) dict_keys(['synthetic_data_generation']) retrieved from /opt/airflow/dags/synthetic_data_dag.py
[2025-05-27T22:25:06.663+0000] {logging_mixin.py:154} INFO - [2025-05-27T22:25:06.662+0000] {dag.py:2941} INFO - Sync 1 DAGs
[2025-05-27T22:25:06.670+0000] {logging_mixin.py:154} INFO - [2025-05-27T22:25:06.670+0000] {dag.py:3722} INFO - Setting next_dagrun for synthetic_data_generation to None, run_after=None
[2025-05-27T22:25:06.693+0000] {processor.py:179} INFO - Processing /opt/airflow/dags/synthetic_data_dag.py took 0.537 seconds
[2025-05-27T22:25:37.605+0000] {processor.py:157} INFO - Started process (PID=246) to work on /opt/airflow/dags/synthetic_data_dag.py
[2025-05-27T22:25:37.608+0000] {processor.py:829} INFO - Processing file /opt/airflow/dags/synthetic_data_dag.py for tasks to queue
[2025-05-27T22:25:37.616+0000] {logging_mixin.py:154} INFO - [2025-05-27T22:25:37.615+0000] {dagbag.py:536} INFO - Filling up the DagBag from /opt/airflow/dags/synthetic_data_dag.py
[2025-05-27T22:25:38.137+0000] {processor.py:839} INFO - DAG(s) dict_keys(['synthetic_data_generation']) retrieved from /opt/airflow/dags/synthetic_data_dag.py
[2025-05-27T22:25:38.153+0000] {logging_mixin.py:154} INFO - [2025-05-27T22:25:38.153+0000] {dag.py:2941} INFO - Sync 1 DAGs
[2025-05-27T22:25:38.161+0000] {logging_mixin.py:154} INFO - [2025-05-27T22:25:38.160+0000] {dag.py:3722} INFO - Setting next_dagrun for synthetic_data_generation to None, run_after=None
[2025-05-27T22:25:38.176+0000] {processor.py:179} INFO - Processing /opt/airflow/dags/synthetic_data_dag.py took 0.576 seconds
[2025-05-27T22:26:08.435+0000] {processor.py:157} INFO - Started process (PID=263) to work on /opt/airflow/dags/synthetic_data_dag.py
[2025-05-27T22:26:08.437+0000] {processor.py:829} INFO - Processing file /opt/airflow/dags/synthetic_data_dag.py for tasks to queue
[2025-05-27T22:26:08.438+0000] {logging_mixin.py:154} INFO - [2025-05-27T22:26:08.438+0000] {dagbag.py:536} INFO - Filling up the DagBag from /opt/airflow/dags/synthetic_data_dag.py
[2025-05-27T22:26:08.883+0000] {processor.py:839} INFO - DAG(s) dict_keys(['synthetic_data_generation']) retrieved from /opt/airflow/dags/synthetic_data_dag.py
[2025-05-27T22:26:08.903+0000] {logging_mixin.py:154} INFO - [2025-05-27T22:26:08.902+0000] {dag.py:2941} INFO - Sync 1 DAGs
[2025-05-27T22:26:08.909+0000] {logging_mixin.py:154} INFO - [2025-05-27T22:26:08.909+0000] {dag.py:3722} INFO - Setting next_dagrun for synthetic_data_generation to None, run_after=None
[2025-05-27T22:26:08.924+0000] {processor.py:179} INFO - Processing /opt/airflow/dags/synthetic_data_dag.py took 0.497 seconds
[2025-05-27T22:26:39.293+0000] {processor.py:157} INFO - Started process (PID=288) to work on /opt/airflow/dags/synthetic_data_dag.py
[2025-05-27T22:26:39.300+0000] {processor.py:829} INFO - Processing file /opt/airflow/dags/synthetic_data_dag.py for tasks to queue
[2025-05-27T22:26:39.309+0000] {logging_mixin.py:154} INFO - [2025-05-27T22:26:39.309+0000] {dagbag.py:536} INFO - Filling up the DagBag from /opt/airflow/dags/synthetic_data_dag.py
[2025-05-27T22:26:40.378+0000] {processor.py:839} INFO - DAG(s) dict_keys(['synthetic_data_generation']) retrieved from /opt/airflow/dags/synthetic_data_dag.py
[2025-05-27T22:26:40.428+0000] {logging_mixin.py:154} INFO - [2025-05-27T22:26:40.427+0000] {dag.py:2941} INFO - Sync 1 DAGs
[2025-05-27T22:26:40.465+0000] {logging_mixin.py:154} INFO - [2025-05-27T22:26:40.465+0000] {dag.py:3722} INFO - Setting next_dagrun for synthetic_data_generation to None, run_after=None
[2025-05-27T22:26:40.492+0000] {processor.py:179} INFO - Processing /opt/airflow/dags/synthetic_data_dag.py took 1.227 seconds
[2025-05-27T22:27:10.878+0000] {processor.py:157} INFO - Started process (PID=305) to work on /opt/airflow/dags/synthetic_data_dag.py
[2025-05-27T22:27:10.882+0000] {processor.py:829} INFO - Processing file /opt/airflow/dags/synthetic_data_dag.py for tasks to queue
[2025-05-27T22:27:10.888+0000] {logging_mixin.py:154} INFO - [2025-05-27T22:27:10.888+0000] {dagbag.py:536} INFO - Filling up the DagBag from /opt/airflow/dags/synthetic_data_dag.py
[2025-05-27T22:27:11.562+0000] {processor.py:839} INFO - DAG(s) dict_keys(['synthetic_data_generation']) retrieved from /opt/airflow/dags/synthetic_data_dag.py
[2025-05-27T22:27:11.633+0000] {logging_mixin.py:154} INFO - [2025-05-27T22:27:11.632+0000] {dag.py:2941} INFO - Sync 1 DAGs
[2025-05-27T22:27:11.650+0000] {logging_mixin.py:154} INFO - [2025-05-27T22:27:11.650+0000] {dag.py:3722} INFO - Setting next_dagrun for synthetic_data_generation to None, run_after=None
[2025-05-27T22:27:11.681+0000] {processor.py:179} INFO - Processing /opt/airflow/dags/synthetic_data_dag.py took 0.813 seconds
[2025-05-27T22:27:42.167+0000] {processor.py:157} INFO - Started process (PID=322) to work on /opt/airflow/dags/synthetic_data_dag.py
[2025-05-27T22:27:42.170+0000] {processor.py:829} INFO - Processing file /opt/airflow/dags/synthetic_data_dag.py for tasks to queue
[2025-05-27T22:27:42.174+0000] {logging_mixin.py:154} INFO - [2025-05-27T22:27:42.173+0000] {dagbag.py:536} INFO - Filling up the DagBag from /opt/airflow/dags/synthetic_data_dag.py
[2025-05-27T22:27:42.627+0000] {processor.py:839} INFO - DAG(s) dict_keys(['synthetic_data_generation']) retrieved from /opt/airflow/dags/synthetic_data_dag.py
[2025-05-27T22:27:42.642+0000] {logging_mixin.py:154} INFO - [2025-05-27T22:27:42.642+0000] {dag.py:2941} INFO - Sync 1 DAGs
[2025-05-27T22:27:42.650+0000] {logging_mixin.py:154} INFO - [2025-05-27T22:27:42.649+0000] {dag.py:3722} INFO - Setting next_dagrun for synthetic_data_generation to None, run_after=None
[2025-05-27T22:27:42.662+0000] {processor.py:179} INFO - Processing /opt/airflow/dags/synthetic_data_dag.py took 0.500 seconds
