[2025-05-27T22:26:20.178+0000] {taskinstance.py:1159} INFO - Dependencies all met for dep_context=non-requeueable deps ti=<TaskInstance: inventory_returns_generation.load_to_target manual__2025-05-27T22:26:11.670124+00:00 [queued]>
[2025-05-27T22:26:20.184+0000] {taskinstance.py:1159} INFO - Dependencies all met for dep_context=requeueable deps ti=<TaskInstance: inventory_returns_generation.load_to_target manual__2025-05-27T22:26:11.670124+00:00 [queued]>
[2025-05-27T22:26:20.185+0000] {taskinstance.py:1361} INFO - Starting attempt 1 of 2
[2025-05-27T22:26:20.191+0000] {taskinstance.py:1382} INFO - Executing <Task(PythonOperator): load_to_target> on 2025-05-27 22:26:11.670124+00:00
[2025-05-27T22:26:20.195+0000] {standard_task_runner.py:57} INFO - Started process 229 to run task
[2025-05-27T22:26:20.198+0000] {standard_task_runner.py:84} INFO - Running: ['***', 'tasks', 'run', 'inventory_returns_generation', 'load_to_target', 'manual__2025-05-27T22:26:11.670124+00:00', '--job-id', '485', '--raw', '--subdir', 'DAGS_FOLDER/inventory_returns_dag.py', '--cfg-path', '/tmp/tmp4hqb11mv']
[2025-05-27T22:26:20.201+0000] {standard_task_runner.py:85} INFO - Job 485: Subtask load_to_target
[2025-05-27T22:26:20.226+0000] {task_command.py:416} INFO - Running <TaskInstance: inventory_returns_generation.load_to_target manual__2025-05-27T22:26:11.670124+00:00 [running]> on host 096aa9233816
[2025-05-27T22:26:20.605+0000] {taskinstance.py:1662} INFO - Exporting env vars: AIRFLOW_CTX_DAG_OWNER='***' AIRFLOW_CTX_DAG_ID='inventory_returns_generation' AIRFLOW_CTX_TASK_ID='load_to_target' AIRFLOW_CTX_EXECUTION_DATE='2025-05-27T22:26:11.670124+00:00' AIRFLOW_CTX_TRY_NUMBER='1' AIRFLOW_CTX_DAG_RUN_ID='manual__2025-05-27T22:26:11.670124+00:00'
[2025-05-27T22:26:20.639+0000] {logging_mixin.py:154} INFO - Starting load to target layer for batch BATCH_20250527222617...
[2025-05-27T22:26:20.655+0000] {logging_mixin.py:154} INFO - Ensuring all required dates are in the date dimension...
[2025-05-27T22:26:20.675+0000] {logging_mixin.py:154} INFO - Added date 20250421 to date dimension
[2025-05-27T22:26:20.680+0000] {logging_mixin.py:154} INFO - Added date 20250518 to date dimension
[2025-05-27T22:26:20.687+0000] {logging_mixin.py:154} INFO - Added date 20250520 to date dimension
[2025-05-27T22:26:20.690+0000] {logging_mixin.py:154} INFO - Added date 20250506 to date dimension
[2025-05-27T22:26:20.698+0000] {logging_mixin.py:154} INFO - Added date 20250425 to date dimension
[2025-05-27T22:26:20.701+0000] {logging_mixin.py:154} INFO - Added date 20250512 to date dimension
[2025-05-27T22:26:20.705+0000] {logging_mixin.py:154} INFO - Added date 20250422 to date dimension
[2025-05-27T22:26:20.706+0000] {logging_mixin.py:154} INFO - Added date 20250502 to date dimension
[2025-05-27T22:26:20.710+0000] {logging_mixin.py:154} INFO - Added date 20250424 to date dimension
[2025-05-27T22:26:20.713+0000] {logging_mixin.py:154} INFO - Added date 20250413 to date dimension
[2025-05-27T22:26:20.716+0000] {logging_mixin.py:154} INFO - Added date 20250418 to date dimension
[2025-05-27T22:26:20.720+0000] {logging_mixin.py:154} INFO - Added date 20250517 to date dimension
[2025-05-27T22:26:20.724+0000] {logging_mixin.py:154} INFO - Added date 20250419 to date dimension
[2025-05-27T22:26:20.727+0000] {logging_mixin.py:154} INFO - Added date 20250426 to date dimension
[2025-05-27T22:26:20.733+0000] {logging_mixin.py:154} INFO - Added date 20250414 to date dimension
[2025-05-27T22:26:20.736+0000] {logging_mixin.py:154} INFO - Added date 20250525 to date dimension
[2025-05-27T22:26:20.738+0000] {logging_mixin.py:154} INFO - Added date 20250420 to date dimension
[2025-05-27T22:26:20.741+0000] {logging_mixin.py:154} INFO - Added date 20250516 to date dimension
[2025-05-27T22:26:20.742+0000] {logging_mixin.py:154} INFO - Added date 20250524 to date dimension
[2025-05-27T22:26:20.746+0000] {logging_mixin.py:154} INFO - Added date 20250503 to date dimension
[2025-05-27T22:26:20.749+0000] {logging_mixin.py:154} INFO - Added date 20250526 to date dimension
[2025-05-27T22:26:20.751+0000] {logging_mixin.py:154} INFO - Added date 20250504 to date dimension
[2025-05-27T22:26:20.753+0000] {logging_mixin.py:154} INFO - Added date 20250510 to date dimension
[2025-05-27T22:26:20.757+0000] {logging_mixin.py:154} INFO - Added date 20250429 to date dimension
[2025-05-27T22:26:20.764+0000] {logging_mixin.py:154} INFO - Added date 20250507 to date dimension
[2025-05-27T22:26:20.770+0000] {logging_mixin.py:154} INFO - Added date 20250427 to date dimension
[2025-05-27T22:26:20.774+0000] {logging_mixin.py:154} INFO - Added date 20250521 to date dimension
[2025-05-27T22:26:20.784+0000] {logging_mixin.py:154} INFO - Added date 20250527 to date dimension
[2025-05-27T22:26:20.789+0000] {logging_mixin.py:154} INFO - Added date 20250430 to date dimension
[2025-05-27T22:26:20.795+0000] {logging_mixin.py:154} INFO - Added date 20250501 to date dimension
[2025-05-27T22:26:20.801+0000] {logging_mixin.py:154} INFO - Added date 20250522 to date dimension
[2025-05-27T22:26:20.806+0000] {logging_mixin.py:154} INFO - Added date 20250428 to date dimension
[2025-05-27T22:26:20.811+0000] {logging_mixin.py:154} INFO - Added date 20250416 to date dimension
[2025-05-27T22:26:20.817+0000] {logging_mixin.py:154} INFO - Added date 20250511 to date dimension
[2025-05-27T22:26:20.819+0000] {logging_mixin.py:154} INFO - Added date 20250505 to date dimension
[2025-05-27T22:26:20.822+0000] {logging_mixin.py:154} INFO - Added date 20250519 to date dimension
[2025-05-27T22:26:20.824+0000] {logging_mixin.py:154} INFO - Added date 20250514 to date dimension
[2025-05-27T22:26:20.826+0000] {logging_mixin.py:154} INFO - Added date 20250515 to date dimension
[2025-05-27T22:26:20.829+0000] {logging_mixin.py:154} INFO - Added date 20250513 to date dimension
[2025-05-27T22:26:20.830+0000] {logging_mixin.py:154} INFO - Added date 20250415 to date dimension
[2025-05-27T22:26:20.834+0000] {logging_mixin.py:154} INFO - Added date 20250423 to date dimension
[2025-05-27T22:26:20.836+0000] {logging_mixin.py:154} INFO - Added date 20250417 to date dimension
[2025-05-27T22:26:20.838+0000] {logging_mixin.py:154} INFO - Added date 20250508 to date dimension
[2025-05-27T22:26:20.839+0000] {logging_mixin.py:154} INFO - Added date 20250523 to date dimension
[2025-05-27T22:26:20.839+0000] {logging_mixin.py:154} INFO - Added date 20250509 to date dimension
[2025-05-27T22:26:20.840+0000] {logging_mixin.py:154} INFO - Loading date dimension to target...
[2025-05-27T22:26:20.860+0000] {logging_mixin.py:154} INFO - Loading customer dimension to target...
[2025-05-27T22:26:20.939+0000] {logging_mixin.py:154} INFO - Loading supplier dimension to target...
[2025-05-27T22:26:20.954+0000] {logging_mixin.py:154} INFO - Loading return reason dimension to target...
[2025-05-27T22:26:20.959+0000] {logging_mixin.py:154} INFO - Loading product dimension to target with SCD Type 2...
[2025-05-27T22:26:21.010+0000] {logging_mixin.py:154} INFO - Loading store dimension to target with SCD Type 2...
[2025-05-27T22:26:21.074+0000] {logging_mixin.py:154} INFO - Loading sales fact to target...
[2025-05-27T22:26:21.273+0000] {logging_mixin.py:154} INFO - Loading inventory fact to target...
[2025-05-27T22:26:21.290+0000] {logging_mixin.py:154} INFO - Loading returns fact to target...
[2025-05-27T22:26:21.296+0000] {logging_mixin.py:154} INFO - Target layer loading completed successfully.
[2025-05-27T22:26:21.296+0000] {logging_mixin.py:154} INFO - Batch ID: BATCH_20250527222617
[2025-05-27T22:26:21.296+0000] {logging_mixin.py:154} INFO - Data loaded to target layer with batch ID: BATCH_20250527222617
[2025-05-27T22:26:21.297+0000] {python.py:194} INFO - Done. Returned value was: Target layer loading completed
[2025-05-27T22:26:21.330+0000] {taskinstance.py:1400} INFO - Marking task as SUCCESS. dag_id=inventory_returns_generation, task_id=load_to_target, execution_date=20250527T222611, start_date=20250527T222620, end_date=20250527T222621
[2025-05-27T22:26:21.368+0000] {local_task_job_runner.py:228} INFO - Task exited with return code 0
[2025-05-27T22:26:21.416+0000] {taskinstance.py:2778} INFO - 0 downstream tasks scheduled from follow-on schedule check
