[2025-05-28T05:12:23.120+0000] {taskinstance.py:1159} INFO - Dependencies all met for dep_context=non-requeueable deps ti=<TaskInstance: walmart_etl_dag.data_quality_checks manual__2025-05-28T05:12:16.720641+00:00 [queued]>
[2025-05-28T05:12:23.124+0000] {taskinstance.py:1159} INFO - Dependencies all met for dep_context=requeueable deps ti=<TaskInstance: walmart_etl_dag.data_quality_checks manual__2025-05-28T05:12:16.720641+00:00 [queued]>
[2025-05-28T05:12:23.124+0000] {taskinstance.py:1361} INFO - Starting attempt 1 of 2
[2025-05-28T05:12:23.129+0000] {taskinstance.py:1382} INFO - Executing <Task(PythonOperator): data_quality_checks> on 2025-05-28 05:12:16.720641+00:00
[2025-05-28T05:12:23.133+0000] {standard_task_runner.py:57} INFO - Started process 162 to run task
[2025-05-28T05:12:23.135+0000] {standard_task_runner.py:84} INFO - Running: ['***', 'tasks', 'run', 'walmart_etl_dag', 'data_quality_checks', 'manual__2025-05-28T05:12:16.720641+00:00', '--job-id', '579', '--raw', '--subdir', 'DAGS_FOLDER/walmart_etl_dag.py', '--cfg-path', '/tmp/tmpifo70z3n']
[2025-05-28T05:12:23.138+0000] {standard_task_runner.py:85} INFO - Job 579: Subtask data_quality_checks
[2025-05-28T05:12:23.163+0000] {task_command.py:416} INFO - Running <TaskInstance: walmart_etl_dag.data_quality_checks manual__2025-05-28T05:12:16.720641+00:00 [running]> on host 54aadfabdafd
[2025-05-28T05:12:23.313+0000] {taskinstance.py:1662} INFO - Exporting env vars: AIRFLOW_CTX_DAG_OWNER='***' AIRFLOW_CTX_DAG_ID='walmart_etl_dag' AIRFLOW_CTX_TASK_ID='data_quality_checks' AIRFLOW_CTX_EXECUTION_DATE='2025-05-28T05:12:16.720641+00:00' AIRFLOW_CTX_TRY_NUMBER='1' AIRFLOW_CTX_DAG_RUN_ID='manual__2025-05-28T05:12:16.720641+00:00'
[2025-05-28T05:12:23.317+0000] {logging_mixin.py:154} INFO - Found 2 records in tgt_dim_product
[2025-05-28T05:12:23.317+0000] {logging_mixin.py:154} INFO - Found 2 records in tgt_dim_store
[2025-05-28T05:12:23.318+0000] {logging_mixin.py:154} INFO - Found 2 records in tgt_fact_sales
[2025-05-28T05:12:23.318+0000] {logging_mixin.py:154} INFO - Found 500 records in tgt_fact_inventory
[2025-05-28T05:12:23.319+0000] {logging_mixin.py:154} INFO - Found 200 records in tgt_fact_returns
[2025-05-28T05:12:23.319+0000] {logging_mixin.py:154} INFO - Found 0 historical product records
[2025-05-28T05:12:23.319+0000] {logging_mixin.py:154} INFO - Found 0 historical store records
[2025-05-28T05:12:23.320+0000] {python.py:194} INFO - Done. Returned value was: Data quality checks completed: {'tgt_dim_product': 2, 'tgt_dim_store': 2, 'tgt_fact_sales': 2, 'tgt_fact_inventory': 500, 'tgt_fact_returns': 200}
[2025-05-28T05:12:23.331+0000] {taskinstance.py:1400} INFO - Marking task as SUCCESS. dag_id=walmart_etl_dag, task_id=data_quality_checks, execution_date=20250528T051216, start_date=20250528T051223, end_date=20250528T051223
[2025-05-28T05:12:23.364+0000] {local_task_job_runner.py:228} INFO - Task exited with return code 0
[2025-05-28T05:12:23.374+0000] {taskinstance.py:2778} INFO - 0 downstream tasks scheduled from follow-on schedule check
