[2025-05-27T08:03:19.308+0000] {taskinstance.py:1159} INFO - Dependencies all met for dep_context=non-requeueable deps ti=<TaskInstance: walmart_etl_dag.clean_staging manual__2025-05-27T08:03:09.735142+00:00 [queued]>
[2025-05-27T08:03:19.313+0000] {taskinstance.py:1159} INFO - Dependencies all met for dep_context=requeueable deps ti=<TaskInstance: walmart_etl_dag.clean_staging manual__2025-05-27T08:03:09.735142+00:00 [queued]>
[2025-05-27T08:03:19.313+0000] {taskinstance.py:1361} INFO - Starting attempt 1 of 2
[2025-05-27T08:03:19.319+0000] {taskinstance.py:1382} INFO - Executing <Task(PythonOperator): clean_staging> on 2025-05-27 08:03:09.735142+00:00
[2025-05-27T08:03:19.340+0000] {standard_task_runner.py:57} INFO - Started process 96 to run task
[2025-05-27T08:03:19.343+0000] {standard_task_runner.py:84} INFO - Running: ['***', 'tasks', 'run', 'walmart_etl_dag', 'clean_staging', 'manual__2025-05-27T08:03:09.735142+00:00', '--job-id', '99', '--raw', '--subdir', 'DAGS_FOLDER/walmart_etl_dag.py', '--cfg-path', '/tmp/tmp9a3dke97']
[2025-05-27T08:03:19.346+0000] {standard_task_runner.py:85} INFO - Job 99: Subtask clean_staging
[2025-05-27T08:03:19.391+0000] {task_command.py:416} INFO - Running <TaskInstance: walmart_etl_dag.clean_staging manual__2025-05-27T08:03:09.735142+00:00 [running]> on host 5062bf10fcb9
[2025-05-27T08:03:20.111+0000] {taskinstance.py:1662} INFO - Exporting env vars: AIRFLOW_CTX_DAG_OWNER='***' AIRFLOW_CTX_DAG_ID='walmart_etl_dag' AIRFLOW_CTX_TASK_ID='clean_staging' AIRFLOW_CTX_EXECUTION_DATE='2025-05-27T08:03:09.735142+00:00' AIRFLOW_CTX_TRY_NUMBER='1' AIRFLOW_CTX_DAG_RUN_ID='manual__2025-05-27T08:03:09.735142+00:00'
[2025-05-27T08:03:20.141+0000] {logging_mixin.py:154} INFO - Starting staging tables cleanup...
[2025-05-27T08:03:20.150+0000] {logging_mixin.py:154} INFO - Deleted data from stg_date for batch BATCH_20250527080314
[2025-05-27T08:03:20.153+0000] {logging_mixin.py:154} INFO - Deleted data from stg_customer for batch BATCH_20250527080314
[2025-05-27T08:03:20.155+0000] {logging_mixin.py:154} INFO - Deleted data from stg_product for batch BATCH_20250527080314
[2025-05-27T08:03:20.161+0000] {logging_mixin.py:154} INFO - Deleted data from stg_store for batch BATCH_20250527080314
[2025-05-27T08:03:20.170+0000] {logging_mixin.py:154} INFO - Deleted data from stg_sales for batch BATCH_20250527080314
[2025-05-27T08:03:20.171+0000] {logging_mixin.py:154} INFO - Deleted data from stg_supplier for batch BATCH_20250527080314
[2025-05-27T08:03:20.171+0000] {logging_mixin.py:154} INFO - Deleted data from stg_return_reason for batch BATCH_20250527080314
[2025-05-27T08:03:20.172+0000] {logging_mixin.py:154} INFO - Deleted data from stg_inventory for batch BATCH_20250527080314
[2025-05-27T08:03:20.173+0000] {logging_mixin.py:154} INFO - Deleted data from stg_returns for batch BATCH_20250527080314
[2025-05-27T08:03:20.175+0000] {logging_mixin.py:154} INFO - Staging tables cleanup completed successfully.
[2025-05-27T08:03:20.176+0000] {python.py:194} INFO - Done. Returned value was: Staging tables cleaned for batch BATCH_20250527080314
[2025-05-27T08:03:20.208+0000] {taskinstance.py:1400} INFO - Marking task as SUCCESS. dag_id=walmart_etl_dag, task_id=clean_staging, execution_date=20250527T080309, start_date=20250527T080319, end_date=20250527T080320
[2025-05-27T08:03:20.292+0000] {local_task_job_runner.py:228} INFO - Task exited with return code 0
[2025-05-27T08:03:20.343+0000] {taskinstance.py:2778} INFO - 1 downstream tasks scheduled from follow-on schedule check
