[2025-05-28T05:11:34.938+0000] {taskinstance.py:1159} INFO - Dependencies all met for dep_context=non-requeueable deps ti=<TaskInstance: synthetic_data_generation.generate_supplier_data manual__2025-05-28T05:11:33.740049+00:00 [queued]>
[2025-05-28T05:11:34.946+0000] {taskinstance.py:1159} INFO - Dependencies all met for dep_context=requeueable deps ti=<TaskInstance: synthetic_data_generation.generate_supplier_data manual__2025-05-28T05:11:33.740049+00:00 [queued]>
[2025-05-28T05:11:34.947+0000] {taskinstance.py:1361} INFO - Starting attempt 1 of 2
[2025-05-28T05:11:34.955+0000] {taskinstance.py:1382} INFO - Executing <Task(PythonOperator): generate_supplier_data> on 2025-05-28 05:11:33.740049+00:00
[2025-05-28T05:11:34.961+0000] {standard_task_runner.py:57} INFO - Started process 102 to run task
[2025-05-28T05:11:34.966+0000] {standard_task_runner.py:84} INFO - Running: ['***', 'tasks', 'run', 'synthetic_data_generation', 'generate_supplier_data', 'manual__2025-05-28T05:11:33.740049+00:00', '--job-id', '561', '--raw', '--subdir', 'DAGS_FOLDER/synthetic_data_dag.py', '--cfg-path', '/tmp/tmppcixg128']
[2025-05-28T05:11:34.971+0000] {standard_task_runner.py:85} INFO - Job 561: Subtask generate_supplier_data
[2025-05-28T05:11:35.012+0000] {task_command.py:416} INFO - Running <TaskInstance: synthetic_data_generation.generate_supplier_data manual__2025-05-28T05:11:33.740049+00:00 [running]> on host 54aadfabdafd
[2025-05-28T05:11:35.298+0000] {taskinstance.py:1662} INFO - Exporting env vars: AIRFLOW_CTX_DAG_OWNER='***' AIRFLOW_CTX_DAG_ID='synthetic_data_generation' AIRFLOW_CTX_TASK_ID='generate_supplier_data' AIRFLOW_CTX_EXECUTION_DATE='2025-05-28T05:11:33.740049+00:00' AIRFLOW_CTX_TRY_NUMBER='1' AIRFLOW_CTX_DAG_RUN_ID='manual__2025-05-28T05:11:33.740049+00:00'
[2025-05-28T05:11:35.299+0000] {logging_mixin.py:154} INFO - Generating supplier data...
[2025-05-28T05:11:35.322+0000] {logging_mixin.py:154} INFO - Loaded 50 supplier records to ods_supplier
[2025-05-28T05:11:35.322+0000] {python.py:194} INFO - Done. Returned value was:              supplier_id  ...             load_timestamp
0   60ff08ab-e331-450c-8  ... 2025-05-28 05:11:35.303719
1   e15a3419-141c-472e-8  ... 2025-05-28 05:11:35.303739
2   a115b331-15e1-427d-b  ... 2025-05-28 05:11:35.303751
3   d1e7ba13-e32c-4c33-8  ... 2025-05-28 05:11:35.303761
4   4627d8b2-087c-4167-9  ... 2025-05-28 05:11:35.303771
5   860ed64b-f02e-4b61-a  ... 2025-05-28 05:11:35.303782
6   c231656e-55d6-4f6a-b  ... 2025-05-28 05:11:35.303791
7   d12fbb4f-422e-4673-a  ... 2025-05-28 05:11:35.303801
8   feac444e-b15a-4688-8  ... 2025-05-28 05:11:35.303812
9   d3d55650-d420-4d07-8  ... 2025-05-28 05:11:35.303822
10  7a6f21fe-48db-4202-9  ... 2025-05-28 05:11:35.303832
11  8d65a897-11bd-43fa-b  ... 2025-05-28 05:11:35.303843
12  ce68a3de-baaa-4519-b  ... 2025-05-28 05:11:35.303852
13  46c2e874-5491-4f45-9  ... 2025-05-28 05:11:35.303862
14  77c58a26-9466-4a99-9  ... 2025-05-28 05:11:35.303871
15  a8910dac-b194-4010-b  ... 2025-05-28 05:11:35.303881
16  5fb4c0d7-22e8-4198-a  ... 2025-05-28 05:11:35.303891
17  ae8fe7b6-e7fb-4e80-9  ... 2025-05-28 05:11:35.303901
18  1cd2e33d-a884-40a0-b  ... 2025-05-28 05:11:35.303910
19  075f2282-b259-4db0-8  ... 2025-05-28 05:11:35.303920
20  85c01568-fc2d-473a-8  ... 2025-05-28 05:11:35.303931
21  a9622bc9-0ad9-452b-8  ... 2025-05-28 05:11:35.303940
22  02d7f15c-082f-418c-b  ... 2025-05-28 05:11:35.303950
23  31a7516e-3580-4277-b  ... 2025-05-28 05:11:35.303959
24  da16e517-d1de-462f-8  ... 2025-05-28 05:11:35.303969
25  3cbeb256-2761-4d94-b  ... 2025-05-28 05:11:35.303978
26  716db481-9423-4565-8  ... 2025-05-28 05:11:35.303988
27  dae23478-9c3e-4e70-b  ... 2025-05-28 05:11:35.304006
28  db3bc8b2-240a-4dfa-8  ... 2025-05-28 05:11:35.304016
29  f332114a-01a5-4880-a  ... 2025-05-28 05:11:35.304026
30  368fd8b1-c92b-4de0-9  ... 2025-05-28 05:11:35.304035
31  a57b4439-7b38-48a1-9  ... 2025-05-28 05:11:35.304045
32  2ba1b7a5-ba02-462d-8  ... 2025-05-28 05:11:35.304054
33  16f3f98f-b9da-45ab-a  ... 2025-05-28 05:11:35.304063
34  58997cfe-0a16-432a-b  ... 2025-05-28 05:11:35.304075
35  e54b9503-da33-433e-8  ... 2025-05-28 05:11:35.304085
36  90356af0-9ec5-4bb3-9  ... 2025-05-28 05:11:35.304095
37  94ba16de-21cc-43ab-9  ... 2025-05-28 05:11:35.304104
38  b79f0f55-910c-4d87-a  ... 2025-05-28 05:11:35.304113
39  aa82f1ac-47f2-411e-a  ... 2025-05-28 05:11:35.304123
40  500ed304-4515-4622-a  ... 2025-05-28 05:11:35.304132
41  4334f502-1807-4135-a  ... 2025-05-28 05:11:35.304142
42  1960fdc1-15f7-4503-9  ... 2025-05-28 05:11:35.304152
43  82818936-114d-4c1a-9  ... 2025-05-28 05:11:35.304161
44  9e12944e-ed1a-422b-a  ... 2025-05-28 05:11:35.304170
45  33c28cfe-ffcf-4d5d-9  ... 2025-05-28 05:11:35.304180
46  50bc2edb-23dd-43ed-8  ... 2025-05-28 05:11:35.304189
47  ebf38c6b-7d79-41de-a  ... 2025-05-28 05:11:35.304199
48  8fa2d830-0aad-4bbd-9  ... 2025-05-28 05:11:35.304209
49  30df06ff-3ad2-4df3-a  ... 2025-05-28 05:11:35.304218

[50 rows x 12 columns]
[2025-05-28T05:11:35.401+0000] {taskinstance.py:1400} INFO - Marking task as SUCCESS. dag_id=synthetic_data_generation, task_id=generate_supplier_data, execution_date=20250528T051133, start_date=20250528T051134, end_date=20250528T051135
[2025-05-28T05:11:35.435+0000] {local_task_job_runner.py:228} INFO - Task exited with return code 0
[2025-05-28T05:11:35.448+0000] {taskinstance.py:2778} INFO - 1 downstream tasks scheduled from follow-on schedule check
