[2025-05-27T21:07:48.873+0000] {taskinstance.py:1159} INFO - Dependencies all met for dep_context=non-requeueable deps ti=<TaskInstance: walmart_etl_dag.load_to_ods manual__2025-05-27T21:02:44.804749+00:00 [queued]>
[2025-05-27T21:07:48.877+0000] {taskinstance.py:1159} INFO - Dependencies all met for dep_context=requeueable deps ti=<TaskInstance: walmart_etl_dag.load_to_ods manual__2025-05-27T21:02:44.804749+00:00 [queued]>
[2025-05-27T21:07:48.877+0000] {taskinstance.py:1361} INFO - Starting attempt 2 of 2
[2025-05-27T21:07:48.882+0000] {taskinstance.py:1382} INFO - Executing <Task(PythonOperator): load_to_ods> on 2025-05-27 21:02:44.804749+00:00
[2025-05-27T21:07:48.888+0000] {standard_task_runner.py:57} INFO - Started process 86 to run task
[2025-05-27T21:07:48.890+0000] {standard_task_runner.py:84} INFO - Running: ['***', 'tasks', 'run', 'walmart_etl_dag', 'load_to_ods', 'manual__2025-05-27T21:02:44.804749+00:00', '--job-id', '385', '--raw', '--subdir', 'DAGS_FOLDER/walmart_etl_dag.py', '--cfg-path', '/tmp/tmpxgxwp75t']
[2025-05-27T21:07:48.900+0000] {standard_task_runner.py:85} INFO - Job 385: Subtask load_to_ods
[2025-05-27T21:07:49.275+0000] {task_command.py:416} INFO - Running <TaskInstance: walmart_etl_dag.load_to_ods manual__2025-05-27T21:02:44.804749+00:00 [running]> on host b59a6288ef07
[2025-05-27T21:07:49.328+0000] {taskinstance.py:1662} INFO - Exporting env vars: AIRFLOW_CTX_DAG_OWNER='***' AIRFLOW_CTX_DAG_ID='walmart_etl_dag' AIRFLOW_CTX_TASK_ID='load_to_ods' AIRFLOW_CTX_EXECUTION_DATE='2025-05-27T21:02:44.804749+00:00' AIRFLOW_CTX_TRY_NUMBER='2' AIRFLOW_CTX_DAG_RUN_ID='manual__2025-05-27T21:02:44.804749+00:00'
[2025-05-27T21:07:49.345+0000] {logging_mixin.py:154} INFO - Found 500 inventory records and 200 returns records in ODS
[2025-05-27T21:07:49.353+0000] {logging_mixin.py:154} INFO - Loaded 5 rows from CSV file.
[2025-05-27T21:07:49.362+0000] {logging_mixin.py:154} INFO - Loaded 4 records into ods_date.
[2025-05-27T21:07:49.368+0000] {logging_mixin.py:154} INFO - Loaded 4 records into ods_customer.
[2025-05-27T21:07:49.372+0000] {logging_mixin.py:154} INFO - Loaded 5 records into ods_product.
[2025-05-27T21:07:49.375+0000] {logging_mixin.py:154} INFO - Loaded 4 records into ods_store.
[2025-05-27T21:07:49.407+0000] {logging_mixin.py:154} INFO - Loaded 5 records into ods_sales.
[2025-05-27T21:07:49.407+0000] {logging_mixin.py:154} INFO - No inventory data found in the input DataFrame.
[2025-05-27T21:07:49.407+0000] {logging_mixin.py:154} INFO - No returns data found in the input DataFrame.
[2025-05-27T21:07:49.407+0000] {logging_mixin.py:154} INFO - ODS layer loading completed.
[2025-05-27T21:07:49.408+0000] {python.py:194} INFO - Done. Returned value was: ODS layer loading completed
[2025-05-27T21:07:49.421+0000] {taskinstance.py:1400} INFO - Marking task as SUCCESS. dag_id=walmart_etl_dag, task_id=load_to_ods, execution_date=20250527T210244, start_date=20250527T210748, end_date=20250527T210749
[2025-05-27T21:07:49.447+0000] {local_task_job_runner.py:228} INFO - Task exited with return code 0
[2025-05-27T21:07:49.570+0000] {taskinstance.py:2778} INFO - 1 downstream tasks scheduled from follow-on schedule check
