[2025-05-27T22:11:37.093+0000] {taskinstance.py:1159} INFO - Dependencies all met for dep_context=non-requeueable deps ti=<TaskInstance: synthetic_data_generation.generate_all_synthetic_data manual__2025-05-27T22:11:35.673321+00:00 [queued]>
[2025-05-27T22:11:37.101+0000] {taskinstance.py:1159} INFO - Dependencies all met for dep_context=requeueable deps ti=<TaskInstance: synthetic_data_generation.generate_all_synthetic_data manual__2025-05-27T22:11:35.673321+00:00 [queued]>
[2025-05-27T22:11:37.102+0000] {taskinstance.py:1361} INFO - Starting attempt 1 of 2
[2025-05-27T22:11:37.111+0000] {taskinstance.py:1382} INFO - Executing <Task(PythonOperator): generate_all_synthetic_data> on 2025-05-27 22:11:35.673321+00:00
[2025-05-27T22:11:37.125+0000] {standard_task_runner.py:57} INFO - Started process 135 to run task
[2025-05-27T22:11:37.131+0000] {standard_task_runner.py:84} INFO - Running: ['***', 'tasks', 'run', 'synthetic_data_generation', 'generate_all_synthetic_data', 'manual__2025-05-27T22:11:35.673321+00:00', '--job-id', '439', '--raw', '--subdir', 'DAGS_FOLDER/synthetic_data_dag.py', '--cfg-path', '/tmp/tmpieilhm12']
[2025-05-27T22:11:37.139+0000] {standard_task_runner.py:85} INFO - Job 439: Subtask generate_all_synthetic_data
[2025-05-27T22:11:37.184+0000] {task_command.py:416} INFO - Running <TaskInstance: synthetic_data_generation.generate_all_synthetic_data manual__2025-05-27T22:11:35.673321+00:00 [running]> on host e2de720f118d
[2025-05-27T22:11:37.574+0000] {taskinstance.py:1662} INFO - Exporting env vars: AIRFLOW_CTX_DAG_OWNER='***' AIRFLOW_CTX_DAG_ID='synthetic_data_generation' AIRFLOW_CTX_TASK_ID='generate_all_synthetic_data' AIRFLOW_CTX_EXECUTION_DATE='2025-05-27T22:11:35.673321+00:00' AIRFLOW_CTX_TRY_NUMBER='1' AIRFLOW_CTX_DAG_RUN_ID='manual__2025-05-27T22:11:35.673321+00:00'
[2025-05-27T22:11:37.576+0000] {logging_mixin.py:154} INFO - Starting synthetic data generation process...
[2025-05-27T22:11:37.576+0000] {logging_mixin.py:154} INFO - Generating supplier data...
[2025-05-27T22:11:37.618+0000] {taskinstance.py:1937} ERROR - Task failed with exception
Traceback (most recent call last):
  File "/home/airflow/.local/lib/python3.8/site-packages/sqlalchemy/engine/base.py", line 1890, in _execute_context
    self.dialect.do_executemany(
  File "/home/airflow/.local/lib/python3.8/site-packages/sqlalchemy/dialects/postgresql/psycopg2.py", line 982, in do_executemany
    context._psycopg2_fetched_rows = xtras.execute_values(
  File "/home/airflow/.local/lib/python3.8/site-packages/psycopg2/extras.py", line 1299, in execute_values
    cur.execute(b''.join(parts))
psycopg2.errors.StringDataRightTruncation: value too long for type character varying(20)


The above exception was the direct cause of the following exception:

Traceback (most recent call last):
  File "/home/airflow/.local/lib/python3.8/site-packages/airflow/operators/python.py", line 192, in execute
    return_value = self.execute_callable()
  File "/home/airflow/.local/lib/python3.8/site-packages/airflow/operators/python.py", line 209, in execute_callable
    return self.python_callable(*self.op_args, **self.op_kwargs)
  File "/opt/airflow/walmart-etl/generate_synthetic_data.py", line 527, in main
    suppliers = generate_supplier_data(num_suppliers=50)
  File "/opt/airflow/walmart-etl/generate_synthetic_data.py", line 103, in generate_supplier_data
    df_suppliers.to_sql('ods_supplier', engine, if_exists='append', index=False)
  File "/home/airflow/.local/lib/python3.8/site-packages/pandas/core/generic.py", line 2878, in to_sql
    return sql.to_sql(
  File "/home/airflow/.local/lib/python3.8/site-packages/pandas/io/sql.py", line 769, in to_sql
    return pandas_sql.to_sql(
  File "/home/airflow/.local/lib/python3.8/site-packages/pandas/io/sql.py", line 1920, in to_sql
    total_inserted = sql_engine.insert_records(
  File "/home/airflow/.local/lib/python3.8/site-packages/pandas/io/sql.py", line 1470, in insert_records
    raise err
  File "/home/airflow/.local/lib/python3.8/site-packages/pandas/io/sql.py", line 1461, in insert_records
    return table.insert(chunksize=chunksize, method=method)
  File "/home/airflow/.local/lib/python3.8/site-packages/pandas/io/sql.py", line 1023, in insert
    num_inserted = exec_insert(conn, keys, chunk_iter)
  File "/home/airflow/.local/lib/python3.8/site-packages/pandas/io/sql.py", line 929, in _execute_insert
    result = conn.execute(self.table.insert(), data)
  File "/home/airflow/.local/lib/python3.8/site-packages/sqlalchemy/engine/base.py", line 1385, in execute
    return meth(self, multiparams, params, _EMPTY_EXECUTION_OPTS)
  File "/home/airflow/.local/lib/python3.8/site-packages/sqlalchemy/sql/elements.py", line 334, in _execute_on_connection
    return connection._execute_clauseelement(
  File "/home/airflow/.local/lib/python3.8/site-packages/sqlalchemy/engine/base.py", line 1577, in _execute_clauseelement
    ret = self._execute_context(
  File "/home/airflow/.local/lib/python3.8/site-packages/sqlalchemy/engine/base.py", line 1953, in _execute_context
    self._handle_dbapi_exception(
  File "/home/airflow/.local/lib/python3.8/site-packages/sqlalchemy/engine/base.py", line 2134, in _handle_dbapi_exception
    util.raise_(
  File "/home/airflow/.local/lib/python3.8/site-packages/sqlalchemy/util/compat.py", line 211, in raise_
    raise exception
  File "/home/airflow/.local/lib/python3.8/site-packages/sqlalchemy/engine/base.py", line 1890, in _execute_context
    self.dialect.do_executemany(
  File "/home/airflow/.local/lib/python3.8/site-packages/sqlalchemy/dialects/postgresql/psycopg2.py", line 982, in do_executemany
    context._psycopg2_fetched_rows = xtras.execute_values(
  File "/home/airflow/.local/lib/python3.8/site-packages/psycopg2/extras.py", line 1299, in execute_values
    cur.execute(b''.join(parts))
sqlalchemy.exc.DataError: (psycopg2.errors.StringDataRightTruncation) value too long for type character varying(20)

[SQL: INSERT INTO ods_supplier (supplier_id, supplier_name, contact_person, email, phone, address, city, state, zip_code, contract_start_date, source_system, load_timestamp) VALUES (%(supplier_id)s, %(supplier_name)s, %(contact_person)s, %(email)s, %(phone)s, %(address)s, %(city)s, %(state)s, %(zip_code)s, %(contract_start_date)s, %(source_system)s, %(load_timestamp)s)]
[parameters: ({'supplier_id': '807c08ad-41c7-4f13-ae39-4d2f12e5accd', 'supplier_name': 'Elite Products LLC', 'contact_person': 'Emily Davis', 'email': 'emily.davis@eliteproductsllc.com', 'phone': '+1-755-781-6176', 'address': '7977 Main St, Suite 743', 'city': 'San Antonio', 'state': 'Ohio', 'zip_code': '37075', 'contract_start_date': datetime.datetime(2012, 4, 19, 0, 0), 'source_system': 'Synthetic Data', 'load_timestamp': datetime.datetime(2025, 5, 27, 22, 11, 37, 588471)}, {'supplier_id': 'bf9c1504-97c9-46ee-8b96-e03006215ee8', 'supplier_name': 'Superior Retail Group', 'contact_person': 'Sarah Williams', 'email': 'sarah.williams@superiorretailgroup.com', 'phone': '+1-282-451-7509', 'address': '2802 Main St, Suite 751', 'city': 'Houston', 'state': 'Georgia', 'zip_code': '67957', 'contract_start_date': datetime.datetime(2012, 9, 28, 0, 0), 'source_system': 'Synthetic Data', 'load_timestamp': datetime.datetime(2025, 5, 27, 22, 11, 37, 588507)}, {'supplier_id': '169c0cd1-0833-436a-8dae-485035165e00', 'supplier_name': 'Prime Trading LLC', 'contact_person': 'Emily Garcia', 'email': 'emily.garcia@primetradingllc.com', 'phone': '+1-342-521-3345', 'address': '5230 Main St, Suite 338', 'city': 'Los Angeles', 'state': 'California', 'zip_code': '11558', 'contract_start_date': datetime.datetime(2011, 2, 9, 0, 0), 'source_system': 'Synthetic Data', 'load_timestamp': datetime.datetime(2025, 5, 27, 22, 11, 37, 588520)}, {'supplier_id': '77be4f15-ddf0-4e57-91f4-9339138ae618', 'supplier_name': 'Elite Goods Industries', 'contact_person': 'Sarah Davis', 'email': 'sarah.davis@elitegoodsindustries.com', 'phone': '+1-783-343-4454', 'address': '3691 Main St, Suite 934', 'city': 'Philadelphia', 'state': 'Illinois', 'zip_code': '45948', 'contract_start_date': datetime.datetime(2010, 11, 22, 0, 0), 'source_system': 'Synthetic Data', 'load_timestamp': datetime.datetime(2025, 5, 27, 22, 11, 37, 588531)}, {'supplier_id': '9527c08b-18b9-4baa-9124-662da5cd1887', 'supplier_name': 'Elite Retail Industries', 'contact_person': 'Mike Garcia', 'email': 'mike.garcia@eliteretailindustries.com', 'phone': '+1-294-885-2428', 'address': '1499 Main St, Suite 431', 'city': 'Chicago', 'state': 'North Carolina', 'zip_code': '40201', 'contract_start_date': datetime.datetime(2012, 8, 4, 0, 0), 'source_system': 'Synthetic Data', 'load_timestamp': datetime.datetime(2025, 5, 27, 22, 11, 37, 588546)}, {'supplier_id': '5750a03e-c9a4-4899-a52d-0751ae72ec07', 'supplier_name': 'Ultra Supply Co', 'contact_person': 'Robert Jones', 'email': 'robert.jones@ultrasupplyco.com', 'phone': '+1-217-772-5377', 'address': '3119 Main St, Suite 757', 'city': 'San Diego', 'state': 'North Carolina', 'zip_code': '93459', 'contract_start_date': datetime.datetime(2012, 3, 15, 0, 0), 'source_system': 'Synthetic Data', 'load_timestamp': datetime.datetime(2025, 5, 27, 22, 11, 37, 588557)}, {'supplier_id': 'a2d420af-a2ac-4aac-93fc-e6b26b88f976', 'supplier_name': 'Premier Wholesale Enterprises', 'contact_person': 'John Jones', 'email': 'john.jones@premierwholesaleenterprises.com', 'phone': '+1-250-291-4441', 'address': '3888 Main St, Suite 546', 'city': 'San Antonio', 'state': 'Georgia', 'zip_code': '99611', 'contract_start_date': datetime.datetime(2011, 5, 17, 0, 0), 'source_system': 'Synthetic Data', 'load_timestamp': datetime.datetime(2025, 5, 27, 22, 11, 37, 588567)}, {'supplier_id': 'cc237dd7-3633-44dd-8803-fcdddb3793c9', 'supplier_name': 'Superior Products Group', 'contact_person': 'Emily Brown', 'email': 'emily.brown@superiorproductsgroup.com', 'phone': '+1-727-394-7575', 'address': '4220 Main St, Suite 585', 'city': 'San Antonio', 'state': 'Michigan', 'zip_code': '20558', 'contract_start_date': datetime.datetime(2012, 8, 25, 0, 0), 'source_system': 'Synthetic Data', 'load_timestamp': datetime.datetime(2025, 5, 27, 22, 11, 37, 588577)}  ... displaying 10 of 50 total bound parameter sets ...  {'supplier_id': '37e39ad1-c014-4193-a0b3-31b6790f6c8a', 'supplier_name': 'Prime Distribution Solutions', 'contact_person': 'David Brown', 'email': 'david.brown@primedistributionsolutions.com', 'phone': '+1-690-149-9021', 'address': '1610 Main St, Suite 502', 'city': 'New York', 'state': 'Georgia', 'zip_code': '87429', 'contract_start_date': datetime.datetime(2012, 4, 6, 0, 0), 'source_system': 'Synthetic Data', 'load_timestamp': datetime.datetime(2025, 5, 27, 22, 11, 37, 588984)}, {'supplier_id': '8923b79e-4557-43e4-8527-655ca686b0ec', 'supplier_name': 'National Supply Corp', 'contact_person': 'Lisa Davis', 'email': 'lisa.davis@nationalsupplycorp.com', 'phone': '+1-401-357-3023', 'address': '8294 Main St, Suite 913', 'city': 'New York', 'state': 'Ohio', 'zip_code': '80262', 'contract_start_date': datetime.datetime(2010, 10, 10, 0, 0), 'source_system': 'Synthetic Data', 'load_timestamp': datetime.datetime(2025, 5, 27, 22, 11, 37, 588994)})]
(Background on this error at: https://sqlalche.me/e/14/9h9h)
[2025-05-27T22:11:37.637+0000] {taskinstance.py:1400} INFO - Marking task as UP_FOR_RETRY. dag_id=synthetic_data_generation, task_id=generate_all_synthetic_data, execution_date=20250527T221135, start_date=20250527T221137, end_date=20250527T221137
[2025-05-27T22:11:37.653+0000] {standard_task_runner.py:104} ERROR - Failed to execute job 439 for task generate_all_synthetic_data ((psycopg2.errors.StringDataRightTruncation) value too long for type character varying(20)

[SQL: INSERT INTO ods_supplier (supplier_id, supplier_name, contact_person, email, phone, address, city, state, zip_code, contract_start_date, source_system, load_timestamp) VALUES (%(supplier_id)s, %(supplier_name)s, %(contact_person)s, %(email)s, %(phone)s, %(address)s, %(city)s, %(state)s, %(zip_code)s, %(contract_start_date)s, %(source_system)s, %(load_timestamp)s)]
[parameters: ({'supplier_id': '807c08ad-41c7-4f13-ae39-4d2f12e5accd', 'supplier_name': 'Elite Products LLC', 'contact_person': 'Emily Davis', 'email': 'emily.davis@eliteproductsllc.com', 'phone': '+1-755-781-6176', 'address': '7977 Main St, Suite 743', 'city': 'San Antonio', 'state': 'Ohio', 'zip_code': '37075', 'contract_start_date': datetime.datetime(2012, 4, 19, 0, 0), 'source_system': 'Synthetic Data', 'load_timestamp': datetime.datetime(2025, 5, 27, 22, 11, 37, 588471)}, {'supplier_id': 'bf9c1504-97c9-46ee-8b96-e03006215ee8', 'supplier_name': 'Superior Retail Group', 'contact_person': 'Sarah Williams', 'email': 'sarah.williams@superiorretailgroup.com', 'phone': '+1-282-451-7509', 'address': '2802 Main St, Suite 751', 'city': 'Houston', 'state': 'Georgia', 'zip_code': '67957', 'contract_start_date': datetime.datetime(2012, 9, 28, 0, 0), 'source_system': 'Synthetic Data', 'load_timestamp': datetime.datetime(2025, 5, 27, 22, 11, 37, 588507)}, {'supplier_id': '169c0cd1-0833-436a-8dae-485035165e00', 'supplier_name': 'Prime Trading LLC', 'contact_person': 'Emily Garcia', 'email': 'emily.garcia@primetradingllc.com', 'phone': '+1-342-521-3345', 'address': '5230 Main St, Suite 338', 'city': 'Los Angeles', 'state': 'California', 'zip_code': '11558', 'contract_start_date': datetime.datetime(2011, 2, 9, 0, 0), 'source_system': 'Synthetic Data', 'load_timestamp': datetime.datetime(2025, 5, 27, 22, 11, 37, 588520)}, {'supplier_id': '77be4f15-ddf0-4e57-91f4-9339138ae618', 'supplier_name': 'Elite Goods Industries', 'contact_person': 'Sarah Davis', 'email': 'sarah.davis@elitegoodsindustries.com', 'phone': '+1-783-343-4454', 'address': '3691 Main St, Suite 934', 'city': 'Philadelphia', 'state': 'Illinois', 'zip_code': '45948', 'contract_start_date': datetime.datetime(2010, 11, 22, 0, 0), 'source_system': 'Synthetic Data', 'load_timestamp': datetime.datetime(2025, 5, 27, 22, 11, 37, 588531)}, {'supplier_id': '9527c08b-18b9-4baa-9124-662da5cd1887', 'supplier_name': 'Elite Retail Industries', 'contact_person': 'Mike Garcia', 'email': 'mike.garcia@eliteretailindustries.com', 'phone': '+1-294-885-2428', 'address': '1499 Main St, Suite 431', 'city': 'Chicago', 'state': 'North Carolina', 'zip_code': '40201', 'contract_start_date': datetime.datetime(2012, 8, 4, 0, 0), 'source_system': 'Synthetic Data', 'load_timestamp': datetime.datetime(2025, 5, 27, 22, 11, 37, 588546)}, {'supplier_id': '5750a03e-c9a4-4899-a52d-0751ae72ec07', 'supplier_name': 'Ultra Supply Co', 'contact_person': 'Robert Jones', 'email': 'robert.jones@ultrasupplyco.com', 'phone': '+1-217-772-5377', 'address': '3119 Main St, Suite 757', 'city': 'San Diego', 'state': 'North Carolina', 'zip_code': '93459', 'contract_start_date': datetime.datetime(2012, 3, 15, 0, 0), 'source_system': 'Synthetic Data', 'load_timestamp': datetime.datetime(2025, 5, 27, 22, 11, 37, 588557)}, {'supplier_id': 'a2d420af-a2ac-4aac-93fc-e6b26b88f976', 'supplier_name': 'Premier Wholesale Enterprises', 'contact_person': 'John Jones', 'email': 'john.jones@premierwholesaleenterprises.com', 'phone': '+1-250-291-4441', 'address': '3888 Main St, Suite 546', 'city': 'San Antonio', 'state': 'Georgia', 'zip_code': '99611', 'contract_start_date': datetime.datetime(2011, 5, 17, 0, 0), 'source_system': 'Synthetic Data', 'load_timestamp': datetime.datetime(2025, 5, 27, 22, 11, 37, 588567)}, {'supplier_id': 'cc237dd7-3633-44dd-8803-fcdddb3793c9', 'supplier_name': 'Superior Products Group', 'contact_person': 'Emily Brown', 'email': 'emily.brown@superiorproductsgroup.com', 'phone': '+1-727-394-7575', 'address': '4220 Main St, Suite 585', 'city': 'San Antonio', 'state': 'Michigan', 'zip_code': '20558', 'contract_start_date': datetime.datetime(2012, 8, 25, 0, 0), 'source_system': 'Synthetic Data', 'load_timestamp': datetime.datetime(2025, 5, 27, 22, 11, 37, 588577)}  ... displaying 10 of 50 total bound parameter sets ...  {'supplier_id': '37e39ad1-c014-4193-a0b3-31b6790f6c8a', 'supplier_name': 'Prime Distribution Solutions', 'contact_person': 'David Brown', 'email': 'david.brown@primedistributionsolutions.com', 'phone': '+1-690-149-9021', 'address': '1610 Main St, Suite 502', 'city': 'New York', 'state': 'Georgia', 'zip_code': '87429', 'contract_start_date': datetime.datetime(2012, 4, 6, 0, 0), 'source_system': 'Synthetic Data', 'load_timestamp': datetime.datetime(2025, 5, 27, 22, 11, 37, 588984)}, {'supplier_id': '8923b79e-4557-43e4-8527-655ca686b0ec', 'supplier_name': 'National Supply Corp', 'contact_person': 'Lisa Davis', 'email': 'lisa.davis@nationalsupplycorp.com', 'phone': '+1-401-357-3023', 'address': '8294 Main St, Suite 913', 'city': 'New York', 'state': 'Ohio', 'zip_code': '80262', 'contract_start_date': datetime.datetime(2010, 10, 10, 0, 0), 'source_system': 'Synthetic Data', 'load_timestamp': datetime.datetime(2025, 5, 27, 22, 11, 37, 588994)})]
(Background on this error at: https://sqlalche.me/e/14/9h9h); 135)
[2025-05-27T22:11:37.685+0000] {local_task_job_runner.py:228} INFO - Task exited with return code 1
[2025-05-27T22:11:37.718+0000] {taskinstance.py:2778} INFO - 0 downstream tasks scheduled from follow-on schedule check
