[2025-05-27T16:38:32.965+0000] {taskinstance.py:1159} INFO - Dependencies all met for dep_context=non-requeueable deps ti=<TaskInstance: walmart_etl_dag.load_to_target manual__2025-05-27T16:38:24+00:00 [queued]>
[2025-05-27T16:38:32.970+0000] {taskinstance.py:1159} INFO - Dependencies all met for dep_context=requeueable deps ti=<TaskInstance: walmart_etl_dag.load_to_target manual__2025-05-27T16:38:24+00:00 [queued]>
[2025-05-27T16:38:32.970+0000] {taskinstance.py:1361} INFO - Starting attempt 1 of 2
[2025-05-27T16:38:32.976+0000] {taskinstance.py:1382} INFO - Executing <Task(PythonOperator): load_to_target> on 2025-05-27 16:38:24+00:00
[2025-05-27T16:38:32.982+0000] {standard_task_runner.py:57} INFO - Started process 1015 to run task
[2025-05-27T16:38:32.985+0000] {standard_task_runner.py:84} INFO - Running: ['***', 'tasks', 'run', 'walmart_etl_dag', 'load_to_target', 'manual__2025-05-27T16:38:24+00:00', '--job-id', '193', '--raw', '--subdir', 'DAGS_FOLDER/walmart_etl_dag.py', '--cfg-path', '/tmp/tmplpv5sdcq']
[2025-05-27T16:38:32.995+0000] {standard_task_runner.py:85} INFO - Job 193: Subtask load_to_target
[2025-05-27T16:38:33.025+0000] {task_command.py:416} INFO - Running <TaskInstance: walmart_etl_dag.load_to_target manual__2025-05-27T16:38:24+00:00 [running]> on host a9df2a99636e
[2025-05-27T16:38:33.344+0000] {taskinstance.py:1662} INFO - Exporting env vars: AIRFLOW_CTX_DAG_OWNER='***' AIRFLOW_CTX_DAG_ID='walmart_etl_dag' AIRFLOW_CTX_TASK_ID='load_to_target' AIRFLOW_CTX_EXECUTION_DATE='2025-05-27T16:38:24+00:00' AIRFLOW_CTX_TRY_NUMBER='1' AIRFLOW_CTX_DAG_RUN_ID='manual__2025-05-27T16:38:24+00:00'
[2025-05-27T16:38:33.352+0000] {logging_mixin.py:154} INFO - Starting load to target layer for batch BATCH_20250527163831...
[2025-05-27T16:38:33.356+0000] {logging_mixin.py:154} INFO - Loading date dimension to target...
[2025-05-27T16:38:33.370+0000] {logging_mixin.py:154} INFO - Loading customer dimension to target...
[2025-05-27T16:38:33.476+0000] {logging_mixin.py:154} INFO - Loading supplier dimension to target...
[2025-05-27T16:38:33.487+0000] {logging_mixin.py:154} INFO - Loading return reason dimension to target...
[2025-05-27T16:38:33.493+0000] {logging_mixin.py:154} INFO - Loading product dimension to target with SCD Type 2...
[2025-05-27T16:38:33.514+0000] {logging_mixin.py:154} INFO - Loading store dimension to target with SCD Type 2...
[2025-05-27T16:38:33.575+0000] {logging_mixin.py:154} INFO - Loading sales fact to target...
[2025-05-27T16:38:33.777+0000] {logging_mixin.py:154} INFO - Target layer loading completed successfully.
[2025-05-27T16:38:33.778+0000] {logging_mixin.py:154} INFO - Batch ID: BATCH_20250527163831
[2025-05-27T16:38:33.778+0000] {python.py:194} INFO - Done. Returned value was: BATCH_20250527163831
[2025-05-27T16:38:33.796+0000] {taskinstance.py:1400} INFO - Marking task as SUCCESS. dag_id=walmart_etl_dag, task_id=load_to_target, execution_date=20250527T163824, start_date=20250527T163832, end_date=20250527T163833
[2025-05-27T16:38:33.830+0000] {local_task_job_runner.py:228} INFO - Task exited with return code 0
[2025-05-27T16:38:33.857+0000] {taskinstance.py:2778} INFO - 1 downstream tasks scheduled from follow-on schedule check
