[2025-05-27T19:25:46.781+0000] {taskinstance.py:1159} INFO - Dependencies all met for dep_context=non-requeueable deps ti=<TaskInstance: walmart_etl_dag.clean_staging manual__2025-05-27T19:25:37.402614+00:00 [queued]>
[2025-05-27T19:25:46.786+0000] {taskinstance.py:1159} INFO - Dependencies all met for dep_context=requeueable deps ti=<TaskInstance: walmart_etl_dag.clean_staging manual__2025-05-27T19:25:37.402614+00:00 [queued]>
[2025-05-27T19:25:46.786+0000] {taskinstance.py:1361} INFO - Starting attempt 1 of 2
[2025-05-27T19:25:46.792+0000] {taskinstance.py:1382} INFO - Executing <Task(PythonOperator): clean_staging> on 2025-05-27 19:25:37.402614+00:00
[2025-05-27T19:25:46.794+0000] {standard_task_runner.py:57} INFO - Started process 1300 to run task
[2025-05-27T19:25:46.797+0000] {standard_task_runner.py:84} INFO - Running: ['***', 'tasks', 'run', 'walmart_etl_dag', 'clean_staging', 'manual__2025-05-27T19:25:37.402614+00:00', '--job-id', '303', '--raw', '--subdir', 'DAGS_FOLDER/walmart_etl_dag.py', '--cfg-path', '/tmp/tmp9k6t32hg']
[2025-05-27T19:25:46.799+0000] {standard_task_runner.py:85} INFO - Job 303: Subtask clean_staging
[2025-05-27T19:25:46.822+0000] {task_command.py:416} INFO - Running <TaskInstance: walmart_etl_dag.clean_staging manual__2025-05-27T19:25:37.402614+00:00 [running]> on host d80f98a6628f
[2025-05-27T19:25:47.074+0000] {taskinstance.py:1662} INFO - Exporting env vars: AIRFLOW_CTX_DAG_OWNER='***' AIRFLOW_CTX_DAG_ID='walmart_etl_dag' AIRFLOW_CTX_TASK_ID='clean_staging' AIRFLOW_CTX_EXECUTION_DATE='2025-05-27T19:25:37.402614+00:00' AIRFLOW_CTX_TRY_NUMBER='1' AIRFLOW_CTX_DAG_RUN_ID='manual__2025-05-27T19:25:37.402614+00:00'
[2025-05-27T19:25:47.082+0000] {logging_mixin.py:154} INFO - Starting staging tables cleanup...
[2025-05-27T19:25:47.088+0000] {logging_mixin.py:154} INFO - Deleted data from stg_date for batch BATCH_20250527192544
[2025-05-27T19:25:47.091+0000] {logging_mixin.py:154} INFO - Deleted data from stg_customer for batch BATCH_20250527192544
[2025-05-27T19:25:47.093+0000] {logging_mixin.py:154} INFO - Deleted data from stg_product for batch BATCH_20250527192544
[2025-05-27T19:25:47.094+0000] {logging_mixin.py:154} INFO - Deleted data from stg_store for batch BATCH_20250527192544
[2025-05-27T19:25:47.102+0000] {logging_mixin.py:154} INFO - Deleted data from stg_sales for batch BATCH_20250527192544
[2025-05-27T19:25:47.103+0000] {logging_mixin.py:154} INFO - Deleted data from stg_supplier for batch BATCH_20250527192544
[2025-05-27T19:25:47.103+0000] {logging_mixin.py:154} INFO - Deleted data from stg_return_reason for batch BATCH_20250527192544
[2025-05-27T19:25:47.104+0000] {logging_mixin.py:154} INFO - Deleted data from stg_inventory for batch BATCH_20250527192544
[2025-05-27T19:25:47.104+0000] {logging_mixin.py:154} INFO - Deleted data from stg_returns for batch BATCH_20250527192544
[2025-05-27T19:25:47.110+0000] {logging_mixin.py:154} INFO - Staging tables cleanup completed successfully.
[2025-05-27T19:25:47.110+0000] {python.py:194} INFO - Done. Returned value was: Staging tables cleaned for batch BATCH_20250527192544
[2025-05-27T19:25:47.120+0000] {taskinstance.py:1400} INFO - Marking task as SUCCESS. dag_id=walmart_etl_dag, task_id=clean_staging, execution_date=20250527T192537, start_date=20250527T192546, end_date=20250527T192547
[2025-05-27T19:25:47.155+0000] {local_task_job_runner.py:228} INFO - Task exited with return code 0
[2025-05-27T19:25:47.174+0000] {taskinstance.py:2778} INFO - 1 downstream tasks scheduled from follow-on schedule check
