[2025-05-27T22:26:13.200+0000] {taskinstance.py:1159} INFO - Dependencies all met for dep_context=non-requeueable deps ti=<TaskInstance: inventory_returns_generation.generate_all_inventory_returns manual__2025-05-27T22:26:11.670124+00:00 [queued]>
[2025-05-27T22:26:13.205+0000] {taskinstance.py:1159} INFO - Dependencies all met for dep_context=requeueable deps ti=<TaskInstance: inventory_returns_generation.generate_all_inventory_returns manual__2025-05-27T22:26:11.670124+00:00 [queued]>
[2025-05-27T22:26:13.206+0000] {taskinstance.py:1361} INFO - Starting attempt 1 of 2
[2025-05-27T22:26:13.220+0000] {taskinstance.py:1382} INFO - Executing <Task(PythonOperator): generate_all_inventory_returns> on 2025-05-27 22:26:11.670124+00:00
[2025-05-27T22:26:13.229+0000] {standard_task_runner.py:57} INFO - Started process 209 to run task
[2025-05-27T22:26:13.233+0000] {standard_task_runner.py:84} INFO - Running: ['***', 'tasks', 'run', 'inventory_returns_generation', 'generate_all_inventory_returns', 'manual__2025-05-27T22:26:11.670124+00:00', '--job-id', '481', '--raw', '--subdir', 'DAGS_FOLDER/inventory_returns_dag.py', '--cfg-path', '/tmp/tmp58uwcdfr']
[2025-05-27T22:26:13.239+0000] {standard_task_runner.py:85} INFO - Job 481: Subtask generate_all_inventory_returns
[2025-05-27T22:26:13.286+0000] {task_command.py:416} INFO - Running <TaskInstance: inventory_returns_generation.generate_all_inventory_returns manual__2025-05-27T22:26:11.670124+00:00 [running]> on host 096aa9233816
[2025-05-27T22:26:14.138+0000] {taskinstance.py:1662} INFO - Exporting env vars: AIRFLOW_CTX_DAG_OWNER='***' AIRFLOW_CTX_DAG_ID='inventory_returns_generation' AIRFLOW_CTX_TASK_ID='generate_all_inventory_returns' AIRFLOW_CTX_EXECUTION_DATE='2025-05-27T22:26:11.670124+00:00' AIRFLOW_CTX_TRY_NUMBER='1' AIRFLOW_CTX_DAG_RUN_ID='manual__2025-05-27T22:26:11.670124+00:00'
[2025-05-27T22:26:14.140+0000] {logging_mixin.py:154} INFO - Starting inventory and returns data generation...
[2025-05-27T22:26:14.141+0000] {logging_mixin.py:154} INFO - Retrieving existing data for inventory and returns generation...
[2025-05-27T22:26:14.165+0000] {logging_mixin.py:154} INFO - Generating inventory data...
[2025-05-27T22:26:14.240+0000] {logging_mixin.py:154} INFO - Loaded 500 inventory records to ods_inventory
[2025-05-27T22:26:14.240+0000] {logging_mixin.py:154} INFO - Generating returns data...
[2025-05-27T22:26:14.281+0000] {logging_mixin.py:154} INFO - Loaded 200 return records to ods_returns
[2025-05-27T22:26:14.281+0000] {logging_mixin.py:154} INFO - Inventory and returns data generation complete!
[2025-05-27T22:26:14.282+0000] {python.py:194} INFO - Done. Returned value was: Inventory and returns data generation complete
[2025-05-27T22:26:14.313+0000] {taskinstance.py:1400} INFO - Marking task as SUCCESS. dag_id=inventory_returns_generation, task_id=generate_all_inventory_returns, execution_date=20250527T222611, start_date=20250527T222613, end_date=20250527T222614
[2025-05-27T22:26:14.386+0000] {local_task_job_runner.py:228} INFO - Task exited with return code 0
[2025-05-27T22:26:14.495+0000] {taskinstance.py:2778} INFO - 0 downstream tasks scheduled from follow-on schedule check
