[2025-05-27T07:30:39.101+0000] {taskinstance.py:1159} INFO - Dependencies all met for dep_context=non-requeueable deps ti=<TaskInstance: walmart_etl_dag.load_to_ods manual__2025-05-27T07:30:36.609438+00:00 [queued]>
[2025-05-27T07:30:39.106+0000] {taskinstance.py:1159} INFO - Dependencies all met for dep_context=requeueable deps ti=<TaskInstance: walmart_etl_dag.load_to_ods manual__2025-05-27T07:30:36.609438+00:00 [queued]>
[2025-05-27T07:30:39.106+0000] {taskinstance.py:1361} INFO - Starting attempt 1 of 2
[2025-05-27T07:30:39.121+0000] {taskinstance.py:1382} INFO - Executing <Task(PythonOperator): load_to_ods> on 2025-05-27 07:30:36.609438+00:00
[2025-05-27T07:30:39.130+0000] {standard_task_runner.py:57} INFO - Started process 668 to run task
[2025-05-27T07:30:39.134+0000] {standard_task_runner.py:84} INFO - Running: ['***', 'tasks', 'run', 'walmart_etl_dag', 'load_to_ods', 'manual__2025-05-27T07:30:36.609438+00:00', '--job-id', '89', '--raw', '--subdir', 'DAGS_FOLDER/walmart_etl_dag.py', '--cfg-path', '/tmp/tmpe2foe6a7']
[2025-05-27T07:30:39.137+0000] {standard_task_runner.py:85} INFO - Job 89: Subtask load_to_ods
[2025-05-27T07:30:39.192+0000] {task_command.py:416} INFO - Running <TaskInstance: walmart_etl_dag.load_to_ods manual__2025-05-27T07:30:36.609438+00:00 [running]> on host d6f713e36ba1
[2025-05-27T07:30:39.853+0000] {taskinstance.py:1662} INFO - Exporting env vars: AIRFLOW_CTX_DAG_OWNER='***' AIRFLOW_CTX_DAG_ID='walmart_etl_dag' AIRFLOW_CTX_TASK_ID='load_to_ods' AIRFLOW_CTX_EXECUTION_DATE='2025-05-27T07:30:36.609438+00:00' AIRFLOW_CTX_TRY_NUMBER='1' AIRFLOW_CTX_DAG_RUN_ID='manual__2025-05-27T07:30:36.609438+00:00'
[2025-05-27T07:30:39.951+0000] {logging_mixin.py:154} INFO - Loaded 8399 rows from CSV file.
[2025-05-27T07:30:40.278+0000] {logging_mixin.py:154} INFO - Loaded 1459 records into ods_date.
[2025-05-27T07:30:40.655+0000] {logging_mixin.py:154} INFO - Loaded 3011 records into ods_customer.
[2025-05-27T07:30:40.837+0000] {logging_mixin.py:154} INFO - Loaded 1314 records into ods_product.
[2025-05-27T07:30:41.056+0000] {logging_mixin.py:154} INFO - Loaded 1636 records into ods_store.
[2025-05-27T07:30:42.850+0000] {logging_mixin.py:154} INFO - Loaded 8399 records into ods_sales.
[2025-05-27T07:30:42.863+0000] {logging_mixin.py:154} INFO - ODS layer loading completed.
[2025-05-27T07:30:42.865+0000] {python.py:194} INFO - Done. Returned value was: ODS layer loading completed
[2025-05-27T07:30:42.909+0000] {taskinstance.py:1400} INFO - Marking task as SUCCESS. dag_id=walmart_etl_dag, task_id=load_to_ods, execution_date=20250527T073036, start_date=20250527T073039, end_date=20250527T073042
[2025-05-27T07:30:42.970+0000] {local_task_job_runner.py:228} INFO - Task exited with return code 0
[2025-05-27T07:30:43.025+0000] {taskinstance.py:2778} INFO - 0 downstream tasks scheduled from follow-on schedule check
