[2025-05-27T05:27:51.739+0000] {taskinstance.py:1159} INFO - Dependencies all met for dep_context=non-requeueable deps ti=<TaskInstance: walmart_etl_dag.clean_staging manual__2025-05-27T05:15:27+00:00 [queued]>
[2025-05-27T05:27:51.745+0000] {taskinstance.py:1159} INFO - Dependencies all met for dep_context=requeueable deps ti=<TaskInstance: walmart_etl_dag.clean_staging manual__2025-05-27T05:15:27+00:00 [queued]>
[2025-05-27T05:27:51.745+0000] {taskinstance.py:1361} INFO - Starting attempt 1 of 2
[2025-05-27T05:27:51.760+0000] {taskinstance.py:1382} INFO - Executing <Task(PythonOperator): clean_staging> on 2025-05-27 05:15:27+00:00
[2025-05-27T05:27:51.766+0000] {standard_task_runner.py:57} INFO - Started process 180 to run task
[2025-05-27T05:27:51.772+0000] {standard_task_runner.py:84} INFO - Running: ['***', 'tasks', 'run', 'walmart_etl_dag', 'clean_staging', 'manual__2025-05-27T05:15:27+00:00', '--job-id', '39', '--raw', '--subdir', 'DAGS_FOLDER/walmart_etl_dag.py', '--cfg-path', '/tmp/tmpb5o4yh7l']
[2025-05-27T05:27:51.779+0000] {standard_task_runner.py:85} INFO - Job 39: Subtask clean_staging
[2025-05-27T05:27:51.831+0000] {task_command.py:416} INFO - Running <TaskInstance: walmart_etl_dag.clean_staging manual__2025-05-27T05:15:27+00:00 [running]> on host 364c8c3dd6ab
[2025-05-27T05:27:51.912+0000] {taskinstance.py:1662} INFO - Exporting env vars: AIRFLOW_CTX_DAG_OWNER='***' AIRFLOW_CTX_DAG_ID='walmart_etl_dag' AIRFLOW_CTX_TASK_ID='clean_staging' AIRFLOW_CTX_EXECUTION_DATE='2025-05-27T05:15:27+00:00' AIRFLOW_CTX_TRY_NUMBER='1' AIRFLOW_CTX_DAG_RUN_ID='manual__2025-05-27T05:15:27+00:00'
[2025-05-27T05:27:51.926+0000] {logging_mixin.py:154} INFO - Starting staging tables cleanup...
[2025-05-27T05:27:51.950+0000] {logging_mixin.py:154} INFO - Deleted data from stg_date for batch BATCH_20250527052747
[2025-05-27T05:27:51.959+0000] {logging_mixin.py:154} INFO - Deleted data from stg_customer for batch BATCH_20250527052747
[2025-05-27T05:27:51.963+0000] {logging_mixin.py:154} INFO - Deleted data from stg_product for batch BATCH_20250527052747
[2025-05-27T05:27:51.966+0000] {logging_mixin.py:154} INFO - Deleted data from stg_store for batch BATCH_20250527052747
[2025-05-27T05:27:51.968+0000] {logging_mixin.py:154} INFO - Deleted data from stg_sales for batch BATCH_20250527052747
[2025-05-27T05:27:51.969+0000] {logging_mixin.py:154} INFO - Deleted data from stg_supplier for batch BATCH_20250527052747
[2025-05-27T05:27:51.970+0000] {logging_mixin.py:154} INFO - Deleted data from stg_return_reason for batch BATCH_20250527052747
[2025-05-27T05:27:51.971+0000] {logging_mixin.py:154} INFO - Deleted data from stg_inventory for batch BATCH_20250527052747
[2025-05-27T05:27:51.972+0000] {logging_mixin.py:154} INFO - Deleted data from stg_returns for batch BATCH_20250527052747
[2025-05-27T05:27:51.974+0000] {logging_mixin.py:154} INFO - Staging tables cleanup completed successfully.
[2025-05-27T05:27:51.974+0000] {python.py:194} INFO - Done. Returned value was: Staging tables cleaned for batch BATCH_20250527052747
[2025-05-27T05:27:52.019+0000] {taskinstance.py:1400} INFO - Marking task as SUCCESS. dag_id=walmart_etl_dag, task_id=clean_staging, execution_date=20250527T051527, start_date=20250527T052751, end_date=20250527T052752
[2025-05-27T05:27:52.076+0000] {local_task_job_runner.py:228} INFO - Task exited with return code 0
[2025-05-27T05:27:52.116+0000] {taskinstance.py:2778} INFO - 0 downstream tasks scheduled from follow-on schedule check
