[2025-05-27T18:39:12.004+0000] {taskinstance.py:1159} INFO - Dependencies all met for dep_context=non-requeueable deps ti=<TaskInstance: walmart_etl_dag.clean_staging manual__2025-05-27T18:39:00+00:00 [queued]>
[2025-05-27T18:39:12.010+0000] {taskinstance.py:1159} INFO - Dependencies all met for dep_context=requeueable deps ti=<TaskInstance: walmart_etl_dag.clean_staging manual__2025-05-27T18:39:00+00:00 [queued]>
[2025-05-27T18:39:12.010+0000] {taskinstance.py:1361} INFO - Starting attempt 1 of 2
[2025-05-27T18:39:12.018+0000] {taskinstance.py:1382} INFO - Executing <Task(PythonOperator): clean_staging> on 2025-05-27 18:39:00+00:00
[2025-05-27T18:39:12.023+0000] {standard_task_runner.py:57} INFO - Started process 409 to run task
[2025-05-27T18:39:12.025+0000] {standard_task_runner.py:84} INFO - Running: ['***', 'tasks', 'run', 'walmart_etl_dag', 'clean_staging', 'manual__2025-05-27T18:39:00+00:00', '--job-id', '241', '--raw', '--subdir', 'DAGS_FOLDER/walmart_etl_dag.py', '--cfg-path', '/tmp/tmp6rsxm50r']
[2025-05-27T18:39:12.031+0000] {standard_task_runner.py:85} INFO - Job 241: Subtask clean_staging
[2025-05-27T18:39:12.069+0000] {task_command.py:416} INFO - Running <TaskInstance: walmart_etl_dag.clean_staging manual__2025-05-27T18:39:00+00:00 [running]> on host d80f98a6628f
[2025-05-27T18:39:12.496+0000] {taskinstance.py:1662} INFO - Exporting env vars: AIRFLOW_CTX_DAG_OWNER='***' AIRFLOW_CTX_DAG_ID='walmart_etl_dag' AIRFLOW_CTX_TASK_ID='clean_staging' AIRFLOW_CTX_EXECUTION_DATE='2025-05-27T18:39:00+00:00' AIRFLOW_CTX_TRY_NUMBER='1' AIRFLOW_CTX_DAG_RUN_ID='manual__2025-05-27T18:39:00+00:00'
[2025-05-27T18:39:12.508+0000] {logging_mixin.py:154} INFO - Starting staging tables cleanup...
[2025-05-27T18:39:12.515+0000] {logging_mixin.py:154} INFO - Deleted data from stg_date for batch BATCH_20250527183907
[2025-05-27T18:39:12.571+0000] {logging_mixin.py:154} INFO - Deleted data from stg_customer for batch BATCH_20250527183907
[2025-05-27T18:39:12.591+0000] {logging_mixin.py:154} INFO - Deleted data from stg_product for batch BATCH_20250527183907
[2025-05-27T18:39:12.598+0000] {logging_mixin.py:154} INFO - Deleted data from stg_store for batch BATCH_20250527183907
[2025-05-27T18:39:12.617+0000] {logging_mixin.py:154} INFO - Deleted data from stg_sales for batch BATCH_20250527183907
[2025-05-27T18:39:12.620+0000] {logging_mixin.py:154} INFO - Deleted data from stg_supplier for batch BATCH_20250527183907
[2025-05-27T18:39:12.624+0000] {logging_mixin.py:154} INFO - Deleted data from stg_return_reason for batch BATCH_20250527183907
[2025-05-27T18:39:12.627+0000] {logging_mixin.py:154} INFO - Deleted data from stg_inventory for batch BATCH_20250527183907
[2025-05-27T18:39:12.628+0000] {logging_mixin.py:154} INFO - Deleted data from stg_returns for batch BATCH_20250527183907
[2025-05-27T18:39:12.664+0000] {logging_mixin.py:154} INFO - Staging tables cleanup completed successfully.
[2025-05-27T18:39:12.666+0000] {python.py:194} INFO - Done. Returned value was: Staging tables cleaned for batch BATCH_20250527183907
[2025-05-27T18:39:12.703+0000] {taskinstance.py:1400} INFO - Marking task as SUCCESS. dag_id=walmart_etl_dag, task_id=clean_staging, execution_date=20250527T183900, start_date=20250527T183912, end_date=20250527T183912
[2025-05-27T18:39:12.800+0000] {local_task_job_runner.py:228} INFO - Task exited with return code 0
[2025-05-27T18:39:12.970+0000] {taskinstance.py:2778} INFO - 1 downstream tasks scheduled from follow-on schedule check
