[2025-05-27T18:39:10.271+0000] {taskinstance.py:1159} INFO - Dependencies all met for dep_context=non-requeueable deps ti=<TaskInstance: walmart_etl_dag.load_to_target manual__2025-05-27T18:39:00+00:00 [queued]>
[2025-05-27T18:39:10.276+0000] {taskinstance.py:1159} INFO - Dependencies all met for dep_context=requeueable deps ti=<TaskInstance: walmart_etl_dag.load_to_target manual__2025-05-27T18:39:00+00:00 [queued]>
[2025-05-27T18:39:10.276+0000] {taskinstance.py:1361} INFO - Starting attempt 1 of 2
[2025-05-27T18:39:10.284+0000] {taskinstance.py:1382} INFO - Executing <Task(PythonOperator): load_to_target> on 2025-05-27 18:39:00+00:00
[2025-05-27T18:39:10.292+0000] {standard_task_runner.py:57} INFO - Started process 406 to run task
[2025-05-27T18:39:10.297+0000] {standard_task_runner.py:84} INFO - Running: ['***', 'tasks', 'run', 'walmart_etl_dag', 'load_to_target', 'manual__2025-05-27T18:39:00+00:00', '--job-id', '240', '--raw', '--subdir', 'DAGS_FOLDER/walmart_etl_dag.py', '--cfg-path', '/tmp/tmpusnu83k2']
[2025-05-27T18:39:10.300+0000] {standard_task_runner.py:85} INFO - Job 240: Subtask load_to_target
[2025-05-27T18:39:10.328+0000] {task_command.py:416} INFO - Running <TaskInstance: walmart_etl_dag.load_to_target manual__2025-05-27T18:39:00+00:00 [running]> on host d80f98a6628f
[2025-05-27T18:39:10.684+0000] {taskinstance.py:1662} INFO - Exporting env vars: AIRFLOW_CTX_DAG_OWNER='***' AIRFLOW_CTX_DAG_ID='walmart_etl_dag' AIRFLOW_CTX_TASK_ID='load_to_target' AIRFLOW_CTX_EXECUTION_DATE='2025-05-27T18:39:00+00:00' AIRFLOW_CTX_TRY_NUMBER='1' AIRFLOW_CTX_DAG_RUN_ID='manual__2025-05-27T18:39:00+00:00'
[2025-05-27T18:39:10.692+0000] {logging_mixin.py:154} INFO - Starting load to target layer for batch BATCH_20250527183907...
[2025-05-27T18:39:10.697+0000] {logging_mixin.py:154} INFO - Loading date dimension to target...
[2025-05-27T18:39:10.718+0000] {logging_mixin.py:154} INFO - Loading customer dimension to target...
[2025-05-27T18:39:10.961+0000] {logging_mixin.py:154} INFO - Loading supplier dimension to target...
[2025-05-27T18:39:10.970+0000] {logging_mixin.py:154} INFO - Loading return reason dimension to target...
[2025-05-27T18:39:10.972+0000] {logging_mixin.py:154} INFO - Loading product dimension to target with SCD Type 2...
[2025-05-27T18:39:11.019+0000] {logging_mixin.py:154} INFO - Loading store dimension to target with SCD Type 2...
[2025-05-27T18:39:11.040+0000] {logging_mixin.py:154} INFO - Loading sales fact to target...
[2025-05-27T18:39:11.249+0000] {logging_mixin.py:154} INFO - Target layer loading completed successfully.
[2025-05-27T18:39:11.250+0000] {logging_mixin.py:154} INFO - Batch ID: BATCH_20250527183907
[2025-05-27T18:39:11.250+0000] {python.py:194} INFO - Done. Returned value was: BATCH_20250527183907
[2025-05-27T18:39:11.284+0000] {taskinstance.py:1400} INFO - Marking task as SUCCESS. dag_id=walmart_etl_dag, task_id=load_to_target, execution_date=20250527T183900, start_date=20250527T183910, end_date=20250527T183911
[2025-05-27T18:39:11.345+0000] {local_task_job_runner.py:228} INFO - Task exited with return code 0
[2025-05-27T18:39:11.386+0000] {taskinstance.py:2778} INFO - 1 downstream tasks scheduled from follow-on schedule check
