[2025-05-28T05:03:01.668+0000] {taskinstance.py:1159} INFO - Dependencies all met for dep_context=non-requeueable deps ti=<TaskInstance: inventory_returns_generation.transform_to_staging manual__2025-05-28T05:02:57.455847+00:00 [queued]>
[2025-05-28T05:03:01.673+0000] {taskinstance.py:1159} INFO - Dependencies all met for dep_context=requeueable deps ti=<TaskInstance: inventory_returns_generation.transform_to_staging manual__2025-05-28T05:02:57.455847+00:00 [queued]>
[2025-05-28T05:03:01.674+0000] {taskinstance.py:1361} INFO - Starting attempt 1 of 2
[2025-05-28T05:03:01.680+0000] {taskinstance.py:1382} INFO - Executing <Task(PythonOperator): transform_to_staging> on 2025-05-28 05:02:57.455847+00:00
[2025-05-28T05:03:01.683+0000] {standard_task_runner.py:57} INFO - Started process 369 to run task
[2025-05-28T05:03:01.690+0000] {standard_task_runner.py:84} INFO - Running: ['***', 'tasks', 'run', 'inventory_returns_generation', 'transform_to_staging', 'manual__2025-05-28T05:02:57.455847+00:00', '--job-id', '547', '--raw', '--subdir', 'DAGS_FOLDER/inventory_returns_dag.py', '--cfg-path', '/tmp/tmp6qra16bh']
[2025-05-28T05:03:01.695+0000] {standard_task_runner.py:85} INFO - Job 547: Subtask transform_to_staging
[2025-05-28T05:03:01.725+0000] {task_command.py:416} INFO - Running <TaskInstance: inventory_returns_generation.transform_to_staging manual__2025-05-28T05:02:57.455847+00:00 [running]> on host 68d10d19df8b
[2025-05-28T05:03:02.048+0000] {taskinstance.py:1662} INFO - Exporting env vars: AIRFLOW_CTX_DAG_OWNER='***' AIRFLOW_CTX_DAG_ID='inventory_returns_generation' AIRFLOW_CTX_TASK_ID='transform_to_staging' AIRFLOW_CTX_EXECUTION_DATE='2025-05-28T05:02:57.455847+00:00' AIRFLOW_CTX_TRY_NUMBER='1' AIRFLOW_CTX_DAG_RUN_ID='manual__2025-05-28T05:02:57.455847+00:00'
[2025-05-28T05:03:02.049+0000] {logging_mixin.py:154} INFO - Starting transformation from ODS to staging layer...
[2025-05-28T05:03:02.058+0000] {logging_mixin.py:154} INFO - Transforming date dimension...
[2025-05-28T05:03:02.072+0000] {logging_mixin.py:154} INFO - Transforming customer dimension...
[2025-05-28T05:03:02.097+0000] {logging_mixin.py:154} INFO - Transforming product dimension...
[2025-05-28T05:03:02.114+0000] {logging_mixin.py:154} INFO - Transforming store dimension...
[2025-05-28T05:03:02.126+0000] {logging_mixin.py:154} INFO - Transforming sales fact...
[2025-05-28T05:03:02.263+0000] {logging_mixin.py:154} INFO - Transforming inventory fact...
[2025-05-28T05:03:02.269+0000] {logging_mixin.py:154} INFO - Transforming returns fact...
[2025-05-28T05:03:02.273+0000] {logging_mixin.py:154} INFO - Staging layer transformation completed successfully.
[2025-05-28T05:03:02.273+0000] {logging_mixin.py:154} INFO - Batch ID: BATCH_20250528050301
[2025-05-28T05:03:02.273+0000] {logging_mixin.py:154} INFO - Transformed data to staging with batch ID: BATCH_20250528050301
[2025-05-28T05:03:02.273+0000] {python.py:194} INFO - Done. Returned value was: BATCH_20250528050301
[2025-05-28T05:03:02.294+0000] {taskinstance.py:1400} INFO - Marking task as SUCCESS. dag_id=inventory_returns_generation, task_id=transform_to_staging, execution_date=20250528T050257, start_date=20250528T050301, end_date=20250528T050302
[2025-05-28T05:03:02.336+0000] {local_task_job_runner.py:228} INFO - Task exited with return code 0
[2025-05-28T05:03:02.370+0000] {taskinstance.py:2778} INFO - 0 downstream tasks scheduled from follow-on schedule check
