[2025-05-27T19:56:30.497+0000] {taskinstance.py:1159} INFO - Dependencies all met for dep_context=non-requeueable deps ti=<TaskInstance: walmart_etl_dag.generate_inventory_returns manual__2025-05-27T19:56:24+00:00 [queued]>
[2025-05-27T19:56:30.502+0000] {taskinstance.py:1159} INFO - Dependencies all met for dep_context=requeueable deps ti=<TaskInstance: walmart_etl_dag.generate_inventory_returns manual__2025-05-27T19:56:24+00:00 [queued]>
[2025-05-27T19:56:30.502+0000] {taskinstance.py:1361} INFO - Starting attempt 1 of 2
[2025-05-27T19:56:30.508+0000] {taskinstance.py:1382} INFO - Executing <Task(PythonOperator): generate_inventory_returns> on 2025-05-27 19:56:24+00:00
[2025-05-27T19:56:30.511+0000] {standard_task_runner.py:57} INFO - Started process 166 to run task
[2025-05-27T19:56:30.514+0000] {standard_task_runner.py:84} INFO - Running: ['***', 'tasks', 'run', 'walmart_etl_dag', 'generate_inventory_returns', 'manual__2025-05-27T19:56:24+00:00', '--job-id', '341', '--raw', '--subdir', 'DAGS_FOLDER/walmart_etl_dag.py', '--cfg-path', '/tmp/tmpz4i0sv1v']
[2025-05-27T19:56:30.517+0000] {standard_task_runner.py:85} INFO - Job 341: Subtask generate_inventory_returns
[2025-05-27T19:56:30.541+0000] {task_command.py:416} INFO - Running <TaskInstance: walmart_etl_dag.generate_inventory_returns manual__2025-05-27T19:56:24+00:00 [running]> on host a552bff97440
[2025-05-27T19:56:30.776+0000] {taskinstance.py:1662} INFO - Exporting env vars: AIRFLOW_CTX_DAG_OWNER='***' AIRFLOW_CTX_DAG_ID='walmart_etl_dag' AIRFLOW_CTX_TASK_ID='generate_inventory_returns' AIRFLOW_CTX_EXECUTION_DATE='2025-05-27T19:56:24+00:00' AIRFLOW_CTX_TRY_NUMBER='1' AIRFLOW_CTX_DAG_RUN_ID='manual__2025-05-27T19:56:24+00:00'
[2025-05-27T19:56:30.777+0000] {logging_mixin.py:154} INFO - Starting inventory and returns data generation...
[2025-05-27T19:56:30.777+0000] {logging_mixin.py:154} INFO - Retrieving existing data for inventory and returns generation...
[2025-05-27T19:56:30.790+0000] {logging_mixin.py:154} INFO - Generating inventory data...
[2025-05-27T19:56:30.824+0000] {logging_mixin.py:154} INFO - Loaded 500 inventory records to ods_inventory
[2025-05-27T19:56:30.825+0000] {logging_mixin.py:154} INFO - Generating returns data...
[2025-05-27T19:56:30.843+0000] {logging_mixin.py:154} INFO - Loaded 200 return records to ods_returns
[2025-05-27T19:56:30.843+0000] {logging_mixin.py:154} INFO - Inventory and returns data generation complete!
[2025-05-27T19:56:30.847+0000] {logging_mixin.py:154} INFO - Generated 500 inventory records and 200 returns records
[2025-05-27T19:56:30.847+0000] {python.py:194} INFO - Done. Returned value was: Inventory and returns data generation completed
[2025-05-27T19:56:30.858+0000] {taskinstance.py:1400} INFO - Marking task as SUCCESS. dag_id=walmart_etl_dag, task_id=generate_inventory_returns, execution_date=20250527T195624, start_date=20250527T195630, end_date=20250527T195630
[2025-05-27T19:56:30.909+0000] {local_task_job_runner.py:228} INFO - Task exited with return code 0
[2025-05-27T19:56:30.932+0000] {taskinstance.py:2778} INFO - 1 downstream tasks scheduled from follow-on schedule check
