[2025-05-27T05:47:36.917+0000] {taskinstance.py:1159} INFO - Dependencies all met for dep_context=non-requeueable deps ti=<TaskInstance: walmart_etl_dag.clean_staging manual__2025-05-27T05:47:08+00:00 [queued]>
[2025-05-27T05:47:36.921+0000] {taskinstance.py:1159} INFO - Dependencies all met for dep_context=requeueable deps ti=<TaskInstance: walmart_etl_dag.clean_staging manual__2025-05-27T05:47:08+00:00 [queued]>
[2025-05-27T05:47:36.921+0000] {taskinstance.py:1361} INFO - Starting attempt 1 of 2
[2025-05-27T05:47:36.927+0000] {taskinstance.py:1382} INFO - Executing <Task(PythonOperator): clean_staging> on 2025-05-27 05:47:08+00:00
[2025-05-27T05:47:36.932+0000] {standard_task_runner.py:57} INFO - Started process 656 to run task
[2025-05-27T05:47:36.935+0000] {standard_task_runner.py:84} INFO - Running: ['***', 'tasks', 'run', 'walmart_etl_dag', 'clean_staging', 'manual__2025-05-27T05:47:08+00:00', '--job-id', '70', '--raw', '--subdir', 'DAGS_FOLDER/walmart_etl_dag.py', '--cfg-path', '/tmp/tmpnf98xsp5']
[2025-05-27T05:47:36.935+0000] {standard_task_runner.py:85} INFO - Job 70: Subtask clean_staging
[2025-05-27T05:47:36.970+0000] {task_command.py:416} INFO - Running <TaskInstance: walmart_etl_dag.clean_staging manual__2025-05-27T05:47:08+00:00 [running]> on host 364c8c3dd6ab
[2025-05-27T05:47:37.013+0000] {taskinstance.py:1662} INFO - Exporting env vars: AIRFLOW_CTX_DAG_OWNER='***' AIRFLOW_CTX_DAG_ID='walmart_etl_dag' AIRFLOW_CTX_TASK_ID='clean_staging' AIRFLOW_CTX_EXECUTION_DATE='2025-05-27T05:47:08+00:00' AIRFLOW_CTX_TRY_NUMBER='1' AIRFLOW_CTX_DAG_RUN_ID='manual__2025-05-27T05:47:08+00:00'
[2025-05-27T05:47:37.022+0000] {logging_mixin.py:154} INFO - Starting staging tables cleanup...
[2025-05-27T05:47:37.028+0000] {logging_mixin.py:154} INFO - Deleted data from stg_date for batch BATCH_20250527054716
[2025-05-27T05:47:37.041+0000] {logging_mixin.py:154} INFO - Deleted data from stg_customer for batch BATCH_20250527054716
[2025-05-27T05:47:37.048+0000] {logging_mixin.py:154} INFO - Deleted data from stg_product for batch BATCH_20250527054716
[2025-05-27T05:47:37.050+0000] {logging_mixin.py:154} INFO - Deleted data from stg_store for batch BATCH_20250527054716
[2025-05-27T05:47:37.062+0000] {logging_mixin.py:154} INFO - Deleted data from stg_sales for batch BATCH_20250527054716
[2025-05-27T05:47:37.063+0000] {logging_mixin.py:154} INFO - Deleted data from stg_supplier for batch BATCH_20250527054716
[2025-05-27T05:47:37.064+0000] {logging_mixin.py:154} INFO - Deleted data from stg_return_reason for batch BATCH_20250527054716
[2025-05-27T05:47:37.064+0000] {logging_mixin.py:154} INFO - Deleted data from stg_inventory for batch BATCH_20250527054716
[2025-05-27T05:47:37.065+0000] {logging_mixin.py:154} INFO - Deleted data from stg_returns for batch BATCH_20250527054716
[2025-05-27T05:47:37.066+0000] {logging_mixin.py:154} INFO - Staging tables cleanup completed successfully.
[2025-05-27T05:47:37.067+0000] {python.py:194} INFO - Done. Returned value was: Staging tables cleaned for batch BATCH_20250527054716
[2025-05-27T05:47:37.080+0000] {taskinstance.py:1400} INFO - Marking task as SUCCESS. dag_id=walmart_etl_dag, task_id=clean_staging, execution_date=20250527T054708, start_date=20250527T054736, end_date=20250527T054737
[2025-05-27T05:47:37.117+0000] {local_task_job_runner.py:228} INFO - Task exited with return code 0
[2025-05-27T05:47:37.131+0000] {taskinstance.py:2778} INFO - 1 downstream tasks scheduled from follow-on schedule check
