[2025-05-27T05:29:03.643+0000] {taskinstance.py:1159} INFO - Dependencies all met for dep_context=non-requeueable deps ti=<TaskInstance: walmart_etl_dag.load_to_ods manual__2025-05-27T05:23:58+00:00 [queued]>
[2025-05-27T05:29:03.647+0000] {taskinstance.py:1159} INFO - Dependencies all met for dep_context=requeueable deps ti=<TaskInstance: walmart_etl_dag.load_to_ods manual__2025-05-27T05:23:58+00:00 [queued]>
[2025-05-27T05:29:03.648+0000] {taskinstance.py:1361} INFO - Starting attempt 2 of 2
[2025-05-27T05:29:03.654+0000] {taskinstance.py:1382} INFO - Executing <Task(PythonOperator): load_to_ods> on 2025-05-27 05:23:58+00:00
[2025-05-27T05:29:03.662+0000] {standard_task_runner.py:57} INFO - Started process 235 to run task
[2025-05-27T05:29:03.665+0000] {standard_task_runner.py:84} INFO - Running: ['***', 'tasks', 'run', 'walmart_etl_dag', 'load_to_ods', 'manual__2025-05-27T05:23:58+00:00', '--job-id', '51', '--raw', '--subdir', 'DAGS_FOLDER/walmart_etl_dag.py', '--cfg-path', '/tmp/tmprjplpfpb']
[2025-05-27T05:29:03.666+0000] {standard_task_runner.py:85} INFO - Job 51: Subtask load_to_ods
[2025-05-27T05:29:03.705+0000] {task_command.py:416} INFO - Running <TaskInstance: walmart_etl_dag.load_to_ods manual__2025-05-27T05:23:58+00:00 [running]> on host 364c8c3dd6ab
[2025-05-27T05:29:03.746+0000] {taskinstance.py:1662} INFO - Exporting env vars: AIRFLOW_CTX_DAG_OWNER='***' AIRFLOW_CTX_DAG_ID='walmart_etl_dag' AIRFLOW_CTX_TASK_ID='load_to_ods' AIRFLOW_CTX_EXECUTION_DATE='2025-05-27T05:23:58+00:00' AIRFLOW_CTX_TRY_NUMBER='2' AIRFLOW_CTX_DAG_RUN_ID='manual__2025-05-27T05:23:58+00:00'
[2025-05-27T05:29:03.793+0000] {logging_mixin.py:154} INFO - Loaded 8399 rows from CSV file.
[2025-05-27T05:29:04.076+0000] {logging_mixin.py:154} INFO - Loaded 1459 records into ods_date.
[2025-05-27T05:29:04.572+0000] {logging_mixin.py:154} INFO - Loaded 3011 records into ods_customer.
[2025-05-27T05:29:04.803+0000] {logging_mixin.py:154} INFO - Loaded 1314 records into ods_product.
[2025-05-27T05:29:05.043+0000] {logging_mixin.py:154} INFO - Loaded 1636 records into ods_store.
[2025-05-27T05:29:06.738+0000] {logging_mixin.py:154} INFO - Loaded 8399 records into ods_sales.
[2025-05-27T05:29:06.751+0000] {logging_mixin.py:154} INFO - ODS layer loading completed.
[2025-05-27T05:29:06.754+0000] {python.py:194} INFO - Done. Returned value was: ODS layer loading completed
[2025-05-27T05:29:06.801+0000] {taskinstance.py:1400} INFO - Marking task as SUCCESS. dag_id=walmart_etl_dag, task_id=load_to_ods, execution_date=20250527T052358, start_date=20250527T052903, end_date=20250527T052906
[2025-05-27T05:29:06.877+0000] {local_task_job_runner.py:228} INFO - Task exited with return code 0
[2025-05-27T05:29:06.943+0000] {taskinstance.py:2778} INFO - 1 downstream tasks scheduled from follow-on schedule check
