[2025-05-27T21:08:15.632+0000] {taskinstance.py:1159} INFO - Dependencies all met for dep_context=non-requeueable deps ti=<TaskInstance: walmart_etl_dag.load_to_target manual__2025-05-27T21:08:11.279584+00:00 [queued]>
[2025-05-27T21:08:15.637+0000] {taskinstance.py:1159} INFO - Dependencies all met for dep_context=requeueable deps ti=<TaskInstance: walmart_etl_dag.load_to_target manual__2025-05-27T21:08:11.279584+00:00 [queued]>
[2025-05-27T21:08:15.637+0000] {taskinstance.py:1361} INFO - Starting attempt 1 of 2
[2025-05-27T21:08:15.642+0000] {taskinstance.py:1382} INFO - Executing <Task(PythonOperator): load_to_target> on 2025-05-27 21:08:11.279584+00:00
[2025-05-27T21:08:15.649+0000] {standard_task_runner.py:57} INFO - Started process 115 to run task
[2025-05-27T21:08:15.651+0000] {standard_task_runner.py:84} INFO - Running: ['***', 'tasks', 'run', 'walmart_etl_dag', 'load_to_target', 'manual__2025-05-27T21:08:11.279584+00:00', '--job-id', '392', '--raw', '--subdir', 'DAGS_FOLDER/walmart_etl_dag.py', '--cfg-path', '/tmp/tmpa8wa83mn']
[2025-05-27T21:08:15.652+0000] {standard_task_runner.py:85} INFO - Job 392: Subtask load_to_target
[2025-05-27T21:08:15.677+0000] {task_command.py:416} INFO - Running <TaskInstance: walmart_etl_dag.load_to_target manual__2025-05-27T21:08:11.279584+00:00 [running]> on host b59a6288ef07
[2025-05-27T21:08:15.860+0000] {taskinstance.py:1662} INFO - Exporting env vars: AIRFLOW_CTX_DAG_OWNER='***' AIRFLOW_CTX_DAG_ID='walmart_etl_dag' AIRFLOW_CTX_TASK_ID='load_to_target' AIRFLOW_CTX_EXECUTION_DATE='2025-05-27T21:08:11.279584+00:00' AIRFLOW_CTX_TRY_NUMBER='1' AIRFLOW_CTX_DAG_RUN_ID='manual__2025-05-27T21:08:11.279584+00:00'
[2025-05-27T21:08:15.868+0000] {logging_mixin.py:154} INFO - Found 500 inventory records and 200 returns records in staging before loading to target
[2025-05-27T21:08:15.869+0000] {logging_mixin.py:154} INFO - Starting load to target layer for batch BATCH_20250527210814...
[2025-05-27T21:08:15.869+0000] {logging_mixin.py:154} INFO - Ensuring all required dates are in the date dimension...
[2025-05-27T21:08:15.876+0000] {logging_mixin.py:154} INFO - Loading date dimension to target...
[2025-05-27T21:08:15.892+0000] {logging_mixin.py:154} INFO - Loading customer dimension to target...
[2025-05-27T21:08:15.928+0000] {logging_mixin.py:154} INFO - Loading supplier dimension to target...
[2025-05-27T21:08:15.933+0000] {logging_mixin.py:154} INFO - Loading return reason dimension to target...
[2025-05-27T21:08:15.935+0000] {logging_mixin.py:154} INFO - Loading product dimension to target with SCD Type 2...
[2025-05-27T21:08:15.937+0000] {logging_mixin.py:154} INFO - Loading store dimension to target with SCD Type 2...
[2025-05-27T21:08:15.940+0000] {logging_mixin.py:154} INFO - Loading sales fact to target...
[2025-05-27T21:08:16.040+0000] {logging_mixin.py:154} INFO - Loading inventory fact to target...
[2025-05-27T21:08:16.047+0000] {logging_mixin.py:154} INFO - Loading returns fact to target...
[2025-05-27T21:08:16.050+0000] {logging_mixin.py:154} INFO - Target layer loading completed successfully.
[2025-05-27T21:08:16.050+0000] {logging_mixin.py:154} INFO - Batch ID: BATCH_20250527210814
[2025-05-27T21:08:16.051+0000] {logging_mixin.py:154} INFO - Loaded 500 inventory records and 200 returns records to target
[2025-05-27T21:08:16.051+0000] {python.py:194} INFO - Done. Returned value was: Target layer loading completed
[2025-05-27T21:08:16.065+0000] {taskinstance.py:1400} INFO - Marking task as SUCCESS. dag_id=walmart_etl_dag, task_id=load_to_target, execution_date=20250527T210811, start_date=20250527T210815, end_date=20250527T210816
[2025-05-27T21:08:16.089+0000] {local_task_job_runner.py:228} INFO - Task exited with return code 0
[2025-05-27T21:08:16.102+0000] {taskinstance.py:2778} INFO - 1 downstream tasks scheduled from follow-on schedule check
